

================================================================
== Vitis HLS Report for 'LinearImageFilter_Pipeline_ker_rows_ker_cols'
================================================================
* Date:           Thu May 23 07:59:11 2024

* Version:        2023.2.2 (Build 4101106 on Feb  9 2024)
* Project:        work
* Solution:       hls (Vivado IP Flow Target)
* Product family: zynq
* Target device:  xc7z020-clg400-1


================================================================
== Performance Estimates
================================================================
+ Timing: 
    * Summary: 
    +--------+---------+----------+------------+
    |  Clock |  Target | Estimated| Uncertainty|
    +--------+---------+----------+------------+
    |ap_clk  |  8.00 ns|  5.840 ns|     2.16 ns|
    +--------+---------+----------+------------+

+ Latency: 
    * Summary: 
    +---------+---------+----------+----------+-----+-----+---------+
    |  Latency (cycles) |  Latency (absolute) |  Interval | Pipeline|
    |   min   |   max   |    min   |    max   | min | max |   Type  |
    +---------+---------+----------+----------+-----+-----+---------+
    |        ?|        ?|         ?|         ?|    ?|    ?|       no|
    +---------+---------+----------+----------+-----+-----+---------+

    + Detail: 
        * Instance: 
        N/A

        * Loop: 
        +---------------------+---------+---------+----------+-----------+-----------+------+----------+
        |                     |  Latency (cycles) | Iteration|  Initiation Interval  | Trip |          |
        |      Loop Name      |   min   |   max   |  Latency |  achieved |   target  | Count| Pipelined|
        +---------------------+---------+---------+----------+-----------+-----------+------+----------+
        |- ker_rows_ker_cols  |        ?|        ?|        31|          8|          1|     ?|       yes|
        +---------------------+---------+---------+----------+-----------+-----------+------+----------+

============================================================
+ Verbose Summary: Synthesis Manager
============================================================
InlineROM: 1
ExposeGlobal: 0
============================================================
+ Verbose Summary: CDFG Model
============================================================
IsTopModel: 0
ResetActiveHigh: 1
IsCombinational: 0
IsDatapathOnly: 0
HasWiredReturn: 1
HasMFsm: 2
HasVarLatency: 1
IsPipeline: 0
IsRtlPipelined: 0
IsInstanceOverlapped: 0
IsDontTouch: 0
HasImplIP: 0
IsGatedGlobalClock: 0

+ Individual pipeline summary: 
  * Pipeline-0: initiation interval (II) = 8, depth = 32


============================================================
+ Verbose Summary: Schedule
============================================================
* Number of FSM states : 32
* Pipeline : 1
  Pipeline-0 : II = 8, D = 32, States = { 1 2 3 4 5 6 7 8 9 10 11 12 13 14 15 16 17 18 19 20 21 22 23 24 25 26 27 28 29 30 31 32 }
* Dataflow Pipeline: 0

* FSM state transitions: 
1 --> 2 
2 --> 3 
3 --> 4 
4 --> 5 
5 --> 6 
6 --> 7 
7 --> 8 
8 --> 9 
9 --> 10 
10 --> 11 
11 --> 12 
12 --> 13 
13 --> 14 
14 --> 15 
15 --> 16 
16 --> 17 
17 --> 18 
18 --> 19 
19 --> 20 
20 --> 21 
21 --> 22 
22 --> 23 
23 --> 24 
24 --> 25 
25 --> 26 
26 --> 27 
27 --> 28 
28 --> 29 
29 --> 30 
30 --> 31 
31 --> 32 
32 --> 

* FSM state operations: 

State 1 <SV = 0> <Delay = 1.58>
ST_1 : Operation 34 [1/1] (0.00ns)   --->   "%j = alloca i32 1" [/home/cristi/Documents/ACES/RC-Project/HLS/LinearImageFiltering.cpp:29]   --->   Operation 34 'alloca' 'j' <Predicate = true> <Delay = 0.00>
ST_1 : Operation 35 [1/1] (0.00ns)   --->   "%i = alloca i32 1" [/home/cristi/Documents/ACES/RC-Project/HLS/LinearImageFiltering.cpp:27]   --->   Operation 35 'alloca' 'i' <Predicate = true> <Delay = 0.00>
ST_1 : Operation 36 [1/1] (0.00ns)   --->   "%indvar_flatten = alloca i32 1"   --->   Operation 36 'alloca' 'indvar_flatten' <Predicate = true> <Delay = 0.00>
ST_1 : Operation 37 [1/1] (0.00ns)   --->   "%sum = alloca i32 1" [/home/cristi/Documents/ACES/RC-Project/HLS/LinearImageFiltering.cpp:25]   --->   Operation 37 'alloca' 'sum' <Predicate = true> <Delay = 0.00>
ST_1 : Operation 38 [1/1] (0.00ns)   --->   "%mul35_i_read = read i30 @_ssdm_op_Read.ap_auto.i30, i30 %mul35_i"   --->   Operation 38 'read' 'mul35_i_read' <Predicate = true> <Delay = 0.00>
ST_1 : Operation 39 [1/1] (0.00ns)   --->   "%mul_i_read = read i30 @_ssdm_op_Read.ap_auto.i30, i30 %mul_i"   --->   Operation 39 'read' 'mul_i_read' <Predicate = true> <Delay = 0.00>
ST_1 : Operation 40 [1/1] (0.00ns)   --->   "%sub16_i_read = read i30 @_ssdm_op_Read.ap_auto.i30, i30 %sub16_i"   --->   Operation 40 'read' 'sub16_i_read' <Predicate = true> <Delay = 0.00>
ST_1 : Operation 41 [1/1] (0.00ns)   --->   "%kernel_offset_read = read i32 @_ssdm_op_Read.ap_auto.i32, i32 %kernel_offset"   --->   Operation 41 'read' 'kernel_offset_read' <Predicate = true> <Delay = 0.00>
ST_1 : Operation 42 [1/1] (0.00ns)   --->   "%image_in_offset_read = read i32 @_ssdm_op_Read.ap_auto.i32, i32 %image_in_offset"   --->   Operation 42 'read' 'image_in_offset_read' <Predicate = true> <Delay = 0.00>
ST_1 : Operation 43 [1/1] (0.00ns)   --->   "%tmp = read i30 @_ssdm_op_Read.ap_auto.i30, i30 %empty"   --->   Operation 43 'read' 'tmp' <Predicate = true> <Delay = 0.00>
ST_1 : Operation 44 [1/1] (0.00ns)   --->   "%cols_read = read i32 @_ssdm_op_Read.ap_auto.i32, i32 %cols"   --->   Operation 44 'read' 'cols_read' <Predicate = true> <Delay = 0.00>
ST_1 : Operation 45 [1/1] (0.00ns)   --->   "%tmp_1 = read i31 @_ssdm_op_Read.ap_auto.i31, i31 %empty_26"   --->   Operation 45 'read' 'tmp_1' <Predicate = true> <Delay = 0.00>
ST_1 : Operation 46 [1/1] (0.00ns)   --->   "%col_read = read i32 @_ssdm_op_Read.ap_auto.i32, i32 %col"   --->   Operation 46 'read' 'col_read' <Predicate = true> <Delay = 0.00>
ST_1 : Operation 47 [1/1] (0.00ns)   --->   "%sub_i_read = read i30 @_ssdm_op_Read.ap_auto.i30, i30 %sub_i"   --->   Operation 47 'read' 'sub_i_read' <Predicate = true> <Delay = 0.00>
ST_1 : Operation 48 [1/1] (0.00ns)   --->   "%rows_read = read i32 @_ssdm_op_Read.ap_auto.i32, i32 %rows"   --->   Operation 48 'read' 'rows_read' <Predicate = true> <Delay = 0.00>
ST_1 : Operation 49 [1/1] (0.00ns)   --->   "%add_read = read i32 @_ssdm_op_Read.ap_auto.i32, i32 %add"   --->   Operation 49 'read' 'add_read' <Predicate = true> <Delay = 0.00>
ST_1 : Operation 50 [1/1] (0.00ns)   --->   "%kernel_size_read = read i32 @_ssdm_op_Read.ap_auto.i32, i32 %kernel_size_r"   --->   Operation 50 'read' 'kernel_size_read' <Predicate = true> <Delay = 0.00>
ST_1 : Operation 51 [1/1] (0.00ns)   --->   "%padding_read = read i8 @_ssdm_op_Read.ap_auto.i8, i8 %padding"   --->   Operation 51 'read' 'padding_read' <Predicate = true> <Delay = 0.00>
ST_1 : Operation 52 [1/1] (0.00ns)   --->   "%mul_ln7_read = read i64 @_ssdm_op_Read.ap_auto.i64, i64 %mul_ln7"   --->   Operation 52 'read' 'mul_ln7_read' <Predicate = true> <Delay = 0.00>
ST_1 : Operation 53 [1/1] (0.00ns)   --->   "%p_cast3 = zext i31 %tmp_1"   --->   Operation 53 'zext' 'p_cast3' <Predicate = true> <Delay = 0.00>
ST_1 : Operation 54 [1/1] (0.00ns)   --->   "%specinterface_ln0 = specinterface void @_ssdm_op_SpecInterface, i32 %kernel, void @empty_1, i32 0, i32 0, void @empty_2, i32 0, i32 200, void @empty_6, void @empty_4, void @empty_2, i32 16, i32 16, i32 16, i32 16, void @empty_2, void @empty_2, i32 4294967295, i32 0"   --->   Operation 54 'specinterface' 'specinterface_ln0' <Predicate = true> <Delay = 0.00>
ST_1 : Operation 55 [1/1] (0.00ns)   --->   "%specinterface_ln0 = specinterface void @_ssdm_op_SpecInterface, i32 %image_in, void @empty_1, i32 0, i32 0, void @empty_2, i32 0, i32 25000000, void @empty_5, void @empty_4, void @empty_2, i32 16, i32 16, i32 16, i32 16, void @empty_2, void @empty_2, i32 4294967295, i32 0"   --->   Operation 55 'specinterface' 'specinterface_ln0' <Predicate = true> <Delay = 0.00>
ST_1 : Operation 56 [1/1] (1.58ns)   --->   "%store_ln25 = store i32 0, i32 %sum" [/home/cristi/Documents/ACES/RC-Project/HLS/LinearImageFiltering.cpp:25]   --->   Operation 56 'store' 'store_ln25' <Predicate = true> <Delay = 1.58>
ST_1 : Operation 57 [1/1] (1.58ns)   --->   "%store_ln0 = store i64 0, i64 %indvar_flatten"   --->   Operation 57 'store' 'store_ln0' <Predicate = true> <Delay = 1.58>
ST_1 : Operation 58 [1/1] (1.58ns)   --->   "%store_ln27 = store i32 0, i32 %i" [/home/cristi/Documents/ACES/RC-Project/HLS/LinearImageFiltering.cpp:27]   --->   Operation 58 'store' 'store_ln27' <Predicate = true> <Delay = 1.58>
ST_1 : Operation 59 [1/1] (1.58ns)   --->   "%store_ln29 = store i32 0, i32 %j" [/home/cristi/Documents/ACES/RC-Project/HLS/LinearImageFiltering.cpp:29]   --->   Operation 59 'store' 'store_ln29' <Predicate = true> <Delay = 1.58>
ST_1 : Operation 60 [1/1] (0.00ns)   --->   "%br_ln0 = br void %for.body12"   --->   Operation 60 'br' 'br_ln0' <Predicate = true> <Delay = 0.00>

State 2 <SV = 1> <Delay = 3.52>
ST_2 : Operation 61 [1/1] (0.00ns)   --->   "%indvar_flatten_load = load i64 %indvar_flatten" [/home/cristi/Documents/ACES/RC-Project/HLS/LinearImageFiltering.cpp:27]   --->   Operation 61 'load' 'indvar_flatten_load' <Predicate = true> <Delay = 0.00>
ST_2 : Operation 62 [1/1] (0.00ns)   --->   "%specbitsmap_ln0 = specbitsmap void @_ssdm_op_SpecBitsMap, i32 %kernel"   --->   Operation 62 'specbitsmap' 'specbitsmap_ln0' <Predicate = true> <Delay = 0.00>
ST_2 : Operation 63 [1/1] (0.00ns)   --->   "%specbitsmap_ln0 = specbitsmap void @_ssdm_op_SpecBitsMap, i32 %image_in"   --->   Operation 63 'specbitsmap' 'specbitsmap_ln0' <Predicate = true> <Delay = 0.00>
ST_2 : Operation 64 [1/1] (3.52ns)   --->   "%icmp_ln27 = icmp_eq  i64 %indvar_flatten_load, i64 %mul_ln7_read" [/home/cristi/Documents/ACES/RC-Project/HLS/LinearImageFiltering.cpp:27]   --->   Operation 64 'icmp' 'icmp_ln27' <Predicate = true> <Delay = 3.52> <CoreInst = "Cmp">   --->   Core 9 'Cmp' <Latency = 0> <II = 1> <Delay = 3.52> <FuncUnit> <Opcode : 'icmp'> <InPorts = 2> <OutPorts = 1>
ST_2 : Operation 65 [1/1] (3.52ns)   --->   "%add_ln27 = add i64 %indvar_flatten_load, i64 1" [/home/cristi/Documents/ACES/RC-Project/HLS/LinearImageFiltering.cpp:27]   --->   Operation 65 'add' 'add_ln27' <Predicate = true> <Delay = 3.52> <CoreInst = "Adder">   --->   Core 1 'Adder' <Latency = 0> <II = 1> <Delay = 3.52> <FuncUnit> <Opcode : 'add' 'sub'> <InPorts = 2> <OutPorts = 1>
ST_2 : Operation 66 [1/1] (0.00ns)   --->   "%br_ln27 = br i1 %icmp_ln27, void %for.inc25, void %for.inc36.loopexit.exitStub" [/home/cristi/Documents/ACES/RC-Project/HLS/LinearImageFiltering.cpp:27]   --->   Operation 66 'br' 'br_ln27' <Predicate = true> <Delay = 0.00>
ST_2 : Operation 67 [1/1] (0.00ns)   --->   "%j_load = load i32 %j" [/home/cristi/Documents/ACES/RC-Project/HLS/LinearImageFiltering.cpp:29]   --->   Operation 67 'load' 'j_load' <Predicate = (!icmp_ln27)> <Delay = 0.00>
ST_2 : Operation 68 [1/1] (0.00ns)   --->   "%i_load = load i32 %i" [/home/cristi/Documents/ACES/RC-Project/HLS/LinearImageFiltering.cpp:27]   --->   Operation 68 'load' 'i_load' <Predicate = (!icmp_ln27)> <Delay = 0.00>
ST_2 : Operation 69 [1/1] (2.55ns)   --->   "%icmp_ln29 = icmp_eq  i32 %j_load, i32 %kernel_size_read" [/home/cristi/Documents/ACES/RC-Project/HLS/LinearImageFiltering.cpp:29]   --->   Operation 69 'icmp' 'icmp_ln29' <Predicate = (!icmp_ln27)> <Delay = 2.55> <CoreInst = "Cmp">   --->   Core 9 'Cmp' <Latency = 0> <II = 1> <Delay = 2.55> <FuncUnit> <Opcode : 'icmp'> <InPorts = 2> <OutPorts = 1>
ST_2 : Operation 70 [1/1] (2.55ns)   --->   "%add_ln27_1 = add i32 %i_load, i32 1" [/home/cristi/Documents/ACES/RC-Project/HLS/LinearImageFiltering.cpp:27]   --->   Operation 70 'add' 'add_ln27_1' <Predicate = (!icmp_ln27)> <Delay = 2.55> <CoreInst = "Adder">   --->   Core 1 'Adder' <Latency = 0> <II = 1> <Delay = 2.55> <FuncUnit> <Opcode : 'add' 'sub'> <InPorts = 2> <OutPorts = 1>
ST_2 : Operation 71 [1/1] (0.69ns)   --->   "%select_ln27 = select i1 %icmp_ln29, i32 %add_ln27_1, i32 %i_load" [/home/cristi/Documents/ACES/RC-Project/HLS/LinearImageFiltering.cpp:27]   --->   Operation 71 'select' 'select_ln27' <Predicate = (!icmp_ln27)> <Delay = 0.69> <CoreInst = "Sel">   --->   Core 73 'Sel' <Latency = 0> <II = 1> <Delay = 0.69> <FuncUnit> <Opcode : 'select'> <InPorts = 3> <OutPorts = 1>

State 3 <SV = 2> <Delay = 5.74>
ST_3 : Operation 72 [1/1] (0.69ns)   --->   "%select_ln25 = select i1 %icmp_ln29, i32 0, i32 %j_load" [/home/cristi/Documents/ACES/RC-Project/HLS/LinearImageFiltering.cpp:25]   --->   Operation 72 'select' 'select_ln25' <Predicate = (!icmp_ln27)> <Delay = 0.69> <CoreInst = "Sel">   --->   Core 73 'Sel' <Latency = 0> <II = 1> <Delay = 0.69> <FuncUnit> <Opcode : 'select'> <InPorts = 3> <OutPorts = 1>
ST_3 : Operation 73 [1/1] (2.55ns)   --->   "%newRow = add i32 %select_ln27, i32 %add_read" [/home/cristi/Documents/ACES/RC-Project/HLS/LinearImageFiltering.cpp:27]   --->   Operation 73 'add' 'newRow' <Predicate = (!icmp_ln27)> <Delay = 2.55> <CoreInst = "Adder">   --->   Core 1 'Adder' <Latency = 0> <II = 1> <Delay = 2.55> <FuncUnit> <Opcode : 'add' 'sub'> <InPorts = 2> <OutPorts = 1>
ST_3 : Operation 74 [1/1] (0.00ns)   --->   "%empty_37 = trunc i32 %newRow" [/home/cristi/Documents/ACES/RC-Project/HLS/LinearImageFiltering.cpp:27]   --->   Operation 74 'trunc' 'empty_37' <Predicate = (!icmp_ln27)> <Delay = 0.00>
ST_3 : Operation 75 [1/1] (0.00ns)   --->   "%empty_38 = trunc i32 %newRow" [/home/cristi/Documents/ACES/RC-Project/HLS/LinearImageFiltering.cpp:27]   --->   Operation 75 'trunc' 'empty_38' <Predicate = (!icmp_ln27)> <Delay = 0.00>
ST_3 : Operation 76 [3/3] (5.74ns)   --->   "%mul17 = mul i32 %select_ln27, i32 %kernel_size_read" [/home/cristi/Documents/ACES/RC-Project/HLS/LinearImageFiltering.cpp:27]   --->   Operation 76 'mul' 'mul17' <Predicate = (!icmp_ln27)> <Delay = 5.74> <CoreInst = "Multiplier">   --->   Core 3 'Multiplier' <Latency = 2> <II = 1> <Delay = 5.74> <FuncUnit> <Opcode : 'mul'> <InPorts = 2> <OutPorts = 1>
ST_3 : Operation 77 [1/1] (0.00ns)   --->   "%tmp_2 = bitselect i1 @_ssdm_op_BitSelect.i1.i32.i32, i32 %newRow, i32 31" [/home/cristi/Documents/ACES/RC-Project/HLS/LinearImageFiltering.cpp:27]   --->   Operation 77 'bitselect' 'tmp_2' <Predicate = (!icmp_ln27)> <Delay = 0.00>
ST_3 : Operation 78 [1/1] (0.00ns) (grouped into TernaryAdder)   --->   "%sub_ln32 = sub i32 %col_read, i32 %p_cast3" [/home/cristi/Documents/ACES/RC-Project/HLS/LinearImageFiltering.cpp:32]   --->   Operation 78 'sub' 'sub_ln32' <Predicate = (!icmp_ln27)> <Delay = 0.00> <CoreInst = "TAddSub">   --->   Core 10 'TAddSub' <Latency = 0> <II = 1> <Delay = 2.15> <IPBlock> <Opcode : '' 'add' 'sub'> <InPorts = 3> <OutPorts = 1> <Sync> <CReg>
ST_3 : Operation 79 [1/1] (4.37ns) (root node of TernaryAdder)   --->   "%newCol = add i32 %select_ln25, i32 %sub_ln32" [/home/cristi/Documents/ACES/RC-Project/HLS/LinearImageFiltering.cpp:32]   --->   Operation 79 'add' 'newCol' <Predicate = (!icmp_ln27)> <Delay = 4.37> <CoreInst = "TAddSub">   --->   Core 10 'TAddSub' <Latency = 0> <II = 1> <Delay = 2.15> <IPBlock> <Opcode : '' 'add' 'sub'> <InPorts = 3> <OutPorts = 1> <Sync> <CReg>
ST_3 : Operation 80 [1/1] (0.00ns)   --->   "%trunc_ln32 = trunc i32 %newCol" [/home/cristi/Documents/ACES/RC-Project/HLS/LinearImageFiltering.cpp:32]   --->   Operation 80 'trunc' 'trunc_ln32' <Predicate = (!icmp_ln27)> <Delay = 0.00>
ST_3 : Operation 81 [1/1] (0.00ns)   --->   "%trunc_ln32_1 = trunc i32 %newCol" [/home/cristi/Documents/ACES/RC-Project/HLS/LinearImageFiltering.cpp:32]   --->   Operation 81 'trunc' 'trunc_ln32_1' <Predicate = (!icmp_ln27)> <Delay = 0.00>
ST_3 : Operation 82 [1/1] (0.00ns)   --->   "%tmp_3 = bitselect i1 @_ssdm_op_BitSelect.i1.i32.i32, i32 %newCol, i32 31" [/home/cristi/Documents/ACES/RC-Project/HLS/LinearImageFiltering.cpp:50->/home/cristi/Documents/ACES/RC-Project/HLS/LinearImageFiltering.cpp:34]   --->   Operation 82 'bitselect' 'tmp_3' <Predicate = (!icmp_ln27)> <Delay = 0.00>

State 4 <SV = 3> <Delay = 5.80>
ST_4 : Operation 83 [2/3] (5.74ns)   --->   "%mul17 = mul i32 %select_ln27, i32 %kernel_size_read" [/home/cristi/Documents/ACES/RC-Project/HLS/LinearImageFiltering.cpp:27]   --->   Operation 83 'mul' 'mul17' <Predicate = (!icmp_ln27)> <Delay = 5.74> <CoreInst = "Multiplier">   --->   Core 3 'Multiplier' <Latency = 2> <II = 1> <Delay = 5.74> <FuncUnit> <Opcode : 'mul'> <InPorts = 2> <OutPorts = 1>
ST_4 : Operation 84 [1/1] (2.55ns)   --->   "%ult = icmp_ult  i32 %newRow, i32 %rows_read" [/home/cristi/Documents/ACES/RC-Project/HLS/LinearImageFiltering.cpp:27]   --->   Operation 84 'icmp' 'ult' <Predicate = (!icmp_ln27)> <Delay = 2.55> <CoreInst = "Cmp">   --->   Core 9 'Cmp' <Latency = 0> <II = 1> <Delay = 2.55> <FuncUnit> <Opcode : 'icmp'> <InPorts = 2> <OutPorts = 1>
ST_4 : Operation 85 [1/1] (0.00ns) (grouped into LUT with out node or_ln50_1)   --->   "%rev = xor i1 %ult, i1 1" [/home/cristi/Documents/ACES/RC-Project/HLS/LinearImageFiltering.cpp:27]   --->   Operation 85 'xor' 'rev' <Predicate = (!icmp_ln27)> <Delay = 0.00> <CoreInst = "LogicGate">   --->   Core 74 'LogicGate' <Latency = 0> <II = 1> <Delay = 0.97> <FuncUnit> <Opcode : 'and' 'or' 'xor'> <InPorts = 2> <OutPorts = 1>
ST_4 : Operation 86 [1/1] (0.73ns)   --->   "%empty_39 = select i1 %tmp_2, i31 0, i31 %empty_38" [/home/cristi/Documents/ACES/RC-Project/HLS/LinearImageFiltering.cpp:27]   --->   Operation 86 'select' 'empty_39' <Predicate = (!icmp_ln27)> <Delay = 0.73> <CoreInst = "Sel">   --->   Core 73 'Sel' <Latency = 0> <II = 1> <Delay = 0.73> <FuncUnit> <Opcode : 'select'> <InPorts = 3> <OutPorts = 1>
ST_4 : Operation 87 [1/1] (0.00ns)   --->   "%p_cast4 = zext i31 %empty_39" [/home/cristi/Documents/ACES/RC-Project/HLS/LinearImageFiltering.cpp:27]   --->   Operation 87 'zext' 'p_cast4' <Predicate = (!icmp_ln27)> <Delay = 0.00>
ST_4 : Operation 88 [1/1] (0.00ns) (grouped into LUT with out node newRow_2)   --->   "%empty_40 = trunc i31 %empty_39" [/home/cristi/Documents/ACES/RC-Project/HLS/LinearImageFiltering.cpp:27]   --->   Operation 88 'trunc' 'empty_40' <Predicate = (!icmp_ln27)> <Delay = 0.00>
ST_4 : Operation 89 [1/1] (2.55ns)   --->   "%ult43 = icmp_ult  i32 %p_cast4, i32 %rows_read" [/home/cristi/Documents/ACES/RC-Project/HLS/LinearImageFiltering.cpp:27]   --->   Operation 89 'icmp' 'ult43' <Predicate = (!icmp_ln27)> <Delay = 2.55> <CoreInst = "Cmp">   --->   Core 9 'Cmp' <Latency = 0> <II = 1> <Delay = 2.55> <FuncUnit> <Opcode : 'icmp'> <InPorts = 2> <OutPorts = 1>
ST_4 : Operation 90 [1/1] (0.00ns) (grouped into LUT with out node newRow_2)   --->   "%rev44 = xor i1 %ult43, i1 1" [/home/cristi/Documents/ACES/RC-Project/HLS/LinearImageFiltering.cpp:27]   --->   Operation 90 'xor' 'rev44' <Predicate = (!icmp_ln27)> <Delay = 0.00> <CoreInst = "LogicGate">   --->   Core 74 'LogicGate' <Latency = 0> <II = 1> <Delay = 0.97> <FuncUnit> <Opcode : 'and' 'or' 'xor'> <InPorts = 2> <OutPorts = 1>
ST_4 : Operation 91 [1/1] (0.97ns) (out node of the LUT)   --->   "%newRow_2 = select i1 %rev44, i30 %sub_i_read, i30 %empty_40" [/home/cristi/Documents/ACES/RC-Project/HLS/LinearImageFiltering.cpp:27]   --->   Operation 91 'select' 'newRow_2' <Predicate = (!icmp_ln27)> <Delay = 0.97> <CoreInst = "Sel">   --->   Core 73 'Sel' <Latency = 0> <II = 1> <Delay = 0.76> <FuncUnit> <Opcode : 'select'> <InPorts = 3> <OutPorts = 1>
ST_4 : Operation 92 [1/1] (2.55ns)   --->   "%icmp_ln50 = icmp_ult  i32 %newCol, i32 %cols_read" [/home/cristi/Documents/ACES/RC-Project/HLS/LinearImageFiltering.cpp:50->/home/cristi/Documents/ACES/RC-Project/HLS/LinearImageFiltering.cpp:34]   --->   Operation 92 'icmp' 'icmp_ln50' <Predicate = (!icmp_ln27)> <Delay = 2.55> <CoreInst = "Cmp">   --->   Core 9 'Cmp' <Latency = 0> <II = 1> <Delay = 2.55> <FuncUnit> <Opcode : 'icmp'> <InPorts = 2> <OutPorts = 1>
ST_4 : Operation 93 [1/1] (0.00ns) (grouped into LUT with out node or_ln50_1)   --->   "%xor_ln50 = xor i1 %icmp_ln50, i1 1" [/home/cristi/Documents/ACES/RC-Project/HLS/LinearImageFiltering.cpp:50->/home/cristi/Documents/ACES/RC-Project/HLS/LinearImageFiltering.cpp:34]   --->   Operation 93 'xor' 'xor_ln50' <Predicate = (!icmp_ln27)> <Delay = 0.00> <CoreInst = "LogicGate">   --->   Core 74 'LogicGate' <Latency = 0> <II = 1> <Delay = 0.97> <FuncUnit> <Opcode : 'and' 'or' 'xor'> <InPorts = 2> <OutPorts = 1>
ST_4 : Operation 94 [1/1] (0.00ns) (grouped into LUT with out node or_ln50_1)   --->   "%or_ln50_2 = or i1 %tmp_3, i1 %xor_ln50" [/home/cristi/Documents/ACES/RC-Project/HLS/LinearImageFiltering.cpp:50->/home/cristi/Documents/ACES/RC-Project/HLS/LinearImageFiltering.cpp:34]   --->   Operation 94 'or' 'or_ln50_2' <Predicate = (!icmp_ln27)> <Delay = 0.00> <CoreInst = "LogicGate">   --->   Core 74 'LogicGate' <Latency = 0> <II = 1> <Delay = 0.97> <FuncUnit> <Opcode : 'and' 'or' 'xor'> <InPorts = 2> <OutPorts = 1>
ST_4 : Operation 95 [1/1] (0.00ns) (grouped into LUT with out node or_ln50_1)   --->   "%or_ln50 = or i1 %rev, i1 %tmp_2" [/home/cristi/Documents/ACES/RC-Project/HLS/LinearImageFiltering.cpp:50->/home/cristi/Documents/ACES/RC-Project/HLS/LinearImageFiltering.cpp:34]   --->   Operation 95 'or' 'or_ln50' <Predicate = (!icmp_ln27)> <Delay = 0.00> <CoreInst = "LogicGate">   --->   Core 74 'LogicGate' <Latency = 0> <II = 1> <Delay = 0.97> <FuncUnit> <Opcode : 'and' 'or' 'xor'> <InPorts = 2> <OutPorts = 1>
ST_4 : Operation 96 [1/1] (0.97ns) (out node of the LUT)   --->   "%or_ln50_1 = or i1 %or_ln50, i1 %or_ln50_2" [/home/cristi/Documents/ACES/RC-Project/HLS/LinearImageFiltering.cpp:50->/home/cristi/Documents/ACES/RC-Project/HLS/LinearImageFiltering.cpp:34]   --->   Operation 96 'or' 'or_ln50_1' <Predicate = (!icmp_ln27)> <Delay = 0.97> <CoreInst = "LogicGate">   --->   Core 74 'LogicGate' <Latency = 0> <II = 1> <Delay = 0.97> <FuncUnit> <Opcode : 'and' 'or' 'xor'> <InPorts = 2> <OutPorts = 1>
ST_4 : Operation 97 [1/1] (1.82ns)   --->   "%br_ln50 = br i1 %or_ln50_1, void %if.end, void %if.then.i" [/home/cristi/Documents/ACES/RC-Project/HLS/LinearImageFiltering.cpp:50->/home/cristi/Documents/ACES/RC-Project/HLS/LinearImageFiltering.cpp:34]   --->   Operation 97 'br' 'br_ln50' <Predicate = (!icmp_ln27)> <Delay = 1.82>
ST_4 : Operation 98 [1/1] (1.93ns)   --->   "%switch_ln52 = switch i8 %padding_read, void %cleanup, i8 1, void %sw.bb.i, i8 2, void %sw.bb18.i_ifconv" [/home/cristi/Documents/ACES/RC-Project/HLS/LinearImageFiltering.cpp:52->/home/cristi/Documents/ACES/RC-Project/HLS/LinearImageFiltering.cpp:34]   --->   Operation 98 'switch' 'switch_ln52' <Predicate = (!icmp_ln27 & or_ln50_1)> <Delay = 1.93>
ST_4 : Operation 99 [1/1] (2.55ns)   --->   "%neg = sub i32 0, i32 %newRow" [/home/cristi/Documents/ACES/RC-Project/HLS/LinearImageFiltering.cpp:27]   --->   Operation 99 'sub' 'neg' <Predicate = (!icmp_ln27 & or_ln50_1 & tmp_2 & padding_read == 2)> <Delay = 2.55> <CoreInst = "Adder">   --->   Core 1 'Adder' <Latency = 0> <II = 1> <Delay = 2.55> <FuncUnit> <Opcode : 'add' 'sub'> <InPorts = 2> <OutPorts = 1>
ST_4 : Operation 100 [1/1] (2.55ns)   --->   "%abscond = icmp_sgt  i32 %newRow, i32 0" [/home/cristi/Documents/ACES/RC-Project/HLS/LinearImageFiltering.cpp:27]   --->   Operation 100 'icmp' 'abscond' <Predicate = (!icmp_ln27 & or_ln50_1 & tmp_2 & padding_read == 2)> <Delay = 2.55> <CoreInst = "Cmp">   --->   Core 9 'Cmp' <Latency = 0> <II = 1> <Delay = 2.55> <FuncUnit> <Opcode : 'icmp'> <InPorts = 2> <OutPorts = 1>
ST_4 : Operation 101 [1/1] (0.00ns) (grouped into LUT with out node newRow_3)   --->   "%abs = select i1 %abscond, i32 %newRow, i32 %neg" [/home/cristi/Documents/ACES/RC-Project/HLS/LinearImageFiltering.cpp:27]   --->   Operation 101 'select' 'abs' <Predicate = (!icmp_ln27 & or_ln50_1 & tmp_2 & padding_read == 2)> <Delay = 0.00> <CoreInst = "Sel">   --->   Core 73 'Sel' <Latency = 0> <II = 1> <Delay = 0.69> <FuncUnit> <Opcode : 'select'> <InPorts = 3> <OutPorts = 1>
ST_4 : Operation 102 [1/1] (2.55ns) (out node of the LUT)   --->   "%newRow_3 = add i32 %abs, i32 4294967295" [/home/cristi/Documents/ACES/RC-Project/HLS/LinearImageFiltering.cpp:75->/home/cristi/Documents/ACES/RC-Project/HLS/LinearImageFiltering.cpp:34]   --->   Operation 102 'add' 'newRow_3' <Predicate = (!icmp_ln27 & or_ln50_1 & tmp_2 & padding_read == 2)> <Delay = 2.55> <CoreInst = "Adder">   --->   Core 1 'Adder' <Latency = 0> <II = 1> <Delay = 2.55> <FuncUnit> <Opcode : 'add' 'sub'> <InPorts = 2> <OutPorts = 1>
ST_4 : Operation 103 [1/1] (0.69ns)   --->   "%newRow_1 = select i1 %tmp_2, i32 %newRow_3, i32 %newRow" [/home/cristi/Documents/ACES/RC-Project/HLS/LinearImageFiltering.cpp:27]   --->   Operation 103 'select' 'newRow_1' <Predicate = (!icmp_ln27 & or_ln50_1 & padding_read == 2)> <Delay = 0.69> <CoreInst = "Sel">   --->   Core 73 'Sel' <Latency = 0> <II = 1> <Delay = 0.69> <FuncUnit> <Opcode : 'select'> <InPorts = 3> <OutPorts = 1>
ST_4 : Operation 104 [1/1] (0.00ns)   --->   "%trunc_ln31 = trunc i32 %newRow_1" [/home/cristi/Documents/ACES/RC-Project/HLS/LinearImageFiltering.cpp:31]   --->   Operation 104 'trunc' 'trunc_ln31' <Predicate = (!icmp_ln27 & or_ln50_1 & padding_read == 2)> <Delay = 0.00>
ST_4 : Operation 105 [1/1] (2.55ns)   --->   "%neg1 = sub i32 0, i32 %newCol" [/home/cristi/Documents/ACES/RC-Project/HLS/LinearImageFiltering.cpp:32]   --->   Operation 105 'sub' 'neg1' <Predicate = (!icmp_ln27 & or_ln50_1 & tmp_3 & padding_read == 2)> <Delay = 2.55> <CoreInst = "Adder">   --->   Core 1 'Adder' <Latency = 0> <II = 1> <Delay = 2.55> <FuncUnit> <Opcode : 'add' 'sub'> <InPorts = 2> <OutPorts = 1>
ST_4 : Operation 106 [1/1] (2.55ns)   --->   "%abscond2 = icmp_sgt  i32 %newCol, i32 0" [/home/cristi/Documents/ACES/RC-Project/HLS/LinearImageFiltering.cpp:32]   --->   Operation 106 'icmp' 'abscond2' <Predicate = (!icmp_ln27 & or_ln50_1 & tmp_3 & padding_read == 2)> <Delay = 2.55> <CoreInst = "Cmp">   --->   Core 9 'Cmp' <Latency = 0> <II = 1> <Delay = 2.55> <FuncUnit> <Opcode : 'icmp'> <InPorts = 2> <OutPorts = 1>
ST_4 : Operation 107 [1/1] (0.00ns) (grouped into LUT with out node newCol_2)   --->   "%abs3 = select i1 %abscond2, i32 %newCol, i32 %neg1" [/home/cristi/Documents/ACES/RC-Project/HLS/LinearImageFiltering.cpp:32]   --->   Operation 107 'select' 'abs3' <Predicate = (!icmp_ln27 & or_ln50_1 & tmp_3 & padding_read == 2)> <Delay = 0.00> <CoreInst = "Sel">   --->   Core 73 'Sel' <Latency = 0> <II = 1> <Delay = 0.69> <FuncUnit> <Opcode : 'select'> <InPorts = 3> <OutPorts = 1>
ST_4 : Operation 108 [1/1] (2.55ns) (out node of the LUT)   --->   "%newCol_2 = add i32 %abs3, i32 4294967295" [/home/cristi/Documents/ACES/RC-Project/HLS/LinearImageFiltering.cpp:83->/home/cristi/Documents/ACES/RC-Project/HLS/LinearImageFiltering.cpp:34]   --->   Operation 108 'add' 'newCol_2' <Predicate = (!icmp_ln27 & or_ln50_1 & tmp_3 & padding_read == 2)> <Delay = 2.55> <CoreInst = "Adder">   --->   Core 1 'Adder' <Latency = 0> <II = 1> <Delay = 2.55> <FuncUnit> <Opcode : 'add' 'sub'> <InPorts = 2> <OutPorts = 1>
ST_4 : Operation 109 [1/1] (0.69ns)   --->   "%newCol_3 = select i1 %tmp_3, i32 %newCol_2, i32 %newCol" [/home/cristi/Documents/ACES/RC-Project/HLS/LinearImageFiltering.cpp:50->/home/cristi/Documents/ACES/RC-Project/HLS/LinearImageFiltering.cpp:34]   --->   Operation 109 'select' 'newCol_3' <Predicate = (!icmp_ln27 & or_ln50_1 & padding_read == 2)> <Delay = 0.69> <CoreInst = "Sel">   --->   Core 73 'Sel' <Latency = 0> <II = 1> <Delay = 0.69> <FuncUnit> <Opcode : 'select'> <InPorts = 3> <OutPorts = 1>
ST_4 : Operation 110 [1/1] (0.00ns)   --->   "%trunc_ln32_2 = trunc i32 %newCol_3" [/home/cristi/Documents/ACES/RC-Project/HLS/LinearImageFiltering.cpp:32]   --->   Operation 110 'trunc' 'trunc_ln32_2' <Predicate = (!icmp_ln27 & or_ln50_1 & padding_read == 2)> <Delay = 0.00>
ST_4 : Operation 111 [1/1] (0.73ns)   --->   "%select_ln63 = select i1 %tmp_3, i31 0, i31 %trunc_ln32_1" [/home/cristi/Documents/ACES/RC-Project/HLS/LinearImageFiltering.cpp:63->/home/cristi/Documents/ACES/RC-Project/HLS/LinearImageFiltering.cpp:34]   --->   Operation 111 'select' 'select_ln63' <Predicate = (!icmp_ln27 & or_ln50_1 & padding_read == 1)> <Delay = 0.73> <CoreInst = "Sel">   --->   Core 73 'Sel' <Latency = 0> <II = 1> <Delay = 0.73> <FuncUnit> <Opcode : 'select'> <InPorts = 3> <OutPorts = 1>
ST_4 : Operation 112 [1/1] (0.00ns)   --->   "%zext_ln67 = zext i31 %select_ln63" [/home/cristi/Documents/ACES/RC-Project/HLS/LinearImageFiltering.cpp:67->/home/cristi/Documents/ACES/RC-Project/HLS/LinearImageFiltering.cpp:34]   --->   Operation 112 'zext' 'zext_ln67' <Predicate = (!icmp_ln27 & or_ln50_1 & padding_read == 1)> <Delay = 0.00>
ST_4 : Operation 113 [1/1] (0.00ns) (grouped into LUT with out node newCol_1)   --->   "%trunc_ln67 = trunc i31 %select_ln63" [/home/cristi/Documents/ACES/RC-Project/HLS/LinearImageFiltering.cpp:67->/home/cristi/Documents/ACES/RC-Project/HLS/LinearImageFiltering.cpp:34]   --->   Operation 113 'trunc' 'trunc_ln67' <Predicate = (!icmp_ln27 & or_ln50_1 & padding_read == 1)> <Delay = 0.00>
ST_4 : Operation 114 [1/1] (2.55ns)   --->   "%icmp_ln67 = icmp_ult  i32 %zext_ln67, i32 %cols_read" [/home/cristi/Documents/ACES/RC-Project/HLS/LinearImageFiltering.cpp:67->/home/cristi/Documents/ACES/RC-Project/HLS/LinearImageFiltering.cpp:34]   --->   Operation 114 'icmp' 'icmp_ln67' <Predicate = (!icmp_ln27 & or_ln50_1 & padding_read == 1)> <Delay = 2.55> <CoreInst = "Cmp">   --->   Core 9 'Cmp' <Latency = 0> <II = 1> <Delay = 2.55> <FuncUnit> <Opcode : 'icmp'> <InPorts = 2> <OutPorts = 1>
ST_4 : Operation 115 [1/1] (0.00ns) (grouped into LUT with out node newCol_1)   --->   "%xor_ln67 = xor i1 %icmp_ln67, i1 1" [/home/cristi/Documents/ACES/RC-Project/HLS/LinearImageFiltering.cpp:67->/home/cristi/Documents/ACES/RC-Project/HLS/LinearImageFiltering.cpp:34]   --->   Operation 115 'xor' 'xor_ln67' <Predicate = (!icmp_ln27 & or_ln50_1 & padding_read == 1)> <Delay = 0.00> <CoreInst = "LogicGate">   --->   Core 74 'LogicGate' <Latency = 0> <II = 1> <Delay = 0.97> <FuncUnit> <Opcode : 'and' 'or' 'xor'> <InPorts = 2> <OutPorts = 1>
ST_4 : Operation 116 [1/1] (0.97ns) (out node of the LUT)   --->   "%newCol_1 = select i1 %xor_ln67, i30 %sub16_i_read, i30 %trunc_ln67" [/home/cristi/Documents/ACES/RC-Project/HLS/LinearImageFiltering.cpp:67->/home/cristi/Documents/ACES/RC-Project/HLS/LinearImageFiltering.cpp:34]   --->   Operation 116 'select' 'newCol_1' <Predicate = (!icmp_ln27 & or_ln50_1 & padding_read == 1)> <Delay = 0.97> <CoreInst = "Sel">   --->   Core 73 'Sel' <Latency = 0> <II = 1> <Delay = 0.76> <FuncUnit> <Opcode : 'select'> <InPorts = 3> <OutPorts = 1>

State 5 <SV = 4> <Delay = 5.74>
ST_5 : Operation 117 [1/1] (0.00ns)   --->   "%specloopname_ln0 = specloopname void @_ssdm_op_SpecLoopName, void @ker_rows_ker_cols_str"   --->   Operation 117 'specloopname' 'specloopname_ln0' <Predicate = (!icmp_ln27)> <Delay = 0.00>
ST_5 : Operation 118 [1/3] (5.74ns)   --->   "%mul17 = mul i32 %select_ln27, i32 %kernel_size_read" [/home/cristi/Documents/ACES/RC-Project/HLS/LinearImageFiltering.cpp:27]   --->   Operation 118 'mul' 'mul17' <Predicate = (!icmp_ln27)> <Delay = 5.74> <CoreInst = "Multiplier">   --->   Core 3 'Multiplier' <Latency = 2> <II = 1> <Delay = 5.74> <FuncUnit> <Opcode : 'mul'> <InPorts = 2> <OutPorts = 1>
ST_5 : Operation 119 [1/1] (0.00ns)   --->   "%trunc_ln39 = trunc i32 %mul17" [/home/cristi/Documents/ACES/RC-Project/HLS/LinearImageFiltering.cpp:39]   --->   Operation 119 'trunc' 'trunc_ln39' <Predicate = (!icmp_ln27)> <Delay = 0.00>
ST_5 : Operation 120 [1/1] (0.00ns)   --->   "%specpipeline_ln25 = specpipeline void @_ssdm_op_SpecPipeline, i32 4294967295, i32 0, i32 0, i32 0, void @empty_2" [/home/cristi/Documents/ACES/RC-Project/HLS/LinearImageFiltering.cpp:25]   --->   Operation 120 'specpipeline' 'specpipeline_ln25' <Predicate = (!icmp_ln27)> <Delay = 0.00>
ST_5 : Operation 121 [1/1] (2.55ns)   --->   "%icmp_ln77 = icmp_ult  i32 %newRow_1, i32 %rows_read" [/home/cristi/Documents/ACES/RC-Project/HLS/LinearImageFiltering.cpp:77->/home/cristi/Documents/ACES/RC-Project/HLS/LinearImageFiltering.cpp:34]   --->   Operation 121 'icmp' 'icmp_ln77' <Predicate = (!icmp_ln27 & or_ln50_1 & padding_read == 2)> <Delay = 2.55> <CoreInst = "Cmp">   --->   Core 9 'Cmp' <Latency = 0> <II = 1> <Delay = 2.55> <FuncUnit> <Opcode : 'icmp'> <InPorts = 2> <OutPorts = 1>
ST_5 : Operation 122 [1/1] (0.00ns) (grouped into LUT with out node newRow_5)   --->   "%xor_ln77 = xor i1 %icmp_ln77, i1 1" [/home/cristi/Documents/ACES/RC-Project/HLS/LinearImageFiltering.cpp:77->/home/cristi/Documents/ACES/RC-Project/HLS/LinearImageFiltering.cpp:34]   --->   Operation 122 'xor' 'xor_ln77' <Predicate = (!icmp_ln27 & or_ln50_1 & padding_read == 2)> <Delay = 0.00> <CoreInst = "LogicGate">   --->   Core 74 'LogicGate' <Latency = 0> <II = 1> <Delay = 0.97> <FuncUnit> <Opcode : 'and' 'or' 'xor'> <InPorts = 2> <OutPorts = 1>
ST_5 : Operation 123 [1/1] (0.00ns) (grouped into TernaryAdder)   --->   "%add_ln79 = add i30 %mul_i_read, i30 1073741823" [/home/cristi/Documents/ACES/RC-Project/HLS/LinearImageFiltering.cpp:79->/home/cristi/Documents/ACES/RC-Project/HLS/LinearImageFiltering.cpp:34]   --->   Operation 123 'add' 'add_ln79' <Predicate = (!icmp_ln27 & or_ln50_1 & padding_read == 2)> <Delay = 0.00> <CoreInst = "TAddSub">   --->   Core 10 'TAddSub' <Latency = 0> <II = 1> <Delay = 2.15> <IPBlock> <Opcode : '' 'add' 'sub'> <InPorts = 3> <OutPorts = 1> <Sync> <CReg>
ST_5 : Operation 124 [1/1] (4.31ns) (root node of TernaryAdder)   --->   "%newRow_4 = sub i30 %add_ln79, i30 %trunc_ln31" [/home/cristi/Documents/ACES/RC-Project/HLS/LinearImageFiltering.cpp:79->/home/cristi/Documents/ACES/RC-Project/HLS/LinearImageFiltering.cpp:34]   --->   Operation 124 'sub' 'newRow_4' <Predicate = (!icmp_ln27 & or_ln50_1 & padding_read == 2)> <Delay = 4.31> <CoreInst = "TAddSub">   --->   Core 10 'TAddSub' <Latency = 0> <II = 1> <Delay = 2.15> <IPBlock> <Opcode : '' 'add' 'sub'> <InPorts = 3> <OutPorts = 1> <Sync> <CReg>
ST_5 : Operation 125 [1/1] (0.97ns) (out node of the LUT)   --->   "%newRow_5 = select i1 %xor_ln77, i30 %newRow_4, i30 %trunc_ln31" [/home/cristi/Documents/ACES/RC-Project/HLS/LinearImageFiltering.cpp:77->/home/cristi/Documents/ACES/RC-Project/HLS/LinearImageFiltering.cpp:34]   --->   Operation 125 'select' 'newRow_5' <Predicate = (!icmp_ln27 & or_ln50_1 & padding_read == 2)> <Delay = 0.97> <CoreInst = "Sel">   --->   Core 73 'Sel' <Latency = 0> <II = 1> <Delay = 0.76> <FuncUnit> <Opcode : 'select'> <InPorts = 3> <OutPorts = 1>
ST_5 : Operation 126 [1/1] (2.55ns)   --->   "%icmp_ln85 = icmp_ult  i32 %newCol_3, i32 %cols_read" [/home/cristi/Documents/ACES/RC-Project/HLS/LinearImageFiltering.cpp:85->/home/cristi/Documents/ACES/RC-Project/HLS/LinearImageFiltering.cpp:34]   --->   Operation 126 'icmp' 'icmp_ln85' <Predicate = (!icmp_ln27 & or_ln50_1 & padding_read == 2)> <Delay = 2.55> <CoreInst = "Cmp">   --->   Core 9 'Cmp' <Latency = 0> <II = 1> <Delay = 2.55> <FuncUnit> <Opcode : 'icmp'> <InPorts = 2> <OutPorts = 1>
ST_5 : Operation 127 [1/1] (0.00ns) (grouped into TernaryAdder)   --->   "%add_ln87 = add i30 %mul35_i_read, i30 1073741823" [/home/cristi/Documents/ACES/RC-Project/HLS/LinearImageFiltering.cpp:87->/home/cristi/Documents/ACES/RC-Project/HLS/LinearImageFiltering.cpp:34]   --->   Operation 127 'add' 'add_ln87' <Predicate = (!icmp_ln27 & or_ln50_1 & padding_read == 2 & !icmp_ln85)> <Delay = 0.00> <CoreInst = "TAddSub">   --->   Core 10 'TAddSub' <Latency = 0> <II = 1> <Delay = 2.15> <IPBlock> <Opcode : '' 'add' 'sub'> <InPorts = 3> <OutPorts = 1> <Sync> <CReg>
ST_5 : Operation 128 [1/1] (4.31ns) (root node of TernaryAdder)   --->   "%newCol_4 = sub i30 %add_ln87, i30 %trunc_ln32_2" [/home/cristi/Documents/ACES/RC-Project/HLS/LinearImageFiltering.cpp:87->/home/cristi/Documents/ACES/RC-Project/HLS/LinearImageFiltering.cpp:34]   --->   Operation 128 'sub' 'newCol_4' <Predicate = (!icmp_ln27 & or_ln50_1 & padding_read == 2 & !icmp_ln85)> <Delay = 4.31> <CoreInst = "TAddSub">   --->   Core 10 'TAddSub' <Latency = 0> <II = 1> <Delay = 2.15> <IPBlock> <Opcode : '' 'add' 'sub'> <InPorts = 3> <OutPorts = 1> <Sync> <CReg>
ST_5 : Operation 129 [1/1] (1.82ns)   --->   "%br_ln71 = br void %if.end" [/home/cristi/Documents/ACES/RC-Project/HLS/LinearImageFiltering.cpp:71->/home/cristi/Documents/ACES/RC-Project/HLS/LinearImageFiltering.cpp:34]   --->   Operation 129 'br' 'br_ln71' <Predicate = (!icmp_ln27 & or_ln50_1 & padding_read == 1)> <Delay = 1.82>

State 6 <SV = 5> <Delay = 5.04>
ST_6 : Operation 130 [1/1] (1.82ns)   --->   "%br_ln85 = br i1 %icmp_ln85, void %if.then34.i, void %if.end" [/home/cristi/Documents/ACES/RC-Project/HLS/LinearImageFiltering.cpp:85->/home/cristi/Documents/ACES/RC-Project/HLS/LinearImageFiltering.cpp:34]   --->   Operation 130 'br' 'br_ln85' <Predicate = (!icmp_ln27 & or_ln50_1 & padding_read == 2)> <Delay = 1.82>
ST_6 : Operation 131 [1/1] (1.82ns)   --->   "%br_ln88 = br void %if.end" [/home/cristi/Documents/ACES/RC-Project/HLS/LinearImageFiltering.cpp:88->/home/cristi/Documents/ACES/RC-Project/HLS/LinearImageFiltering.cpp:34]   --->   Operation 131 'br' 'br_ln88' <Predicate = (!icmp_ln27 & or_ln50_1 & padding_read == 2 & !icmp_ln85)> <Delay = 1.82>
ST_6 : Operation 132 [1/1] (0.00ns)   --->   "%trunc_ln39_2 = trunc i32 %select_ln25" [/home/cristi/Documents/ACES/RC-Project/HLS/LinearImageFiltering.cpp:39]   --->   Operation 132 'trunc' 'trunc_ln39_2' <Predicate = (!icmp_ln27 & padding_read == 2) | (!icmp_ln27 & padding_read == 1) | (!icmp_ln27 & !or_ln50_1)> <Delay = 0.00>
ST_6 : Operation 133 [1/1] (2.49ns)   --->   "%add_ln39_2 = add i30 %trunc_ln39_2, i30 %trunc_ln39" [/home/cristi/Documents/ACES/RC-Project/HLS/LinearImageFiltering.cpp:39]   --->   Operation 133 'add' 'add_ln39_2' <Predicate = (!icmp_ln27 & padding_read == 2) | (!icmp_ln27 & padding_read == 1) | (!icmp_ln27 & !or_ln50_1)> <Delay = 2.49> <CoreInst = "Adder">   --->   Core 1 'Adder' <Latency = 0> <II = 1> <Delay = 2.49> <FuncUnit> <Opcode : 'add' 'sub'> <InPorts = 2> <OutPorts = 1>
ST_6 : Operation 134 [1/1] (0.00ns)   --->   "%shl_ln39_1 = bitconcatenate i32 @_ssdm_op_BitConcatenate.i32.i30.i2, i30 %add_ln39_2, i2 0" [/home/cristi/Documents/ACES/RC-Project/HLS/LinearImageFiltering.cpp:39]   --->   Operation 134 'bitconcatenate' 'shl_ln39_1' <Predicate = (!icmp_ln27 & padding_read == 2) | (!icmp_ln27 & padding_read == 1) | (!icmp_ln27 & !or_ln50_1)> <Delay = 0.00>
ST_6 : Operation 135 [1/1] (2.55ns)   --->   "%add_ln39_3 = add i32 %shl_ln39_1, i32 %kernel_offset_read" [/home/cristi/Documents/ACES/RC-Project/HLS/LinearImageFiltering.cpp:39]   --->   Operation 135 'add' 'add_ln39_3' <Predicate = (!icmp_ln27 & padding_read == 2) | (!icmp_ln27 & padding_read == 1) | (!icmp_ln27 & !or_ln50_1)> <Delay = 2.55> <CoreInst = "Adder">   --->   Core 1 'Adder' <Latency = 0> <II = 1> <Delay = 2.55> <FuncUnit> <Opcode : 'add' 'sub'> <InPorts = 2> <OutPorts = 1>
ST_6 : Operation 136 [1/1] (0.00ns)   --->   "%trunc_ln39_4 = partselect i30 @_ssdm_op_PartSelect.i30.i32.i32.i32, i32 %add_ln39_3, i32 2, i32 31" [/home/cristi/Documents/ACES/RC-Project/HLS/LinearImageFiltering.cpp:39]   --->   Operation 136 'partselect' 'trunc_ln39_4' <Predicate = (!icmp_ln27 & padding_read == 2) | (!icmp_ln27 & padding_read == 1) | (!icmp_ln27 & !or_ln50_1)> <Delay = 0.00>

State 7 <SV = 6> <Delay = 5.84>
ST_7 : Operation 137 [1/1] (0.00ns)   --->   "%newCol_5_ph = phi i30 %newCol_4, void %if.then34.i, i30 %newCol_1, void %sw.bb.i, i30 %trunc_ln32_2, void %sw.bb18.i_ifconv, i30 %trunc_ln32, void %for.inc25"   --->   Operation 137 'phi' 'newCol_5_ph' <Predicate = (!icmp_ln27 & padding_read == 2) | (!icmp_ln27 & padding_read == 1) | (!icmp_ln27 & !or_ln50_1)> <Delay = 0.00>
ST_7 : Operation 138 [1/1] (0.00ns)   --->   "%newRow_5_ph = phi i30 %newRow_5, void %if.then34.i, i30 %newRow_2, void %sw.bb.i, i30 %newRow_5, void %sw.bb18.i_ifconv, i30 %empty_37, void %for.inc25"   --->   Operation 138 'phi' 'newRow_5_ph' <Predicate = (!icmp_ln27 & padding_read == 2) | (!icmp_ln27 & padding_read == 1) | (!icmp_ln27 & !or_ln50_1)> <Delay = 0.00>
ST_7 : Operation 139 [3/3] (5.74ns)   --->   "%mul_ln39 = mul i30 %newRow_5_ph, i30 %tmp" [/home/cristi/Documents/ACES/RC-Project/HLS/LinearImageFiltering.cpp:39]   --->   Operation 139 'mul' 'mul_ln39' <Predicate = (!icmp_ln27 & padding_read == 2) | (!icmp_ln27 & padding_read == 1) | (!icmp_ln27 & !or_ln50_1)> <Delay = 5.74> <CoreInst = "Multiplier">   --->   Core 3 'Multiplier' <Latency = 2> <II = 1> <Delay = 5.74> <FuncUnit> <Opcode : 'mul'> <InPorts = 2> <OutPorts = 1>
ST_7 : Operation 140 [1/1] (0.00ns)   --->   "%sext_ln39_1 = sext i30 %trunc_ln39_4" [/home/cristi/Documents/ACES/RC-Project/HLS/LinearImageFiltering.cpp:39]   --->   Operation 140 'sext' 'sext_ln39_1' <Predicate = (!icmp_ln27 & padding_read == 2) | (!icmp_ln27 & padding_read == 1) | (!icmp_ln27 & !or_ln50_1)> <Delay = 0.00>
ST_7 : Operation 141 [1/1] (0.00ns)   --->   "%kernel_addr = getelementptr i32 %kernel, i32 %sext_ln39_1" [/home/cristi/Documents/ACES/RC-Project/HLS/LinearImageFiltering.cpp:39]   --->   Operation 141 'getelementptr' 'kernel_addr' <Predicate = (!icmp_ln27 & padding_read == 2) | (!icmp_ln27 & padding_read == 1) | (!icmp_ln27 & !or_ln50_1)> <Delay = 0.00>
ST_7 : Operation 142 [8/8] (5.84ns)   --->   "%kernel_load_req = readreq i1 @_ssdm_op_ReadReq.m_axi.i32P1A, i32 %kernel_addr, i32 1" [/home/cristi/Documents/ACES/RC-Project/HLS/LinearImageFiltering.cpp:39]   --->   Operation 142 'readreq' 'kernel_load_req' <Predicate = (!icmp_ln27 & padding_read == 2) | (!icmp_ln27 & padding_read == 1) | (!icmp_ln27 & !or_ln50_1)> <Delay = 5.84> <CoreInst = "m_axi">   --->   Core 113 'm_axi' <Latency = 0> <II = 1> <Delay = 1.00> <Adapter> <Opcode : 'read' 'write' 'readreq' 'writereq' 'writeresp'>

State 8 <SV = 7> <Delay = 5.84>
ST_8 : Operation 143 [2/3] (5.74ns)   --->   "%mul_ln39 = mul i30 %newRow_5_ph, i30 %tmp" [/home/cristi/Documents/ACES/RC-Project/HLS/LinearImageFiltering.cpp:39]   --->   Operation 143 'mul' 'mul_ln39' <Predicate = (!icmp_ln27 & padding_read == 2) | (!icmp_ln27 & padding_read == 1) | (!icmp_ln27 & !or_ln50_1)> <Delay = 5.74> <CoreInst = "Multiplier">   --->   Core 3 'Multiplier' <Latency = 2> <II = 1> <Delay = 5.74> <FuncUnit> <Opcode : 'mul'> <InPorts = 2> <OutPorts = 1>
ST_8 : Operation 144 [7/8] (5.84ns)   --->   "%kernel_load_req = readreq i1 @_ssdm_op_ReadReq.m_axi.i32P1A, i32 %kernel_addr, i32 1" [/home/cristi/Documents/ACES/RC-Project/HLS/LinearImageFiltering.cpp:39]   --->   Operation 144 'readreq' 'kernel_load_req' <Predicate = (!icmp_ln27 & padding_read == 2) | (!icmp_ln27 & padding_read == 1) | (!icmp_ln27 & !or_ln50_1)> <Delay = 5.84> <CoreInst = "m_axi">   --->   Core 113 'm_axi' <Latency = 0> <II = 1> <Delay = 1.00> <Adapter> <Opcode : 'read' 'write' 'readreq' 'writereq' 'writeresp'>

State 9 <SV = 8> <Delay = 5.84>
ST_9 : Operation 145 [1/3] (5.74ns)   --->   "%mul_ln39 = mul i30 %newRow_5_ph, i30 %tmp" [/home/cristi/Documents/ACES/RC-Project/HLS/LinearImageFiltering.cpp:39]   --->   Operation 145 'mul' 'mul_ln39' <Predicate = (!icmp_ln27 & padding_read == 2) | (!icmp_ln27 & padding_read == 1) | (!icmp_ln27 & !or_ln50_1)> <Delay = 5.74> <CoreInst = "Multiplier">   --->   Core 3 'Multiplier' <Latency = 2> <II = 1> <Delay = 5.74> <FuncUnit> <Opcode : 'mul'> <InPorts = 2> <OutPorts = 1>
ST_9 : Operation 146 [6/8] (5.84ns)   --->   "%kernel_load_req = readreq i1 @_ssdm_op_ReadReq.m_axi.i32P1A, i32 %kernel_addr, i32 1" [/home/cristi/Documents/ACES/RC-Project/HLS/LinearImageFiltering.cpp:39]   --->   Operation 146 'readreq' 'kernel_load_req' <Predicate = (!icmp_ln27 & padding_read == 2) | (!icmp_ln27 & padding_read == 1) | (!icmp_ln27 & !or_ln50_1)> <Delay = 5.84> <CoreInst = "m_axi">   --->   Core 113 'm_axi' <Latency = 0> <II = 1> <Delay = 1.00> <Adapter> <Opcode : 'read' 'write' 'readreq' 'writereq' 'writeresp'>
ST_9 : Operation 147 [1/1] (2.55ns)   --->   "%add_ln29 = add i32 %select_ln25, i32 1" [/home/cristi/Documents/ACES/RC-Project/HLS/LinearImageFiltering.cpp:29]   --->   Operation 147 'add' 'add_ln29' <Predicate = (!icmp_ln27)> <Delay = 2.55> <CoreInst = "Adder">   --->   Core 1 'Adder' <Latency = 0> <II = 1> <Delay = 2.55> <FuncUnit> <Opcode : 'add' 'sub'> <InPorts = 2> <OutPorts = 1>
ST_9 : Operation 148 [1/1] (1.58ns)   --->   "%store_ln27 = store i64 %add_ln27, i64 %indvar_flatten" [/home/cristi/Documents/ACES/RC-Project/HLS/LinearImageFiltering.cpp:27]   --->   Operation 148 'store' 'store_ln27' <Predicate = (!icmp_ln27)> <Delay = 1.58>
ST_9 : Operation 149 [1/1] (1.58ns)   --->   "%store_ln27 = store i32 %select_ln27, i32 %i" [/home/cristi/Documents/ACES/RC-Project/HLS/LinearImageFiltering.cpp:27]   --->   Operation 149 'store' 'store_ln27' <Predicate = (!icmp_ln27)> <Delay = 1.58>
ST_9 : Operation 150 [1/1] (1.58ns)   --->   "%store_ln29 = store i32 %add_ln29, i32 %j" [/home/cristi/Documents/ACES/RC-Project/HLS/LinearImageFiltering.cpp:29]   --->   Operation 150 'store' 'store_ln29' <Predicate = (!icmp_ln27)> <Delay = 1.58>
ST_9 : Operation 151 [1/1] (0.00ns)   --->   "%br_ln29 = br void %for.body12" [/home/cristi/Documents/ACES/RC-Project/HLS/LinearImageFiltering.cpp:29]   --->   Operation 151 'br' 'br_ln29' <Predicate = (!icmp_ln27)> <Delay = 0.00>

State 10 <SV = 9> <Delay = 5.84>
ST_10 : Operation 152 [1/1] (2.49ns)   --->   "%add_ln39 = add i30 %mul_ln39, i30 %newCol_5_ph" [/home/cristi/Documents/ACES/RC-Project/HLS/LinearImageFiltering.cpp:39]   --->   Operation 152 'add' 'add_ln39' <Predicate = (padding_read == 2) | (padding_read == 1) | (!or_ln50_1)> <Delay = 2.49> <CoreInst = "Adder">   --->   Core 1 'Adder' <Latency = 0> <II = 1> <Delay = 2.49> <FuncUnit> <Opcode : 'add' 'sub'> <InPorts = 2> <OutPorts = 1>
ST_10 : Operation 153 [1/1] (0.00ns)   --->   "%shl_ln1 = bitconcatenate i32 @_ssdm_op_BitConcatenate.i32.i30.i2, i30 %add_ln39, i2 0" [/home/cristi/Documents/ACES/RC-Project/HLS/LinearImageFiltering.cpp:39]   --->   Operation 153 'bitconcatenate' 'shl_ln1' <Predicate = (padding_read == 2) | (padding_read == 1) | (!or_ln50_1)> <Delay = 0.00>
ST_10 : Operation 154 [1/1] (2.55ns)   --->   "%add_ln39_1 = add i32 %shl_ln1, i32 %image_in_offset_read" [/home/cristi/Documents/ACES/RC-Project/HLS/LinearImageFiltering.cpp:39]   --->   Operation 154 'add' 'add_ln39_1' <Predicate = (padding_read == 2) | (padding_read == 1) | (!or_ln50_1)> <Delay = 2.55> <CoreInst = "Adder">   --->   Core 1 'Adder' <Latency = 0> <II = 1> <Delay = 2.55> <FuncUnit> <Opcode : 'add' 'sub'> <InPorts = 2> <OutPorts = 1>
ST_10 : Operation 155 [1/1] (0.00ns)   --->   "%trunc_ln39_1 = partselect i30 @_ssdm_op_PartSelect.i30.i32.i32.i32, i32 %add_ln39_1, i32 2, i32 31" [/home/cristi/Documents/ACES/RC-Project/HLS/LinearImageFiltering.cpp:39]   --->   Operation 155 'partselect' 'trunc_ln39_1' <Predicate = (padding_read == 2) | (padding_read == 1) | (!or_ln50_1)> <Delay = 0.00>
ST_10 : Operation 156 [5/8] (5.84ns)   --->   "%kernel_load_req = readreq i1 @_ssdm_op_ReadReq.m_axi.i32P1A, i32 %kernel_addr, i32 1" [/home/cristi/Documents/ACES/RC-Project/HLS/LinearImageFiltering.cpp:39]   --->   Operation 156 'readreq' 'kernel_load_req' <Predicate = (padding_read == 2) | (padding_read == 1) | (!or_ln50_1)> <Delay = 5.84> <CoreInst = "m_axi">   --->   Core 113 'm_axi' <Latency = 0> <II = 1> <Delay = 1.00> <Adapter> <Opcode : 'read' 'write' 'readreq' 'writereq' 'writeresp'>

State 11 <SV = 10> <Delay = 5.84>
ST_11 : Operation 157 [1/1] (0.00ns)   --->   "%sext_ln39 = sext i30 %trunc_ln39_1" [/home/cristi/Documents/ACES/RC-Project/HLS/LinearImageFiltering.cpp:39]   --->   Operation 157 'sext' 'sext_ln39' <Predicate = (padding_read == 2) | (padding_read == 1) | (!or_ln50_1)> <Delay = 0.00>
ST_11 : Operation 158 [1/1] (0.00ns)   --->   "%image_in_addr = getelementptr i32 %image_in, i32 %sext_ln39" [/home/cristi/Documents/ACES/RC-Project/HLS/LinearImageFiltering.cpp:39]   --->   Operation 158 'getelementptr' 'image_in_addr' <Predicate = (padding_read == 2) | (padding_read == 1) | (!or_ln50_1)> <Delay = 0.00>
ST_11 : Operation 159 [8/8] (5.84ns)   --->   "%image_in_load_req = readreq i1 @_ssdm_op_ReadReq.m_axi.i32P1A, i32 %image_in_addr, i32 1" [/home/cristi/Documents/ACES/RC-Project/HLS/LinearImageFiltering.cpp:39]   --->   Operation 159 'readreq' 'image_in_load_req' <Predicate = (padding_read == 2) | (padding_read == 1) | (!or_ln50_1)> <Delay = 5.84> <CoreInst = "m_axi">   --->   Core 113 'm_axi' <Latency = 0> <II = 1> <Delay = 1.00> <Adapter> <Opcode : 'read' 'write' 'readreq' 'writereq' 'writeresp'>
ST_11 : Operation 160 [4/8] (5.84ns)   --->   "%kernel_load_req = readreq i1 @_ssdm_op_ReadReq.m_axi.i32P1A, i32 %kernel_addr, i32 1" [/home/cristi/Documents/ACES/RC-Project/HLS/LinearImageFiltering.cpp:39]   --->   Operation 160 'readreq' 'kernel_load_req' <Predicate = (padding_read == 2) | (padding_read == 1) | (!or_ln50_1)> <Delay = 5.84> <CoreInst = "m_axi">   --->   Core 113 'm_axi' <Latency = 0> <II = 1> <Delay = 1.00> <Adapter> <Opcode : 'read' 'write' 'readreq' 'writereq' 'writeresp'>

State 12 <SV = 11> <Delay = 5.84>
ST_12 : Operation 161 [7/8] (5.84ns)   --->   "%image_in_load_req = readreq i1 @_ssdm_op_ReadReq.m_axi.i32P1A, i32 %image_in_addr, i32 1" [/home/cristi/Documents/ACES/RC-Project/HLS/LinearImageFiltering.cpp:39]   --->   Operation 161 'readreq' 'image_in_load_req' <Predicate = (padding_read == 2) | (padding_read == 1) | (!or_ln50_1)> <Delay = 5.84> <CoreInst = "m_axi">   --->   Core 113 'm_axi' <Latency = 0> <II = 1> <Delay = 1.00> <Adapter> <Opcode : 'read' 'write' 'readreq' 'writereq' 'writeresp'>
ST_12 : Operation 162 [3/8] (5.84ns)   --->   "%kernel_load_req = readreq i1 @_ssdm_op_ReadReq.m_axi.i32P1A, i32 %kernel_addr, i32 1" [/home/cristi/Documents/ACES/RC-Project/HLS/LinearImageFiltering.cpp:39]   --->   Operation 162 'readreq' 'kernel_load_req' <Predicate = (padding_read == 2) | (padding_read == 1) | (!or_ln50_1)> <Delay = 5.84> <CoreInst = "m_axi">   --->   Core 113 'm_axi' <Latency = 0> <II = 1> <Delay = 1.00> <Adapter> <Opcode : 'read' 'write' 'readreq' 'writereq' 'writeresp'>

State 13 <SV = 12> <Delay = 5.84>
ST_13 : Operation 163 [6/8] (5.84ns)   --->   "%image_in_load_req = readreq i1 @_ssdm_op_ReadReq.m_axi.i32P1A, i32 %image_in_addr, i32 1" [/home/cristi/Documents/ACES/RC-Project/HLS/LinearImageFiltering.cpp:39]   --->   Operation 163 'readreq' 'image_in_load_req' <Predicate = (padding_read == 2) | (padding_read == 1) | (!or_ln50_1)> <Delay = 5.84> <CoreInst = "m_axi">   --->   Core 113 'm_axi' <Latency = 0> <II = 1> <Delay = 1.00> <Adapter> <Opcode : 'read' 'write' 'readreq' 'writereq' 'writeresp'>
ST_13 : Operation 164 [2/8] (5.84ns)   --->   "%kernel_load_req = readreq i1 @_ssdm_op_ReadReq.m_axi.i32P1A, i32 %kernel_addr, i32 1" [/home/cristi/Documents/ACES/RC-Project/HLS/LinearImageFiltering.cpp:39]   --->   Operation 164 'readreq' 'kernel_load_req' <Predicate = (padding_read == 2) | (padding_read == 1) | (!or_ln50_1)> <Delay = 5.84> <CoreInst = "m_axi">   --->   Core 113 'm_axi' <Latency = 0> <II = 1> <Delay = 1.00> <Adapter> <Opcode : 'read' 'write' 'readreq' 'writereq' 'writeresp'>

State 14 <SV = 13> <Delay = 5.84>
ST_14 : Operation 165 [5/8] (5.84ns)   --->   "%image_in_load_req = readreq i1 @_ssdm_op_ReadReq.m_axi.i32P1A, i32 %image_in_addr, i32 1" [/home/cristi/Documents/ACES/RC-Project/HLS/LinearImageFiltering.cpp:39]   --->   Operation 165 'readreq' 'image_in_load_req' <Predicate = (padding_read == 2) | (padding_read == 1) | (!or_ln50_1)> <Delay = 5.84> <CoreInst = "m_axi">   --->   Core 113 'm_axi' <Latency = 0> <II = 1> <Delay = 1.00> <Adapter> <Opcode : 'read' 'write' 'readreq' 'writereq' 'writeresp'>
ST_14 : Operation 166 [1/8] (5.84ns)   --->   "%kernel_load_req = readreq i1 @_ssdm_op_ReadReq.m_axi.i32P1A, i32 %kernel_addr, i32 1" [/home/cristi/Documents/ACES/RC-Project/HLS/LinearImageFiltering.cpp:39]   --->   Operation 166 'readreq' 'kernel_load_req' <Predicate = (padding_read == 2) | (padding_read == 1) | (!or_ln50_1)> <Delay = 5.84> <CoreInst = "m_axi">   --->   Core 113 'm_axi' <Latency = 0> <II = 1> <Delay = 1.00> <Adapter> <Opcode : 'read' 'write' 'readreq' 'writereq' 'writeresp'>

State 15 <SV = 14> <Delay = 5.84>
ST_15 : Operation 167 [4/8] (5.84ns)   --->   "%image_in_load_req = readreq i1 @_ssdm_op_ReadReq.m_axi.i32P1A, i32 %image_in_addr, i32 1" [/home/cristi/Documents/ACES/RC-Project/HLS/LinearImageFiltering.cpp:39]   --->   Operation 167 'readreq' 'image_in_load_req' <Predicate = (padding_read == 2) | (padding_read == 1) | (!or_ln50_1)> <Delay = 5.84> <CoreInst = "m_axi">   --->   Core 113 'm_axi' <Latency = 0> <II = 1> <Delay = 1.00> <Adapter> <Opcode : 'read' 'write' 'readreq' 'writereq' 'writeresp'>
ST_15 : Operation 168 [1/1] (5.84ns)   --->   "%kernel_addr_read = read i32 @_ssdm_op_Read.m_axi.i32P1A, i32 %kernel_addr" [/home/cristi/Documents/ACES/RC-Project/HLS/LinearImageFiltering.cpp:39]   --->   Operation 168 'read' 'kernel_addr_read' <Predicate = (padding_read == 2) | (padding_read == 1) | (!or_ln50_1)> <Delay = 5.84> <CoreInst = "m_axi">   --->   Core 113 'm_axi' <Latency = 0> <II = 1> <Delay = 1.00> <Adapter> <Opcode : 'read' 'write' 'readreq' 'writereq' 'writeresp'>

State 16 <SV = 15> <Delay = 5.84>
ST_16 : Operation 169 [3/8] (5.84ns)   --->   "%image_in_load_req = readreq i1 @_ssdm_op_ReadReq.m_axi.i32P1A, i32 %image_in_addr, i32 1" [/home/cristi/Documents/ACES/RC-Project/HLS/LinearImageFiltering.cpp:39]   --->   Operation 169 'readreq' 'image_in_load_req' <Predicate = (padding_read == 2) | (padding_read == 1) | (!or_ln50_1)> <Delay = 5.84> <CoreInst = "m_axi">   --->   Core 113 'm_axi' <Latency = 0> <II = 1> <Delay = 1.00> <Adapter> <Opcode : 'read' 'write' 'readreq' 'writereq' 'writeresp'>

State 17 <SV = 16> <Delay = 5.84>
ST_17 : Operation 170 [2/8] (5.84ns)   --->   "%image_in_load_req = readreq i1 @_ssdm_op_ReadReq.m_axi.i32P1A, i32 %image_in_addr, i32 1" [/home/cristi/Documents/ACES/RC-Project/HLS/LinearImageFiltering.cpp:39]   --->   Operation 170 'readreq' 'image_in_load_req' <Predicate = (padding_read == 2) | (padding_read == 1) | (!or_ln50_1)> <Delay = 5.84> <CoreInst = "m_axi">   --->   Core 113 'm_axi' <Latency = 0> <II = 1> <Delay = 1.00> <Adapter> <Opcode : 'read' 'write' 'readreq' 'writereq' 'writeresp'>

State 18 <SV = 17> <Delay = 5.84>
ST_18 : Operation 171 [1/8] (5.84ns)   --->   "%image_in_load_req = readreq i1 @_ssdm_op_ReadReq.m_axi.i32P1A, i32 %image_in_addr, i32 1" [/home/cristi/Documents/ACES/RC-Project/HLS/LinearImageFiltering.cpp:39]   --->   Operation 171 'readreq' 'image_in_load_req' <Predicate = (padding_read == 2) | (padding_read == 1) | (!or_ln50_1)> <Delay = 5.84> <CoreInst = "m_axi">   --->   Core 113 'm_axi' <Latency = 0> <II = 1> <Delay = 1.00> <Adapter> <Opcode : 'read' 'write' 'readreq' 'writereq' 'writeresp'>

State 19 <SV = 18> <Delay = 5.84>
ST_19 : Operation 172 [1/1] (5.84ns)   --->   "%image_in_addr_read = read i32 @_ssdm_op_Read.m_axi.i32P1A, i32 %image_in_addr" [/home/cristi/Documents/ACES/RC-Project/HLS/LinearImageFiltering.cpp:39]   --->   Operation 172 'read' 'image_in_addr_read' <Predicate = (padding_read == 2) | (padding_read == 1) | (!or_ln50_1)> <Delay = 5.84> <CoreInst = "m_axi">   --->   Core 113 'm_axi' <Latency = 0> <II = 1> <Delay = 1.00> <Adapter> <Opcode : 'read' 'write' 'readreq' 'writereq' 'writeresp'>

State 20 <SV = 19> <Delay = 5.70>
ST_20 : Operation 173 [1/1] (0.00ns)   --->   "%bitcast_ln39 = bitcast i32 %image_in_addr_read" [/home/cristi/Documents/ACES/RC-Project/HLS/LinearImageFiltering.cpp:39]   --->   Operation 173 'bitcast' 'bitcast_ln39' <Predicate = (padding_read == 2) | (padding_read == 1) | (!or_ln50_1)> <Delay = 0.00>
ST_20 : Operation 174 [1/1] (0.00ns)   --->   "%bitcast_ln39_1 = bitcast i32 %kernel_addr_read" [/home/cristi/Documents/ACES/RC-Project/HLS/LinearImageFiltering.cpp:39]   --->   Operation 174 'bitcast' 'bitcast_ln39_1' <Predicate = (padding_read == 2) | (padding_read == 1) | (!or_ln50_1)> <Delay = 0.00>
ST_20 : Operation 175 [4/4] (5.70ns)   --->   "%mul = fmul i32 %bitcast_ln39, i32 %bitcast_ln39_1" [/home/cristi/Documents/ACES/RC-Project/HLS/LinearImageFiltering.cpp:39]   --->   Operation 175 'fmul' 'mul' <Predicate = (padding_read == 2) | (padding_read == 1) | (!or_ln50_1)> <Delay = 5.70> <CoreInst = "FMul_maxdsp">   --->   Core 30 'FMul_maxdsp' <Latency = 3> <II = 1> <Delay = 5.70> <FuncUnit> <Opcode : 'fmul'> <InPorts = 2> <OutPorts = 1>

State 21 <SV = 20> <Delay = 5.70>
ST_21 : Operation 176 [3/4] (5.70ns)   --->   "%mul = fmul i32 %bitcast_ln39, i32 %bitcast_ln39_1" [/home/cristi/Documents/ACES/RC-Project/HLS/LinearImageFiltering.cpp:39]   --->   Operation 176 'fmul' 'mul' <Predicate = (padding_read == 2) | (padding_read == 1) | (!or_ln50_1)> <Delay = 5.70> <CoreInst = "FMul_maxdsp">   --->   Core 30 'FMul_maxdsp' <Latency = 3> <II = 1> <Delay = 5.70> <FuncUnit> <Opcode : 'fmul'> <InPorts = 2> <OutPorts = 1>

State 22 <SV = 21> <Delay = 5.70>
ST_22 : Operation 177 [2/4] (5.70ns)   --->   "%mul = fmul i32 %bitcast_ln39, i32 %bitcast_ln39_1" [/home/cristi/Documents/ACES/RC-Project/HLS/LinearImageFiltering.cpp:39]   --->   Operation 177 'fmul' 'mul' <Predicate = (padding_read == 2) | (padding_read == 1) | (!or_ln50_1)> <Delay = 5.70> <CoreInst = "FMul_maxdsp">   --->   Core 30 'FMul_maxdsp' <Latency = 3> <II = 1> <Delay = 5.70> <FuncUnit> <Opcode : 'fmul'> <InPorts = 2> <OutPorts = 1>

State 23 <SV = 22> <Delay = 5.70>
ST_23 : Operation 178 [1/4] (5.70ns)   --->   "%mul = fmul i32 %bitcast_ln39, i32 %bitcast_ln39_1" [/home/cristi/Documents/ACES/RC-Project/HLS/LinearImageFiltering.cpp:39]   --->   Operation 178 'fmul' 'mul' <Predicate = (padding_read == 2) | (padding_read == 1) | (!or_ln50_1)> <Delay = 5.70> <CoreInst = "FMul_maxdsp">   --->   Core 30 'FMul_maxdsp' <Latency = 3> <II = 1> <Delay = 5.70> <FuncUnit> <Opcode : 'fmul'> <InPorts = 2> <OutPorts = 1>

State 24 <SV = 23> <Delay = 5.39>
ST_24 : Operation 179 [1/1] (0.00ns)   --->   "%sum_load_1 = load i32 %sum" [/home/cristi/Documents/ACES/RC-Project/HLS/LinearImageFiltering.cpp:39]   --->   Operation 179 'load' 'sum_load_1' <Predicate = (padding_read == 2) | (padding_read == 1) | (!or_ln50_1)> <Delay = 0.00>
ST_24 : Operation 180 [8/8] (5.39ns)   --->   "%sum_1 = fadd i32 %sum_load_1, i32 %mul" [/home/cristi/Documents/ACES/RC-Project/HLS/LinearImageFiltering.cpp:39]   --->   Operation 180 'fadd' 'sum_1' <Predicate = (padding_read == 2) | (padding_read == 1) | (!or_ln50_1)> <Delay = 5.39> <CoreInst = "FAddSub_fulldsp">   --->   Core 18 'FAddSub_fulldsp' <Latency = 7> <II = 1> <Delay = 5.39> <FuncUnit> <Opcode : 'fadd' 'fsub'> <InPorts = 2> <OutPorts = 1>
ST_24 : Operation 190 [1/1] (0.00ns)   --->   "%sum_load = load i32 %sum"   --->   Operation 190 'load' 'sum_load' <Predicate = (icmp_ln27)> <Delay = 0.00>
ST_24 : Operation 191 [1/1] (0.00ns)   --->   "%write_ln0 = write void @_ssdm_op_Write.ap_auto.floatP0A, i32 %sum_1_out, i32 %sum_load"   --->   Operation 191 'write' 'write_ln0' <Predicate = (icmp_ln27)> <Delay = 0.00>
ST_24 : Operation 192 [1/1] (0.00ns)   --->   "%ret_ln0 = ret"   --->   Operation 192 'ret' 'ret_ln0' <Predicate = (icmp_ln27)> <Delay = 0.00>

State 25 <SV = 24> <Delay = 5.39>
ST_25 : Operation 181 [7/8] (5.39ns)   --->   "%sum_1 = fadd i32 %sum_load_1, i32 %mul" [/home/cristi/Documents/ACES/RC-Project/HLS/LinearImageFiltering.cpp:39]   --->   Operation 181 'fadd' 'sum_1' <Predicate = (padding_read == 2) | (padding_read == 1) | (!or_ln50_1)> <Delay = 5.39> <CoreInst = "FAddSub_fulldsp">   --->   Core 18 'FAddSub_fulldsp' <Latency = 7> <II = 1> <Delay = 5.39> <FuncUnit> <Opcode : 'fadd' 'fsub'> <InPorts = 2> <OutPorts = 1>

State 26 <SV = 25> <Delay = 5.39>
ST_26 : Operation 182 [6/8] (5.39ns)   --->   "%sum_1 = fadd i32 %sum_load_1, i32 %mul" [/home/cristi/Documents/ACES/RC-Project/HLS/LinearImageFiltering.cpp:39]   --->   Operation 182 'fadd' 'sum_1' <Predicate = (padding_read == 2) | (padding_read == 1) | (!or_ln50_1)> <Delay = 5.39> <CoreInst = "FAddSub_fulldsp">   --->   Core 18 'FAddSub_fulldsp' <Latency = 7> <II = 1> <Delay = 5.39> <FuncUnit> <Opcode : 'fadd' 'fsub'> <InPorts = 2> <OutPorts = 1>

State 27 <SV = 26> <Delay = 5.39>
ST_27 : Operation 183 [5/8] (5.39ns)   --->   "%sum_1 = fadd i32 %sum_load_1, i32 %mul" [/home/cristi/Documents/ACES/RC-Project/HLS/LinearImageFiltering.cpp:39]   --->   Operation 183 'fadd' 'sum_1' <Predicate = (padding_read == 2) | (padding_read == 1) | (!or_ln50_1)> <Delay = 5.39> <CoreInst = "FAddSub_fulldsp">   --->   Core 18 'FAddSub_fulldsp' <Latency = 7> <II = 1> <Delay = 5.39> <FuncUnit> <Opcode : 'fadd' 'fsub'> <InPorts = 2> <OutPorts = 1>

State 28 <SV = 27> <Delay = 5.39>
ST_28 : Operation 184 [4/8] (5.39ns)   --->   "%sum_1 = fadd i32 %sum_load_1, i32 %mul" [/home/cristi/Documents/ACES/RC-Project/HLS/LinearImageFiltering.cpp:39]   --->   Operation 184 'fadd' 'sum_1' <Predicate = (padding_read == 2) | (padding_read == 1) | (!or_ln50_1)> <Delay = 5.39> <CoreInst = "FAddSub_fulldsp">   --->   Core 18 'FAddSub_fulldsp' <Latency = 7> <II = 1> <Delay = 5.39> <FuncUnit> <Opcode : 'fadd' 'fsub'> <InPorts = 2> <OutPorts = 1>

State 29 <SV = 28> <Delay = 5.39>
ST_29 : Operation 185 [3/8] (5.39ns)   --->   "%sum_1 = fadd i32 %sum_load_1, i32 %mul" [/home/cristi/Documents/ACES/RC-Project/HLS/LinearImageFiltering.cpp:39]   --->   Operation 185 'fadd' 'sum_1' <Predicate = (padding_read == 2) | (padding_read == 1) | (!or_ln50_1)> <Delay = 5.39> <CoreInst = "FAddSub_fulldsp">   --->   Core 18 'FAddSub_fulldsp' <Latency = 7> <II = 1> <Delay = 5.39> <FuncUnit> <Opcode : 'fadd' 'fsub'> <InPorts = 2> <OutPorts = 1>

State 30 <SV = 29> <Delay = 5.39>
ST_30 : Operation 186 [2/8] (5.39ns)   --->   "%sum_1 = fadd i32 %sum_load_1, i32 %mul" [/home/cristi/Documents/ACES/RC-Project/HLS/LinearImageFiltering.cpp:39]   --->   Operation 186 'fadd' 'sum_1' <Predicate = (padding_read == 2) | (padding_read == 1) | (!or_ln50_1)> <Delay = 5.39> <CoreInst = "FAddSub_fulldsp">   --->   Core 18 'FAddSub_fulldsp' <Latency = 7> <II = 1> <Delay = 5.39> <FuncUnit> <Opcode : 'fadd' 'fsub'> <InPorts = 2> <OutPorts = 1>

State 31 <SV = 30> <Delay = 5.39>
ST_31 : Operation 187 [1/8] (5.39ns)   --->   "%sum_1 = fadd i32 %sum_load_1, i32 %mul" [/home/cristi/Documents/ACES/RC-Project/HLS/LinearImageFiltering.cpp:39]   --->   Operation 187 'fadd' 'sum_1' <Predicate = (padding_read == 2) | (padding_read == 1) | (!or_ln50_1)> <Delay = 5.39> <CoreInst = "FAddSub_fulldsp">   --->   Core 18 'FAddSub_fulldsp' <Latency = 7> <II = 1> <Delay = 5.39> <FuncUnit> <Opcode : 'fadd' 'fsub'> <InPorts = 2> <OutPorts = 1>

State 32 <SV = 31> <Delay = 1.58>
ST_32 : Operation 188 [1/1] (1.58ns)   --->   "%store_ln25 = store i32 %sum_1, i32 %sum" [/home/cristi/Documents/ACES/RC-Project/HLS/LinearImageFiltering.cpp:25]   --->   Operation 188 'store' 'store_ln25' <Predicate = (padding_read == 2) | (padding_read == 1) | (!or_ln50_1)> <Delay = 1.58>
ST_32 : Operation 189 [1/1] (0.00ns)   --->   "%br_ln40 = br void %cleanup" [/home/cristi/Documents/ACES/RC-Project/HLS/LinearImageFiltering.cpp:40]   --->   Operation 189 'br' 'br_ln40' <Predicate = (padding_read == 2) | (padding_read == 1) | (!or_ln50_1)> <Delay = 0.00>


============================================================
+ Verbose Summary: Timing violations
============================================================
Target clock period: 8.000ns, clock uncertainty: 2.160ns.

 <State 1>: 1.588ns
The critical path consists of the following:
	'alloca' operation 32 bit ('sum', /home/cristi/Documents/ACES/RC-Project/HLS/LinearImageFiltering.cpp:25) [22]  (0.000 ns)
	'store' operation 0 bit ('store_ln25', /home/cristi/Documents/ACES/RC-Project/HLS/LinearImageFiltering.cpp:25) of constant 0 on local variable 'sum', /home/cristi/Documents/ACES/RC-Project/HLS/LinearImageFiltering.cpp:25 [41]  (1.588 ns)

 <State 2>: 3.520ns
The critical path consists of the following:
	'load' operation 64 bit ('indvar_flatten_load', /home/cristi/Documents/ACES/RC-Project/HLS/LinearImageFiltering.cpp:27) on local variable 'indvar_flatten' [47]  (0.000 ns)
	'icmp' operation 1 bit ('icmp_ln27', /home/cristi/Documents/ACES/RC-Project/HLS/LinearImageFiltering.cpp:27) [50]  (3.520 ns)

 <State 3>: 5.745ns
The critical path consists of the following:
	'mul' operation 32 bit ('mul17', /home/cristi/Documents/ACES/RC-Project/HLS/LinearImageFiltering.cpp:27) [64]  (5.745 ns)

 <State 4>: 5.802ns
The critical path consists of the following:
	'sub' operation 32 bit ('neg', /home/cristi/Documents/ACES/RC-Project/HLS/LinearImageFiltering.cpp:27) [90]  (2.552 ns)
	'select' operation 32 bit ('abs', /home/cristi/Documents/ACES/RC-Project/HLS/LinearImageFiltering.cpp:27) [92]  (0.000 ns)
	'add' operation 32 bit ('newRow', /home/cristi/Documents/ACES/RC-Project/HLS/LinearImageFiltering.cpp:75->/home/cristi/Documents/ACES/RC-Project/HLS/LinearImageFiltering.cpp:34) [93]  (2.552 ns)
	'select' operation 32 bit ('newRow', /home/cristi/Documents/ACES/RC-Project/HLS/LinearImageFiltering.cpp:27) [94]  (0.698 ns)

 <State 5>: 5.745ns
The critical path consists of the following:
	'mul' operation 32 bit ('mul17', /home/cristi/Documents/ACES/RC-Project/HLS/LinearImageFiltering.cpp:27) [64]  (5.745 ns)

 <State 6>: 5.045ns
The critical path consists of the following:
	'add' operation 30 bit ('add_ln39_2', /home/cristi/Documents/ACES/RC-Project/HLS/LinearImageFiltering.cpp:39) [136]  (2.493 ns)
	'add' operation 32 bit ('add_ln39_3', /home/cristi/Documents/ACES/RC-Project/HLS/LinearImageFiltering.cpp:39) [138]  (2.552 ns)

 <State 7>: 5.840ns
The critical path consists of the following:
	'getelementptr' operation 32 bit ('kernel_addr', /home/cristi/Documents/ACES/RC-Project/HLS/LinearImageFiltering.cpp:39) [141]  (0.000 ns)
	bus request operation ('kernel_load_req', /home/cristi/Documents/ACES/RC-Project/HLS/LinearImageFiltering.cpp:39) on port 'kernel' (/home/cristi/Documents/ACES/RC-Project/HLS/LinearImageFiltering.cpp:39) [142]  (5.840 ns)

 <State 8>: 5.840ns
The critical path consists of the following:
	bus request operation ('kernel_load_req', /home/cristi/Documents/ACES/RC-Project/HLS/LinearImageFiltering.cpp:39) on port 'kernel' (/home/cristi/Documents/ACES/RC-Project/HLS/LinearImageFiltering.cpp:39) [142]  (5.840 ns)

 <State 9>: 5.840ns
The critical path consists of the following:
	bus request operation ('kernel_load_req', /home/cristi/Documents/ACES/RC-Project/HLS/LinearImageFiltering.cpp:39) on port 'kernel' (/home/cristi/Documents/ACES/RC-Project/HLS/LinearImageFiltering.cpp:39) [142]  (5.840 ns)

 <State 10>: 5.840ns
The critical path consists of the following:
	bus request operation ('kernel_load_req', /home/cristi/Documents/ACES/RC-Project/HLS/LinearImageFiltering.cpp:39) on port 'kernel' (/home/cristi/Documents/ACES/RC-Project/HLS/LinearImageFiltering.cpp:39) [142]  (5.840 ns)

 <State 11>: 5.840ns
The critical path consists of the following:
	'getelementptr' operation 32 bit ('image_in_addr', /home/cristi/Documents/ACES/RC-Project/HLS/LinearImageFiltering.cpp:39) [131]  (0.000 ns)
	bus request operation ('image_in_load_req', /home/cristi/Documents/ACES/RC-Project/HLS/LinearImageFiltering.cpp:39) on port 'image_in' (/home/cristi/Documents/ACES/RC-Project/HLS/LinearImageFiltering.cpp:39) [132]  (5.840 ns)

 <State 12>: 5.840ns
The critical path consists of the following:
	bus request operation ('image_in_load_req', /home/cristi/Documents/ACES/RC-Project/HLS/LinearImageFiltering.cpp:39) on port 'image_in' (/home/cristi/Documents/ACES/RC-Project/HLS/LinearImageFiltering.cpp:39) [132]  (5.840 ns)

 <State 13>: 5.840ns
The critical path consists of the following:
	bus request operation ('image_in_load_req', /home/cristi/Documents/ACES/RC-Project/HLS/LinearImageFiltering.cpp:39) on port 'image_in' (/home/cristi/Documents/ACES/RC-Project/HLS/LinearImageFiltering.cpp:39) [132]  (5.840 ns)

 <State 14>: 5.840ns
The critical path consists of the following:
	bus request operation ('image_in_load_req', /home/cristi/Documents/ACES/RC-Project/HLS/LinearImageFiltering.cpp:39) on port 'image_in' (/home/cristi/Documents/ACES/RC-Project/HLS/LinearImageFiltering.cpp:39) [132]  (5.840 ns)

 <State 15>: 5.840ns
The critical path consists of the following:
	bus request operation ('image_in_load_req', /home/cristi/Documents/ACES/RC-Project/HLS/LinearImageFiltering.cpp:39) on port 'image_in' (/home/cristi/Documents/ACES/RC-Project/HLS/LinearImageFiltering.cpp:39) [132]  (5.840 ns)

 <State 16>: 5.840ns
The critical path consists of the following:
	bus request operation ('image_in_load_req', /home/cristi/Documents/ACES/RC-Project/HLS/LinearImageFiltering.cpp:39) on port 'image_in' (/home/cristi/Documents/ACES/RC-Project/HLS/LinearImageFiltering.cpp:39) [132]  (5.840 ns)

 <State 17>: 5.840ns
The critical path consists of the following:
	bus request operation ('image_in_load_req', /home/cristi/Documents/ACES/RC-Project/HLS/LinearImageFiltering.cpp:39) on port 'image_in' (/home/cristi/Documents/ACES/RC-Project/HLS/LinearImageFiltering.cpp:39) [132]  (5.840 ns)

 <State 18>: 5.840ns
The critical path consists of the following:
	bus request operation ('image_in_load_req', /home/cristi/Documents/ACES/RC-Project/HLS/LinearImageFiltering.cpp:39) on port 'image_in' (/home/cristi/Documents/ACES/RC-Project/HLS/LinearImageFiltering.cpp:39) [132]  (5.840 ns)

 <State 19>: 5.840ns
The critical path consists of the following:
	bus read operation ('image_in_addr_read', /home/cristi/Documents/ACES/RC-Project/HLS/LinearImageFiltering.cpp:39) on port 'image_in' (/home/cristi/Documents/ACES/RC-Project/HLS/LinearImageFiltering.cpp:39) [133]  (5.840 ns)

 <State 20>: 5.702ns
The critical path consists of the following:
	'fmul' operation 32 bit ('mul', /home/cristi/Documents/ACES/RC-Project/HLS/LinearImageFiltering.cpp:39) [145]  (5.702 ns)

 <State 21>: 5.702ns
The critical path consists of the following:
	'fmul' operation 32 bit ('mul', /home/cristi/Documents/ACES/RC-Project/HLS/LinearImageFiltering.cpp:39) [145]  (5.702 ns)

 <State 22>: 5.702ns
The critical path consists of the following:
	'fmul' operation 32 bit ('mul', /home/cristi/Documents/ACES/RC-Project/HLS/LinearImageFiltering.cpp:39) [145]  (5.702 ns)

 <State 23>: 5.702ns
The critical path consists of the following:
	'fmul' operation 32 bit ('mul', /home/cristi/Documents/ACES/RC-Project/HLS/LinearImageFiltering.cpp:39) [145]  (5.702 ns)

 <State 24>: 5.394ns
The critical path consists of the following:
	'load' operation 32 bit ('sum_load_1', /home/cristi/Documents/ACES/RC-Project/HLS/LinearImageFiltering.cpp:39) on local variable 'sum', /home/cristi/Documents/ACES/RC-Project/HLS/LinearImageFiltering.cpp:25 [124]  (0.000 ns)
	'fadd' operation 32 bit ('sum', /home/cristi/Documents/ACES/RC-Project/HLS/LinearImageFiltering.cpp:39) [146]  (5.394 ns)

 <State 25>: 5.394ns
The critical path consists of the following:
	'fadd' operation 32 bit ('sum', /home/cristi/Documents/ACES/RC-Project/HLS/LinearImageFiltering.cpp:39) [146]  (5.394 ns)

 <State 26>: 5.394ns
The critical path consists of the following:
	'fadd' operation 32 bit ('sum', /home/cristi/Documents/ACES/RC-Project/HLS/LinearImageFiltering.cpp:39) [146]  (5.394 ns)

 <State 27>: 5.394ns
The critical path consists of the following:
	'fadd' operation 32 bit ('sum', /home/cristi/Documents/ACES/RC-Project/HLS/LinearImageFiltering.cpp:39) [146]  (5.394 ns)

 <State 28>: 5.394ns
The critical path consists of the following:
	'fadd' operation 32 bit ('sum', /home/cristi/Documents/ACES/RC-Project/HLS/LinearImageFiltering.cpp:39) [146]  (5.394 ns)

 <State 29>: 5.394ns
The critical path consists of the following:
	'fadd' operation 32 bit ('sum', /home/cristi/Documents/ACES/RC-Project/HLS/LinearImageFiltering.cpp:39) [146]  (5.394 ns)

 <State 30>: 5.394ns
The critical path consists of the following:
	'fadd' operation 32 bit ('sum', /home/cristi/Documents/ACES/RC-Project/HLS/LinearImageFiltering.cpp:39) [146]  (5.394 ns)

 <State 31>: 5.394ns
The critical path consists of the following:
	'fadd' operation 32 bit ('sum', /home/cristi/Documents/ACES/RC-Project/HLS/LinearImageFiltering.cpp:39) [146]  (5.394 ns)

 <State 32>: 1.588ns
The critical path consists of the following:
	'store' operation 0 bit ('store_ln25', /home/cristi/Documents/ACES/RC-Project/HLS/LinearImageFiltering.cpp:25) of variable 'sum', /home/cristi/Documents/ACES/RC-Project/HLS/LinearImageFiltering.cpp:39 on local variable 'sum', /home/cristi/Documents/ACES/RC-Project/HLS/LinearImageFiltering.cpp:25 [147]  (1.588 ns)


============================================================
+ Verbose Summary: Binding
============================================================
N/A
* FSMD analyzer results:
  - Output states:
 - Input state : 
  - Chain level:
	State 1
	State 2
	State 3
	State 4
	State 5
	State 6
	State 7
	State 8
	State 9
	State 10
	State 11
	State 12
	State 13
	State 14
	State 15
	State 16
	State 17
	State 18
	State 19
	State 20
	State 21
	State 22
	State 23
	State 24
	State 25
	State 26
	State 27
	State 28
	State 29
	State 30
	State 31
	State 32


============================================================
+ Verbose Summary: Datapath Resource usage 
============================================================
N/A
