

================================================================
== Vitis HLS Report for 'LinearImageFilter'
================================================================
* Date:           Thu May 30 19:32:05 2024

* Version:        2023.2.2 (Build 4101106 on Feb  9 2024)
* Project:        work
* Solution:       hls (Vivado IP Flow Target)
* Product family: zynq
* Target device:  xc7z020-clg400-1


================================================================
== Performance Estimates
================================================================
+ Timing: 
    * Summary: 
    +--------+----------+----------+------------+
    |  Clock |  Target  | Estimated| Uncertainty|
    +--------+----------+----------+------------+
    |ap_clk  |  10.00 ns|  7.300 ns|     2.70 ns|
    +--------+----------+----------+------------+

+ Latency: 
    * Summary: 
    +---------+---------+----------+----------+-----+-----+---------+
    |  Latency (cycles) |  Latency (absolute) |  Interval | Pipeline|
    |   min   |   max   |    min   |    max   | min | max |   Type  |
    +---------+---------+----------+----------+-----+-----+---------+
    |        ?|        ?|         ?|         ?|    ?|    ?|       no|
    +---------+---------+----------+----------+-----+-----+---------+

    + Detail: 
        * Instance: 
        N/A

        * Loop: 
        +-------------+---------+---------+----------+-----------+-----------+------+----------+
        |             |  Latency (cycles) | Iteration|  Initiation Interval  | Trip |          |
        |  Loop Name  |   min   |   max   |  Latency |  achieved |   target  | Count| Pipelined|
        +-------------+---------+---------+----------+-----------+-----------+------+----------+
        |- img_rows   |        ?|        ?|         ?|          -|          -|     ?|        no|
        | + img_cols  |        ?|        ?|         ?|          -|          -|     ?|        no|
        +-------------+---------+---------+----------+-----------+-----------+------+----------+

============================================================
+ Verbose Summary: Synthesis Manager
============================================================
InlineROM: 1
ExposeGlobal: 0
============================================================
+ Verbose Summary: CDFG Model
============================================================
IsTopModel: 1
ResetActiveHigh: 1
IsCombinational: 0
IsDatapathOnly: 0
HasWiredReturn: 1
HasMFsm: 0
HasVarLatency: 1
IsPipeline: 0
IsRtlPipelined: 0
IsInstanceOverlapped: 0
IsDontTouch: 0
HasImplIP: 0
IsGatedGlobalClock: 0


============================================================
+ Verbose Summary: Schedule
============================================================
* Number of FSM states : 50
* Pipeline : 0
* Dataflow Pipeline: 0

* FSM state transitions: 
1 --> 2 
2 --> 3 
3 --> 4 
4 --> 5 
5 --> 6 4 
6 --> 7 
7 --> 8 
8 --> 9 
9 --> 10 
10 --> 11 
11 --> 12 
12 --> 13 
13 --> 14 
14 --> 15 
15 --> 16 
16 --> 17 
17 --> 18 
18 --> 19 
19 --> 20 
20 --> 21 
21 --> 22 
22 --> 23 
23 --> 24 
24 --> 25 
25 --> 26 
26 --> 27 
27 --> 28 
28 --> 29 
29 --> 30 
30 --> 31 
31 --> 32 
32 --> 33 
33 --> 34 
34 --> 35 
35 --> 36 
36 --> 37 
37 --> 38 
38 --> 39 
39 --> 40 
40 --> 41 
41 --> 42 
42 --> 43 
43 --> 44 
44 --> 45 
45 --> 46 
46 --> 47 
47 --> 48 
48 --> 49 
49 --> 50 
50 --> 5 

* FSM state operations: 

State 1 <SV = 0> <Delay = 1.58>
ST_1 : Operation 51 [1/1] (0.00ns)   --->   "%row = alloca i32 1" [/home/cristi/Documents/ACES/RC-Project/HLS/LinearImageFiltering.cpp:28]   --->   Operation 51 'alloca' 'row' <Predicate = true> <Delay = 0.00>
ST_1 : Operation 52 [1/1] (1.00ns)   --->   "%padding_read = read i8 @_ssdm_op_Read.s_axilite.i8, i8 %padding"   --->   Operation 52 'read' 'padding_read' <Predicate = true> <Delay = 1.00> <CoreInst = "s_axilite">   --->   Core 114 's_axilite' <Latency = 0> <II = 1> <Delay = 1.00> <Adapter> <Opcode : 'read' 'write'>
ST_1 : Operation 53 [1/1] (1.00ns)   --->   "%stride_col_read = read i32 @_ssdm_op_Read.s_axilite.i32, i32 %stride_col"   --->   Operation 53 'read' 'stride_col_read' <Predicate = true> <Delay = 1.00> <CoreInst = "s_axilite">   --->   Core 114 's_axilite' <Latency = 0> <II = 1> <Delay = 1.00> <Adapter> <Opcode : 'read' 'write'>
ST_1 : Operation 54 [1/1] (1.00ns)   --->   "%stride_row_read = read i32 @_ssdm_op_Read.s_axilite.i32, i32 %stride_row"   --->   Operation 54 'read' 'stride_row_read' <Predicate = true> <Delay = 1.00> <CoreInst = "s_axilite">   --->   Core 114 's_axilite' <Latency = 0> <II = 1> <Delay = 1.00> <Adapter> <Opcode : 'read' 'write'>
ST_1 : Operation 55 [1/1] (1.00ns)   --->   "%kernel_dim_read = read i32 @_ssdm_op_Read.s_axilite.i32, i32 %kernel_dim"   --->   Operation 55 'read' 'kernel_dim_read' <Predicate = true> <Delay = 1.00> <CoreInst = "s_axilite">   --->   Core 114 's_axilite' <Latency = 0> <II = 1> <Delay = 1.00> <Adapter> <Opcode : 'read' 'write'>
ST_1 : Operation 56 [1/1] (1.00ns)   --->   "%kernel_offset_read = read i32 @_ssdm_op_Read.s_axilite.i32, i32 %kernel_offset"   --->   Operation 56 'read' 'kernel_offset_read' <Predicate = true> <Delay = 1.00> <CoreInst = "s_axilite">   --->   Core 114 's_axilite' <Latency = 0> <II = 1> <Delay = 1.00> <Adapter> <Opcode : 'read' 'write'>
ST_1 : Operation 57 [1/1] (1.00ns)   --->   "%cols_read = read i32 @_ssdm_op_Read.s_axilite.i32, i32 %cols"   --->   Operation 57 'read' 'cols_read' <Predicate = true> <Delay = 1.00> <CoreInst = "s_axilite">   --->   Core 114 's_axilite' <Latency = 0> <II = 1> <Delay = 1.00> <Adapter> <Opcode : 'read' 'write'>
ST_1 : Operation 58 [1/1] (1.00ns)   --->   "%rows_read = read i32 @_ssdm_op_Read.s_axilite.i32, i32 %rows"   --->   Operation 58 'read' 'rows_read' <Predicate = true> <Delay = 1.00> <CoreInst = "s_axilite">   --->   Core 114 's_axilite' <Latency = 0> <II = 1> <Delay = 1.00> <Adapter> <Opcode : 'read' 'write'>
ST_1 : Operation 59 [1/1] (1.00ns)   --->   "%image_in_offset_read = read i32 @_ssdm_op_Read.s_axilite.i32, i32 %image_in_offset"   --->   Operation 59 'read' 'image_in_offset_read' <Predicate = true> <Delay = 1.00> <CoreInst = "s_axilite">   --->   Core 114 's_axilite' <Latency = 0> <II = 1> <Delay = 1.00> <Adapter> <Opcode : 'read' 'write'>
ST_1 : Operation 60 [1/1] (1.00ns)   --->   "%image_out_offset_read = read i32 @_ssdm_op_Read.s_axilite.i32, i32 %image_out_offset"   --->   Operation 60 'read' 'image_out_offset_read' <Predicate = true> <Delay = 1.00> <CoreInst = "s_axilite">   --->   Core 114 's_axilite' <Latency = 0> <II = 1> <Delay = 1.00> <Adapter> <Opcode : 'read' 'write'>
ST_1 : Operation 61 [1/1] (0.00ns)   --->   "%sum_1_loc = alloca i32 1"   --->   Operation 61 'alloca' 'sum_1_loc' <Predicate = true> <Delay = 0.00>
ST_1 : Operation 62 [1/1] (0.00ns)   --->   "%trunc_ln7 = trunc i32 %cols_read" [/home/cristi/Documents/ACES/RC-Project/HLS/LinearImageFiltering.cpp:7]   --->   Operation 62 'trunc' 'trunc_ln7' <Predicate = true> <Delay = 0.00>
ST_1 : Operation 63 [1/1] (0.00ns)   --->   "%trunc_ln7_1 = trunc i32 %rows_read" [/home/cristi/Documents/ACES/RC-Project/HLS/LinearImageFiltering.cpp:7]   --->   Operation 63 'trunc' 'trunc_ln7_1' <Predicate = true> <Delay = 0.00>
ST_1 : Operation 64 [1/1] (0.00ns)   --->   "%div = partselect i31 @_ssdm_op_PartSelect.i31.i32.i32.i32, i32 %kernel_dim_read, i32 1, i32 31"   --->   Operation 64 'partselect' 'div' <Predicate = true> <Delay = 0.00>
ST_1 : Operation 65 [1/1] (0.00ns)   --->   "%empty = trunc i32 %rows_read"   --->   Operation 65 'trunc' 'empty' <Predicate = true> <Delay = 0.00>
ST_1 : Operation 66 [1/1] (0.00ns)   --->   "%empty_40 = trunc i32 %cols_read"   --->   Operation 66 'trunc' 'empty_40' <Predicate = true> <Delay = 0.00>
ST_1 : Operation 67 [1/1] (1.58ns)   --->   "%store_ln28 = store i32 0, i32 %row" [/home/cristi/Documents/ACES/RC-Project/HLS/LinearImageFiltering.cpp:28]   --->   Operation 67 'store' 'store_ln28' <Predicate = true> <Delay = 1.58>

State 2 <SV = 1> <Delay = 6.91>
ST_2 : Operation 68 [1/1] (0.00ns)   --->   "%zext_ln7 = zext i32 %kernel_dim_read" [/home/cristi/Documents/ACES/RC-Project/HLS/LinearImageFiltering.cpp:7]   --->   Operation 68 'zext' 'zext_ln7' <Predicate = true> <Delay = 0.00>
ST_2 : Operation 69 [2/2] (6.91ns)   --->   "%mul_ln7 = mul i64 %zext_ln7, i64 %zext_ln7" [/home/cristi/Documents/ACES/RC-Project/HLS/LinearImageFiltering.cpp:7]   --->   Operation 69 'mul' 'mul_ln7' <Predicate = true> <Delay = 6.91> <CoreInst = "Multiplier">   --->   Core 3 'Multiplier' <Latency = 1> <II = 1> <Delay = 6.91> <FuncUnit> <Opcode : 'mul'> <InPorts = 2> <OutPorts = 1>

State 3 <SV = 2> <Delay = 6.91>
ST_3 : Operation 70 [1/1] (0.00ns)   --->   "%spectopmodule_ln7 = spectopmodule void @_ssdm_op_SpecTopModule, void @empty_7" [/home/cristi/Documents/ACES/RC-Project/HLS/LinearImageFiltering.cpp:7]   --->   Operation 70 'spectopmodule' 'spectopmodule_ln7' <Predicate = true> <Delay = 0.00>
ST_3 : Operation 71 [1/1] (0.00ns)   --->   "%specinterface_ln0 = specinterface void @_ssdm_op_SpecInterface, i32 %image_out, void @empty_1, i32 0, i32 0, void @empty_2, i32 0, i32 10000000, void @empty_3, void @empty_4, void @empty_2, i32 16, i32 16, i32 16, i32 16, void @empty_2, void @empty_2, i32 4294967295, i32 0"   --->   Operation 71 'specinterface' 'specinterface_ln0' <Predicate = true> <Delay = 0.00>
ST_3 : Operation 72 [1/1] (0.00ns)   --->   "%specbitsmap_ln0 = specbitsmap void @_ssdm_op_SpecBitsMap, i32 %image_out"   --->   Operation 72 'specbitsmap' 'specbitsmap_ln0' <Predicate = true> <Delay = 0.00>
ST_3 : Operation 73 [1/1] (0.00ns)   --->   "%specinterface_ln0 = specinterface void @_ssdm_op_SpecInterface, i32 %image_in, void @empty_1, i32 0, i32 0, void @empty_2, i32 0, i32 10000000, void @empty_5, void @empty_4, void @empty_2, i32 16, i32 16, i32 16, i32 16, void @empty_2, void @empty_2, i32 4294967295, i32 0"   --->   Operation 73 'specinterface' 'specinterface_ln0' <Predicate = true> <Delay = 0.00>
ST_3 : Operation 74 [1/1] (0.00ns)   --->   "%specbitsmap_ln0 = specbitsmap void @_ssdm_op_SpecBitsMap, i32 %image_in"   --->   Operation 74 'specbitsmap' 'specbitsmap_ln0' <Predicate = true> <Delay = 0.00>
ST_3 : Operation 75 [1/1] (0.00ns)   --->   "%specinterface_ln0 = specinterface void @_ssdm_op_SpecInterface, i32 %kernel, void @empty_1, i32 0, i32 0, void @empty_2, i32 0, i32 1000, void @empty_6, void @empty_4, void @empty_2, i32 16, i32 16, i32 16, i32 16, void @empty_2, void @empty_2, i32 4294967295, i32 0"   --->   Operation 75 'specinterface' 'specinterface_ln0' <Predicate = true> <Delay = 0.00>
ST_3 : Operation 76 [1/1] (0.00ns)   --->   "%specbitsmap_ln0 = specbitsmap void @_ssdm_op_SpecBitsMap, i32 %kernel"   --->   Operation 76 'specbitsmap' 'specbitsmap_ln0' <Predicate = true> <Delay = 0.00>
ST_3 : Operation 77 [1/1] (0.00ns)   --->   "%specinterface_ln0 = specinterface void @_ssdm_op_SpecInterface, i32 %image_out_offset, void @empty_8, i32 0, i32 0, void @empty_2, i32 0, i32 0, void @empty_15, void @empty_18, void @empty_2, i32 0, i32 0, i32 0, i32 0, void @empty_2, void @empty, i32 4294967295, i32 0"   --->   Operation 77 'specinterface' 'specinterface_ln0' <Predicate = true> <Delay = 0.00>
ST_3 : Operation 78 [1/1] (0.00ns)   --->   "%specinterface_ln0 = specinterface void @_ssdm_op_SpecInterface, i32 %image_out_offset, void @empty_17, i32 0, i32 0, void @empty_2, i32 0, i32 0, void @empty_2, void @empty_2, void @empty_2, i32 0, i32 0, i32 0, i32 0, void @empty_2, void @empty, i32 4294967295, i32 0"   --->   Operation 78 'specinterface' 'specinterface_ln0' <Predicate = true> <Delay = 0.00>
ST_3 : Operation 79 [1/1] (0.00ns)   --->   "%specinterface_ln0 = specinterface void @_ssdm_op_SpecInterface, i32 %image_in_offset, void @empty_8, i32 0, i32 0, void @empty_2, i32 0, i32 0, void @empty_15, void @empty_0, void @empty_2, i32 0, i32 0, i32 0, i32 0, void @empty_2, void @empty, i32 4294967295, i32 0"   --->   Operation 79 'specinterface' 'specinterface_ln0' <Predicate = true> <Delay = 0.00>
ST_3 : Operation 80 [1/1] (0.00ns)   --->   "%specinterface_ln0 = specinterface void @_ssdm_op_SpecInterface, i32 %image_in_offset, void @empty_17, i32 0, i32 0, void @empty_2, i32 0, i32 0, void @empty_2, void @empty_2, void @empty_2, i32 0, i32 0, i32 0, i32 0, void @empty_2, void @empty, i32 4294967295, i32 0"   --->   Operation 80 'specinterface' 'specinterface_ln0' <Predicate = true> <Delay = 0.00>
ST_3 : Operation 81 [1/1] (0.00ns)   --->   "%specbitsmap_ln0 = specbitsmap void @_ssdm_op_SpecBitsMap, i32 %rows"   --->   Operation 81 'specbitsmap' 'specbitsmap_ln0' <Predicate = true> <Delay = 0.00>
ST_3 : Operation 82 [1/1] (0.00ns)   --->   "%specinterface_ln0 = specinterface void @_ssdm_op_SpecInterface, i32 %rows, void @empty_8, i32 0, i32 0, void @empty_2, i32 0, i32 0, void @empty_15, void @empty_9, void @empty_2, i32 0, i32 0, i32 0, i32 0, void @empty_2, void @empty_2, i32 4294967295, i32 0"   --->   Operation 82 'specinterface' 'specinterface_ln0' <Predicate = true> <Delay = 0.00>
ST_3 : Operation 83 [1/1] (0.00ns)   --->   "%specinterface_ln0 = specinterface void @_ssdm_op_SpecInterface, i32 %rows, void @empty_17, i32 0, i32 0, void @empty_2, i32 0, i32 0, void @empty_2, void @empty_2, void @empty_2, i32 0, i32 0, i32 0, i32 0, void @empty_2, void @empty_2, i32 4294967295, i32 0"   --->   Operation 83 'specinterface' 'specinterface_ln0' <Predicate = true> <Delay = 0.00>
ST_3 : Operation 84 [1/1] (0.00ns)   --->   "%specbitsmap_ln0 = specbitsmap void @_ssdm_op_SpecBitsMap, i32 %cols"   --->   Operation 84 'specbitsmap' 'specbitsmap_ln0' <Predicate = true> <Delay = 0.00>
ST_3 : Operation 85 [1/1] (0.00ns)   --->   "%specinterface_ln0 = specinterface void @_ssdm_op_SpecInterface, i32 %cols, void @empty_8, i32 0, i32 0, void @empty_2, i32 0, i32 0, void @empty_15, void @empty_10, void @empty_2, i32 0, i32 0, i32 0, i32 0, void @empty_2, void @empty_2, i32 4294967295, i32 0"   --->   Operation 85 'specinterface' 'specinterface_ln0' <Predicate = true> <Delay = 0.00>
ST_3 : Operation 86 [1/1] (0.00ns)   --->   "%specinterface_ln0 = specinterface void @_ssdm_op_SpecInterface, i32 %cols, void @empty_17, i32 0, i32 0, void @empty_2, i32 0, i32 0, void @empty_2, void @empty_2, void @empty_2, i32 0, i32 0, i32 0, i32 0, void @empty_2, void @empty_2, i32 4294967295, i32 0"   --->   Operation 86 'specinterface' 'specinterface_ln0' <Predicate = true> <Delay = 0.00>
ST_3 : Operation 87 [1/1] (0.00ns)   --->   "%specinterface_ln0 = specinterface void @_ssdm_op_SpecInterface, i32 %kernel_offset, void @empty_8, i32 0, i32 0, void @empty_2, i32 0, i32 0, void @empty_15, void @empty_11, void @empty_2, i32 0, i32 0, i32 0, i32 0, void @empty_2, void @empty, i32 4294967295, i32 0"   --->   Operation 87 'specinterface' 'specinterface_ln0' <Predicate = true> <Delay = 0.00>
ST_3 : Operation 88 [1/1] (0.00ns)   --->   "%specinterface_ln0 = specinterface void @_ssdm_op_SpecInterface, i32 %kernel_offset, void @empty_17, i32 0, i32 0, void @empty_2, i32 0, i32 0, void @empty_2, void @empty_2, void @empty_2, i32 0, i32 0, i32 0, i32 0, void @empty_2, void @empty, i32 4294967295, i32 0"   --->   Operation 88 'specinterface' 'specinterface_ln0' <Predicate = true> <Delay = 0.00>
ST_3 : Operation 89 [1/1] (0.00ns)   --->   "%specbitsmap_ln0 = specbitsmap void @_ssdm_op_SpecBitsMap, i32 %kernel_dim"   --->   Operation 89 'specbitsmap' 'specbitsmap_ln0' <Predicate = true> <Delay = 0.00>
ST_3 : Operation 90 [1/1] (0.00ns)   --->   "%specinterface_ln0 = specinterface void @_ssdm_op_SpecInterface, i32 %kernel_dim, void @empty_8, i32 0, i32 0, void @empty_2, i32 0, i32 0, void @empty_15, void @empty_12, void @empty_2, i32 0, i32 0, i32 0, i32 0, void @empty_2, void @empty_2, i32 4294967295, i32 0"   --->   Operation 90 'specinterface' 'specinterface_ln0' <Predicate = true> <Delay = 0.00>
ST_3 : Operation 91 [1/1] (0.00ns)   --->   "%specinterface_ln0 = specinterface void @_ssdm_op_SpecInterface, i32 %kernel_dim, void @empty_17, i32 0, i32 0, void @empty_2, i32 0, i32 0, void @empty_2, void @empty_2, void @empty_2, i32 0, i32 0, i32 0, i32 0, void @empty_2, void @empty_2, i32 4294967295, i32 0"   --->   Operation 91 'specinterface' 'specinterface_ln0' <Predicate = true> <Delay = 0.00>
ST_3 : Operation 92 [1/1] (0.00ns)   --->   "%specbitsmap_ln0 = specbitsmap void @_ssdm_op_SpecBitsMap, i32 %stride_row"   --->   Operation 92 'specbitsmap' 'specbitsmap_ln0' <Predicate = true> <Delay = 0.00>
ST_3 : Operation 93 [1/1] (0.00ns)   --->   "%specinterface_ln0 = specinterface void @_ssdm_op_SpecInterface, i32 %stride_row, void @empty_8, i32 0, i32 0, void @empty_2, i32 0, i32 0, void @empty_15, void @empty_13, void @empty_2, i32 0, i32 0, i32 0, i32 0, void @empty_2, void @empty_2, i32 4294967295, i32 0"   --->   Operation 93 'specinterface' 'specinterface_ln0' <Predicate = true> <Delay = 0.00>
ST_3 : Operation 94 [1/1] (0.00ns)   --->   "%specinterface_ln0 = specinterface void @_ssdm_op_SpecInterface, i32 %stride_row, void @empty_17, i32 0, i32 0, void @empty_2, i32 0, i32 0, void @empty_2, void @empty_2, void @empty_2, i32 0, i32 0, i32 0, i32 0, void @empty_2, void @empty_2, i32 4294967295, i32 0"   --->   Operation 94 'specinterface' 'specinterface_ln0' <Predicate = true> <Delay = 0.00>
ST_3 : Operation 95 [1/1] (0.00ns)   --->   "%specbitsmap_ln0 = specbitsmap void @_ssdm_op_SpecBitsMap, i32 %stride_col"   --->   Operation 95 'specbitsmap' 'specbitsmap_ln0' <Predicate = true> <Delay = 0.00>
ST_3 : Operation 96 [1/1] (0.00ns)   --->   "%specinterface_ln0 = specinterface void @_ssdm_op_SpecInterface, i32 %stride_col, void @empty_8, i32 0, i32 0, void @empty_2, i32 0, i32 0, void @empty_15, void @empty_14, void @empty_2, i32 0, i32 0, i32 0, i32 0, void @empty_2, void @empty_2, i32 4294967295, i32 0"   --->   Operation 96 'specinterface' 'specinterface_ln0' <Predicate = true> <Delay = 0.00>
ST_3 : Operation 97 [1/1] (0.00ns)   --->   "%specinterface_ln0 = specinterface void @_ssdm_op_SpecInterface, i32 %stride_col, void @empty_17, i32 0, i32 0, void @empty_2, i32 0, i32 0, void @empty_2, void @empty_2, void @empty_2, i32 0, i32 0, i32 0, i32 0, void @empty_2, void @empty_2, i32 4294967295, i32 0"   --->   Operation 97 'specinterface' 'specinterface_ln0' <Predicate = true> <Delay = 0.00>
ST_3 : Operation 98 [1/1] (0.00ns)   --->   "%specbitsmap_ln0 = specbitsmap void @_ssdm_op_SpecBitsMap, i8 %padding"   --->   Operation 98 'specbitsmap' 'specbitsmap_ln0' <Predicate = true> <Delay = 0.00>
ST_3 : Operation 99 [1/1] (0.00ns)   --->   "%specinterface_ln0 = specinterface void @_ssdm_op_SpecInterface, i8 %padding, void @empty_8, i32 0, i32 0, void @empty_2, i32 0, i32 0, void @empty_15, void @empty_16, void @empty_2, i32 0, i32 0, i32 0, i32 0, void @empty_2, void @empty_2, i32 4294967295, i32 0"   --->   Operation 99 'specinterface' 'specinterface_ln0' <Predicate = true> <Delay = 0.00>
ST_3 : Operation 100 [1/1] (0.00ns)   --->   "%specinterface_ln0 = specinterface void @_ssdm_op_SpecInterface, i8 %padding, void @empty_17, i32 0, i32 0, void @empty_2, i32 0, i32 0, void @empty_2, void @empty_2, void @empty_2, i32 0, i32 0, i32 0, i32 0, void @empty_2, void @empty_2, i32 4294967295, i32 0"   --->   Operation 100 'specinterface' 'specinterface_ln0' <Predicate = true> <Delay = 0.00>
ST_3 : Operation 101 [1/1] (0.00ns)   --->   "%specinterface_ln0 = specinterface void @_ssdm_op_SpecInterface, i32 0, void @empty_8, i32 0, i32 0, void @empty_2, i32 0, i32 0, void @empty_15, void @empty_2, void @empty_2, i32 0, i32 0, i32 0, i32 0, void @empty_2, void @empty_2, i32 4294967295, i32 0"   --->   Operation 101 'specinterface' 'specinterface_ln0' <Predicate = true> <Delay = 0.00>
ST_3 : Operation 102 [1/1] (0.00ns)   --->   "%div_cast = zext i31 %div"   --->   Operation 102 'zext' 'div_cast' <Predicate = true> <Delay = 0.00>
ST_3 : Operation 103 [1/1] (2.49ns)   --->   "%newRow_4 = add i30 %trunc_ln7_1, i30 1073741823" [/home/cristi/Documents/ACES/RC-Project/HLS/LinearImageFiltering.cpp:7]   --->   Operation 103 'add' 'newRow_4' <Predicate = true> <Delay = 2.49> <CoreInst = "Adder">   --->   Core 1 'Adder' <Latency = 0> <II = 1> <Delay = 2.49> <FuncUnit> <Opcode : 'add' 'sub'> <InPorts = 2> <OutPorts = 1>
ST_3 : Operation 104 [1/1] (0.00ns)   --->   "%mul_i = bitconcatenate i30 @_ssdm_op_BitConcatenate.i30.i29.i1, i29 %empty, i1 0"   --->   Operation 104 'bitconcatenate' 'mul_i' <Predicate = true> <Delay = 0.00>
ST_3 : Operation 105 [1/1] (2.49ns)   --->   "%newCol_2 = add i30 %trunc_ln7, i30 1073741823" [/home/cristi/Documents/ACES/RC-Project/HLS/LinearImageFiltering.cpp:7]   --->   Operation 105 'add' 'newCol_2' <Predicate = true> <Delay = 2.49> <CoreInst = "Adder">   --->   Core 1 'Adder' <Latency = 0> <II = 1> <Delay = 2.49> <FuncUnit> <Opcode : 'add' 'sub'> <InPorts = 2> <OutPorts = 1>
ST_3 : Operation 106 [1/1] (0.00ns)   --->   "%mul35_i = bitconcatenate i30 @_ssdm_op_BitConcatenate.i30.i29.i1, i29 %empty_40, i1 0"   --->   Operation 106 'bitconcatenate' 'mul35_i' <Predicate = true> <Delay = 0.00>
ST_3 : Operation 107 [1/2] (6.91ns)   --->   "%mul_ln7 = mul i64 %zext_ln7, i64 %zext_ln7" [/home/cristi/Documents/ACES/RC-Project/HLS/LinearImageFiltering.cpp:7]   --->   Operation 107 'mul' 'mul_ln7' <Predicate = true> <Delay = 6.91> <CoreInst = "Multiplier">   --->   Core 3 'Multiplier' <Latency = 1> <II = 1> <Delay = 6.91> <FuncUnit> <Opcode : 'mul'> <InPorts = 2> <OutPorts = 1>
ST_3 : Operation 108 [1/1] (0.00ns)   --->   "%br_ln28 = br void %for.cond" [/home/cristi/Documents/ACES/RC-Project/HLS/LinearImageFiltering.cpp:28]   --->   Operation 108 'br' 'br_ln28' <Predicate = true> <Delay = 0.00>

State 4 <SV = 3> <Delay = 2.55>
ST_4 : Operation 109 [1/1] (0.00ns)   --->   "%row_2 = load i32 %row" [/home/cristi/Documents/ACES/RC-Project/HLS/LinearImageFiltering.cpp:28]   --->   Operation 109 'load' 'row_2' <Predicate = true> <Delay = 0.00>
ST_4 : Operation 110 [1/1] (2.55ns)   --->   "%icmp_ln28 = icmp_ult  i32 %row_2, i32 %rows_read" [/home/cristi/Documents/ACES/RC-Project/HLS/LinearImageFiltering.cpp:28]   --->   Operation 110 'icmp' 'icmp_ln28' <Predicate = true> <Delay = 2.55> <CoreInst = "Cmp">   --->   Core 9 'Cmp' <Latency = 0> <II = 1> <Delay = 2.55> <FuncUnit> <Opcode : 'icmp'> <InPorts = 2> <OutPorts = 1>
ST_4 : Operation 111 [1/1] (0.00ns)   --->   "%br_ln28 = br i1 %icmp_ln28, void %for.end38, void %img_cols" [/home/cristi/Documents/ACES/RC-Project/HLS/LinearImageFiltering.cpp:28]   --->   Operation 111 'br' 'br_ln28' <Predicate = true> <Delay = 0.00>
ST_4 : Operation 112 [1/1] (0.00ns)   --->   "%specloopname_ln28 = specloopname void @_ssdm_op_SpecLoopName, void @empty_20" [/home/cristi/Documents/ACES/RC-Project/HLS/LinearImageFiltering.cpp:28]   --->   Operation 112 'specloopname' 'specloopname_ln28' <Predicate = (icmp_ln28)> <Delay = 0.00>
ST_4 : Operation 113 [1/1] (2.55ns)   --->   "%add = sub i32 %row_2, i32 %div_cast" [/home/cristi/Documents/ACES/RC-Project/HLS/LinearImageFiltering.cpp:28]   --->   Operation 113 'sub' 'add' <Predicate = (icmp_ln28)> <Delay = 2.55> <CoreInst = "Adder">   --->   Core 1 'Adder' <Latency = 0> <II = 1> <Delay = 2.55> <FuncUnit> <Opcode : 'add' 'sub'> <InPorts = 2> <OutPorts = 1>
ST_4 : Operation 114 [1/1] (1.58ns)   --->   "%br_ln30 = br void %for.cond1" [/home/cristi/Documents/ACES/RC-Project/HLS/LinearImageFiltering.cpp:30]   --->   Operation 114 'br' 'br_ln30' <Predicate = (icmp_ln28)> <Delay = 1.58>
ST_4 : Operation 115 [1/1] (0.00ns)   --->   "%ret_ln54 = ret" [/home/cristi/Documents/ACES/RC-Project/HLS/LinearImageFiltering.cpp:54]   --->   Operation 115 'ret' 'ret_ln54' <Predicate = (!icmp_ln28)> <Delay = 0.00>

State 5 <SV = 4> <Delay = 4.14>
ST_5 : Operation 116 [1/1] (0.00ns)   --->   "%col = phi i32 0, void %img_cols, i32 %col_1, void %ker_rows"   --->   Operation 116 'phi' 'col' <Predicate = true> <Delay = 0.00>
ST_5 : Operation 117 [1/1] (2.55ns)   --->   "%icmp_ln30 = icmp_ult  i32 %col, i32 %cols_read" [/home/cristi/Documents/ACES/RC-Project/HLS/LinearImageFiltering.cpp:30]   --->   Operation 117 'icmp' 'icmp_ln30' <Predicate = true> <Delay = 2.55> <CoreInst = "Cmp">   --->   Core 9 'Cmp' <Latency = 0> <II = 1> <Delay = 2.55> <FuncUnit> <Opcode : 'icmp'> <InPorts = 2> <OutPorts = 1>
ST_5 : Operation 118 [1/1] (0.00ns)   --->   "%br_ln30 = br i1 %icmp_ln30, void %for.inc36, void %ker_rows" [/home/cristi/Documents/ACES/RC-Project/HLS/LinearImageFiltering.cpp:30]   --->   Operation 118 'br' 'br_ln30' <Predicate = true> <Delay = 0.00>
ST_5 : Operation 119 [2/2] (0.00ns)   --->   "%call_ln7 = call void @LinearImageFilter_Pipeline_ker_rows_ker_cols, i32 %kernel, i32 %image_in, i64 %mul_ln7, i8 %padding_read, i32 %kernel_dim_read, i32 %add, i32 %rows_read, i30 %newRow_4, i32 %col, i31 %div, i32 %cols_read, i30 %trunc_ln7, i32 %image_in_offset_read, i32 %kernel_offset_read, i30 %newCol_2, i30 %mul_i, i30 %mul35_i, i32 %sum_1_loc" [/home/cristi/Documents/ACES/RC-Project/HLS/LinearImageFiltering.cpp:7]   --->   Operation 119 'call' 'call_ln7' <Predicate = (icmp_ln30)> <Delay = 0.00> <CoreType = "Generic">   --->   Core 0 '' <Latency = 0> <II = 1> <Delay = 1.00> <Generic> <Opcode : >
ST_5 : Operation 120 [36/36] (4.13ns)   --->   "%udiv_ln50 = udiv i32 %row_2, i32 %stride_row_read" [/home/cristi/Documents/ACES/RC-Project/HLS/LinearImageFiltering.cpp:50]   --->   Operation 120 'udiv' 'udiv_ln50' <Predicate = (icmp_ln30)> <Delay = 4.13> <CoreInst = "DivnS_SEQ">   --->   Core 7 'DivnS_SEQ' <Latency = 35> <II = 32> <Delay = 4.13> <FuncUnit> <Opcode : 'udiv' 'sdiv' 'urem' 'srem'> <InPorts = 2> <OutPorts = 1>
ST_5 : Operation 121 [36/36] (4.13ns)   --->   "%udiv_ln50_1 = udiv i32 %cols_read, i32 %stride_col_read" [/home/cristi/Documents/ACES/RC-Project/HLS/LinearImageFiltering.cpp:50]   --->   Operation 121 'udiv' 'udiv_ln50_1' <Predicate = (icmp_ln30)> <Delay = 4.13> <CoreInst = "DivnS_SEQ">   --->   Core 7 'DivnS_SEQ' <Latency = 35> <II = 32> <Delay = 4.13> <FuncUnit> <Opcode : 'udiv' 'sdiv' 'urem' 'srem'> <InPorts = 2> <OutPorts = 1>
ST_5 : Operation 122 [36/36] (4.13ns)   --->   "%udiv_ln50_2 = udiv i32 %col, i32 %stride_col_read" [/home/cristi/Documents/ACES/RC-Project/HLS/LinearImageFiltering.cpp:50]   --->   Operation 122 'udiv' 'udiv_ln50_2' <Predicate = (icmp_ln30)> <Delay = 4.13> <CoreInst = "DivnS_SEQ">   --->   Core 7 'DivnS_SEQ' <Latency = 35> <II = 30> <Delay = 4.13> <FuncUnit> <Opcode : 'udiv' 'sdiv' 'urem' 'srem'> <InPorts = 2> <OutPorts = 1>
ST_5 : Operation 123 [1/1] (2.55ns)   --->   "%col_1 = add i32 %col, i32 %stride_col_read" [/home/cristi/Documents/ACES/RC-Project/HLS/LinearImageFiltering.cpp:30]   --->   Operation 123 'add' 'col_1' <Predicate = (icmp_ln30)> <Delay = 2.55> <CoreInst = "Adder">   --->   Core 1 'Adder' <Latency = 0> <II = 1> <Delay = 2.55> <FuncUnit> <Opcode : 'add' 'sub'> <InPorts = 2> <OutPorts = 1>
ST_5 : Operation 124 [1/1] (2.55ns)   --->   "%row_3 = add i32 %row_2, i32 %stride_row_read" [/home/cristi/Documents/ACES/RC-Project/HLS/LinearImageFiltering.cpp:28]   --->   Operation 124 'add' 'row_3' <Predicate = (!icmp_ln30)> <Delay = 2.55> <CoreInst = "Adder">   --->   Core 1 'Adder' <Latency = 0> <II = 1> <Delay = 2.55> <FuncUnit> <Opcode : 'add' 'sub'> <InPorts = 2> <OutPorts = 1>
ST_5 : Operation 125 [1/1] (1.58ns)   --->   "%store_ln28 = store i32 %row_3, i32 %row" [/home/cristi/Documents/ACES/RC-Project/HLS/LinearImageFiltering.cpp:28]   --->   Operation 125 'store' 'store_ln28' <Predicate = (!icmp_ln30)> <Delay = 1.58>
ST_5 : Operation 126 [1/1] (0.00ns)   --->   "%br_ln28 = br void %for.cond" [/home/cristi/Documents/ACES/RC-Project/HLS/LinearImageFiltering.cpp:28]   --->   Operation 126 'br' 'br_ln28' <Predicate = (!icmp_ln30)> <Delay = 0.00>

State 6 <SV = 5> <Delay = 4.13>
ST_6 : Operation 127 [1/2] (0.00ns)   --->   "%call_ln7 = call void @LinearImageFilter_Pipeline_ker_rows_ker_cols, i32 %kernel, i32 %image_in, i64 %mul_ln7, i8 %padding_read, i32 %kernel_dim_read, i32 %add, i32 %rows_read, i30 %newRow_4, i32 %col, i31 %div, i32 %cols_read, i30 %trunc_ln7, i32 %image_in_offset_read, i32 %kernel_offset_read, i30 %newCol_2, i30 %mul_i, i30 %mul35_i, i32 %sum_1_loc" [/home/cristi/Documents/ACES/RC-Project/HLS/LinearImageFiltering.cpp:7]   --->   Operation 127 'call' 'call_ln7' <Predicate = true> <Delay = 0.00> <CoreType = "Generic">   --->   Core 0 '' <Latency = 0> <II = 1> <Delay = 1.00> <Generic> <Opcode : >
ST_6 : Operation 128 [35/36] (4.13ns)   --->   "%udiv_ln50 = udiv i32 %row_2, i32 %stride_row_read" [/home/cristi/Documents/ACES/RC-Project/HLS/LinearImageFiltering.cpp:50]   --->   Operation 128 'udiv' 'udiv_ln50' <Predicate = true> <Delay = 4.13> <CoreInst = "DivnS_SEQ">   --->   Core 7 'DivnS_SEQ' <Latency = 35> <II = 32> <Delay = 4.13> <FuncUnit> <Opcode : 'udiv' 'sdiv' 'urem' 'srem'> <InPorts = 2> <OutPorts = 1>
ST_6 : Operation 129 [35/36] (4.13ns)   --->   "%udiv_ln50_1 = udiv i32 %cols_read, i32 %stride_col_read" [/home/cristi/Documents/ACES/RC-Project/HLS/LinearImageFiltering.cpp:50]   --->   Operation 129 'udiv' 'udiv_ln50_1' <Predicate = true> <Delay = 4.13> <CoreInst = "DivnS_SEQ">   --->   Core 7 'DivnS_SEQ' <Latency = 35> <II = 32> <Delay = 4.13> <FuncUnit> <Opcode : 'udiv' 'sdiv' 'urem' 'srem'> <InPorts = 2> <OutPorts = 1>
ST_6 : Operation 130 [35/36] (4.13ns)   --->   "%udiv_ln50_2 = udiv i32 %col, i32 %stride_col_read" [/home/cristi/Documents/ACES/RC-Project/HLS/LinearImageFiltering.cpp:50]   --->   Operation 130 'udiv' 'udiv_ln50_2' <Predicate = true> <Delay = 4.13> <CoreInst = "DivnS_SEQ">   --->   Core 7 'DivnS_SEQ' <Latency = 35> <II = 30> <Delay = 4.13> <FuncUnit> <Opcode : 'udiv' 'sdiv' 'urem' 'srem'> <InPorts = 2> <OutPorts = 1>

State 7 <SV = 6> <Delay = 4.13>
ST_7 : Operation 131 [34/36] (4.13ns)   --->   "%udiv_ln50 = udiv i32 %row_2, i32 %stride_row_read" [/home/cristi/Documents/ACES/RC-Project/HLS/LinearImageFiltering.cpp:50]   --->   Operation 131 'udiv' 'udiv_ln50' <Predicate = true> <Delay = 4.13> <CoreInst = "DivnS_SEQ">   --->   Core 7 'DivnS_SEQ' <Latency = 35> <II = 32> <Delay = 4.13> <FuncUnit> <Opcode : 'udiv' 'sdiv' 'urem' 'srem'> <InPorts = 2> <OutPorts = 1>
ST_7 : Operation 132 [34/36] (4.13ns)   --->   "%udiv_ln50_1 = udiv i32 %cols_read, i32 %stride_col_read" [/home/cristi/Documents/ACES/RC-Project/HLS/LinearImageFiltering.cpp:50]   --->   Operation 132 'udiv' 'udiv_ln50_1' <Predicate = true> <Delay = 4.13> <CoreInst = "DivnS_SEQ">   --->   Core 7 'DivnS_SEQ' <Latency = 35> <II = 32> <Delay = 4.13> <FuncUnit> <Opcode : 'udiv' 'sdiv' 'urem' 'srem'> <InPorts = 2> <OutPorts = 1>
ST_7 : Operation 133 [34/36] (4.13ns)   --->   "%udiv_ln50_2 = udiv i32 %col, i32 %stride_col_read" [/home/cristi/Documents/ACES/RC-Project/HLS/LinearImageFiltering.cpp:50]   --->   Operation 133 'udiv' 'udiv_ln50_2' <Predicate = true> <Delay = 4.13> <CoreInst = "DivnS_SEQ">   --->   Core 7 'DivnS_SEQ' <Latency = 35> <II = 30> <Delay = 4.13> <FuncUnit> <Opcode : 'udiv' 'sdiv' 'urem' 'srem'> <InPorts = 2> <OutPorts = 1>

State 8 <SV = 7> <Delay = 4.13>
ST_8 : Operation 134 [33/36] (4.13ns)   --->   "%udiv_ln50 = udiv i32 %row_2, i32 %stride_row_read" [/home/cristi/Documents/ACES/RC-Project/HLS/LinearImageFiltering.cpp:50]   --->   Operation 134 'udiv' 'udiv_ln50' <Predicate = true> <Delay = 4.13> <CoreInst = "DivnS_SEQ">   --->   Core 7 'DivnS_SEQ' <Latency = 35> <II = 32> <Delay = 4.13> <FuncUnit> <Opcode : 'udiv' 'sdiv' 'urem' 'srem'> <InPorts = 2> <OutPorts = 1>
ST_8 : Operation 135 [33/36] (4.13ns)   --->   "%udiv_ln50_1 = udiv i32 %cols_read, i32 %stride_col_read" [/home/cristi/Documents/ACES/RC-Project/HLS/LinearImageFiltering.cpp:50]   --->   Operation 135 'udiv' 'udiv_ln50_1' <Predicate = true> <Delay = 4.13> <CoreInst = "DivnS_SEQ">   --->   Core 7 'DivnS_SEQ' <Latency = 35> <II = 32> <Delay = 4.13> <FuncUnit> <Opcode : 'udiv' 'sdiv' 'urem' 'srem'> <InPorts = 2> <OutPorts = 1>
ST_8 : Operation 136 [33/36] (4.13ns)   --->   "%udiv_ln50_2 = udiv i32 %col, i32 %stride_col_read" [/home/cristi/Documents/ACES/RC-Project/HLS/LinearImageFiltering.cpp:50]   --->   Operation 136 'udiv' 'udiv_ln50_2' <Predicate = true> <Delay = 4.13> <CoreInst = "DivnS_SEQ">   --->   Core 7 'DivnS_SEQ' <Latency = 35> <II = 30> <Delay = 4.13> <FuncUnit> <Opcode : 'udiv' 'sdiv' 'urem' 'srem'> <InPorts = 2> <OutPorts = 1>

State 9 <SV = 8> <Delay = 4.13>
ST_9 : Operation 137 [32/36] (4.13ns)   --->   "%udiv_ln50 = udiv i32 %row_2, i32 %stride_row_read" [/home/cristi/Documents/ACES/RC-Project/HLS/LinearImageFiltering.cpp:50]   --->   Operation 137 'udiv' 'udiv_ln50' <Predicate = true> <Delay = 4.13> <CoreInst = "DivnS_SEQ">   --->   Core 7 'DivnS_SEQ' <Latency = 35> <II = 32> <Delay = 4.13> <FuncUnit> <Opcode : 'udiv' 'sdiv' 'urem' 'srem'> <InPorts = 2> <OutPorts = 1>
ST_9 : Operation 138 [32/36] (4.13ns)   --->   "%udiv_ln50_1 = udiv i32 %cols_read, i32 %stride_col_read" [/home/cristi/Documents/ACES/RC-Project/HLS/LinearImageFiltering.cpp:50]   --->   Operation 138 'udiv' 'udiv_ln50_1' <Predicate = true> <Delay = 4.13> <CoreInst = "DivnS_SEQ">   --->   Core 7 'DivnS_SEQ' <Latency = 35> <II = 32> <Delay = 4.13> <FuncUnit> <Opcode : 'udiv' 'sdiv' 'urem' 'srem'> <InPorts = 2> <OutPorts = 1>
ST_9 : Operation 139 [32/36] (4.13ns)   --->   "%udiv_ln50_2 = udiv i32 %col, i32 %stride_col_read" [/home/cristi/Documents/ACES/RC-Project/HLS/LinearImageFiltering.cpp:50]   --->   Operation 139 'udiv' 'udiv_ln50_2' <Predicate = true> <Delay = 4.13> <CoreInst = "DivnS_SEQ">   --->   Core 7 'DivnS_SEQ' <Latency = 35> <II = 30> <Delay = 4.13> <FuncUnit> <Opcode : 'udiv' 'sdiv' 'urem' 'srem'> <InPorts = 2> <OutPorts = 1>

State 10 <SV = 9> <Delay = 4.13>
ST_10 : Operation 140 [31/36] (4.13ns)   --->   "%udiv_ln50 = udiv i32 %row_2, i32 %stride_row_read" [/home/cristi/Documents/ACES/RC-Project/HLS/LinearImageFiltering.cpp:50]   --->   Operation 140 'udiv' 'udiv_ln50' <Predicate = true> <Delay = 4.13> <CoreInst = "DivnS_SEQ">   --->   Core 7 'DivnS_SEQ' <Latency = 35> <II = 32> <Delay = 4.13> <FuncUnit> <Opcode : 'udiv' 'sdiv' 'urem' 'srem'> <InPorts = 2> <OutPorts = 1>
ST_10 : Operation 141 [31/36] (4.13ns)   --->   "%udiv_ln50_1 = udiv i32 %cols_read, i32 %stride_col_read" [/home/cristi/Documents/ACES/RC-Project/HLS/LinearImageFiltering.cpp:50]   --->   Operation 141 'udiv' 'udiv_ln50_1' <Predicate = true> <Delay = 4.13> <CoreInst = "DivnS_SEQ">   --->   Core 7 'DivnS_SEQ' <Latency = 35> <II = 32> <Delay = 4.13> <FuncUnit> <Opcode : 'udiv' 'sdiv' 'urem' 'srem'> <InPorts = 2> <OutPorts = 1>
ST_10 : Operation 142 [31/36] (4.13ns)   --->   "%udiv_ln50_2 = udiv i32 %col, i32 %stride_col_read" [/home/cristi/Documents/ACES/RC-Project/HLS/LinearImageFiltering.cpp:50]   --->   Operation 142 'udiv' 'udiv_ln50_2' <Predicate = true> <Delay = 4.13> <CoreInst = "DivnS_SEQ">   --->   Core 7 'DivnS_SEQ' <Latency = 35> <II = 30> <Delay = 4.13> <FuncUnit> <Opcode : 'udiv' 'sdiv' 'urem' 'srem'> <InPorts = 2> <OutPorts = 1>

State 11 <SV = 10> <Delay = 4.13>
ST_11 : Operation 143 [30/36] (4.13ns)   --->   "%udiv_ln50 = udiv i32 %row_2, i32 %stride_row_read" [/home/cristi/Documents/ACES/RC-Project/HLS/LinearImageFiltering.cpp:50]   --->   Operation 143 'udiv' 'udiv_ln50' <Predicate = true> <Delay = 4.13> <CoreInst = "DivnS_SEQ">   --->   Core 7 'DivnS_SEQ' <Latency = 35> <II = 32> <Delay = 4.13> <FuncUnit> <Opcode : 'udiv' 'sdiv' 'urem' 'srem'> <InPorts = 2> <OutPorts = 1>
ST_11 : Operation 144 [30/36] (4.13ns)   --->   "%udiv_ln50_1 = udiv i32 %cols_read, i32 %stride_col_read" [/home/cristi/Documents/ACES/RC-Project/HLS/LinearImageFiltering.cpp:50]   --->   Operation 144 'udiv' 'udiv_ln50_1' <Predicate = true> <Delay = 4.13> <CoreInst = "DivnS_SEQ">   --->   Core 7 'DivnS_SEQ' <Latency = 35> <II = 32> <Delay = 4.13> <FuncUnit> <Opcode : 'udiv' 'sdiv' 'urem' 'srem'> <InPorts = 2> <OutPorts = 1>
ST_11 : Operation 145 [30/36] (4.13ns)   --->   "%udiv_ln50_2 = udiv i32 %col, i32 %stride_col_read" [/home/cristi/Documents/ACES/RC-Project/HLS/LinearImageFiltering.cpp:50]   --->   Operation 145 'udiv' 'udiv_ln50_2' <Predicate = true> <Delay = 4.13> <CoreInst = "DivnS_SEQ">   --->   Core 7 'DivnS_SEQ' <Latency = 35> <II = 30> <Delay = 4.13> <FuncUnit> <Opcode : 'udiv' 'sdiv' 'urem' 'srem'> <InPorts = 2> <OutPorts = 1>

State 12 <SV = 11> <Delay = 4.13>
ST_12 : Operation 146 [29/36] (4.13ns)   --->   "%udiv_ln50 = udiv i32 %row_2, i32 %stride_row_read" [/home/cristi/Documents/ACES/RC-Project/HLS/LinearImageFiltering.cpp:50]   --->   Operation 146 'udiv' 'udiv_ln50' <Predicate = true> <Delay = 4.13> <CoreInst = "DivnS_SEQ">   --->   Core 7 'DivnS_SEQ' <Latency = 35> <II = 32> <Delay = 4.13> <FuncUnit> <Opcode : 'udiv' 'sdiv' 'urem' 'srem'> <InPorts = 2> <OutPorts = 1>
ST_12 : Operation 147 [29/36] (4.13ns)   --->   "%udiv_ln50_1 = udiv i32 %cols_read, i32 %stride_col_read" [/home/cristi/Documents/ACES/RC-Project/HLS/LinearImageFiltering.cpp:50]   --->   Operation 147 'udiv' 'udiv_ln50_1' <Predicate = true> <Delay = 4.13> <CoreInst = "DivnS_SEQ">   --->   Core 7 'DivnS_SEQ' <Latency = 35> <II = 32> <Delay = 4.13> <FuncUnit> <Opcode : 'udiv' 'sdiv' 'urem' 'srem'> <InPorts = 2> <OutPorts = 1>
ST_12 : Operation 148 [29/36] (4.13ns)   --->   "%udiv_ln50_2 = udiv i32 %col, i32 %stride_col_read" [/home/cristi/Documents/ACES/RC-Project/HLS/LinearImageFiltering.cpp:50]   --->   Operation 148 'udiv' 'udiv_ln50_2' <Predicate = true> <Delay = 4.13> <CoreInst = "DivnS_SEQ">   --->   Core 7 'DivnS_SEQ' <Latency = 35> <II = 30> <Delay = 4.13> <FuncUnit> <Opcode : 'udiv' 'sdiv' 'urem' 'srem'> <InPorts = 2> <OutPorts = 1>

State 13 <SV = 12> <Delay = 4.13>
ST_13 : Operation 149 [28/36] (4.13ns)   --->   "%udiv_ln50 = udiv i32 %row_2, i32 %stride_row_read" [/home/cristi/Documents/ACES/RC-Project/HLS/LinearImageFiltering.cpp:50]   --->   Operation 149 'udiv' 'udiv_ln50' <Predicate = true> <Delay = 4.13> <CoreInst = "DivnS_SEQ">   --->   Core 7 'DivnS_SEQ' <Latency = 35> <II = 32> <Delay = 4.13> <FuncUnit> <Opcode : 'udiv' 'sdiv' 'urem' 'srem'> <InPorts = 2> <OutPorts = 1>
ST_13 : Operation 150 [28/36] (4.13ns)   --->   "%udiv_ln50_1 = udiv i32 %cols_read, i32 %stride_col_read" [/home/cristi/Documents/ACES/RC-Project/HLS/LinearImageFiltering.cpp:50]   --->   Operation 150 'udiv' 'udiv_ln50_1' <Predicate = true> <Delay = 4.13> <CoreInst = "DivnS_SEQ">   --->   Core 7 'DivnS_SEQ' <Latency = 35> <II = 32> <Delay = 4.13> <FuncUnit> <Opcode : 'udiv' 'sdiv' 'urem' 'srem'> <InPorts = 2> <OutPorts = 1>
ST_13 : Operation 151 [28/36] (4.13ns)   --->   "%udiv_ln50_2 = udiv i32 %col, i32 %stride_col_read" [/home/cristi/Documents/ACES/RC-Project/HLS/LinearImageFiltering.cpp:50]   --->   Operation 151 'udiv' 'udiv_ln50_2' <Predicate = true> <Delay = 4.13> <CoreInst = "DivnS_SEQ">   --->   Core 7 'DivnS_SEQ' <Latency = 35> <II = 30> <Delay = 4.13> <FuncUnit> <Opcode : 'udiv' 'sdiv' 'urem' 'srem'> <InPorts = 2> <OutPorts = 1>

State 14 <SV = 13> <Delay = 4.13>
ST_14 : Operation 152 [27/36] (4.13ns)   --->   "%udiv_ln50 = udiv i32 %row_2, i32 %stride_row_read" [/home/cristi/Documents/ACES/RC-Project/HLS/LinearImageFiltering.cpp:50]   --->   Operation 152 'udiv' 'udiv_ln50' <Predicate = true> <Delay = 4.13> <CoreInst = "DivnS_SEQ">   --->   Core 7 'DivnS_SEQ' <Latency = 35> <II = 32> <Delay = 4.13> <FuncUnit> <Opcode : 'udiv' 'sdiv' 'urem' 'srem'> <InPorts = 2> <OutPorts = 1>
ST_14 : Operation 153 [27/36] (4.13ns)   --->   "%udiv_ln50_1 = udiv i32 %cols_read, i32 %stride_col_read" [/home/cristi/Documents/ACES/RC-Project/HLS/LinearImageFiltering.cpp:50]   --->   Operation 153 'udiv' 'udiv_ln50_1' <Predicate = true> <Delay = 4.13> <CoreInst = "DivnS_SEQ">   --->   Core 7 'DivnS_SEQ' <Latency = 35> <II = 32> <Delay = 4.13> <FuncUnit> <Opcode : 'udiv' 'sdiv' 'urem' 'srem'> <InPorts = 2> <OutPorts = 1>
ST_14 : Operation 154 [27/36] (4.13ns)   --->   "%udiv_ln50_2 = udiv i32 %col, i32 %stride_col_read" [/home/cristi/Documents/ACES/RC-Project/HLS/LinearImageFiltering.cpp:50]   --->   Operation 154 'udiv' 'udiv_ln50_2' <Predicate = true> <Delay = 4.13> <CoreInst = "DivnS_SEQ">   --->   Core 7 'DivnS_SEQ' <Latency = 35> <II = 30> <Delay = 4.13> <FuncUnit> <Opcode : 'udiv' 'sdiv' 'urem' 'srem'> <InPorts = 2> <OutPorts = 1>

State 15 <SV = 14> <Delay = 4.13>
ST_15 : Operation 155 [26/36] (4.13ns)   --->   "%udiv_ln50 = udiv i32 %row_2, i32 %stride_row_read" [/home/cristi/Documents/ACES/RC-Project/HLS/LinearImageFiltering.cpp:50]   --->   Operation 155 'udiv' 'udiv_ln50' <Predicate = true> <Delay = 4.13> <CoreInst = "DivnS_SEQ">   --->   Core 7 'DivnS_SEQ' <Latency = 35> <II = 32> <Delay = 4.13> <FuncUnit> <Opcode : 'udiv' 'sdiv' 'urem' 'srem'> <InPorts = 2> <OutPorts = 1>
ST_15 : Operation 156 [26/36] (4.13ns)   --->   "%udiv_ln50_1 = udiv i32 %cols_read, i32 %stride_col_read" [/home/cristi/Documents/ACES/RC-Project/HLS/LinearImageFiltering.cpp:50]   --->   Operation 156 'udiv' 'udiv_ln50_1' <Predicate = true> <Delay = 4.13> <CoreInst = "DivnS_SEQ">   --->   Core 7 'DivnS_SEQ' <Latency = 35> <II = 32> <Delay = 4.13> <FuncUnit> <Opcode : 'udiv' 'sdiv' 'urem' 'srem'> <InPorts = 2> <OutPorts = 1>
ST_15 : Operation 157 [26/36] (4.13ns)   --->   "%udiv_ln50_2 = udiv i32 %col, i32 %stride_col_read" [/home/cristi/Documents/ACES/RC-Project/HLS/LinearImageFiltering.cpp:50]   --->   Operation 157 'udiv' 'udiv_ln50_2' <Predicate = true> <Delay = 4.13> <CoreInst = "DivnS_SEQ">   --->   Core 7 'DivnS_SEQ' <Latency = 35> <II = 30> <Delay = 4.13> <FuncUnit> <Opcode : 'udiv' 'sdiv' 'urem' 'srem'> <InPorts = 2> <OutPorts = 1>

State 16 <SV = 15> <Delay = 4.13>
ST_16 : Operation 158 [25/36] (4.13ns)   --->   "%udiv_ln50 = udiv i32 %row_2, i32 %stride_row_read" [/home/cristi/Documents/ACES/RC-Project/HLS/LinearImageFiltering.cpp:50]   --->   Operation 158 'udiv' 'udiv_ln50' <Predicate = true> <Delay = 4.13> <CoreInst = "DivnS_SEQ">   --->   Core 7 'DivnS_SEQ' <Latency = 35> <II = 32> <Delay = 4.13> <FuncUnit> <Opcode : 'udiv' 'sdiv' 'urem' 'srem'> <InPorts = 2> <OutPorts = 1>
ST_16 : Operation 159 [25/36] (4.13ns)   --->   "%udiv_ln50_1 = udiv i32 %cols_read, i32 %stride_col_read" [/home/cristi/Documents/ACES/RC-Project/HLS/LinearImageFiltering.cpp:50]   --->   Operation 159 'udiv' 'udiv_ln50_1' <Predicate = true> <Delay = 4.13> <CoreInst = "DivnS_SEQ">   --->   Core 7 'DivnS_SEQ' <Latency = 35> <II = 32> <Delay = 4.13> <FuncUnit> <Opcode : 'udiv' 'sdiv' 'urem' 'srem'> <InPorts = 2> <OutPorts = 1>
ST_16 : Operation 160 [25/36] (4.13ns)   --->   "%udiv_ln50_2 = udiv i32 %col, i32 %stride_col_read" [/home/cristi/Documents/ACES/RC-Project/HLS/LinearImageFiltering.cpp:50]   --->   Operation 160 'udiv' 'udiv_ln50_2' <Predicate = true> <Delay = 4.13> <CoreInst = "DivnS_SEQ">   --->   Core 7 'DivnS_SEQ' <Latency = 35> <II = 30> <Delay = 4.13> <FuncUnit> <Opcode : 'udiv' 'sdiv' 'urem' 'srem'> <InPorts = 2> <OutPorts = 1>

State 17 <SV = 16> <Delay = 4.13>
ST_17 : Operation 161 [24/36] (4.13ns)   --->   "%udiv_ln50 = udiv i32 %row_2, i32 %stride_row_read" [/home/cristi/Documents/ACES/RC-Project/HLS/LinearImageFiltering.cpp:50]   --->   Operation 161 'udiv' 'udiv_ln50' <Predicate = true> <Delay = 4.13> <CoreInst = "DivnS_SEQ">   --->   Core 7 'DivnS_SEQ' <Latency = 35> <II = 32> <Delay = 4.13> <FuncUnit> <Opcode : 'udiv' 'sdiv' 'urem' 'srem'> <InPorts = 2> <OutPorts = 1>
ST_17 : Operation 162 [24/36] (4.13ns)   --->   "%udiv_ln50_1 = udiv i32 %cols_read, i32 %stride_col_read" [/home/cristi/Documents/ACES/RC-Project/HLS/LinearImageFiltering.cpp:50]   --->   Operation 162 'udiv' 'udiv_ln50_1' <Predicate = true> <Delay = 4.13> <CoreInst = "DivnS_SEQ">   --->   Core 7 'DivnS_SEQ' <Latency = 35> <II = 32> <Delay = 4.13> <FuncUnit> <Opcode : 'udiv' 'sdiv' 'urem' 'srem'> <InPorts = 2> <OutPorts = 1>
ST_17 : Operation 163 [24/36] (4.13ns)   --->   "%udiv_ln50_2 = udiv i32 %col, i32 %stride_col_read" [/home/cristi/Documents/ACES/RC-Project/HLS/LinearImageFiltering.cpp:50]   --->   Operation 163 'udiv' 'udiv_ln50_2' <Predicate = true> <Delay = 4.13> <CoreInst = "DivnS_SEQ">   --->   Core 7 'DivnS_SEQ' <Latency = 35> <II = 30> <Delay = 4.13> <FuncUnit> <Opcode : 'udiv' 'sdiv' 'urem' 'srem'> <InPorts = 2> <OutPorts = 1>

State 18 <SV = 17> <Delay = 4.13>
ST_18 : Operation 164 [23/36] (4.13ns)   --->   "%udiv_ln50 = udiv i32 %row_2, i32 %stride_row_read" [/home/cristi/Documents/ACES/RC-Project/HLS/LinearImageFiltering.cpp:50]   --->   Operation 164 'udiv' 'udiv_ln50' <Predicate = true> <Delay = 4.13> <CoreInst = "DivnS_SEQ">   --->   Core 7 'DivnS_SEQ' <Latency = 35> <II = 32> <Delay = 4.13> <FuncUnit> <Opcode : 'udiv' 'sdiv' 'urem' 'srem'> <InPorts = 2> <OutPorts = 1>
ST_18 : Operation 165 [23/36] (4.13ns)   --->   "%udiv_ln50_1 = udiv i32 %cols_read, i32 %stride_col_read" [/home/cristi/Documents/ACES/RC-Project/HLS/LinearImageFiltering.cpp:50]   --->   Operation 165 'udiv' 'udiv_ln50_1' <Predicate = true> <Delay = 4.13> <CoreInst = "DivnS_SEQ">   --->   Core 7 'DivnS_SEQ' <Latency = 35> <II = 32> <Delay = 4.13> <FuncUnit> <Opcode : 'udiv' 'sdiv' 'urem' 'srem'> <InPorts = 2> <OutPorts = 1>
ST_18 : Operation 166 [23/36] (4.13ns)   --->   "%udiv_ln50_2 = udiv i32 %col, i32 %stride_col_read" [/home/cristi/Documents/ACES/RC-Project/HLS/LinearImageFiltering.cpp:50]   --->   Operation 166 'udiv' 'udiv_ln50_2' <Predicate = true> <Delay = 4.13> <CoreInst = "DivnS_SEQ">   --->   Core 7 'DivnS_SEQ' <Latency = 35> <II = 30> <Delay = 4.13> <FuncUnit> <Opcode : 'udiv' 'sdiv' 'urem' 'srem'> <InPorts = 2> <OutPorts = 1>

State 19 <SV = 18> <Delay = 4.13>
ST_19 : Operation 167 [22/36] (4.13ns)   --->   "%udiv_ln50 = udiv i32 %row_2, i32 %stride_row_read" [/home/cristi/Documents/ACES/RC-Project/HLS/LinearImageFiltering.cpp:50]   --->   Operation 167 'udiv' 'udiv_ln50' <Predicate = true> <Delay = 4.13> <CoreInst = "DivnS_SEQ">   --->   Core 7 'DivnS_SEQ' <Latency = 35> <II = 32> <Delay = 4.13> <FuncUnit> <Opcode : 'udiv' 'sdiv' 'urem' 'srem'> <InPorts = 2> <OutPorts = 1>
ST_19 : Operation 168 [22/36] (4.13ns)   --->   "%udiv_ln50_1 = udiv i32 %cols_read, i32 %stride_col_read" [/home/cristi/Documents/ACES/RC-Project/HLS/LinearImageFiltering.cpp:50]   --->   Operation 168 'udiv' 'udiv_ln50_1' <Predicate = true> <Delay = 4.13> <CoreInst = "DivnS_SEQ">   --->   Core 7 'DivnS_SEQ' <Latency = 35> <II = 32> <Delay = 4.13> <FuncUnit> <Opcode : 'udiv' 'sdiv' 'urem' 'srem'> <InPorts = 2> <OutPorts = 1>
ST_19 : Operation 169 [22/36] (4.13ns)   --->   "%udiv_ln50_2 = udiv i32 %col, i32 %stride_col_read" [/home/cristi/Documents/ACES/RC-Project/HLS/LinearImageFiltering.cpp:50]   --->   Operation 169 'udiv' 'udiv_ln50_2' <Predicate = true> <Delay = 4.13> <CoreInst = "DivnS_SEQ">   --->   Core 7 'DivnS_SEQ' <Latency = 35> <II = 30> <Delay = 4.13> <FuncUnit> <Opcode : 'udiv' 'sdiv' 'urem' 'srem'> <InPorts = 2> <OutPorts = 1>

State 20 <SV = 19> <Delay = 4.13>
ST_20 : Operation 170 [21/36] (4.13ns)   --->   "%udiv_ln50 = udiv i32 %row_2, i32 %stride_row_read" [/home/cristi/Documents/ACES/RC-Project/HLS/LinearImageFiltering.cpp:50]   --->   Operation 170 'udiv' 'udiv_ln50' <Predicate = true> <Delay = 4.13> <CoreInst = "DivnS_SEQ">   --->   Core 7 'DivnS_SEQ' <Latency = 35> <II = 32> <Delay = 4.13> <FuncUnit> <Opcode : 'udiv' 'sdiv' 'urem' 'srem'> <InPorts = 2> <OutPorts = 1>
ST_20 : Operation 171 [21/36] (4.13ns)   --->   "%udiv_ln50_1 = udiv i32 %cols_read, i32 %stride_col_read" [/home/cristi/Documents/ACES/RC-Project/HLS/LinearImageFiltering.cpp:50]   --->   Operation 171 'udiv' 'udiv_ln50_1' <Predicate = true> <Delay = 4.13> <CoreInst = "DivnS_SEQ">   --->   Core 7 'DivnS_SEQ' <Latency = 35> <II = 32> <Delay = 4.13> <FuncUnit> <Opcode : 'udiv' 'sdiv' 'urem' 'srem'> <InPorts = 2> <OutPorts = 1>
ST_20 : Operation 172 [21/36] (4.13ns)   --->   "%udiv_ln50_2 = udiv i32 %col, i32 %stride_col_read" [/home/cristi/Documents/ACES/RC-Project/HLS/LinearImageFiltering.cpp:50]   --->   Operation 172 'udiv' 'udiv_ln50_2' <Predicate = true> <Delay = 4.13> <CoreInst = "DivnS_SEQ">   --->   Core 7 'DivnS_SEQ' <Latency = 35> <II = 30> <Delay = 4.13> <FuncUnit> <Opcode : 'udiv' 'sdiv' 'urem' 'srem'> <InPorts = 2> <OutPorts = 1>

State 21 <SV = 20> <Delay = 4.13>
ST_21 : Operation 173 [20/36] (4.13ns)   --->   "%udiv_ln50 = udiv i32 %row_2, i32 %stride_row_read" [/home/cristi/Documents/ACES/RC-Project/HLS/LinearImageFiltering.cpp:50]   --->   Operation 173 'udiv' 'udiv_ln50' <Predicate = true> <Delay = 4.13> <CoreInst = "DivnS_SEQ">   --->   Core 7 'DivnS_SEQ' <Latency = 35> <II = 32> <Delay = 4.13> <FuncUnit> <Opcode : 'udiv' 'sdiv' 'urem' 'srem'> <InPorts = 2> <OutPorts = 1>
ST_21 : Operation 174 [20/36] (4.13ns)   --->   "%udiv_ln50_1 = udiv i32 %cols_read, i32 %stride_col_read" [/home/cristi/Documents/ACES/RC-Project/HLS/LinearImageFiltering.cpp:50]   --->   Operation 174 'udiv' 'udiv_ln50_1' <Predicate = true> <Delay = 4.13> <CoreInst = "DivnS_SEQ">   --->   Core 7 'DivnS_SEQ' <Latency = 35> <II = 32> <Delay = 4.13> <FuncUnit> <Opcode : 'udiv' 'sdiv' 'urem' 'srem'> <InPorts = 2> <OutPorts = 1>
ST_21 : Operation 175 [20/36] (4.13ns)   --->   "%udiv_ln50_2 = udiv i32 %col, i32 %stride_col_read" [/home/cristi/Documents/ACES/RC-Project/HLS/LinearImageFiltering.cpp:50]   --->   Operation 175 'udiv' 'udiv_ln50_2' <Predicate = true> <Delay = 4.13> <CoreInst = "DivnS_SEQ">   --->   Core 7 'DivnS_SEQ' <Latency = 35> <II = 30> <Delay = 4.13> <FuncUnit> <Opcode : 'udiv' 'sdiv' 'urem' 'srem'> <InPorts = 2> <OutPorts = 1>

State 22 <SV = 21> <Delay = 4.13>
ST_22 : Operation 176 [19/36] (4.13ns)   --->   "%udiv_ln50 = udiv i32 %row_2, i32 %stride_row_read" [/home/cristi/Documents/ACES/RC-Project/HLS/LinearImageFiltering.cpp:50]   --->   Operation 176 'udiv' 'udiv_ln50' <Predicate = true> <Delay = 4.13> <CoreInst = "DivnS_SEQ">   --->   Core 7 'DivnS_SEQ' <Latency = 35> <II = 32> <Delay = 4.13> <FuncUnit> <Opcode : 'udiv' 'sdiv' 'urem' 'srem'> <InPorts = 2> <OutPorts = 1>
ST_22 : Operation 177 [19/36] (4.13ns)   --->   "%udiv_ln50_1 = udiv i32 %cols_read, i32 %stride_col_read" [/home/cristi/Documents/ACES/RC-Project/HLS/LinearImageFiltering.cpp:50]   --->   Operation 177 'udiv' 'udiv_ln50_1' <Predicate = true> <Delay = 4.13> <CoreInst = "DivnS_SEQ">   --->   Core 7 'DivnS_SEQ' <Latency = 35> <II = 32> <Delay = 4.13> <FuncUnit> <Opcode : 'udiv' 'sdiv' 'urem' 'srem'> <InPorts = 2> <OutPorts = 1>
ST_22 : Operation 178 [19/36] (4.13ns)   --->   "%udiv_ln50_2 = udiv i32 %col, i32 %stride_col_read" [/home/cristi/Documents/ACES/RC-Project/HLS/LinearImageFiltering.cpp:50]   --->   Operation 178 'udiv' 'udiv_ln50_2' <Predicate = true> <Delay = 4.13> <CoreInst = "DivnS_SEQ">   --->   Core 7 'DivnS_SEQ' <Latency = 35> <II = 30> <Delay = 4.13> <FuncUnit> <Opcode : 'udiv' 'sdiv' 'urem' 'srem'> <InPorts = 2> <OutPorts = 1>

State 23 <SV = 22> <Delay = 4.13>
ST_23 : Operation 179 [18/36] (4.13ns)   --->   "%udiv_ln50 = udiv i32 %row_2, i32 %stride_row_read" [/home/cristi/Documents/ACES/RC-Project/HLS/LinearImageFiltering.cpp:50]   --->   Operation 179 'udiv' 'udiv_ln50' <Predicate = true> <Delay = 4.13> <CoreInst = "DivnS_SEQ">   --->   Core 7 'DivnS_SEQ' <Latency = 35> <II = 32> <Delay = 4.13> <FuncUnit> <Opcode : 'udiv' 'sdiv' 'urem' 'srem'> <InPorts = 2> <OutPorts = 1>
ST_23 : Operation 180 [18/36] (4.13ns)   --->   "%udiv_ln50_1 = udiv i32 %cols_read, i32 %stride_col_read" [/home/cristi/Documents/ACES/RC-Project/HLS/LinearImageFiltering.cpp:50]   --->   Operation 180 'udiv' 'udiv_ln50_1' <Predicate = true> <Delay = 4.13> <CoreInst = "DivnS_SEQ">   --->   Core 7 'DivnS_SEQ' <Latency = 35> <II = 32> <Delay = 4.13> <FuncUnit> <Opcode : 'udiv' 'sdiv' 'urem' 'srem'> <InPorts = 2> <OutPorts = 1>
ST_23 : Operation 181 [18/36] (4.13ns)   --->   "%udiv_ln50_2 = udiv i32 %col, i32 %stride_col_read" [/home/cristi/Documents/ACES/RC-Project/HLS/LinearImageFiltering.cpp:50]   --->   Operation 181 'udiv' 'udiv_ln50_2' <Predicate = true> <Delay = 4.13> <CoreInst = "DivnS_SEQ">   --->   Core 7 'DivnS_SEQ' <Latency = 35> <II = 30> <Delay = 4.13> <FuncUnit> <Opcode : 'udiv' 'sdiv' 'urem' 'srem'> <InPorts = 2> <OutPorts = 1>

State 24 <SV = 23> <Delay = 4.13>
ST_24 : Operation 182 [17/36] (4.13ns)   --->   "%udiv_ln50 = udiv i32 %row_2, i32 %stride_row_read" [/home/cristi/Documents/ACES/RC-Project/HLS/LinearImageFiltering.cpp:50]   --->   Operation 182 'udiv' 'udiv_ln50' <Predicate = true> <Delay = 4.13> <CoreInst = "DivnS_SEQ">   --->   Core 7 'DivnS_SEQ' <Latency = 35> <II = 32> <Delay = 4.13> <FuncUnit> <Opcode : 'udiv' 'sdiv' 'urem' 'srem'> <InPorts = 2> <OutPorts = 1>
ST_24 : Operation 183 [17/36] (4.13ns)   --->   "%udiv_ln50_1 = udiv i32 %cols_read, i32 %stride_col_read" [/home/cristi/Documents/ACES/RC-Project/HLS/LinearImageFiltering.cpp:50]   --->   Operation 183 'udiv' 'udiv_ln50_1' <Predicate = true> <Delay = 4.13> <CoreInst = "DivnS_SEQ">   --->   Core 7 'DivnS_SEQ' <Latency = 35> <II = 32> <Delay = 4.13> <FuncUnit> <Opcode : 'udiv' 'sdiv' 'urem' 'srem'> <InPorts = 2> <OutPorts = 1>
ST_24 : Operation 184 [17/36] (4.13ns)   --->   "%udiv_ln50_2 = udiv i32 %col, i32 %stride_col_read" [/home/cristi/Documents/ACES/RC-Project/HLS/LinearImageFiltering.cpp:50]   --->   Operation 184 'udiv' 'udiv_ln50_2' <Predicate = true> <Delay = 4.13> <CoreInst = "DivnS_SEQ">   --->   Core 7 'DivnS_SEQ' <Latency = 35> <II = 30> <Delay = 4.13> <FuncUnit> <Opcode : 'udiv' 'sdiv' 'urem' 'srem'> <InPorts = 2> <OutPorts = 1>

State 25 <SV = 24> <Delay = 4.13>
ST_25 : Operation 185 [16/36] (4.13ns)   --->   "%udiv_ln50 = udiv i32 %row_2, i32 %stride_row_read" [/home/cristi/Documents/ACES/RC-Project/HLS/LinearImageFiltering.cpp:50]   --->   Operation 185 'udiv' 'udiv_ln50' <Predicate = true> <Delay = 4.13> <CoreInst = "DivnS_SEQ">   --->   Core 7 'DivnS_SEQ' <Latency = 35> <II = 32> <Delay = 4.13> <FuncUnit> <Opcode : 'udiv' 'sdiv' 'urem' 'srem'> <InPorts = 2> <OutPorts = 1>
ST_25 : Operation 186 [16/36] (4.13ns)   --->   "%udiv_ln50_1 = udiv i32 %cols_read, i32 %stride_col_read" [/home/cristi/Documents/ACES/RC-Project/HLS/LinearImageFiltering.cpp:50]   --->   Operation 186 'udiv' 'udiv_ln50_1' <Predicate = true> <Delay = 4.13> <CoreInst = "DivnS_SEQ">   --->   Core 7 'DivnS_SEQ' <Latency = 35> <II = 32> <Delay = 4.13> <FuncUnit> <Opcode : 'udiv' 'sdiv' 'urem' 'srem'> <InPorts = 2> <OutPorts = 1>
ST_25 : Operation 187 [16/36] (4.13ns)   --->   "%udiv_ln50_2 = udiv i32 %col, i32 %stride_col_read" [/home/cristi/Documents/ACES/RC-Project/HLS/LinearImageFiltering.cpp:50]   --->   Operation 187 'udiv' 'udiv_ln50_2' <Predicate = true> <Delay = 4.13> <CoreInst = "DivnS_SEQ">   --->   Core 7 'DivnS_SEQ' <Latency = 35> <II = 30> <Delay = 4.13> <FuncUnit> <Opcode : 'udiv' 'sdiv' 'urem' 'srem'> <InPorts = 2> <OutPorts = 1>

State 26 <SV = 25> <Delay = 4.13>
ST_26 : Operation 188 [15/36] (4.13ns)   --->   "%udiv_ln50 = udiv i32 %row_2, i32 %stride_row_read" [/home/cristi/Documents/ACES/RC-Project/HLS/LinearImageFiltering.cpp:50]   --->   Operation 188 'udiv' 'udiv_ln50' <Predicate = true> <Delay = 4.13> <CoreInst = "DivnS_SEQ">   --->   Core 7 'DivnS_SEQ' <Latency = 35> <II = 32> <Delay = 4.13> <FuncUnit> <Opcode : 'udiv' 'sdiv' 'urem' 'srem'> <InPorts = 2> <OutPorts = 1>
ST_26 : Operation 189 [15/36] (4.13ns)   --->   "%udiv_ln50_1 = udiv i32 %cols_read, i32 %stride_col_read" [/home/cristi/Documents/ACES/RC-Project/HLS/LinearImageFiltering.cpp:50]   --->   Operation 189 'udiv' 'udiv_ln50_1' <Predicate = true> <Delay = 4.13> <CoreInst = "DivnS_SEQ">   --->   Core 7 'DivnS_SEQ' <Latency = 35> <II = 32> <Delay = 4.13> <FuncUnit> <Opcode : 'udiv' 'sdiv' 'urem' 'srem'> <InPorts = 2> <OutPorts = 1>
ST_26 : Operation 190 [15/36] (4.13ns)   --->   "%udiv_ln50_2 = udiv i32 %col, i32 %stride_col_read" [/home/cristi/Documents/ACES/RC-Project/HLS/LinearImageFiltering.cpp:50]   --->   Operation 190 'udiv' 'udiv_ln50_2' <Predicate = true> <Delay = 4.13> <CoreInst = "DivnS_SEQ">   --->   Core 7 'DivnS_SEQ' <Latency = 35> <II = 30> <Delay = 4.13> <FuncUnit> <Opcode : 'udiv' 'sdiv' 'urem' 'srem'> <InPorts = 2> <OutPorts = 1>

State 27 <SV = 26> <Delay = 4.13>
ST_27 : Operation 191 [14/36] (4.13ns)   --->   "%udiv_ln50 = udiv i32 %row_2, i32 %stride_row_read" [/home/cristi/Documents/ACES/RC-Project/HLS/LinearImageFiltering.cpp:50]   --->   Operation 191 'udiv' 'udiv_ln50' <Predicate = true> <Delay = 4.13> <CoreInst = "DivnS_SEQ">   --->   Core 7 'DivnS_SEQ' <Latency = 35> <II = 32> <Delay = 4.13> <FuncUnit> <Opcode : 'udiv' 'sdiv' 'urem' 'srem'> <InPorts = 2> <OutPorts = 1>
ST_27 : Operation 192 [14/36] (4.13ns)   --->   "%udiv_ln50_1 = udiv i32 %cols_read, i32 %stride_col_read" [/home/cristi/Documents/ACES/RC-Project/HLS/LinearImageFiltering.cpp:50]   --->   Operation 192 'udiv' 'udiv_ln50_1' <Predicate = true> <Delay = 4.13> <CoreInst = "DivnS_SEQ">   --->   Core 7 'DivnS_SEQ' <Latency = 35> <II = 32> <Delay = 4.13> <FuncUnit> <Opcode : 'udiv' 'sdiv' 'urem' 'srem'> <InPorts = 2> <OutPorts = 1>
ST_27 : Operation 193 [14/36] (4.13ns)   --->   "%udiv_ln50_2 = udiv i32 %col, i32 %stride_col_read" [/home/cristi/Documents/ACES/RC-Project/HLS/LinearImageFiltering.cpp:50]   --->   Operation 193 'udiv' 'udiv_ln50_2' <Predicate = true> <Delay = 4.13> <CoreInst = "DivnS_SEQ">   --->   Core 7 'DivnS_SEQ' <Latency = 35> <II = 30> <Delay = 4.13> <FuncUnit> <Opcode : 'udiv' 'sdiv' 'urem' 'srem'> <InPorts = 2> <OutPorts = 1>

State 28 <SV = 27> <Delay = 4.13>
ST_28 : Operation 194 [13/36] (4.13ns)   --->   "%udiv_ln50 = udiv i32 %row_2, i32 %stride_row_read" [/home/cristi/Documents/ACES/RC-Project/HLS/LinearImageFiltering.cpp:50]   --->   Operation 194 'udiv' 'udiv_ln50' <Predicate = true> <Delay = 4.13> <CoreInst = "DivnS_SEQ">   --->   Core 7 'DivnS_SEQ' <Latency = 35> <II = 32> <Delay = 4.13> <FuncUnit> <Opcode : 'udiv' 'sdiv' 'urem' 'srem'> <InPorts = 2> <OutPorts = 1>
ST_28 : Operation 195 [13/36] (4.13ns)   --->   "%udiv_ln50_1 = udiv i32 %cols_read, i32 %stride_col_read" [/home/cristi/Documents/ACES/RC-Project/HLS/LinearImageFiltering.cpp:50]   --->   Operation 195 'udiv' 'udiv_ln50_1' <Predicate = true> <Delay = 4.13> <CoreInst = "DivnS_SEQ">   --->   Core 7 'DivnS_SEQ' <Latency = 35> <II = 32> <Delay = 4.13> <FuncUnit> <Opcode : 'udiv' 'sdiv' 'urem' 'srem'> <InPorts = 2> <OutPorts = 1>
ST_28 : Operation 196 [13/36] (4.13ns)   --->   "%udiv_ln50_2 = udiv i32 %col, i32 %stride_col_read" [/home/cristi/Documents/ACES/RC-Project/HLS/LinearImageFiltering.cpp:50]   --->   Operation 196 'udiv' 'udiv_ln50_2' <Predicate = true> <Delay = 4.13> <CoreInst = "DivnS_SEQ">   --->   Core 7 'DivnS_SEQ' <Latency = 35> <II = 30> <Delay = 4.13> <FuncUnit> <Opcode : 'udiv' 'sdiv' 'urem' 'srem'> <InPorts = 2> <OutPorts = 1>

State 29 <SV = 28> <Delay = 4.13>
ST_29 : Operation 197 [12/36] (4.13ns)   --->   "%udiv_ln50 = udiv i32 %row_2, i32 %stride_row_read" [/home/cristi/Documents/ACES/RC-Project/HLS/LinearImageFiltering.cpp:50]   --->   Operation 197 'udiv' 'udiv_ln50' <Predicate = true> <Delay = 4.13> <CoreInst = "DivnS_SEQ">   --->   Core 7 'DivnS_SEQ' <Latency = 35> <II = 32> <Delay = 4.13> <FuncUnit> <Opcode : 'udiv' 'sdiv' 'urem' 'srem'> <InPorts = 2> <OutPorts = 1>
ST_29 : Operation 198 [12/36] (4.13ns)   --->   "%udiv_ln50_1 = udiv i32 %cols_read, i32 %stride_col_read" [/home/cristi/Documents/ACES/RC-Project/HLS/LinearImageFiltering.cpp:50]   --->   Operation 198 'udiv' 'udiv_ln50_1' <Predicate = true> <Delay = 4.13> <CoreInst = "DivnS_SEQ">   --->   Core 7 'DivnS_SEQ' <Latency = 35> <II = 32> <Delay = 4.13> <FuncUnit> <Opcode : 'udiv' 'sdiv' 'urem' 'srem'> <InPorts = 2> <OutPorts = 1>
ST_29 : Operation 199 [12/36] (4.13ns)   --->   "%udiv_ln50_2 = udiv i32 %col, i32 %stride_col_read" [/home/cristi/Documents/ACES/RC-Project/HLS/LinearImageFiltering.cpp:50]   --->   Operation 199 'udiv' 'udiv_ln50_2' <Predicate = true> <Delay = 4.13> <CoreInst = "DivnS_SEQ">   --->   Core 7 'DivnS_SEQ' <Latency = 35> <II = 30> <Delay = 4.13> <FuncUnit> <Opcode : 'udiv' 'sdiv' 'urem' 'srem'> <InPorts = 2> <OutPorts = 1>

State 30 <SV = 29> <Delay = 4.13>
ST_30 : Operation 200 [11/36] (4.13ns)   --->   "%udiv_ln50 = udiv i32 %row_2, i32 %stride_row_read" [/home/cristi/Documents/ACES/RC-Project/HLS/LinearImageFiltering.cpp:50]   --->   Operation 200 'udiv' 'udiv_ln50' <Predicate = true> <Delay = 4.13> <CoreInst = "DivnS_SEQ">   --->   Core 7 'DivnS_SEQ' <Latency = 35> <II = 32> <Delay = 4.13> <FuncUnit> <Opcode : 'udiv' 'sdiv' 'urem' 'srem'> <InPorts = 2> <OutPorts = 1>
ST_30 : Operation 201 [11/36] (4.13ns)   --->   "%udiv_ln50_1 = udiv i32 %cols_read, i32 %stride_col_read" [/home/cristi/Documents/ACES/RC-Project/HLS/LinearImageFiltering.cpp:50]   --->   Operation 201 'udiv' 'udiv_ln50_1' <Predicate = true> <Delay = 4.13> <CoreInst = "DivnS_SEQ">   --->   Core 7 'DivnS_SEQ' <Latency = 35> <II = 32> <Delay = 4.13> <FuncUnit> <Opcode : 'udiv' 'sdiv' 'urem' 'srem'> <InPorts = 2> <OutPorts = 1>
ST_30 : Operation 202 [11/36] (4.13ns)   --->   "%udiv_ln50_2 = udiv i32 %col, i32 %stride_col_read" [/home/cristi/Documents/ACES/RC-Project/HLS/LinearImageFiltering.cpp:50]   --->   Operation 202 'udiv' 'udiv_ln50_2' <Predicate = true> <Delay = 4.13> <CoreInst = "DivnS_SEQ">   --->   Core 7 'DivnS_SEQ' <Latency = 35> <II = 30> <Delay = 4.13> <FuncUnit> <Opcode : 'udiv' 'sdiv' 'urem' 'srem'> <InPorts = 2> <OutPorts = 1>

State 31 <SV = 30> <Delay = 4.13>
ST_31 : Operation 203 [10/36] (4.13ns)   --->   "%udiv_ln50 = udiv i32 %row_2, i32 %stride_row_read" [/home/cristi/Documents/ACES/RC-Project/HLS/LinearImageFiltering.cpp:50]   --->   Operation 203 'udiv' 'udiv_ln50' <Predicate = true> <Delay = 4.13> <CoreInst = "DivnS_SEQ">   --->   Core 7 'DivnS_SEQ' <Latency = 35> <II = 32> <Delay = 4.13> <FuncUnit> <Opcode : 'udiv' 'sdiv' 'urem' 'srem'> <InPorts = 2> <OutPorts = 1>
ST_31 : Operation 204 [10/36] (4.13ns)   --->   "%udiv_ln50_1 = udiv i32 %cols_read, i32 %stride_col_read" [/home/cristi/Documents/ACES/RC-Project/HLS/LinearImageFiltering.cpp:50]   --->   Operation 204 'udiv' 'udiv_ln50_1' <Predicate = true> <Delay = 4.13> <CoreInst = "DivnS_SEQ">   --->   Core 7 'DivnS_SEQ' <Latency = 35> <II = 32> <Delay = 4.13> <FuncUnit> <Opcode : 'udiv' 'sdiv' 'urem' 'srem'> <InPorts = 2> <OutPorts = 1>
ST_31 : Operation 205 [10/36] (4.13ns)   --->   "%udiv_ln50_2 = udiv i32 %col, i32 %stride_col_read" [/home/cristi/Documents/ACES/RC-Project/HLS/LinearImageFiltering.cpp:50]   --->   Operation 205 'udiv' 'udiv_ln50_2' <Predicate = true> <Delay = 4.13> <CoreInst = "DivnS_SEQ">   --->   Core 7 'DivnS_SEQ' <Latency = 35> <II = 30> <Delay = 4.13> <FuncUnit> <Opcode : 'udiv' 'sdiv' 'urem' 'srem'> <InPorts = 2> <OutPorts = 1>

State 32 <SV = 31> <Delay = 4.13>
ST_32 : Operation 206 [9/36] (4.13ns)   --->   "%udiv_ln50 = udiv i32 %row_2, i32 %stride_row_read" [/home/cristi/Documents/ACES/RC-Project/HLS/LinearImageFiltering.cpp:50]   --->   Operation 206 'udiv' 'udiv_ln50' <Predicate = true> <Delay = 4.13> <CoreInst = "DivnS_SEQ">   --->   Core 7 'DivnS_SEQ' <Latency = 35> <II = 32> <Delay = 4.13> <FuncUnit> <Opcode : 'udiv' 'sdiv' 'urem' 'srem'> <InPorts = 2> <OutPorts = 1>
ST_32 : Operation 207 [9/36] (4.13ns)   --->   "%udiv_ln50_1 = udiv i32 %cols_read, i32 %stride_col_read" [/home/cristi/Documents/ACES/RC-Project/HLS/LinearImageFiltering.cpp:50]   --->   Operation 207 'udiv' 'udiv_ln50_1' <Predicate = true> <Delay = 4.13> <CoreInst = "DivnS_SEQ">   --->   Core 7 'DivnS_SEQ' <Latency = 35> <II = 32> <Delay = 4.13> <FuncUnit> <Opcode : 'udiv' 'sdiv' 'urem' 'srem'> <InPorts = 2> <OutPorts = 1>
ST_32 : Operation 208 [9/36] (4.13ns)   --->   "%udiv_ln50_2 = udiv i32 %col, i32 %stride_col_read" [/home/cristi/Documents/ACES/RC-Project/HLS/LinearImageFiltering.cpp:50]   --->   Operation 208 'udiv' 'udiv_ln50_2' <Predicate = true> <Delay = 4.13> <CoreInst = "DivnS_SEQ">   --->   Core 7 'DivnS_SEQ' <Latency = 35> <II = 30> <Delay = 4.13> <FuncUnit> <Opcode : 'udiv' 'sdiv' 'urem' 'srem'> <InPorts = 2> <OutPorts = 1>

State 33 <SV = 32> <Delay = 4.13>
ST_33 : Operation 209 [8/36] (4.13ns)   --->   "%udiv_ln50 = udiv i32 %row_2, i32 %stride_row_read" [/home/cristi/Documents/ACES/RC-Project/HLS/LinearImageFiltering.cpp:50]   --->   Operation 209 'udiv' 'udiv_ln50' <Predicate = true> <Delay = 4.13> <CoreInst = "DivnS_SEQ">   --->   Core 7 'DivnS_SEQ' <Latency = 35> <II = 32> <Delay = 4.13> <FuncUnit> <Opcode : 'udiv' 'sdiv' 'urem' 'srem'> <InPorts = 2> <OutPorts = 1>
ST_33 : Operation 210 [8/36] (4.13ns)   --->   "%udiv_ln50_1 = udiv i32 %cols_read, i32 %stride_col_read" [/home/cristi/Documents/ACES/RC-Project/HLS/LinearImageFiltering.cpp:50]   --->   Operation 210 'udiv' 'udiv_ln50_1' <Predicate = true> <Delay = 4.13> <CoreInst = "DivnS_SEQ">   --->   Core 7 'DivnS_SEQ' <Latency = 35> <II = 32> <Delay = 4.13> <FuncUnit> <Opcode : 'udiv' 'sdiv' 'urem' 'srem'> <InPorts = 2> <OutPorts = 1>
ST_33 : Operation 211 [8/36] (4.13ns)   --->   "%udiv_ln50_2 = udiv i32 %col, i32 %stride_col_read" [/home/cristi/Documents/ACES/RC-Project/HLS/LinearImageFiltering.cpp:50]   --->   Operation 211 'udiv' 'udiv_ln50_2' <Predicate = true> <Delay = 4.13> <CoreInst = "DivnS_SEQ">   --->   Core 7 'DivnS_SEQ' <Latency = 35> <II = 30> <Delay = 4.13> <FuncUnit> <Opcode : 'udiv' 'sdiv' 'urem' 'srem'> <InPorts = 2> <OutPorts = 1>

State 34 <SV = 33> <Delay = 4.13>
ST_34 : Operation 212 [7/36] (4.13ns)   --->   "%udiv_ln50 = udiv i32 %row_2, i32 %stride_row_read" [/home/cristi/Documents/ACES/RC-Project/HLS/LinearImageFiltering.cpp:50]   --->   Operation 212 'udiv' 'udiv_ln50' <Predicate = true> <Delay = 4.13> <CoreInst = "DivnS_SEQ">   --->   Core 7 'DivnS_SEQ' <Latency = 35> <II = 32> <Delay = 4.13> <FuncUnit> <Opcode : 'udiv' 'sdiv' 'urem' 'srem'> <InPorts = 2> <OutPorts = 1>
ST_34 : Operation 213 [7/36] (4.13ns)   --->   "%udiv_ln50_1 = udiv i32 %cols_read, i32 %stride_col_read" [/home/cristi/Documents/ACES/RC-Project/HLS/LinearImageFiltering.cpp:50]   --->   Operation 213 'udiv' 'udiv_ln50_1' <Predicate = true> <Delay = 4.13> <CoreInst = "DivnS_SEQ">   --->   Core 7 'DivnS_SEQ' <Latency = 35> <II = 32> <Delay = 4.13> <FuncUnit> <Opcode : 'udiv' 'sdiv' 'urem' 'srem'> <InPorts = 2> <OutPorts = 1>
ST_34 : Operation 214 [7/36] (4.13ns)   --->   "%udiv_ln50_2 = udiv i32 %col, i32 %stride_col_read" [/home/cristi/Documents/ACES/RC-Project/HLS/LinearImageFiltering.cpp:50]   --->   Operation 214 'udiv' 'udiv_ln50_2' <Predicate = true> <Delay = 4.13> <CoreInst = "DivnS_SEQ">   --->   Core 7 'DivnS_SEQ' <Latency = 35> <II = 30> <Delay = 4.13> <FuncUnit> <Opcode : 'udiv' 'sdiv' 'urem' 'srem'> <InPorts = 2> <OutPorts = 1>

State 35 <SV = 34> <Delay = 4.13>
ST_35 : Operation 215 [6/36] (4.13ns)   --->   "%udiv_ln50 = udiv i32 %row_2, i32 %stride_row_read" [/home/cristi/Documents/ACES/RC-Project/HLS/LinearImageFiltering.cpp:50]   --->   Operation 215 'udiv' 'udiv_ln50' <Predicate = true> <Delay = 4.13> <CoreInst = "DivnS_SEQ">   --->   Core 7 'DivnS_SEQ' <Latency = 35> <II = 32> <Delay = 4.13> <FuncUnit> <Opcode : 'udiv' 'sdiv' 'urem' 'srem'> <InPorts = 2> <OutPorts = 1>
ST_35 : Operation 216 [6/36] (4.13ns)   --->   "%udiv_ln50_1 = udiv i32 %cols_read, i32 %stride_col_read" [/home/cristi/Documents/ACES/RC-Project/HLS/LinearImageFiltering.cpp:50]   --->   Operation 216 'udiv' 'udiv_ln50_1' <Predicate = true> <Delay = 4.13> <CoreInst = "DivnS_SEQ">   --->   Core 7 'DivnS_SEQ' <Latency = 35> <II = 32> <Delay = 4.13> <FuncUnit> <Opcode : 'udiv' 'sdiv' 'urem' 'srem'> <InPorts = 2> <OutPorts = 1>
ST_35 : Operation 217 [6/36] (4.13ns)   --->   "%udiv_ln50_2 = udiv i32 %col, i32 %stride_col_read" [/home/cristi/Documents/ACES/RC-Project/HLS/LinearImageFiltering.cpp:50]   --->   Operation 217 'udiv' 'udiv_ln50_2' <Predicate = true> <Delay = 4.13> <CoreInst = "DivnS_SEQ">   --->   Core 7 'DivnS_SEQ' <Latency = 35> <II = 30> <Delay = 4.13> <FuncUnit> <Opcode : 'udiv' 'sdiv' 'urem' 'srem'> <InPorts = 2> <OutPorts = 1>

State 36 <SV = 35> <Delay = 4.13>
ST_36 : Operation 218 [5/36] (4.13ns)   --->   "%udiv_ln50 = udiv i32 %row_2, i32 %stride_row_read" [/home/cristi/Documents/ACES/RC-Project/HLS/LinearImageFiltering.cpp:50]   --->   Operation 218 'udiv' 'udiv_ln50' <Predicate = true> <Delay = 4.13> <CoreInst = "DivnS_SEQ">   --->   Core 7 'DivnS_SEQ' <Latency = 35> <II = 32> <Delay = 4.13> <FuncUnit> <Opcode : 'udiv' 'sdiv' 'urem' 'srem'> <InPorts = 2> <OutPorts = 1>
ST_36 : Operation 219 [5/36] (4.13ns)   --->   "%udiv_ln50_1 = udiv i32 %cols_read, i32 %stride_col_read" [/home/cristi/Documents/ACES/RC-Project/HLS/LinearImageFiltering.cpp:50]   --->   Operation 219 'udiv' 'udiv_ln50_1' <Predicate = true> <Delay = 4.13> <CoreInst = "DivnS_SEQ">   --->   Core 7 'DivnS_SEQ' <Latency = 35> <II = 32> <Delay = 4.13> <FuncUnit> <Opcode : 'udiv' 'sdiv' 'urem' 'srem'> <InPorts = 2> <OutPorts = 1>
ST_36 : Operation 220 [5/36] (4.13ns)   --->   "%udiv_ln50_2 = udiv i32 %col, i32 %stride_col_read" [/home/cristi/Documents/ACES/RC-Project/HLS/LinearImageFiltering.cpp:50]   --->   Operation 220 'udiv' 'udiv_ln50_2' <Predicate = true> <Delay = 4.13> <CoreInst = "DivnS_SEQ">   --->   Core 7 'DivnS_SEQ' <Latency = 35> <II = 30> <Delay = 4.13> <FuncUnit> <Opcode : 'udiv' 'sdiv' 'urem' 'srem'> <InPorts = 2> <OutPorts = 1>

State 37 <SV = 36> <Delay = 4.13>
ST_37 : Operation 221 [4/36] (4.13ns)   --->   "%udiv_ln50 = udiv i32 %row_2, i32 %stride_row_read" [/home/cristi/Documents/ACES/RC-Project/HLS/LinearImageFiltering.cpp:50]   --->   Operation 221 'udiv' 'udiv_ln50' <Predicate = true> <Delay = 4.13> <CoreInst = "DivnS_SEQ">   --->   Core 7 'DivnS_SEQ' <Latency = 35> <II = 32> <Delay = 4.13> <FuncUnit> <Opcode : 'udiv' 'sdiv' 'urem' 'srem'> <InPorts = 2> <OutPorts = 1>
ST_37 : Operation 222 [4/36] (4.13ns)   --->   "%udiv_ln50_1 = udiv i32 %cols_read, i32 %stride_col_read" [/home/cristi/Documents/ACES/RC-Project/HLS/LinearImageFiltering.cpp:50]   --->   Operation 222 'udiv' 'udiv_ln50_1' <Predicate = true> <Delay = 4.13> <CoreInst = "DivnS_SEQ">   --->   Core 7 'DivnS_SEQ' <Latency = 35> <II = 32> <Delay = 4.13> <FuncUnit> <Opcode : 'udiv' 'sdiv' 'urem' 'srem'> <InPorts = 2> <OutPorts = 1>
ST_37 : Operation 223 [4/36] (4.13ns)   --->   "%udiv_ln50_2 = udiv i32 %col, i32 %stride_col_read" [/home/cristi/Documents/ACES/RC-Project/HLS/LinearImageFiltering.cpp:50]   --->   Operation 223 'udiv' 'udiv_ln50_2' <Predicate = true> <Delay = 4.13> <CoreInst = "DivnS_SEQ">   --->   Core 7 'DivnS_SEQ' <Latency = 35> <II = 30> <Delay = 4.13> <FuncUnit> <Opcode : 'udiv' 'sdiv' 'urem' 'srem'> <InPorts = 2> <OutPorts = 1>

State 38 <SV = 37> <Delay = 4.13>
ST_38 : Operation 224 [3/36] (4.13ns)   --->   "%udiv_ln50 = udiv i32 %row_2, i32 %stride_row_read" [/home/cristi/Documents/ACES/RC-Project/HLS/LinearImageFiltering.cpp:50]   --->   Operation 224 'udiv' 'udiv_ln50' <Predicate = true> <Delay = 4.13> <CoreInst = "DivnS_SEQ">   --->   Core 7 'DivnS_SEQ' <Latency = 35> <II = 32> <Delay = 4.13> <FuncUnit> <Opcode : 'udiv' 'sdiv' 'urem' 'srem'> <InPorts = 2> <OutPorts = 1>
ST_38 : Operation 225 [3/36] (4.13ns)   --->   "%udiv_ln50_1 = udiv i32 %cols_read, i32 %stride_col_read" [/home/cristi/Documents/ACES/RC-Project/HLS/LinearImageFiltering.cpp:50]   --->   Operation 225 'udiv' 'udiv_ln50_1' <Predicate = true> <Delay = 4.13> <CoreInst = "DivnS_SEQ">   --->   Core 7 'DivnS_SEQ' <Latency = 35> <II = 32> <Delay = 4.13> <FuncUnit> <Opcode : 'udiv' 'sdiv' 'urem' 'srem'> <InPorts = 2> <OutPorts = 1>
ST_38 : Operation 226 [3/36] (4.13ns)   --->   "%udiv_ln50_2 = udiv i32 %col, i32 %stride_col_read" [/home/cristi/Documents/ACES/RC-Project/HLS/LinearImageFiltering.cpp:50]   --->   Operation 226 'udiv' 'udiv_ln50_2' <Predicate = true> <Delay = 4.13> <CoreInst = "DivnS_SEQ">   --->   Core 7 'DivnS_SEQ' <Latency = 35> <II = 30> <Delay = 4.13> <FuncUnit> <Opcode : 'udiv' 'sdiv' 'urem' 'srem'> <InPorts = 2> <OutPorts = 1>

State 39 <SV = 38> <Delay = 4.13>
ST_39 : Operation 227 [2/36] (4.13ns)   --->   "%udiv_ln50 = udiv i32 %row_2, i32 %stride_row_read" [/home/cristi/Documents/ACES/RC-Project/HLS/LinearImageFiltering.cpp:50]   --->   Operation 227 'udiv' 'udiv_ln50' <Predicate = true> <Delay = 4.13> <CoreInst = "DivnS_SEQ">   --->   Core 7 'DivnS_SEQ' <Latency = 35> <II = 32> <Delay = 4.13> <FuncUnit> <Opcode : 'udiv' 'sdiv' 'urem' 'srem'> <InPorts = 2> <OutPorts = 1>
ST_39 : Operation 228 [2/36] (4.13ns)   --->   "%udiv_ln50_1 = udiv i32 %cols_read, i32 %stride_col_read" [/home/cristi/Documents/ACES/RC-Project/HLS/LinearImageFiltering.cpp:50]   --->   Operation 228 'udiv' 'udiv_ln50_1' <Predicate = true> <Delay = 4.13> <CoreInst = "DivnS_SEQ">   --->   Core 7 'DivnS_SEQ' <Latency = 35> <II = 32> <Delay = 4.13> <FuncUnit> <Opcode : 'udiv' 'sdiv' 'urem' 'srem'> <InPorts = 2> <OutPorts = 1>
ST_39 : Operation 229 [2/36] (4.13ns)   --->   "%udiv_ln50_2 = udiv i32 %col, i32 %stride_col_read" [/home/cristi/Documents/ACES/RC-Project/HLS/LinearImageFiltering.cpp:50]   --->   Operation 229 'udiv' 'udiv_ln50_2' <Predicate = true> <Delay = 4.13> <CoreInst = "DivnS_SEQ">   --->   Core 7 'DivnS_SEQ' <Latency = 35> <II = 30> <Delay = 4.13> <FuncUnit> <Opcode : 'udiv' 'sdiv' 'urem' 'srem'> <InPorts = 2> <OutPorts = 1>

State 40 <SV = 39> <Delay = 4.13>
ST_40 : Operation 230 [1/36] (4.13ns)   --->   "%udiv_ln50 = udiv i32 %row_2, i32 %stride_row_read" [/home/cristi/Documents/ACES/RC-Project/HLS/LinearImageFiltering.cpp:50]   --->   Operation 230 'udiv' 'udiv_ln50' <Predicate = true> <Delay = 4.13> <CoreInst = "DivnS_SEQ">   --->   Core 7 'DivnS_SEQ' <Latency = 35> <II = 32> <Delay = 4.13> <FuncUnit> <Opcode : 'udiv' 'sdiv' 'urem' 'srem'> <InPorts = 2> <OutPorts = 1>
ST_40 : Operation 231 [1/36] (4.13ns)   --->   "%udiv_ln50_1 = udiv i32 %cols_read, i32 %stride_col_read" [/home/cristi/Documents/ACES/RC-Project/HLS/LinearImageFiltering.cpp:50]   --->   Operation 231 'udiv' 'udiv_ln50_1' <Predicate = true> <Delay = 4.13> <CoreInst = "DivnS_SEQ">   --->   Core 7 'DivnS_SEQ' <Latency = 35> <II = 32> <Delay = 4.13> <FuncUnit> <Opcode : 'udiv' 'sdiv' 'urem' 'srem'> <InPorts = 2> <OutPorts = 1>
ST_40 : Operation 232 [1/36] (4.13ns)   --->   "%udiv_ln50_2 = udiv i32 %col, i32 %stride_col_read" [/home/cristi/Documents/ACES/RC-Project/HLS/LinearImageFiltering.cpp:50]   --->   Operation 232 'udiv' 'udiv_ln50_2' <Predicate = true> <Delay = 4.13> <CoreInst = "DivnS_SEQ">   --->   Core 7 'DivnS_SEQ' <Latency = 35> <II = 30> <Delay = 4.13> <FuncUnit> <Opcode : 'udiv' 'sdiv' 'urem' 'srem'> <InPorts = 2> <OutPorts = 1>

State 41 <SV = 40> <Delay = 6.91>
ST_41 : Operation 233 [2/2] (6.91ns)   --->   "%mul_ln50 = mul i32 %udiv_ln50_1, i32 %udiv_ln50" [/home/cristi/Documents/ACES/RC-Project/HLS/LinearImageFiltering.cpp:50]   --->   Operation 233 'mul' 'mul_ln50' <Predicate = true> <Delay = 6.91> <CoreInst = "Multiplier">   --->   Core 3 'Multiplier' <Latency = 1> <II = 1> <Delay = 6.91> <FuncUnit> <Opcode : 'mul'> <InPorts = 2> <OutPorts = 1>

State 42 <SV = 41> <Delay = 6.91>
ST_42 : Operation 234 [1/2] (6.91ns)   --->   "%mul_ln50 = mul i32 %udiv_ln50_1, i32 %udiv_ln50" [/home/cristi/Documents/ACES/RC-Project/HLS/LinearImageFiltering.cpp:50]   --->   Operation 234 'mul' 'mul_ln50' <Predicate = true> <Delay = 6.91> <CoreInst = "Multiplier">   --->   Core 3 'Multiplier' <Latency = 1> <II = 1> <Delay = 6.91> <FuncUnit> <Opcode : 'mul'> <InPorts = 2> <OutPorts = 1>
ST_42 : Operation 235 [1/1] (0.00ns)   --->   "%trunc_ln50 = trunc i32 %mul_ln50" [/home/cristi/Documents/ACES/RC-Project/HLS/LinearImageFiltering.cpp:50]   --->   Operation 235 'trunc' 'trunc_ln50' <Predicate = true> <Delay = 0.00>

State 43 <SV = 42> <Delay = 5.04>
ST_43 : Operation 236 [1/1] (0.00ns)   --->   "%trunc_ln50_1 = trunc i30 %udiv_ln50_2" [/home/cristi/Documents/ACES/RC-Project/HLS/LinearImageFiltering.cpp:50]   --->   Operation 236 'trunc' 'trunc_ln50_1' <Predicate = true> <Delay = 0.00>
ST_43 : Operation 237 [1/1] (2.49ns)   --->   "%out_idx = add i30 %trunc_ln50, i30 %trunc_ln50_1" [/home/cristi/Documents/ACES/RC-Project/HLS/LinearImageFiltering.cpp:51]   --->   Operation 237 'add' 'out_idx' <Predicate = true> <Delay = 2.49> <CoreInst = "Adder">   --->   Core 1 'Adder' <Latency = 0> <II = 1> <Delay = 2.49> <FuncUnit> <Opcode : 'add' 'sub'> <InPorts = 2> <OutPorts = 1>
ST_43 : Operation 238 [1/1] (0.00ns)   --->   "%shl_ln = bitconcatenate i32 @_ssdm_op_BitConcatenate.i32.i30.i2, i30 %out_idx, i2 0" [/home/cristi/Documents/ACES/RC-Project/HLS/LinearImageFiltering.cpp:51]   --->   Operation 238 'bitconcatenate' 'shl_ln' <Predicate = true> <Delay = 0.00>
ST_43 : Operation 239 [1/1] (2.55ns)   --->   "%add_ln51 = add i32 %shl_ln, i32 %image_out_offset_read" [/home/cristi/Documents/ACES/RC-Project/HLS/LinearImageFiltering.cpp:51]   --->   Operation 239 'add' 'add_ln51' <Predicate = true> <Delay = 2.55> <CoreInst = "Adder">   --->   Core 1 'Adder' <Latency = 0> <II = 1> <Delay = 2.55> <FuncUnit> <Opcode : 'add' 'sub'> <InPorts = 2> <OutPorts = 1>
ST_43 : Operation 240 [1/1] (0.00ns)   --->   "%trunc_ln1 = partselect i30 @_ssdm_op_PartSelect.i30.i32.i32.i32, i32 %add_ln51, i32 2, i32 31" [/home/cristi/Documents/ACES/RC-Project/HLS/LinearImageFiltering.cpp:51]   --->   Operation 240 'partselect' 'trunc_ln1' <Predicate = true> <Delay = 0.00>

State 44 <SV = 43> <Delay = 7.30>
ST_44 : Operation 241 [1/1] (0.00ns)   --->   "%sext_ln51 = sext i30 %trunc_ln1" [/home/cristi/Documents/ACES/RC-Project/HLS/LinearImageFiltering.cpp:51]   --->   Operation 241 'sext' 'sext_ln51' <Predicate = true> <Delay = 0.00>
ST_44 : Operation 242 [1/1] (0.00ns)   --->   "%image_out_addr = getelementptr i32 %image_out, i32 %sext_ln51" [/home/cristi/Documents/ACES/RC-Project/HLS/LinearImageFiltering.cpp:51]   --->   Operation 242 'getelementptr' 'image_out_addr' <Predicate = true> <Delay = 0.00>
ST_44 : Operation 243 [1/1] (7.30ns)   --->   "%image_out_addr_req = writereq i1 @_ssdm_op_WriteReq.m_axi.i32P1A, i32 %image_out_addr, i32 1" [/home/cristi/Documents/ACES/RC-Project/HLS/LinearImageFiltering.cpp:51]   --->   Operation 243 'writereq' 'image_out_addr_req' <Predicate = true> <Delay = 7.30> <CoreInst = "m_axi">   --->   Core 113 'm_axi' <Latency = 0> <II = 1> <Delay = 1.00> <Adapter> <Opcode : 'read' 'write' 'readreq' 'writereq' 'writeresp'>

State 45 <SV = 44> <Delay = 7.30>
ST_45 : Operation 244 [1/1] (0.00ns)   --->   "%sum_1_loc_load = load i32 %sum_1_loc"   --->   Operation 244 'load' 'sum_1_loc_load' <Predicate = true> <Delay = 0.00>
ST_45 : Operation 245 [1/1] (0.00ns)   --->   "%bitcast_ln51 = bitcast i32 %sum_1_loc_load" [/home/cristi/Documents/ACES/RC-Project/HLS/LinearImageFiltering.cpp:51]   --->   Operation 245 'bitcast' 'bitcast_ln51' <Predicate = true> <Delay = 0.00>
ST_45 : Operation 246 [1/1] (7.30ns)   --->   "%write_ln51 = write void @_ssdm_op_Write.m_axi.i32P1A, i32 %image_out_addr, i32 %bitcast_ln51, i4 15" [/home/cristi/Documents/ACES/RC-Project/HLS/LinearImageFiltering.cpp:51]   --->   Operation 246 'write' 'write_ln51' <Predicate = true> <Delay = 7.30> <CoreInst = "m_axi">   --->   Core 113 'm_axi' <Latency = 0> <II = 1> <Delay = 1.00> <Adapter> <Opcode : 'read' 'write' 'readreq' 'writereq' 'writeresp'>

State 46 <SV = 45> <Delay = 7.30>
ST_46 : Operation 247 [5/5] (7.30ns)   --->   "%image_out_addr_resp = writeresp i1 @_ssdm_op_WriteResp.m_axi.i32P1A, i32 %image_out_addr" [/home/cristi/Documents/ACES/RC-Project/HLS/LinearImageFiltering.cpp:51]   --->   Operation 247 'writeresp' 'image_out_addr_resp' <Predicate = true> <Delay = 7.30> <CoreInst = "m_axi">   --->   Core 113 'm_axi' <Latency = 0> <II = 1> <Delay = 1.00> <Adapter> <Opcode : 'read' 'write' 'readreq' 'writereq' 'writeresp'>

State 47 <SV = 46> <Delay = 7.30>
ST_47 : Operation 248 [4/5] (7.30ns)   --->   "%image_out_addr_resp = writeresp i1 @_ssdm_op_WriteResp.m_axi.i32P1A, i32 %image_out_addr" [/home/cristi/Documents/ACES/RC-Project/HLS/LinearImageFiltering.cpp:51]   --->   Operation 248 'writeresp' 'image_out_addr_resp' <Predicate = true> <Delay = 7.30> <CoreInst = "m_axi">   --->   Core 113 'm_axi' <Latency = 0> <II = 1> <Delay = 1.00> <Adapter> <Opcode : 'read' 'write' 'readreq' 'writereq' 'writeresp'>

State 48 <SV = 47> <Delay = 7.30>
ST_48 : Operation 249 [3/5] (7.30ns)   --->   "%image_out_addr_resp = writeresp i1 @_ssdm_op_WriteResp.m_axi.i32P1A, i32 %image_out_addr" [/home/cristi/Documents/ACES/RC-Project/HLS/LinearImageFiltering.cpp:51]   --->   Operation 249 'writeresp' 'image_out_addr_resp' <Predicate = true> <Delay = 7.30> <CoreInst = "m_axi">   --->   Core 113 'm_axi' <Latency = 0> <II = 1> <Delay = 1.00> <Adapter> <Opcode : 'read' 'write' 'readreq' 'writereq' 'writeresp'>

State 49 <SV = 48> <Delay = 7.30>
ST_49 : Operation 250 [2/5] (7.30ns)   --->   "%image_out_addr_resp = writeresp i1 @_ssdm_op_WriteResp.m_axi.i32P1A, i32 %image_out_addr" [/home/cristi/Documents/ACES/RC-Project/HLS/LinearImageFiltering.cpp:51]   --->   Operation 250 'writeresp' 'image_out_addr_resp' <Predicate = true> <Delay = 7.30> <CoreInst = "m_axi">   --->   Core 113 'm_axi' <Latency = 0> <II = 1> <Delay = 1.00> <Adapter> <Opcode : 'read' 'write' 'readreq' 'writereq' 'writeresp'>

State 50 <SV = 49> <Delay = 7.30>
ST_50 : Operation 251 [1/1] (0.00ns)   --->   "%specloopname_ln30 = specloopname void @_ssdm_op_SpecLoopName, void @empty_19" [/home/cristi/Documents/ACES/RC-Project/HLS/LinearImageFiltering.cpp:30]   --->   Operation 251 'specloopname' 'specloopname_ln30' <Predicate = true> <Delay = 0.00>
ST_50 : Operation 252 [1/5] (7.30ns)   --->   "%image_out_addr_resp = writeresp i1 @_ssdm_op_WriteResp.m_axi.i32P1A, i32 %image_out_addr" [/home/cristi/Documents/ACES/RC-Project/HLS/LinearImageFiltering.cpp:51]   --->   Operation 252 'writeresp' 'image_out_addr_resp' <Predicate = true> <Delay = 7.30> <CoreInst = "m_axi">   --->   Core 113 'm_axi' <Latency = 0> <II = 1> <Delay = 1.00> <Adapter> <Opcode : 'read' 'write' 'readreq' 'writereq' 'writeresp'>
ST_50 : Operation 253 [1/1] (0.00ns)   --->   "%br_ln30 = br void %for.cond1" [/home/cristi/Documents/ACES/RC-Project/HLS/LinearImageFiltering.cpp:30]   --->   Operation 253 'br' 'br_ln30' <Predicate = true> <Delay = 0.00>


============================================================
+ Verbose Summary: Timing violations
============================================================
Target clock period: 10.000ns, clock uncertainty: 2.700ns.

 <State 1>: 1.588ns
The critical path consists of the following:
	'alloca' operation 32 bit ('row', /home/cristi/Documents/ACES/RC-Project/HLS/LinearImageFiltering.cpp:28) [13]  (0.000 ns)
	'store' operation 0 bit ('store_ln28', /home/cristi/Documents/ACES/RC-Project/HLS/LinearImageFiltering.cpp:28) of constant 0 on local variable 'row', /home/cristi/Documents/ACES/RC-Project/HLS/LinearImageFiltering.cpp:28 [68]  (1.588 ns)

 <State 2>: 6.912ns
The critical path consists of the following:
	'mul' operation 64 bit ('mul_ln7', /home/cristi/Documents/ACES/RC-Project/HLS/LinearImageFiltering.cpp:7) [67]  (6.912 ns)

 <State 3>: 6.912ns
The critical path consists of the following:
	'mul' operation 64 bit ('mul_ln7', /home/cristi/Documents/ACES/RC-Project/HLS/LinearImageFiltering.cpp:7) [67]  (6.912 ns)

 <State 4>: 2.552ns
The critical path consists of the following:
	'load' operation 32 bit ('row', /home/cristi/Documents/ACES/RC-Project/HLS/LinearImageFiltering.cpp:28) on local variable 'row', /home/cristi/Documents/ACES/RC-Project/HLS/LinearImageFiltering.cpp:28 [71]  (0.000 ns)
	'icmp' operation 1 bit ('icmp_ln28', /home/cristi/Documents/ACES/RC-Project/HLS/LinearImageFiltering.cpp:28) [72]  (2.552 ns)

 <State 5>: 4.140ns
The critical path consists of the following:
	'phi' operation 32 bit ('col') with incoming values : ('col', /home/cristi/Documents/ACES/RC-Project/HLS/LinearImageFiltering.cpp:30) [79]  (0.000 ns)
	'icmp' operation 1 bit ('icmp_ln30', /home/cristi/Documents/ACES/RC-Project/HLS/LinearImageFiltering.cpp:30) [80]  (2.552 ns)
	'store' operation 0 bit ('store_ln28', /home/cristi/Documents/ACES/RC-Project/HLS/LinearImageFiltering.cpp:28) of variable 'row', /home/cristi/Documents/ACES/RC-Project/HLS/LinearImageFiltering.cpp:28 on local variable 'row', /home/cristi/Documents/ACES/RC-Project/HLS/LinearImageFiltering.cpp:28 [106]  (1.588 ns)

 <State 6>: 4.135ns
The critical path consists of the following:
	'udiv' operation 32 bit ('udiv_ln50', /home/cristi/Documents/ACES/RC-Project/HLS/LinearImageFiltering.cpp:50) [86]  (4.135 ns)

 <State 7>: 4.135ns
The critical path consists of the following:
	'udiv' operation 32 bit ('udiv_ln50', /home/cristi/Documents/ACES/RC-Project/HLS/LinearImageFiltering.cpp:50) [86]  (4.135 ns)

 <State 8>: 4.135ns
The critical path consists of the following:
	'udiv' operation 32 bit ('udiv_ln50', /home/cristi/Documents/ACES/RC-Project/HLS/LinearImageFiltering.cpp:50) [86]  (4.135 ns)

 <State 9>: 4.135ns
The critical path consists of the following:
	'udiv' operation 32 bit ('udiv_ln50', /home/cristi/Documents/ACES/RC-Project/HLS/LinearImageFiltering.cpp:50) [86]  (4.135 ns)

 <State 10>: 4.135ns
The critical path consists of the following:
	'udiv' operation 32 bit ('udiv_ln50', /home/cristi/Documents/ACES/RC-Project/HLS/LinearImageFiltering.cpp:50) [86]  (4.135 ns)

 <State 11>: 4.135ns
The critical path consists of the following:
	'udiv' operation 32 bit ('udiv_ln50', /home/cristi/Documents/ACES/RC-Project/HLS/LinearImageFiltering.cpp:50) [86]  (4.135 ns)

 <State 12>: 4.135ns
The critical path consists of the following:
	'udiv' operation 32 bit ('udiv_ln50', /home/cristi/Documents/ACES/RC-Project/HLS/LinearImageFiltering.cpp:50) [86]  (4.135 ns)

 <State 13>: 4.135ns
The critical path consists of the following:
	'udiv' operation 32 bit ('udiv_ln50', /home/cristi/Documents/ACES/RC-Project/HLS/LinearImageFiltering.cpp:50) [86]  (4.135 ns)

 <State 14>: 4.135ns
The critical path consists of the following:
	'udiv' operation 32 bit ('udiv_ln50', /home/cristi/Documents/ACES/RC-Project/HLS/LinearImageFiltering.cpp:50) [86]  (4.135 ns)

 <State 15>: 4.135ns
The critical path consists of the following:
	'udiv' operation 32 bit ('udiv_ln50', /home/cristi/Documents/ACES/RC-Project/HLS/LinearImageFiltering.cpp:50) [86]  (4.135 ns)

 <State 16>: 4.135ns
The critical path consists of the following:
	'udiv' operation 32 bit ('udiv_ln50', /home/cristi/Documents/ACES/RC-Project/HLS/LinearImageFiltering.cpp:50) [86]  (4.135 ns)

 <State 17>: 4.135ns
The critical path consists of the following:
	'udiv' operation 32 bit ('udiv_ln50', /home/cristi/Documents/ACES/RC-Project/HLS/LinearImageFiltering.cpp:50) [86]  (4.135 ns)

 <State 18>: 4.135ns
The critical path consists of the following:
	'udiv' operation 32 bit ('udiv_ln50', /home/cristi/Documents/ACES/RC-Project/HLS/LinearImageFiltering.cpp:50) [86]  (4.135 ns)

 <State 19>: 4.135ns
The critical path consists of the following:
	'udiv' operation 32 bit ('udiv_ln50', /home/cristi/Documents/ACES/RC-Project/HLS/LinearImageFiltering.cpp:50) [86]  (4.135 ns)

 <State 20>: 4.135ns
The critical path consists of the following:
	'udiv' operation 32 bit ('udiv_ln50', /home/cristi/Documents/ACES/RC-Project/HLS/LinearImageFiltering.cpp:50) [86]  (4.135 ns)

 <State 21>: 4.135ns
The critical path consists of the following:
	'udiv' operation 32 bit ('udiv_ln50', /home/cristi/Documents/ACES/RC-Project/HLS/LinearImageFiltering.cpp:50) [86]  (4.135 ns)

 <State 22>: 4.135ns
The critical path consists of the following:
	'udiv' operation 32 bit ('udiv_ln50', /home/cristi/Documents/ACES/RC-Project/HLS/LinearImageFiltering.cpp:50) [86]  (4.135 ns)

 <State 23>: 4.135ns
The critical path consists of the following:
	'udiv' operation 32 bit ('udiv_ln50', /home/cristi/Documents/ACES/RC-Project/HLS/LinearImageFiltering.cpp:50) [86]  (4.135 ns)

 <State 24>: 4.135ns
The critical path consists of the following:
	'udiv' operation 32 bit ('udiv_ln50', /home/cristi/Documents/ACES/RC-Project/HLS/LinearImageFiltering.cpp:50) [86]  (4.135 ns)

 <State 25>: 4.135ns
The critical path consists of the following:
	'udiv' operation 32 bit ('udiv_ln50', /home/cristi/Documents/ACES/RC-Project/HLS/LinearImageFiltering.cpp:50) [86]  (4.135 ns)

 <State 26>: 4.135ns
The critical path consists of the following:
	'udiv' operation 32 bit ('udiv_ln50', /home/cristi/Documents/ACES/RC-Project/HLS/LinearImageFiltering.cpp:50) [86]  (4.135 ns)

 <State 27>: 4.135ns
The critical path consists of the following:
	'udiv' operation 32 bit ('udiv_ln50', /home/cristi/Documents/ACES/RC-Project/HLS/LinearImageFiltering.cpp:50) [86]  (4.135 ns)

 <State 28>: 4.135ns
The critical path consists of the following:
	'udiv' operation 32 bit ('udiv_ln50', /home/cristi/Documents/ACES/RC-Project/HLS/LinearImageFiltering.cpp:50) [86]  (4.135 ns)

 <State 29>: 4.135ns
The critical path consists of the following:
	'udiv' operation 32 bit ('udiv_ln50', /home/cristi/Documents/ACES/RC-Project/HLS/LinearImageFiltering.cpp:50) [86]  (4.135 ns)

 <State 30>: 4.135ns
The critical path consists of the following:
	'udiv' operation 32 bit ('udiv_ln50', /home/cristi/Documents/ACES/RC-Project/HLS/LinearImageFiltering.cpp:50) [86]  (4.135 ns)

 <State 31>: 4.135ns
The critical path consists of the following:
	'udiv' operation 32 bit ('udiv_ln50', /home/cristi/Documents/ACES/RC-Project/HLS/LinearImageFiltering.cpp:50) [86]  (4.135 ns)

 <State 32>: 4.135ns
The critical path consists of the following:
	'udiv' operation 32 bit ('udiv_ln50', /home/cristi/Documents/ACES/RC-Project/HLS/LinearImageFiltering.cpp:50) [86]  (4.135 ns)

 <State 33>: 4.135ns
The critical path consists of the following:
	'udiv' operation 32 bit ('udiv_ln50', /home/cristi/Documents/ACES/RC-Project/HLS/LinearImageFiltering.cpp:50) [86]  (4.135 ns)

 <State 34>: 4.135ns
The critical path consists of the following:
	'udiv' operation 32 bit ('udiv_ln50', /home/cristi/Documents/ACES/RC-Project/HLS/LinearImageFiltering.cpp:50) [86]  (4.135 ns)

 <State 35>: 4.135ns
The critical path consists of the following:
	'udiv' operation 32 bit ('udiv_ln50', /home/cristi/Documents/ACES/RC-Project/HLS/LinearImageFiltering.cpp:50) [86]  (4.135 ns)

 <State 36>: 4.135ns
The critical path consists of the following:
	'udiv' operation 32 bit ('udiv_ln50', /home/cristi/Documents/ACES/RC-Project/HLS/LinearImageFiltering.cpp:50) [86]  (4.135 ns)

 <State 37>: 4.135ns
The critical path consists of the following:
	'udiv' operation 32 bit ('udiv_ln50', /home/cristi/Documents/ACES/RC-Project/HLS/LinearImageFiltering.cpp:50) [86]  (4.135 ns)

 <State 38>: 4.135ns
The critical path consists of the following:
	'udiv' operation 32 bit ('udiv_ln50', /home/cristi/Documents/ACES/RC-Project/HLS/LinearImageFiltering.cpp:50) [86]  (4.135 ns)

 <State 39>: 4.135ns
The critical path consists of the following:
	'udiv' operation 32 bit ('udiv_ln50', /home/cristi/Documents/ACES/RC-Project/HLS/LinearImageFiltering.cpp:50) [86]  (4.135 ns)

 <State 40>: 4.135ns
The critical path consists of the following:
	'udiv' operation 32 bit ('udiv_ln50', /home/cristi/Documents/ACES/RC-Project/HLS/LinearImageFiltering.cpp:50) [86]  (4.135 ns)

 <State 41>: 6.912ns
The critical path consists of the following:
	'mul' operation 32 bit ('mul_ln50', /home/cristi/Documents/ACES/RC-Project/HLS/LinearImageFiltering.cpp:50) [88]  (6.912 ns)

 <State 42>: 6.912ns
The critical path consists of the following:
	'mul' operation 32 bit ('mul_ln50', /home/cristi/Documents/ACES/RC-Project/HLS/LinearImageFiltering.cpp:50) [88]  (6.912 ns)

 <State 43>: 5.045ns
The critical path consists of the following:
	'add' operation 30 bit ('out_idx', /home/cristi/Documents/ACES/RC-Project/HLS/LinearImageFiltering.cpp:51) [92]  (2.493 ns)
	'add' operation 32 bit ('add_ln51', /home/cristi/Documents/ACES/RC-Project/HLS/LinearImageFiltering.cpp:51) [94]  (2.552 ns)

 <State 44>: 7.300ns
The critical path consists of the following:
	'getelementptr' operation 32 bit ('image_out_addr', /home/cristi/Documents/ACES/RC-Project/HLS/LinearImageFiltering.cpp:51) [98]  (0.000 ns)
	bus request operation ('image_out_addr_req', /home/cristi/Documents/ACES/RC-Project/HLS/LinearImageFiltering.cpp:51) on port 'image_out' (/home/cristi/Documents/ACES/RC-Project/HLS/LinearImageFiltering.cpp:51) [99]  (7.300 ns)

 <State 45>: 7.300ns
The critical path consists of the following:
	'load' operation 32 bit ('sum_1_loc_load') on local variable 'sum_1_loc' [85]  (0.000 ns)
	bus write operation ('write_ln51', /home/cristi/Documents/ACES/RC-Project/HLS/LinearImageFiltering.cpp:51) on port 'image_out' (/home/cristi/Documents/ACES/RC-Project/HLS/LinearImageFiltering.cpp:51) [100]  (7.300 ns)

 <State 46>: 7.300ns
The critical path consists of the following:
	bus response operation ('image_out_addr_resp', /home/cristi/Documents/ACES/RC-Project/HLS/LinearImageFiltering.cpp:51) on port 'image_out' (/home/cristi/Documents/ACES/RC-Project/HLS/LinearImageFiltering.cpp:51) [101]  (7.300 ns)

 <State 47>: 7.300ns
The critical path consists of the following:
	bus response operation ('image_out_addr_resp', /home/cristi/Documents/ACES/RC-Project/HLS/LinearImageFiltering.cpp:51) on port 'image_out' (/home/cristi/Documents/ACES/RC-Project/HLS/LinearImageFiltering.cpp:51) [101]  (7.300 ns)

 <State 48>: 7.300ns
The critical path consists of the following:
	bus response operation ('image_out_addr_resp', /home/cristi/Documents/ACES/RC-Project/HLS/LinearImageFiltering.cpp:51) on port 'image_out' (/home/cristi/Documents/ACES/RC-Project/HLS/LinearImageFiltering.cpp:51) [101]  (7.300 ns)

 <State 49>: 7.300ns
The critical path consists of the following:
	bus response operation ('image_out_addr_resp', /home/cristi/Documents/ACES/RC-Project/HLS/LinearImageFiltering.cpp:51) on port 'image_out' (/home/cristi/Documents/ACES/RC-Project/HLS/LinearImageFiltering.cpp:51) [101]  (7.300 ns)

 <State 50>: 7.300ns
The critical path consists of the following:
	bus response operation ('image_out_addr_resp', /home/cristi/Documents/ACES/RC-Project/HLS/LinearImageFiltering.cpp:51) on port 'image_out' (/home/cristi/Documents/ACES/RC-Project/HLS/LinearImageFiltering.cpp:51) [101]  (7.300 ns)


============================================================
+ Verbose Summary: Binding
============================================================
N/A
* FSMD analyzer results:
  - Output states:
 - Input state : 
  - Chain level:
	State 1
	State 2
	State 3
	State 4
	State 5
	State 6
	State 7
	State 8
	State 9
	State 10
	State 11
	State 12
	State 13
	State 14
	State 15
	State 16
	State 17
	State 18
	State 19
	State 20
	State 21
	State 22
	State 23
	State 24
	State 25
	State 26
	State 27
	State 28
	State 29
	State 30
	State 31
	State 32
	State 33
	State 34
	State 35
	State 36
	State 37
	State 38
	State 39
	State 40
	State 41
	State 42
	State 43
	State 44
	State 45
	State 46
	State 47
	State 48
	State 49
	State 50


============================================================
+ Verbose Summary: Datapath Resource usage 
============================================================
N/A
