directive:1:9: warning: HLS pragma dump _XLX_SEP_ PragmaIsValid=1_XLX_SEP_ PragmaType=top_XLX_SEP_ PragmaContext=directive_XLX_SEP_ PragmaFunction=LinearImageFilter_XLX_SEP_ PragmaOptions=name=LinearImageFilter_XLX_SEP_ [-Wdump-hls-pragmas]
#pragma HLSDIRECTIVE TOP name=LinearImageFilter
        ^
/home/cristian/Documents/ACES/RC-Project/HLS/LinearImageFiltering.cpp:9:9: warning: HLS pragma dump _XLX_SEP_ PragmaIsValid=1_XLX_SEP_ PragmaType=interface_XLX_SEP_ PragmaContext=_XLX_SEP_ PragmaFunction=LinearImageFilter_XLX_SEP_ PragmaOptions=mode = m_axi port = image_out bundle = image_out offset = slave_XLX_SEP_ [-Wdump-hls-pragmas]
#pragma HLS INTERFACE mode = m_axi port = image_out bundle = image_out offset = slave
        ^
/home/cristian/Documents/ACES/RC-Project/HLS/LinearImageFiltering.cpp:10:9: warning: HLS pragma dump _XLX_SEP_ PragmaIsValid=1_XLX_SEP_ PragmaType=interface_XLX_SEP_ PragmaContext=_XLX_SEP_ PragmaFunction=LinearImageFilter_XLX_SEP_ PragmaOptions=mode = m_axi port = image_in bundle = image_in offset = slave_XLX_SEP_ [-Wdump-hls-pragmas]
#pragma HLS INTERFACE mode = m_axi port = image_in bundle = image_in offset = slave
        ^
/home/cristian/Documents/ACES/RC-Project/HLS/LinearImageFiltering.cpp:11:9: warning: HLS pragma dump _XLX_SEP_ PragmaIsValid=1_XLX_SEP_ PragmaType=interface_XLX_SEP_ PragmaContext=_XLX_SEP_ PragmaFunction=LinearImageFilter_XLX_SEP_ PragmaOptions=mode = m_axi port = kernel bundle = kernel offset = slave_XLX_SEP_ [-Wdump-hls-pragmas]
#pragma HLS INTERFACE mode = m_axi port = kernel bundle = kernel offset = slave
        ^
/home/cristian/Documents/ACES/RC-Project/HLS/LinearImageFiltering.cpp:13:9: warning: HLS pragma dump _XLX_SEP_ PragmaIsValid=1_XLX_SEP_ PragmaType=interface_XLX_SEP_ PragmaContext=_XLX_SEP_ PragmaFunction=LinearImageFilter_XLX_SEP_ PragmaOptions=mode = s_axilite port = rows_XLX_SEP_ [-Wdump-hls-pragmas]
#pragma HLS INTERFACE mode = s_axilite port = rows
        ^
/home/cristian/Documents/ACES/RC-Project/HLS/LinearImageFiltering.cpp:14:9: warning: HLS pragma dump _XLX_SEP_ PragmaIsValid=1_XLX_SEP_ PragmaType=interface_XLX_SEP_ PragmaContext=_XLX_SEP_ PragmaFunction=LinearImageFilter_XLX_SEP_ PragmaOptions=mode = s_axilite port = cols_XLX_SEP_ [-Wdump-hls-pragmas]
#pragma HLS INTERFACE mode = s_axilite port = cols
        ^
/home/cristian/Documents/ACES/RC-Project/HLS/LinearImageFiltering.cpp:15:9: warning: HLS pragma dump _XLX_SEP_ PragmaIsValid=1_XLX_SEP_ PragmaType=interface_XLX_SEP_ PragmaContext=_XLX_SEP_ PragmaFunction=LinearImageFilter_XLX_SEP_ PragmaOptions=mode = s_axilite port = kernel_size_XLX_SEP_ [-Wdump-hls-pragmas]
#pragma HLS INTERFACE mode = s_axilite port = kernel_size
        ^
/home/cristian/Documents/ACES/RC-Project/HLS/LinearImageFiltering.cpp:16:9: warning: HLS pragma dump _XLX_SEP_ PragmaIsValid=1_XLX_SEP_ PragmaType=interface_XLX_SEP_ PragmaContext=_XLX_SEP_ PragmaFunction=LinearImageFilter_XLX_SEP_ PragmaOptions=mode = s_axilite port = stride_row_XLX_SEP_ [-Wdump-hls-pragmas]
#pragma HLS INTERFACE mode = s_axilite port = stride_row
        ^
/home/cristian/Documents/ACES/RC-Project/HLS/LinearImageFiltering.cpp:17:9: warning: HLS pragma dump _XLX_SEP_ PragmaIsValid=1_XLX_SEP_ PragmaType=interface_XLX_SEP_ PragmaContext=_XLX_SEP_ PragmaFunction=LinearImageFilter_XLX_SEP_ PragmaOptions=mode = s_axilite port = stride_col_XLX_SEP_ [-Wdump-hls-pragmas]
#pragma HLS INTERFACE mode = s_axilite port = stride_col
        ^
/home/cristian/Documents/ACES/RC-Project/HLS/LinearImageFiltering.cpp:18:9: warning: HLS pragma dump _XLX_SEP_ PragmaIsValid=1_XLX_SEP_ PragmaType=interface_XLX_SEP_ PragmaContext=_XLX_SEP_ PragmaFunction=LinearImageFilter_XLX_SEP_ PragmaOptions=mode = s_axilite port = padding_XLX_SEP_ [-Wdump-hls-pragmas]
#pragma HLS INTERFACE mode = s_axilite port = padding
        ^
/home/cristian/Documents/ACES/RC-Project/HLS/LinearImageFiltering.cpp:19:9: warning: HLS pragma dump _XLX_SEP_ PragmaIsValid=1_XLX_SEP_ PragmaType=interface_XLX_SEP_ PragmaContext=_XLX_SEP_ PragmaFunction=LinearImageFilter_XLX_SEP_ PragmaOptions=mode = s_axilite port = return_XLX_SEP_ [-Wdump-hls-pragmas]
#pragma HLS INTERFACE mode = s_axilite port = return
        ^
11 warnings generated.
