

================================================================
== Vitis HLS Report for 'LinearImageFilter_Pipeline_ker_rows_ker_cols2'
================================================================
* Date:           Thu May 30 21:28:04 2024

* Version:        2023.2.2 (Build 4101106 on Feb  9 2024)
* Project:        work
* Solution:       hls (Vivado IP Flow Target)
* Product family: zynq
* Target device:  xc7z020-clg400-1


================================================================
== Performance Estimates
================================================================
+ Timing: 
    * Summary: 
    +--------+----------+----------+------------+
    |  Clock |  Target  | Estimated| Uncertainty|
    +--------+----------+----------+------------+
    |ap_clk  |  10.00 ns|  7.300 ns|     2.70 ns|
    +--------+----------+----------+------------+

+ Latency: 
    * Summary: 
    +---------+---------+----------+----------+-----+-----+---------+
    |  Latency (cycles) |  Latency (absolute) |  Interval | Pipeline|
    |   min   |   max   |    min   |    max   | min | max |   Type  |
    +---------+---------+----------+----------+-----+-----+---------+
    |       67|      627|  0.670 us|  6.270 us|   67|  627|       no|
    +---------+---------+----------+----------+-----+-----+---------+

    + Detail: 
        * Instance: 
        N/A

        * Loop: 
        +---------------------+---------+---------+----------+-----------+-----------+---------+----------+
        |                     |  Latency (cycles) | Iteration|  Initiation Interval  |   Trip  |          |
        |      Loop Name      |   min   |   max   |  Latency |  achieved |   target  |  Count  | Pipelined|
        +---------------------+---------+---------+----------+-----------+-----------+---------+----------+
        |- ker_rows_ker_cols  |       65|      625|        26|          5|          1|  9 ~ 121|       yes|
        +---------------------+---------+---------+----------+-----------+-----------+---------+----------+

============================================================
+ Verbose Summary: Synthesis Manager
============================================================
InlineROM: 1
ExposeGlobal: 0
============================================================
+ Verbose Summary: CDFG Model
============================================================
IsTopModel: 0
ResetActiveHigh: 1
IsCombinational: 0
IsDatapathOnly: 0
HasWiredReturn: 1
HasMFsm: 2
HasVarLatency: 1
IsPipeline: 0
IsRtlPipelined: 0
IsInstanceOverlapped: 0
IsDontTouch: 0
HasImplIP: 0
IsGatedGlobalClock: 0

+ Individual pipeline summary: 
  * Pipeline-0: initiation interval (II) = 5, depth = 27


============================================================
+ Verbose Summary: Schedule
============================================================
* Number of FSM states : 27
* Pipeline : 1
  Pipeline-0 : II = 5, D = 27, States = { 1 2 3 4 5 6 7 8 9 10 11 12 13 14 15 16 17 18 19 20 21 22 23 24 25 26 27 }
* Dataflow Pipeline: 0

* FSM state transitions: 
1 --> 2 
2 --> 3 
3 --> 4 
4 --> 5 
5 --> 6 
6 --> 7 
7 --> 8 
8 --> 9 
9 --> 10 
10 --> 11 
11 --> 12 
12 --> 13 
13 --> 14 
14 --> 15 
15 --> 16 
16 --> 17 
17 --> 18 
18 --> 19 
19 --> 20 
20 --> 21 
21 --> 22 
22 --> 23 
23 --> 24 
24 --> 25 
25 --> 26 
26 --> 27 
27 --> 

* FSM state operations: 

State 1 <SV = 0> <Delay = 1.58>
ST_1 : Operation 29 [1/1] (0.00ns)   --->   "%j = alloca i32 1" [/home/cristi/Documents/ACES/RC-Project/HLS/LinearImageFiltering.cpp:43]   --->   Operation 29 'alloca' 'j' <Predicate = true> <Delay = 0.00>
ST_1 : Operation 30 [1/1] (0.00ns)   --->   "%i = alloca i32 1" [/home/cristi/Documents/ACES/RC-Project/HLS/LinearImageFiltering.cpp:39]   --->   Operation 30 'alloca' 'i' <Predicate = true> <Delay = 0.00>
ST_1 : Operation 31 [1/1] (0.00ns)   --->   "%indvar_flatten133 = alloca i32 1"   --->   Operation 31 'alloca' 'indvar_flatten133' <Predicate = true> <Delay = 0.00>
ST_1 : Operation 32 [1/1] (0.00ns)   --->   "%sum_6 = alloca i32 1" [/home/cristi/Documents/ACES/RC-Project/HLS/LinearImageFiltering.cpp:24]   --->   Operation 32 'alloca' 'sum_6' <Predicate = true> <Delay = 0.00>
ST_1 : Operation 33 [1/1] (0.00ns)   --->   "%newCol_2_read = read i30 @_ssdm_op_Read.ap_auto.i30, i30 %newCol_2"   --->   Operation 33 'read' 'newCol_2_read' <Predicate = true> <Delay = 0.00>
ST_1 : Operation 34 [1/1] (0.00ns)   --->   "%mul35_i_read = read i30 @_ssdm_op_Read.ap_auto.i30, i30 %mul35_i"   --->   Operation 34 'read' 'mul35_i_read' <Predicate = true> <Delay = 0.00>
ST_1 : Operation 35 [1/1] (0.00ns)   --->   "%mul_i_read = read i30 @_ssdm_op_Read.ap_auto.i30, i30 %mul_i"   --->   Operation 35 'read' 'mul_i_read' <Predicate = true> <Delay = 0.00>
ST_1 : Operation 36 [1/1] (0.00ns)   --->   "%kernel_offset_read = read i32 @_ssdm_op_Read.ap_auto.i32, i32 %kernel_offset"   --->   Operation 36 'read' 'kernel_offset_read' <Predicate = true> <Delay = 0.00>
ST_1 : Operation 37 [1/1] (0.00ns)   --->   "%image_in_offset_read = read i32 @_ssdm_op_Read.ap_auto.i32, i32 %image_in_offset"   --->   Operation 37 'read' 'image_in_offset_read' <Predicate = true> <Delay = 0.00>
ST_1 : Operation 38 [1/1] (0.00ns)   --->   "%tmp = read i30 @_ssdm_op_Read.ap_auto.i30, i30 %empty"   --->   Operation 38 'read' 'tmp' <Predicate = true> <Delay = 0.00>
ST_1 : Operation 39 [1/1] (0.00ns)   --->   "%cols_read = read i32 @_ssdm_op_Read.ap_auto.i32, i32 %cols"   --->   Operation 39 'read' 'cols_read' <Predicate = true> <Delay = 0.00>
ST_1 : Operation 40 [1/1] (0.00ns)   --->   "%tmp_22 = read i31 @_ssdm_op_Read.ap_auto.i31, i31 %empty_33"   --->   Operation 40 'read' 'tmp_22' <Predicate = true> <Delay = 0.00>
ST_1 : Operation 41 [1/1] (0.00ns)   --->   "%col_2_read = read i32 @_ssdm_op_Read.ap_auto.i32, i32 %col_2"   --->   Operation 41 'read' 'col_2_read' <Predicate = true> <Delay = 0.00>
ST_1 : Operation 42 [1/1] (0.00ns)   --->   "%newRow_2_read = read i30 @_ssdm_op_Read.ap_auto.i30, i30 %newRow_2"   --->   Operation 42 'read' 'newRow_2_read' <Predicate = true> <Delay = 0.00>
ST_1 : Operation 43 [1/1] (0.00ns)   --->   "%rows_read = read i32 @_ssdm_op_Read.ap_auto.i32, i32 %rows"   --->   Operation 43 'read' 'rows_read' <Predicate = true> <Delay = 0.00>
ST_1 : Operation 44 [1/1] (0.00ns)   --->   "%add_0_read = read i32 @_ssdm_op_Read.ap_auto.i32, i32 %add_0"   --->   Operation 44 'read' 'add_0_read' <Predicate = true> <Delay = 0.00>
ST_1 : Operation 45 [1/1] (0.00ns)   --->   "%kernel_dim_read = read i32 @_ssdm_op_Read.ap_auto.i32, i32 %kernel_dim"   --->   Operation 45 'read' 'kernel_dim_read' <Predicate = true> <Delay = 0.00>
ST_1 : Operation 46 [1/1] (0.00ns)   --->   "%padding_read = read i8 @_ssdm_op_Read.ap_auto.i8, i8 %padding"   --->   Operation 46 'read' 'padding_read' <Predicate = true> <Delay = 0.00>
ST_1 : Operation 47 [1/1] (0.00ns)   --->   "%mul_ln7_read = read i64 @_ssdm_op_Read.ap_auto.i64, i64 %mul_ln7"   --->   Operation 47 'read' 'mul_ln7_read' <Predicate = true> <Delay = 0.00>
ST_1 : Operation 48 [1/1] (0.00ns)   --->   "%p_cast = zext i31 %tmp_22"   --->   Operation 48 'zext' 'p_cast' <Predicate = true> <Delay = 0.00>
ST_1 : Operation 49 [1/1] (0.00ns)   --->   "%specmaxicache_ln0 = specmaxicache void @_ssdm_op_SpecMAXICache, i32 %image_in, i64 256, i64 128, i64 1, i64 1, i64 0, i64 0, void @empty_2"   --->   Operation 49 'specmaxicache' 'specmaxicache_ln0' <Predicate = true> <Delay = 0.00>
ST_1 : Operation 50 [1/1] (0.00ns)   --->   "%specmaxicache_ln0 = specmaxicache void @_ssdm_op_SpecMAXICache, i32 %kernel, i64 1, i64 128, i64 1, i64 1, i64 0, i64 0, void @empty_2"   --->   Operation 50 'specmaxicache' 'specmaxicache_ln0' <Predicate = true> <Delay = 0.00>
ST_1 : Operation 51 [1/1] (0.00ns)   --->   "%specinterface_ln0 = specinterface void @_ssdm_op_SpecInterface, i32 %kernel, void @empty_1, i32 0, i32 0, void @empty_2, i32 0, i32 1000, void @empty_6, void @empty_4, void @empty_2, i32 16, i32 16, i32 16, i32 16, void @empty_2, void @empty_2, i32 4294967295, i32 0"   --->   Operation 51 'specinterface' 'specinterface_ln0' <Predicate = true> <Delay = 0.00>
ST_1 : Operation 52 [1/1] (0.00ns)   --->   "%specinterface_ln0 = specinterface void @_ssdm_op_SpecInterface, i32 %image_in, void @empty_1, i32 0, i32 0, void @empty_2, i32 0, i32 10000000, void @empty_5, void @empty_4, void @empty_2, i32 16, i32 16, i32 16, i32 16, void @empty_2, void @empty_2, i32 4294967295, i32 0"   --->   Operation 52 'specinterface' 'specinterface_ln0' <Predicate = true> <Delay = 0.00>
ST_1 : Operation 53 [1/1] (1.58ns)   --->   "%store_ln24 = store i32 0, i32 %sum_6" [/home/cristi/Documents/ACES/RC-Project/HLS/LinearImageFiltering.cpp:24]   --->   Operation 53 'store' 'store_ln24' <Predicate = true> <Delay = 1.58>
ST_1 : Operation 54 [1/1] (1.58ns)   --->   "%store_ln0 = store i64 0, i64 %indvar_flatten133"   --->   Operation 54 'store' 'store_ln0' <Predicate = true> <Delay = 1.58>
ST_1 : Operation 55 [1/1] (1.58ns)   --->   "%store_ln39 = store i32 0, i32 %i" [/home/cristi/Documents/ACES/RC-Project/HLS/LinearImageFiltering.cpp:39]   --->   Operation 55 'store' 'store_ln39' <Predicate = true> <Delay = 1.58>
ST_1 : Operation 56 [1/1] (1.58ns)   --->   "%store_ln43 = store i32 0, i32 %j" [/home/cristi/Documents/ACES/RC-Project/HLS/LinearImageFiltering.cpp:43]   --->   Operation 56 'store' 'store_ln43' <Predicate = true> <Delay = 1.58>
ST_1 : Operation 57 [1/1] (0.00ns)   --->   "%br_ln0 = br void %for.body12.2"   --->   Operation 57 'br' 'br_ln0' <Predicate = true> <Delay = 0.00>

State 2 <SV = 1> <Delay = 3.52>
ST_2 : Operation 58 [1/1] (0.00ns)   --->   "%indvar_flatten133_load = load i64 %indvar_flatten133" [/home/cristi/Documents/ACES/RC-Project/HLS/LinearImageFiltering.cpp:39]   --->   Operation 58 'load' 'indvar_flatten133_load' <Predicate = true> <Delay = 0.00>
ST_2 : Operation 59 [1/1] (0.00ns)   --->   "%specbitsmap_ln0 = specbitsmap void @_ssdm_op_SpecBitsMap, i32 %kernel"   --->   Operation 59 'specbitsmap' 'specbitsmap_ln0' <Predicate = true> <Delay = 0.00>
ST_2 : Operation 60 [1/1] (0.00ns)   --->   "%specbitsmap_ln0 = specbitsmap void @_ssdm_op_SpecBitsMap, i32 %image_in"   --->   Operation 60 'specbitsmap' 'specbitsmap_ln0' <Predicate = true> <Delay = 0.00>
ST_2 : Operation 61 [1/1] (3.52ns)   --->   "%icmp_ln39 = icmp_eq  i64 %indvar_flatten133_load, i64 %mul_ln7_read" [/home/cristi/Documents/ACES/RC-Project/HLS/LinearImageFiltering.cpp:39]   --->   Operation 61 'icmp' 'icmp_ln39' <Predicate = true> <Delay = 3.52> <CoreInst = "Cmp">   --->   Core 9 'Cmp' <Latency = 0> <II = 1> <Delay = 3.52> <FuncUnit> <Opcode : 'icmp'> <InPorts = 2> <OutPorts = 1>
ST_2 : Operation 62 [1/1] (3.52ns)   --->   "%add_ln39_4 = add i64 %indvar_flatten133_load, i64 1" [/home/cristi/Documents/ACES/RC-Project/HLS/LinearImageFiltering.cpp:39]   --->   Operation 62 'add' 'add_ln39_4' <Predicate = true> <Delay = 3.52> <CoreInst = "Adder">   --->   Core 1 'Adder' <Latency = 0> <II = 1> <Delay = 3.52> <FuncUnit> <Opcode : 'add' 'sub'> <InPorts = 2> <OutPorts = 1>
ST_2 : Operation 63 [1/1] (0.00ns)   --->   "%br_ln39 = br i1 %icmp_ln39, void %for.inc23.2, void %for.inc33.2.loopexit.exitStub" [/home/cristi/Documents/ACES/RC-Project/HLS/LinearImageFiltering.cpp:39]   --->   Operation 63 'br' 'br_ln39' <Predicate = true> <Delay = 0.00>
ST_2 : Operation 64 [1/1] (0.00ns)   --->   "%j_load = load i32 %j" [/home/cristi/Documents/ACES/RC-Project/HLS/LinearImageFiltering.cpp:43]   --->   Operation 64 'load' 'j_load' <Predicate = (!icmp_ln39)> <Delay = 0.00>
ST_2 : Operation 65 [1/1] (0.00ns)   --->   "%i_load = load i32 %i" [/home/cristi/Documents/ACES/RC-Project/HLS/LinearImageFiltering.cpp:39]   --->   Operation 65 'load' 'i_load' <Predicate = (!icmp_ln39)> <Delay = 0.00>
ST_2 : Operation 66 [1/1] (2.55ns)   --->   "%icmp_ln43 = icmp_eq  i32 %j_load, i32 %kernel_dim_read" [/home/cristi/Documents/ACES/RC-Project/HLS/LinearImageFiltering.cpp:43]   --->   Operation 66 'icmp' 'icmp_ln43' <Predicate = (!icmp_ln39)> <Delay = 2.55> <CoreInst = "Cmp">   --->   Core 9 'Cmp' <Latency = 0> <II = 1> <Delay = 2.55> <FuncUnit> <Opcode : 'icmp'> <InPorts = 2> <OutPorts = 1>
ST_2 : Operation 67 [1/1] (2.55ns)   --->   "%add_ln39 = add i32 %i_load, i32 1" [/home/cristi/Documents/ACES/RC-Project/HLS/LinearImageFiltering.cpp:39]   --->   Operation 67 'add' 'add_ln39' <Predicate = (!icmp_ln39)> <Delay = 2.55> <CoreInst = "Adder">   --->   Core 1 'Adder' <Latency = 0> <II = 1> <Delay = 2.55> <FuncUnit> <Opcode : 'add' 'sub'> <InPorts = 2> <OutPorts = 1>
ST_2 : Operation 68 [1/1] (0.69ns)   --->   "%select_ln39 = select i1 %icmp_ln43, i32 %add_ln39, i32 %i_load" [/home/cristi/Documents/ACES/RC-Project/HLS/LinearImageFiltering.cpp:39]   --->   Operation 68 'select' 'select_ln39' <Predicate = (!icmp_ln39)> <Delay = 0.69> <CoreInst = "Sel">   --->   Core 73 'Sel' <Latency = 0> <II = 1> <Delay = 0.69> <FuncUnit> <Opcode : 'select'> <InPorts = 3> <OutPorts = 1>

State 3 <SV = 2> <Delay = 6.91>
ST_3 : Operation 69 [1/1] (0.69ns)   --->   "%select_ln24 = select i1 %icmp_ln43, i32 0, i32 %j_load" [/home/cristi/Documents/ACES/RC-Project/HLS/LinearImageFiltering.cpp:24]   --->   Operation 69 'select' 'select_ln24' <Predicate = (!icmp_ln39)> <Delay = 0.69> <CoreInst = "Sel">   --->   Core 73 'Sel' <Latency = 0> <II = 1> <Delay = 0.69> <FuncUnit> <Opcode : 'select'> <InPorts = 3> <OutPorts = 1>
ST_3 : Operation 70 [1/1] (2.55ns)   --->   "%newRow_11 = add i32 %select_ln39, i32 %add_0_read" [/home/cristi/Documents/ACES/RC-Project/HLS/LinearImageFiltering.cpp:39]   --->   Operation 70 'add' 'newRow_11' <Predicate = (!icmp_ln39)> <Delay = 2.55> <CoreInst = "Adder">   --->   Core 1 'Adder' <Latency = 0> <II = 1> <Delay = 2.55> <FuncUnit> <Opcode : 'add' 'sub'> <InPorts = 2> <OutPorts = 1>
ST_3 : Operation 71 [1/1] (0.00ns)   --->   "%empty_73 = trunc i32 %newRow_11" [/home/cristi/Documents/ACES/RC-Project/HLS/LinearImageFiltering.cpp:39]   --->   Operation 71 'trunc' 'empty_73' <Predicate = (!icmp_ln39)> <Delay = 0.00>
ST_3 : Operation 72 [1/1] (0.00ns)   --->   "%empty_74 = trunc i32 %newRow_11" [/home/cristi/Documents/ACES/RC-Project/HLS/LinearImageFiltering.cpp:39]   --->   Operation 72 'trunc' 'empty_74' <Predicate = (!icmp_ln39)> <Delay = 0.00>
ST_3 : Operation 73 [1/1] (0.00ns)   --->   "%tmp_23 = bitselect i1 @_ssdm_op_BitSelect.i1.i32.i32, i32 %newRow_11, i32 31" [/home/cristi/Documents/ACES/RC-Project/HLS/LinearImageFiltering.cpp:39]   --->   Operation 73 'bitselect' 'tmp_23' <Predicate = (!icmp_ln39)> <Delay = 0.00>
ST_3 : Operation 74 [2/2] (6.91ns)   --->   "%mul17_2 = mul i32 %select_ln39, i32 %kernel_dim_read" [/home/cristi/Documents/ACES/RC-Project/HLS/LinearImageFiltering.cpp:39]   --->   Operation 74 'mul' 'mul17_2' <Predicate = (!icmp_ln39)> <Delay = 6.91> <CoreInst = "Multiplier">   --->   Core 3 'Multiplier' <Latency = 1> <II = 1> <Delay = 6.91> <FuncUnit> <Opcode : 'mul'> <InPorts = 2> <OutPorts = 1>
ST_3 : Operation 75 [1/1] (0.73ns)   --->   "%newRow_16 = select i1 %tmp_23, i31 0, i31 %empty_74" [/home/cristi/Documents/ACES/RC-Project/HLS/LinearImageFiltering.cpp:39]   --->   Operation 75 'select' 'newRow_16' <Predicate = (!icmp_ln39)> <Delay = 0.73> <CoreInst = "Sel">   --->   Core 73 'Sel' <Latency = 0> <II = 1> <Delay = 0.73> <FuncUnit> <Opcode : 'select'> <InPorts = 3> <OutPorts = 1>
ST_3 : Operation 76 [1/1] (0.00ns)   --->   "%newRow_16_cast66 = zext i31 %newRow_16" [/home/cristi/Documents/ACES/RC-Project/HLS/LinearImageFiltering.cpp:39]   --->   Operation 76 'zext' 'newRow_16_cast66' <Predicate = (!icmp_ln39)> <Delay = 0.00>
ST_3 : Operation 77 [1/1] (0.00ns) (grouped into LUT with out node newRow_17)   --->   "%empty_75 = trunc i31 %newRow_16" [/home/cristi/Documents/ACES/RC-Project/HLS/LinearImageFiltering.cpp:39]   --->   Operation 77 'trunc' 'empty_75' <Predicate = (!icmp_ln39)> <Delay = 0.00>
ST_3 : Operation 78 [1/1] (2.55ns)   --->   "%ult43 = icmp_ult  i32 %newRow_16_cast66, i32 %rows_read" [/home/cristi/Documents/ACES/RC-Project/HLS/LinearImageFiltering.cpp:39]   --->   Operation 78 'icmp' 'ult43' <Predicate = (!icmp_ln39)> <Delay = 2.55> <CoreInst = "Cmp">   --->   Core 9 'Cmp' <Latency = 0> <II = 1> <Delay = 2.55> <FuncUnit> <Opcode : 'icmp'> <InPorts = 2> <OutPorts = 1>
ST_3 : Operation 79 [1/1] (0.00ns) (grouped into LUT with out node newRow_17)   --->   "%rev44 = xor i1 %ult43, i1 1" [/home/cristi/Documents/ACES/RC-Project/HLS/LinearImageFiltering.cpp:39]   --->   Operation 79 'xor' 'rev44' <Predicate = (!icmp_ln39)> <Delay = 0.00> <CoreInst = "LogicGate">   --->   Core 74 'LogicGate' <Latency = 0> <II = 1> <Delay = 0.97> <FuncUnit> <Opcode : 'and' 'or' 'xor'> <InPorts = 2> <OutPorts = 1>
ST_3 : Operation 80 [1/1] (0.97ns) (out node of the LUT)   --->   "%newRow_17 = select i1 %rev44, i30 %newRow_2_read, i30 %empty_75" [/home/cristi/Documents/ACES/RC-Project/HLS/LinearImageFiltering.cpp:39]   --->   Operation 80 'select' 'newRow_17' <Predicate = (!icmp_ln39)> <Delay = 0.97> <CoreInst = "Sel">   --->   Core 73 'Sel' <Latency = 0> <II = 1> <Delay = 0.76> <FuncUnit> <Opcode : 'select'> <InPorts = 3> <OutPorts = 1>
ST_3 : Operation 81 [1/1] (0.00ns) (grouped into TernaryAdder)   --->   "%sub_ln48 = sub i32 %col_2_read, i32 %p_cast" [/home/cristi/Documents/ACES/RC-Project/HLS/LinearImageFiltering.cpp:48]   --->   Operation 81 'sub' 'sub_ln48' <Predicate = (!icmp_ln39)> <Delay = 0.00> <CoreInst = "TAddSub">   --->   Core 10 'TAddSub' <Latency = 0> <II = 1> <Delay = 2.15> <IPBlock> <Opcode : '' 'add' 'sub'> <InPorts = 3> <OutPorts = 1> <Sync> <CReg>
ST_3 : Operation 82 [1/1] (4.37ns) (root node of TernaryAdder)   --->   "%newCol = add i32 %select_ln24, i32 %sub_ln48" [/home/cristi/Documents/ACES/RC-Project/HLS/LinearImageFiltering.cpp:48]   --->   Operation 82 'add' 'newCol' <Predicate = (!icmp_ln39)> <Delay = 4.37> <CoreInst = "TAddSub">   --->   Core 10 'TAddSub' <Latency = 0> <II = 1> <Delay = 2.15> <IPBlock> <Opcode : '' 'add' 'sub'> <InPorts = 3> <OutPorts = 1> <Sync> <CReg>
ST_3 : Operation 83 [1/1] (0.00ns)   --->   "%trunc_ln27 = trunc i32 %newCol" [/home/cristi/Documents/ACES/RC-Project/HLS/LinearImageFiltering.cpp:27]   --->   Operation 83 'trunc' 'trunc_ln27' <Predicate = (!icmp_ln39)> <Delay = 0.00>
ST_3 : Operation 84 [1/1] (0.00ns)   --->   "%trunc_ln27_22 = trunc i32 %newCol" [/home/cristi/Documents/ACES/RC-Project/HLS/LinearImageFiltering.cpp:27]   --->   Operation 84 'trunc' 'trunc_ln27_22' <Predicate = (!icmp_ln39)> <Delay = 0.00>
ST_3 : Operation 85 [1/1] (0.00ns)   --->   "%tmp_24 = bitselect i1 @_ssdm_op_BitSelect.i1.i32.i32, i32 %newCol, i32 31" [/home/cristi/Documents/ACES/RC-Project/HLS/LinearImageFiltering.cpp:69->/home/cristi/Documents/ACES/RC-Project/HLS/LinearImageFiltering.cpp:50]   --->   Operation 85 'bitselect' 'tmp_24' <Predicate = (!icmp_ln39)> <Delay = 0.00>

State 4 <SV = 3> <Delay = 6.91>
ST_4 : Operation 86 [1/1] (0.00ns)   --->   "%specloopname_ln0 = specloopname void @_ssdm_op_SpecLoopName, void @ker_rows_ker_cols_str"   --->   Operation 86 'specloopname' 'specloopname_ln0' <Predicate = (!icmp_ln39)> <Delay = 0.00>
ST_4 : Operation 87 [1/1] (0.00ns)   --->   "%speclooptripcount_ln0 = speclooptripcount void @_ssdm_op_SpecLoopTripCount, i64 9, i64 121, i64 25"   --->   Operation 87 'speclooptripcount' 'speclooptripcount_ln0' <Predicate = (!icmp_ln39)> <Delay = 0.00>
ST_4 : Operation 88 [1/1] (2.55ns)   --->   "%ult = icmp_ult  i32 %newRow_11, i32 %rows_read" [/home/cristi/Documents/ACES/RC-Project/HLS/LinearImageFiltering.cpp:39]   --->   Operation 88 'icmp' 'ult' <Predicate = (!icmp_ln39)> <Delay = 2.55> <CoreInst = "Cmp">   --->   Core 9 'Cmp' <Latency = 0> <II = 1> <Delay = 2.55> <FuncUnit> <Opcode : 'icmp'> <InPorts = 2> <OutPorts = 1>
ST_4 : Operation 89 [1/1] (0.00ns) (grouped into LUT with out node or_ln69_5)   --->   "%rev42 = xor i1 %ult, i1 1" [/home/cristi/Documents/ACES/RC-Project/HLS/LinearImageFiltering.cpp:39]   --->   Operation 89 'xor' 'rev42' <Predicate = (!icmp_ln39)> <Delay = 0.00> <CoreInst = "LogicGate">   --->   Core 74 'LogicGate' <Latency = 0> <II = 1> <Delay = 0.97> <FuncUnit> <Opcode : 'and' 'or' 'xor'> <InPorts = 2> <OutPorts = 1>
ST_4 : Operation 90 [1/2] (6.91ns)   --->   "%mul17_2 = mul i32 %select_ln39, i32 %kernel_dim_read" [/home/cristi/Documents/ACES/RC-Project/HLS/LinearImageFiltering.cpp:39]   --->   Operation 90 'mul' 'mul17_2' <Predicate = (!icmp_ln39)> <Delay = 6.91> <CoreInst = "Multiplier">   --->   Core 3 'Multiplier' <Latency = 1> <II = 1> <Delay = 6.91> <FuncUnit> <Opcode : 'mul'> <InPorts = 2> <OutPorts = 1>
ST_4 : Operation 91 [1/1] (0.00ns)   --->   "%trunc_ln55 = trunc i32 %mul17_2" [/home/cristi/Documents/ACES/RC-Project/HLS/LinearImageFiltering.cpp:55]   --->   Operation 91 'trunc' 'trunc_ln55' <Predicate = (!icmp_ln39)> <Delay = 0.00>
ST_4 : Operation 92 [1/1] (0.00ns)   --->   "%specpipeline_ln24 = specpipeline void @_ssdm_op_SpecPipeline, i32 4294967295, i32 0, i32 0, i32 0, void @empty_2" [/home/cristi/Documents/ACES/RC-Project/HLS/LinearImageFiltering.cpp:24]   --->   Operation 92 'specpipeline' 'specpipeline_ln24' <Predicate = (!icmp_ln39)> <Delay = 0.00>
ST_4 : Operation 93 [1/1] (2.55ns)   --->   "%icmp_ln69 = icmp_ult  i32 %newCol, i32 %cols_read" [/home/cristi/Documents/ACES/RC-Project/HLS/LinearImageFiltering.cpp:69->/home/cristi/Documents/ACES/RC-Project/HLS/LinearImageFiltering.cpp:50]   --->   Operation 93 'icmp' 'icmp_ln69' <Predicate = (!icmp_ln39)> <Delay = 2.55> <CoreInst = "Cmp">   --->   Core 9 'Cmp' <Latency = 0> <II = 1> <Delay = 2.55> <FuncUnit> <Opcode : 'icmp'> <InPorts = 2> <OutPorts = 1>
ST_4 : Operation 94 [1/1] (0.00ns) (grouped into LUT with out node or_ln69_5)   --->   "%xor_ln69 = xor i1 %icmp_ln69, i1 1" [/home/cristi/Documents/ACES/RC-Project/HLS/LinearImageFiltering.cpp:69->/home/cristi/Documents/ACES/RC-Project/HLS/LinearImageFiltering.cpp:50]   --->   Operation 94 'xor' 'xor_ln69' <Predicate = (!icmp_ln39)> <Delay = 0.00> <CoreInst = "LogicGate">   --->   Core 74 'LogicGate' <Latency = 0> <II = 1> <Delay = 0.97> <FuncUnit> <Opcode : 'and' 'or' 'xor'> <InPorts = 2> <OutPorts = 1>
ST_4 : Operation 95 [1/1] (0.00ns) (grouped into LUT with out node or_ln69_5)   --->   "%or_ln69_10 = or i1 %tmp_24, i1 %xor_ln69" [/home/cristi/Documents/ACES/RC-Project/HLS/LinearImageFiltering.cpp:69->/home/cristi/Documents/ACES/RC-Project/HLS/LinearImageFiltering.cpp:50]   --->   Operation 95 'or' 'or_ln69_10' <Predicate = (!icmp_ln39)> <Delay = 0.00> <CoreInst = "LogicGate">   --->   Core 74 'LogicGate' <Latency = 0> <II = 1> <Delay = 0.97> <FuncUnit> <Opcode : 'and' 'or' 'xor'> <InPorts = 2> <OutPorts = 1>
ST_4 : Operation 96 [1/1] (0.00ns) (grouped into LUT with out node or_ln69_5)   --->   "%or_ln69_8 = or i1 %rev42, i1 %tmp_23" [/home/cristi/Documents/ACES/RC-Project/HLS/LinearImageFiltering.cpp:69->/home/cristi/Documents/ACES/RC-Project/HLS/LinearImageFiltering.cpp:50]   --->   Operation 96 'or' 'or_ln69_8' <Predicate = (!icmp_ln39)> <Delay = 0.00> <CoreInst = "LogicGate">   --->   Core 74 'LogicGate' <Latency = 0> <II = 1> <Delay = 0.97> <FuncUnit> <Opcode : 'and' 'or' 'xor'> <InPorts = 2> <OutPorts = 1>
ST_4 : Operation 97 [1/1] (0.97ns) (out node of the LUT)   --->   "%or_ln69_5 = or i1 %or_ln69_8, i1 %or_ln69_10" [/home/cristi/Documents/ACES/RC-Project/HLS/LinearImageFiltering.cpp:69->/home/cristi/Documents/ACES/RC-Project/HLS/LinearImageFiltering.cpp:50]   --->   Operation 97 'or' 'or_ln69_5' <Predicate = (!icmp_ln39)> <Delay = 0.97> <CoreInst = "LogicGate">   --->   Core 74 'LogicGate' <Latency = 0> <II = 1> <Delay = 0.97> <FuncUnit> <Opcode : 'and' 'or' 'xor'> <InPorts = 2> <OutPorts = 1>
ST_4 : Operation 98 [1/1] (1.70ns)   --->   "%br_ln69 = br i1 %or_ln69_5, void %if.end.2, void %if.then.i.2" [/home/cristi/Documents/ACES/RC-Project/HLS/LinearImageFiltering.cpp:69->/home/cristi/Documents/ACES/RC-Project/HLS/LinearImageFiltering.cpp:50]   --->   Operation 98 'br' 'br_ln69' <Predicate = (!icmp_ln39)> <Delay = 1.70>
ST_4 : Operation 99 [1/1] (1.93ns)   --->   "%switch_ln71 = switch i8 %padding_read, void %for.inc.2, i8 1, void %sw.bb.i.2, i8 2, void %sw.bb18.i.2_ifconv" [/home/cristi/Documents/ACES/RC-Project/HLS/LinearImageFiltering.cpp:71->/home/cristi/Documents/ACES/RC-Project/HLS/LinearImageFiltering.cpp:50]   --->   Operation 99 'switch' 'switch_ln71' <Predicate = (!icmp_ln39 & or_ln69_5)> <Delay = 1.93>
ST_4 : Operation 100 [1/1] (2.55ns)   --->   "%neg10 = sub i32 0, i32 %newRow_11" [/home/cristi/Documents/ACES/RC-Project/HLS/LinearImageFiltering.cpp:39]   --->   Operation 100 'sub' 'neg10' <Predicate = (!icmp_ln39 & or_ln69_5 & tmp_23 & padding_read == 2)> <Delay = 2.55> <CoreInst = "Adder">   --->   Core 1 'Adder' <Latency = 0> <II = 1> <Delay = 2.55> <FuncUnit> <Opcode : 'add' 'sub'> <InPorts = 2> <OutPorts = 1>
ST_4 : Operation 101 [1/1] (2.55ns)   --->   "%abscond11 = icmp_sgt  i32 %newRow_11, i32 0" [/home/cristi/Documents/ACES/RC-Project/HLS/LinearImageFiltering.cpp:39]   --->   Operation 101 'icmp' 'abscond11' <Predicate = (!icmp_ln39 & or_ln69_5 & tmp_23 & padding_read == 2)> <Delay = 2.55> <CoreInst = "Cmp">   --->   Core 9 'Cmp' <Latency = 0> <II = 1> <Delay = 2.55> <FuncUnit> <Opcode : 'icmp'> <InPorts = 2> <OutPorts = 1>
ST_4 : Operation 102 [1/1] (0.00ns) (grouped into LUT with out node newRow)   --->   "%abs12 = select i1 %abscond11, i32 %newRow_11, i32 %neg10" [/home/cristi/Documents/ACES/RC-Project/HLS/LinearImageFiltering.cpp:39]   --->   Operation 102 'select' 'abs12' <Predicate = (!icmp_ln39 & or_ln69_5 & tmp_23 & padding_read == 2)> <Delay = 0.00> <CoreInst = "Sel">   --->   Core 73 'Sel' <Latency = 0> <II = 1> <Delay = 0.69> <FuncUnit> <Opcode : 'select'> <InPorts = 3> <OutPorts = 1>
ST_4 : Operation 103 [1/1] (2.55ns) (out node of the LUT)   --->   "%newRow = add i32 %abs12, i32 4294967295" [/home/cristi/Documents/ACES/RC-Project/HLS/LinearImageFiltering.cpp:94->/home/cristi/Documents/ACES/RC-Project/HLS/LinearImageFiltering.cpp:50]   --->   Operation 103 'add' 'newRow' <Predicate = (!icmp_ln39 & or_ln69_5 & tmp_23 & padding_read == 2)> <Delay = 2.55> <CoreInst = "Adder">   --->   Core 1 'Adder' <Latency = 0> <II = 1> <Delay = 2.55> <FuncUnit> <Opcode : 'add' 'sub'> <InPorts = 2> <OutPorts = 1>
ST_4 : Operation 104 [1/1] (0.69ns)   --->   "%newRow_20 = select i1 %tmp_23, i32 %newRow, i32 %newRow_11" [/home/cristi/Documents/ACES/RC-Project/HLS/LinearImageFiltering.cpp:39]   --->   Operation 104 'select' 'newRow_20' <Predicate = (!icmp_ln39 & or_ln69_5 & padding_read == 2)> <Delay = 0.69> <CoreInst = "Sel">   --->   Core 73 'Sel' <Latency = 0> <II = 1> <Delay = 0.69> <FuncUnit> <Opcode : 'select'> <InPorts = 3> <OutPorts = 1>
ST_4 : Operation 105 [1/1] (0.00ns)   --->   "%trunc_ln26 = trunc i32 %newRow_20" [/home/cristi/Documents/ACES/RC-Project/HLS/LinearImageFiltering.cpp:26]   --->   Operation 105 'trunc' 'trunc_ln26' <Predicate = (!icmp_ln39 & or_ln69_5 & padding_read == 2)> <Delay = 0.00>
ST_4 : Operation 106 [1/1] (2.55ns)   --->   "%neg13 = sub i32 0, i32 %newCol" [/home/cristi/Documents/ACES/RC-Project/HLS/LinearImageFiltering.cpp:48]   --->   Operation 106 'sub' 'neg13' <Predicate = (!icmp_ln39 & or_ln69_5 & tmp_24 & padding_read == 2)> <Delay = 2.55> <CoreInst = "Adder">   --->   Core 1 'Adder' <Latency = 0> <II = 1> <Delay = 2.55> <FuncUnit> <Opcode : 'add' 'sub'> <InPorts = 2> <OutPorts = 1>
ST_4 : Operation 107 [1/1] (2.55ns)   --->   "%abscond14 = icmp_sgt  i32 %newCol, i32 0" [/home/cristi/Documents/ACES/RC-Project/HLS/LinearImageFiltering.cpp:48]   --->   Operation 107 'icmp' 'abscond14' <Predicate = (!icmp_ln39 & or_ln69_5 & tmp_24 & padding_read == 2)> <Delay = 2.55> <CoreInst = "Cmp">   --->   Core 9 'Cmp' <Latency = 0> <II = 1> <Delay = 2.55> <FuncUnit> <Opcode : 'icmp'> <InPorts = 2> <OutPorts = 1>
ST_4 : Operation 108 [1/1] (0.00ns) (grouped into LUT with out node newCol_50)   --->   "%abs15 = select i1 %abscond14, i32 %newCol, i32 %neg13" [/home/cristi/Documents/ACES/RC-Project/HLS/LinearImageFiltering.cpp:48]   --->   Operation 108 'select' 'abs15' <Predicate = (!icmp_ln39 & or_ln69_5 & tmp_24 & padding_read == 2)> <Delay = 0.00> <CoreInst = "Sel">   --->   Core 73 'Sel' <Latency = 0> <II = 1> <Delay = 0.69> <FuncUnit> <Opcode : 'select'> <InPorts = 3> <OutPorts = 1>
ST_4 : Operation 109 [1/1] (2.55ns) (out node of the LUT)   --->   "%newCol_50 = add i32 %abs15, i32 4294967295" [/home/cristi/Documents/ACES/RC-Project/HLS/LinearImageFiltering.cpp:102->/home/cristi/Documents/ACES/RC-Project/HLS/LinearImageFiltering.cpp:50]   --->   Operation 109 'add' 'newCol_50' <Predicate = (!icmp_ln39 & or_ln69_5 & tmp_24 & padding_read == 2)> <Delay = 2.55> <CoreInst = "Adder">   --->   Core 1 'Adder' <Latency = 0> <II = 1> <Delay = 2.55> <FuncUnit> <Opcode : 'add' 'sub'> <InPorts = 2> <OutPorts = 1>
ST_4 : Operation 110 [1/1] (0.69ns)   --->   "%newCol_51 = select i1 %tmp_24, i32 %newCol_50, i32 %newCol" [/home/cristi/Documents/ACES/RC-Project/HLS/LinearImageFiltering.cpp:69->/home/cristi/Documents/ACES/RC-Project/HLS/LinearImageFiltering.cpp:50]   --->   Operation 110 'select' 'newCol_51' <Predicate = (!icmp_ln39 & or_ln69_5 & padding_read == 2)> <Delay = 0.69> <CoreInst = "Sel">   --->   Core 73 'Sel' <Latency = 0> <II = 1> <Delay = 0.69> <FuncUnit> <Opcode : 'select'> <InPorts = 3> <OutPorts = 1>
ST_4 : Operation 111 [1/1] (0.00ns)   --->   "%trunc_ln27_24 = trunc i32 %newCol_51" [/home/cristi/Documents/ACES/RC-Project/HLS/LinearImageFiltering.cpp:27]   --->   Operation 111 'trunc' 'trunc_ln27_24' <Predicate = (!icmp_ln39 & or_ln69_5 & padding_read == 2)> <Delay = 0.00>
ST_4 : Operation 112 [1/1] (0.73ns)   --->   "%newCol_48 = select i1 %tmp_24, i31 0, i31 %trunc_ln27_22" [/home/cristi/Documents/ACES/RC-Project/HLS/LinearImageFiltering.cpp:82->/home/cristi/Documents/ACES/RC-Project/HLS/LinearImageFiltering.cpp:50]   --->   Operation 112 'select' 'newCol_48' <Predicate = (!icmp_ln39 & or_ln69_5 & padding_read == 1)> <Delay = 0.73> <CoreInst = "Sel">   --->   Core 73 'Sel' <Latency = 0> <II = 1> <Delay = 0.73> <FuncUnit> <Opcode : 'select'> <InPorts = 3> <OutPorts = 1>
ST_4 : Operation 113 [1/1] (0.00ns)   --->   "%zext_ln27 = zext i31 %newCol_48" [/home/cristi/Documents/ACES/RC-Project/HLS/LinearImageFiltering.cpp:27]   --->   Operation 113 'zext' 'zext_ln27' <Predicate = (!icmp_ln39 & or_ln69_5 & padding_read == 1)> <Delay = 0.00>
ST_4 : Operation 114 [1/1] (0.00ns) (grouped into LUT with out node newCol_49)   --->   "%trunc_ln27_23 = trunc i31 %newCol_48" [/home/cristi/Documents/ACES/RC-Project/HLS/LinearImageFiltering.cpp:27]   --->   Operation 114 'trunc' 'trunc_ln27_23' <Predicate = (!icmp_ln39 & or_ln69_5 & padding_read == 1)> <Delay = 0.00>
ST_4 : Operation 115 [1/1] (2.55ns)   --->   "%icmp_ln86 = icmp_ult  i32 %zext_ln27, i32 %cols_read" [/home/cristi/Documents/ACES/RC-Project/HLS/LinearImageFiltering.cpp:86->/home/cristi/Documents/ACES/RC-Project/HLS/LinearImageFiltering.cpp:50]   --->   Operation 115 'icmp' 'icmp_ln86' <Predicate = (!icmp_ln39 & or_ln69_5 & padding_read == 1)> <Delay = 2.55> <CoreInst = "Cmp">   --->   Core 9 'Cmp' <Latency = 0> <II = 1> <Delay = 2.55> <FuncUnit> <Opcode : 'icmp'> <InPorts = 2> <OutPorts = 1>
ST_4 : Operation 116 [1/1] (0.00ns) (grouped into LUT with out node newCol_49)   --->   "%xor_ln86 = xor i1 %icmp_ln86, i1 1" [/home/cristi/Documents/ACES/RC-Project/HLS/LinearImageFiltering.cpp:86->/home/cristi/Documents/ACES/RC-Project/HLS/LinearImageFiltering.cpp:50]   --->   Operation 116 'xor' 'xor_ln86' <Predicate = (!icmp_ln39 & or_ln69_5 & padding_read == 1)> <Delay = 0.00> <CoreInst = "LogicGate">   --->   Core 74 'LogicGate' <Latency = 0> <II = 1> <Delay = 0.97> <FuncUnit> <Opcode : 'and' 'or' 'xor'> <InPorts = 2> <OutPorts = 1>
ST_4 : Operation 117 [1/1] (0.97ns) (out node of the LUT)   --->   "%newCol_49 = select i1 %xor_ln86, i30 %newCol_2_read, i30 %trunc_ln27_23" [/home/cristi/Documents/ACES/RC-Project/HLS/LinearImageFiltering.cpp:86->/home/cristi/Documents/ACES/RC-Project/HLS/LinearImageFiltering.cpp:50]   --->   Operation 117 'select' 'newCol_49' <Predicate = (!icmp_ln39 & or_ln69_5 & padding_read == 1)> <Delay = 0.97> <CoreInst = "Sel">   --->   Core 73 'Sel' <Latency = 0> <II = 1> <Delay = 0.76> <FuncUnit> <Opcode : 'select'> <InPorts = 3> <OutPorts = 1>
ST_4 : Operation 118 [1/1] (1.70ns)   --->   "%br_ln90 = br void %if.end.2" [/home/cristi/Documents/ACES/RC-Project/HLS/LinearImageFiltering.cpp:90->/home/cristi/Documents/ACES/RC-Project/HLS/LinearImageFiltering.cpp:50]   --->   Operation 118 'br' 'br_ln90' <Predicate = (!icmp_ln39 & or_ln69_5 & padding_read == 1)> <Delay = 1.70>

State 5 <SV = 4> <Delay = 6.99>
ST_5 : Operation 119 [1/1] (2.55ns)   --->   "%icmp_ln96 = icmp_ult  i32 %newRow_20, i32 %rows_read" [/home/cristi/Documents/ACES/RC-Project/HLS/LinearImageFiltering.cpp:96->/home/cristi/Documents/ACES/RC-Project/HLS/LinearImageFiltering.cpp:50]   --->   Operation 119 'icmp' 'icmp_ln96' <Predicate = (!icmp_ln39 & or_ln69_5 & padding_read == 2)> <Delay = 2.55> <CoreInst = "Cmp">   --->   Core 9 'Cmp' <Latency = 0> <II = 1> <Delay = 2.55> <FuncUnit> <Opcode : 'icmp'> <InPorts = 2> <OutPorts = 1>
ST_5 : Operation 120 [1/1] (0.00ns) (grouped into LUT with out node newRow_38)   --->   "%xor_ln96 = xor i1 %icmp_ln96, i1 1" [/home/cristi/Documents/ACES/RC-Project/HLS/LinearImageFiltering.cpp:96->/home/cristi/Documents/ACES/RC-Project/HLS/LinearImageFiltering.cpp:50]   --->   Operation 120 'xor' 'xor_ln96' <Predicate = (!icmp_ln39 & or_ln69_5 & padding_read == 2)> <Delay = 0.00> <CoreInst = "LogicGate">   --->   Core 74 'LogicGate' <Latency = 0> <II = 1> <Delay = 0.97> <FuncUnit> <Opcode : 'and' 'or' 'xor'> <InPorts = 2> <OutPorts = 1>
ST_5 : Operation 121 [1/1] (0.00ns) (grouped into TernaryAdder)   --->   "%add_ln98 = add i30 %mul_i_read, i30 1073741823" [/home/cristi/Documents/ACES/RC-Project/HLS/LinearImageFiltering.cpp:98->/home/cristi/Documents/ACES/RC-Project/HLS/LinearImageFiltering.cpp:50]   --->   Operation 121 'add' 'add_ln98' <Predicate = (!icmp_ln39 & or_ln69_5 & padding_read == 2)> <Delay = 0.00> <CoreInst = "TAddSub">   --->   Core 10 'TAddSub' <Latency = 0> <II = 1> <Delay = 2.15> <IPBlock> <Opcode : '' 'add' 'sub'> <InPorts = 3> <OutPorts = 1> <Sync> <CReg>
ST_5 : Operation 122 [1/1] (4.31ns) (root node of TernaryAdder)   --->   "%newRow_37 = sub i30 %add_ln98, i30 %trunc_ln26" [/home/cristi/Documents/ACES/RC-Project/HLS/LinearImageFiltering.cpp:98->/home/cristi/Documents/ACES/RC-Project/HLS/LinearImageFiltering.cpp:50]   --->   Operation 122 'sub' 'newRow_37' <Predicate = (!icmp_ln39 & or_ln69_5 & padding_read == 2)> <Delay = 4.31> <CoreInst = "TAddSub">   --->   Core 10 'TAddSub' <Latency = 0> <II = 1> <Delay = 2.15> <IPBlock> <Opcode : '' 'add' 'sub'> <InPorts = 3> <OutPorts = 1> <Sync> <CReg>
ST_5 : Operation 123 [1/1] (0.97ns) (out node of the LUT)   --->   "%newRow_38 = select i1 %xor_ln96, i30 %newRow_37, i30 %trunc_ln26" [/home/cristi/Documents/ACES/RC-Project/HLS/LinearImageFiltering.cpp:96->/home/cristi/Documents/ACES/RC-Project/HLS/LinearImageFiltering.cpp:50]   --->   Operation 123 'select' 'newRow_38' <Predicate = (!icmp_ln39 & or_ln69_5 & padding_read == 2)> <Delay = 0.97> <CoreInst = "Sel">   --->   Core 73 'Sel' <Latency = 0> <II = 1> <Delay = 0.76> <FuncUnit> <Opcode : 'select'> <InPorts = 3> <OutPorts = 1>
ST_5 : Operation 124 [1/1] (2.55ns)   --->   "%icmp_ln104 = icmp_ult  i32 %newCol_51, i32 %cols_read" [/home/cristi/Documents/ACES/RC-Project/HLS/LinearImageFiltering.cpp:104->/home/cristi/Documents/ACES/RC-Project/HLS/LinearImageFiltering.cpp:50]   --->   Operation 124 'icmp' 'icmp_ln104' <Predicate = (!icmp_ln39 & or_ln69_5 & padding_read == 2)> <Delay = 2.55> <CoreInst = "Cmp">   --->   Core 9 'Cmp' <Latency = 0> <II = 1> <Delay = 2.55> <FuncUnit> <Opcode : 'icmp'> <InPorts = 2> <OutPorts = 1>
ST_5 : Operation 125 [1/1] (0.00ns) (grouped into LUT with out node newCol_53)   --->   "%xor_ln104 = xor i1 %icmp_ln104, i1 1" [/home/cristi/Documents/ACES/RC-Project/HLS/LinearImageFiltering.cpp:104->/home/cristi/Documents/ACES/RC-Project/HLS/LinearImageFiltering.cpp:50]   --->   Operation 125 'xor' 'xor_ln104' <Predicate = (!icmp_ln39 & or_ln69_5 & padding_read == 2)> <Delay = 0.00> <CoreInst = "LogicGate">   --->   Core 74 'LogicGate' <Latency = 0> <II = 1> <Delay = 0.97> <FuncUnit> <Opcode : 'and' 'or' 'xor'> <InPorts = 2> <OutPorts = 1>
ST_5 : Operation 126 [1/1] (0.00ns) (grouped into TernaryAdder)   --->   "%add_ln106 = add i30 %mul35_i_read, i30 1073741823" [/home/cristi/Documents/ACES/RC-Project/HLS/LinearImageFiltering.cpp:106->/home/cristi/Documents/ACES/RC-Project/HLS/LinearImageFiltering.cpp:50]   --->   Operation 126 'add' 'add_ln106' <Predicate = (!icmp_ln39 & or_ln69_5 & padding_read == 2)> <Delay = 0.00> <CoreInst = "TAddSub">   --->   Core 10 'TAddSub' <Latency = 0> <II = 1> <Delay = 2.15> <IPBlock> <Opcode : '' 'add' 'sub'> <InPorts = 3> <OutPorts = 1> <Sync> <CReg>
ST_5 : Operation 127 [1/1] (4.31ns) (root node of TernaryAdder)   --->   "%newCol_52 = sub i30 %add_ln106, i30 %trunc_ln27_24" [/home/cristi/Documents/ACES/RC-Project/HLS/LinearImageFiltering.cpp:106->/home/cristi/Documents/ACES/RC-Project/HLS/LinearImageFiltering.cpp:50]   --->   Operation 127 'sub' 'newCol_52' <Predicate = (!icmp_ln39 & or_ln69_5 & padding_read == 2)> <Delay = 4.31> <CoreInst = "TAddSub">   --->   Core 10 'TAddSub' <Latency = 0> <II = 1> <Delay = 2.15> <IPBlock> <Opcode : '' 'add' 'sub'> <InPorts = 3> <OutPorts = 1> <Sync> <CReg>
ST_5 : Operation 128 [1/1] (0.97ns) (out node of the LUT)   --->   "%newCol_53 = select i1 %xor_ln104, i30 %newCol_52, i30 %trunc_ln27_24" [/home/cristi/Documents/ACES/RC-Project/HLS/LinearImageFiltering.cpp:104->/home/cristi/Documents/ACES/RC-Project/HLS/LinearImageFiltering.cpp:50]   --->   Operation 128 'select' 'newCol_53' <Predicate = (!icmp_ln39 & or_ln69_5 & padding_read == 2)> <Delay = 0.97> <CoreInst = "Sel">   --->   Core 73 'Sel' <Latency = 0> <II = 1> <Delay = 0.76> <FuncUnit> <Opcode : 'select'> <InPorts = 3> <OutPorts = 1>
ST_5 : Operation 129 [1/1] (1.70ns)   --->   "%br_ln108 = br void %if.end.2" [/home/cristi/Documents/ACES/RC-Project/HLS/LinearImageFiltering.cpp:108->/home/cristi/Documents/ACES/RC-Project/HLS/LinearImageFiltering.cpp:50]   --->   Operation 129 'br' 'br_ln108' <Predicate = (!icmp_ln39 & or_ln69_5 & padding_read == 2)> <Delay = 1.70>
ST_5 : Operation 130 [1/1] (0.00ns)   --->   "%trunc_ln55_8 = trunc i32 %select_ln24" [/home/cristi/Documents/ACES/RC-Project/HLS/LinearImageFiltering.cpp:55]   --->   Operation 130 'trunc' 'trunc_ln55_8' <Predicate = (!icmp_ln39 & padding_read == 2) | (!icmp_ln39 & padding_read == 1) | (!icmp_ln39 & !or_ln69_5)> <Delay = 0.00>
ST_5 : Operation 131 [1/1] (2.49ns)   --->   "%add_ln55_10 = add i30 %trunc_ln55_8, i30 %trunc_ln55" [/home/cristi/Documents/ACES/RC-Project/HLS/LinearImageFiltering.cpp:55]   --->   Operation 131 'add' 'add_ln55_10' <Predicate = (!icmp_ln39 & padding_read == 2) | (!icmp_ln39 & padding_read == 1) | (!icmp_ln39 & !or_ln69_5)> <Delay = 2.49> <CoreInst = "Adder">   --->   Core 1 'Adder' <Latency = 0> <II = 1> <Delay = 2.49> <FuncUnit> <Opcode : 'add' 'sub'> <InPorts = 2> <OutPorts = 1>
ST_5 : Operation 132 [1/1] (0.00ns)   --->   "%shl_ln55_5 = bitconcatenate i32 @_ssdm_op_BitConcatenate.i32.i30.i2, i30 %add_ln55_10, i2 0" [/home/cristi/Documents/ACES/RC-Project/HLS/LinearImageFiltering.cpp:55]   --->   Operation 132 'bitconcatenate' 'shl_ln55_5' <Predicate = (!icmp_ln39 & padding_read == 2) | (!icmp_ln39 & padding_read == 1) | (!icmp_ln39 & !or_ln69_5)> <Delay = 0.00>
ST_5 : Operation 133 [1/1] (2.55ns)   --->   "%add_ln55_11 = add i32 %shl_ln55_5, i32 %kernel_offset_read" [/home/cristi/Documents/ACES/RC-Project/HLS/LinearImageFiltering.cpp:55]   --->   Operation 133 'add' 'add_ln55_11' <Predicate = (!icmp_ln39 & padding_read == 2) | (!icmp_ln39 & padding_read == 1) | (!icmp_ln39 & !or_ln69_5)> <Delay = 2.55> <CoreInst = "Adder">   --->   Core 1 'Adder' <Latency = 0> <II = 1> <Delay = 2.55> <FuncUnit> <Opcode : 'add' 'sub'> <InPorts = 2> <OutPorts = 1>
ST_5 : Operation 134 [1/1] (0.00ns)   --->   "%trunc_ln55_9 = partselect i30 @_ssdm_op_PartSelect.i30.i32.i32.i32, i32 %add_ln55_11, i32 2, i32 31" [/home/cristi/Documents/ACES/RC-Project/HLS/LinearImageFiltering.cpp:55]   --->   Operation 134 'partselect' 'trunc_ln55_9' <Predicate = (!icmp_ln39 & padding_read == 2) | (!icmp_ln39 & padding_read == 1) | (!icmp_ln39 & !or_ln69_5)> <Delay = 0.00>

State 6 <SV = 5> <Delay = 7.30>
ST_6 : Operation 135 [1/1] (0.00ns)   --->   "%newCol_6_ph_2 = phi i30 %newCol_49, void %sw.bb.i.2, i30 %newCol_53, void %sw.bb18.i.2_ifconv, i30 %trunc_ln27, void %for.inc23.2"   --->   Operation 135 'phi' 'newCol_6_ph_2' <Predicate = (!icmp_ln39 & padding_read == 2) | (!icmp_ln39 & padding_read == 1) | (!icmp_ln39 & !or_ln69_5)> <Delay = 0.00>
ST_6 : Operation 136 [1/1] (0.00ns)   --->   "%newRow_6_ph_2 = phi i30 %newRow_17, void %sw.bb.i.2, i30 %newRow_38, void %sw.bb18.i.2_ifconv, i30 %empty_73, void %for.inc23.2"   --->   Operation 136 'phi' 'newRow_6_ph_2' <Predicate = (!icmp_ln39 & padding_read == 2) | (!icmp_ln39 & padding_read == 1) | (!icmp_ln39 & !or_ln69_5)> <Delay = 0.00>
ST_6 : Operation 137 [2/2] (6.91ns)   --->   "%mul_ln55 = mul i30 %newRow_6_ph_2, i30 %tmp" [/home/cristi/Documents/ACES/RC-Project/HLS/LinearImageFiltering.cpp:55]   --->   Operation 137 'mul' 'mul_ln55' <Predicate = (!icmp_ln39 & padding_read == 2) | (!icmp_ln39 & padding_read == 1) | (!icmp_ln39 & !or_ln69_5)> <Delay = 6.91> <CoreInst = "Multiplier">   --->   Core 3 'Multiplier' <Latency = 1> <II = 1> <Delay = 6.91> <FuncUnit> <Opcode : 'mul'> <InPorts = 2> <OutPorts = 1>
ST_6 : Operation 138 [1/1] (0.00ns)   --->   "%sext_ln55_5 = sext i30 %trunc_ln55_9" [/home/cristi/Documents/ACES/RC-Project/HLS/LinearImageFiltering.cpp:55]   --->   Operation 138 'sext' 'sext_ln55_5' <Predicate = (!icmp_ln39 & padding_read == 2) | (!icmp_ln39 & padding_read == 1) | (!icmp_ln39 & !or_ln69_5)> <Delay = 0.00>
ST_6 : Operation 139 [1/1] (0.00ns)   --->   "%kernel_addr = getelementptr i32 %kernel, i32 %sext_ln55_5" [/home/cristi/Documents/ACES/RC-Project/HLS/LinearImageFiltering.cpp:55]   --->   Operation 139 'getelementptr' 'kernel_addr' <Predicate = (!icmp_ln39 & padding_read == 2) | (!icmp_ln39 & padding_read == 1) | (!icmp_ln39 & !or_ln69_5)> <Delay = 0.00>
ST_6 : Operation 140 [8/8] (7.30ns)   --->   "%kernel_load_2_req = readreq i1 @_ssdm_op_ReadReq.m_axi.i32P1A, i32 %kernel_addr, i32 1" [/home/cristi/Documents/ACES/RC-Project/HLS/LinearImageFiltering.cpp:55]   --->   Operation 140 'readreq' 'kernel_load_2_req' <Predicate = (!icmp_ln39 & padding_read == 2) | (!icmp_ln39 & padding_read == 1) | (!icmp_ln39 & !or_ln69_5)> <Delay = 7.30> <CoreInst = "m_axi">   --->   Core 113 'm_axi' <Latency = 0> <II = 1> <Delay = 1.00> <Adapter> <Opcode : 'read' 'write' 'readreq' 'writereq' 'writeresp'>
ST_6 : Operation 141 [1/1] (2.55ns)   --->   "%add_ln43 = add i32 %select_ln24, i32 1" [/home/cristi/Documents/ACES/RC-Project/HLS/LinearImageFiltering.cpp:43]   --->   Operation 141 'add' 'add_ln43' <Predicate = (!icmp_ln39)> <Delay = 2.55> <CoreInst = "Adder">   --->   Core 1 'Adder' <Latency = 0> <II = 1> <Delay = 2.55> <FuncUnit> <Opcode : 'add' 'sub'> <InPorts = 2> <OutPorts = 1>
ST_6 : Operation 142 [1/1] (1.58ns)   --->   "%store_ln39 = store i64 %add_ln39_4, i64 %indvar_flatten133" [/home/cristi/Documents/ACES/RC-Project/HLS/LinearImageFiltering.cpp:39]   --->   Operation 142 'store' 'store_ln39' <Predicate = (!icmp_ln39)> <Delay = 1.58>
ST_6 : Operation 143 [1/1] (1.58ns)   --->   "%store_ln39 = store i32 %select_ln39, i32 %i" [/home/cristi/Documents/ACES/RC-Project/HLS/LinearImageFiltering.cpp:39]   --->   Operation 143 'store' 'store_ln39' <Predicate = (!icmp_ln39)> <Delay = 1.58>
ST_6 : Operation 144 [1/1] (1.58ns)   --->   "%store_ln43 = store i32 %add_ln43, i32 %j" [/home/cristi/Documents/ACES/RC-Project/HLS/LinearImageFiltering.cpp:43]   --->   Operation 144 'store' 'store_ln43' <Predicate = (!icmp_ln39)> <Delay = 1.58>
ST_6 : Operation 145 [1/1] (0.00ns)   --->   "%br_ln43 = br void %for.body12.2" [/home/cristi/Documents/ACES/RC-Project/HLS/LinearImageFiltering.cpp:43]   --->   Operation 145 'br' 'br_ln43' <Predicate = (!icmp_ln39)> <Delay = 0.00>

State 7 <SV = 6> <Delay = 7.30>
ST_7 : Operation 146 [1/2] (6.91ns)   --->   "%mul_ln55 = mul i30 %newRow_6_ph_2, i30 %tmp" [/home/cristi/Documents/ACES/RC-Project/HLS/LinearImageFiltering.cpp:55]   --->   Operation 146 'mul' 'mul_ln55' <Predicate = (padding_read == 2) | (padding_read == 1) | (!or_ln69_5)> <Delay = 6.91> <CoreInst = "Multiplier">   --->   Core 3 'Multiplier' <Latency = 1> <II = 1> <Delay = 6.91> <FuncUnit> <Opcode : 'mul'> <InPorts = 2> <OutPorts = 1>
ST_7 : Operation 147 [7/8] (7.30ns)   --->   "%kernel_load_2_req = readreq i1 @_ssdm_op_ReadReq.m_axi.i32P1A, i32 %kernel_addr, i32 1" [/home/cristi/Documents/ACES/RC-Project/HLS/LinearImageFiltering.cpp:55]   --->   Operation 147 'readreq' 'kernel_load_2_req' <Predicate = (padding_read == 2) | (padding_read == 1) | (!or_ln69_5)> <Delay = 7.30> <CoreInst = "m_axi">   --->   Core 113 'm_axi' <Latency = 0> <II = 1> <Delay = 1.00> <Adapter> <Opcode : 'read' 'write' 'readreq' 'writereq' 'writeresp'>

State 8 <SV = 7> <Delay = 7.30>
ST_8 : Operation 148 [1/1] (2.49ns)   --->   "%add_ln55_8 = add i30 %mul_ln55, i30 %newCol_6_ph_2" [/home/cristi/Documents/ACES/RC-Project/HLS/LinearImageFiltering.cpp:55]   --->   Operation 148 'add' 'add_ln55_8' <Predicate = (padding_read == 2) | (padding_read == 1) | (!or_ln69_5)> <Delay = 2.49> <CoreInst = "Adder">   --->   Core 1 'Adder' <Latency = 0> <II = 1> <Delay = 2.49> <FuncUnit> <Opcode : 'add' 'sub'> <InPorts = 2> <OutPorts = 1>
ST_8 : Operation 149 [1/1] (0.00ns)   --->   "%shl_ln55_4 = bitconcatenate i32 @_ssdm_op_BitConcatenate.i32.i30.i2, i30 %add_ln55_8, i2 0" [/home/cristi/Documents/ACES/RC-Project/HLS/LinearImageFiltering.cpp:55]   --->   Operation 149 'bitconcatenate' 'shl_ln55_4' <Predicate = (padding_read == 2) | (padding_read == 1) | (!or_ln69_5)> <Delay = 0.00>
ST_8 : Operation 150 [1/1] (2.55ns)   --->   "%add_ln55_9 = add i32 %shl_ln55_4, i32 %image_in_offset_read" [/home/cristi/Documents/ACES/RC-Project/HLS/LinearImageFiltering.cpp:55]   --->   Operation 150 'add' 'add_ln55_9' <Predicate = (padding_read == 2) | (padding_read == 1) | (!or_ln69_5)> <Delay = 2.55> <CoreInst = "Adder">   --->   Core 1 'Adder' <Latency = 0> <II = 1> <Delay = 2.55> <FuncUnit> <Opcode : 'add' 'sub'> <InPorts = 2> <OutPorts = 1>
ST_8 : Operation 151 [1/1] (0.00ns)   --->   "%trunc_ln55_s = partselect i30 @_ssdm_op_PartSelect.i30.i32.i32.i32, i32 %add_ln55_9, i32 2, i32 31" [/home/cristi/Documents/ACES/RC-Project/HLS/LinearImageFiltering.cpp:55]   --->   Operation 151 'partselect' 'trunc_ln55_s' <Predicate = (padding_read == 2) | (padding_read == 1) | (!or_ln69_5)> <Delay = 0.00>
ST_8 : Operation 152 [6/8] (7.30ns)   --->   "%kernel_load_2_req = readreq i1 @_ssdm_op_ReadReq.m_axi.i32P1A, i32 %kernel_addr, i32 1" [/home/cristi/Documents/ACES/RC-Project/HLS/LinearImageFiltering.cpp:55]   --->   Operation 152 'readreq' 'kernel_load_2_req' <Predicate = (padding_read == 2) | (padding_read == 1) | (!or_ln69_5)> <Delay = 7.30> <CoreInst = "m_axi">   --->   Core 113 'm_axi' <Latency = 0> <II = 1> <Delay = 1.00> <Adapter> <Opcode : 'read' 'write' 'readreq' 'writereq' 'writeresp'>

State 9 <SV = 8> <Delay = 7.30>
ST_9 : Operation 153 [1/1] (0.00ns)   --->   "%sext_ln55_4 = sext i30 %trunc_ln55_s" [/home/cristi/Documents/ACES/RC-Project/HLS/LinearImageFiltering.cpp:55]   --->   Operation 153 'sext' 'sext_ln55_4' <Predicate = (padding_read == 2) | (padding_read == 1) | (!or_ln69_5)> <Delay = 0.00>
ST_9 : Operation 154 [1/1] (0.00ns)   --->   "%image_in_addr = getelementptr i32 %image_in, i32 %sext_ln55_4" [/home/cristi/Documents/ACES/RC-Project/HLS/LinearImageFiltering.cpp:55]   --->   Operation 154 'getelementptr' 'image_in_addr' <Predicate = (padding_read == 2) | (padding_read == 1) | (!or_ln69_5)> <Delay = 0.00>
ST_9 : Operation 155 [8/8] (7.30ns)   --->   "%image_in_load_2_req = readreq i1 @_ssdm_op_ReadReq.m_axi.i32P1A, i32 %image_in_addr, i32 1" [/home/cristi/Documents/ACES/RC-Project/HLS/LinearImageFiltering.cpp:55]   --->   Operation 155 'readreq' 'image_in_load_2_req' <Predicate = (padding_read == 2) | (padding_read == 1) | (!or_ln69_5)> <Delay = 7.30> <CoreInst = "m_axi">   --->   Core 113 'm_axi' <Latency = 0> <II = 1> <Delay = 1.00> <Adapter> <Opcode : 'read' 'write' 'readreq' 'writereq' 'writeresp'>
ST_9 : Operation 156 [5/8] (7.30ns)   --->   "%kernel_load_2_req = readreq i1 @_ssdm_op_ReadReq.m_axi.i32P1A, i32 %kernel_addr, i32 1" [/home/cristi/Documents/ACES/RC-Project/HLS/LinearImageFiltering.cpp:55]   --->   Operation 156 'readreq' 'kernel_load_2_req' <Predicate = (padding_read == 2) | (padding_read == 1) | (!or_ln69_5)> <Delay = 7.30> <CoreInst = "m_axi">   --->   Core 113 'm_axi' <Latency = 0> <II = 1> <Delay = 1.00> <Adapter> <Opcode : 'read' 'write' 'readreq' 'writereq' 'writeresp'>

State 10 <SV = 9> <Delay = 7.30>
ST_10 : Operation 157 [7/8] (7.30ns)   --->   "%image_in_load_2_req = readreq i1 @_ssdm_op_ReadReq.m_axi.i32P1A, i32 %image_in_addr, i32 1" [/home/cristi/Documents/ACES/RC-Project/HLS/LinearImageFiltering.cpp:55]   --->   Operation 157 'readreq' 'image_in_load_2_req' <Predicate = (padding_read == 2) | (padding_read == 1) | (!or_ln69_5)> <Delay = 7.30> <CoreInst = "m_axi">   --->   Core 113 'm_axi' <Latency = 0> <II = 1> <Delay = 1.00> <Adapter> <Opcode : 'read' 'write' 'readreq' 'writereq' 'writeresp'>
ST_10 : Operation 158 [4/8] (7.30ns)   --->   "%kernel_load_2_req = readreq i1 @_ssdm_op_ReadReq.m_axi.i32P1A, i32 %kernel_addr, i32 1" [/home/cristi/Documents/ACES/RC-Project/HLS/LinearImageFiltering.cpp:55]   --->   Operation 158 'readreq' 'kernel_load_2_req' <Predicate = (padding_read == 2) | (padding_read == 1) | (!or_ln69_5)> <Delay = 7.30> <CoreInst = "m_axi">   --->   Core 113 'm_axi' <Latency = 0> <II = 1> <Delay = 1.00> <Adapter> <Opcode : 'read' 'write' 'readreq' 'writereq' 'writeresp'>

State 11 <SV = 10> <Delay = 7.30>
ST_11 : Operation 159 [6/8] (7.30ns)   --->   "%image_in_load_2_req = readreq i1 @_ssdm_op_ReadReq.m_axi.i32P1A, i32 %image_in_addr, i32 1" [/home/cristi/Documents/ACES/RC-Project/HLS/LinearImageFiltering.cpp:55]   --->   Operation 159 'readreq' 'image_in_load_2_req' <Predicate = (padding_read == 2) | (padding_read == 1) | (!or_ln69_5)> <Delay = 7.30> <CoreInst = "m_axi">   --->   Core 113 'm_axi' <Latency = 0> <II = 1> <Delay = 1.00> <Adapter> <Opcode : 'read' 'write' 'readreq' 'writereq' 'writeresp'>
ST_11 : Operation 160 [3/8] (7.30ns)   --->   "%kernel_load_2_req = readreq i1 @_ssdm_op_ReadReq.m_axi.i32P1A, i32 %kernel_addr, i32 1" [/home/cristi/Documents/ACES/RC-Project/HLS/LinearImageFiltering.cpp:55]   --->   Operation 160 'readreq' 'kernel_load_2_req' <Predicate = (padding_read == 2) | (padding_read == 1) | (!or_ln69_5)> <Delay = 7.30> <CoreInst = "m_axi">   --->   Core 113 'm_axi' <Latency = 0> <II = 1> <Delay = 1.00> <Adapter> <Opcode : 'read' 'write' 'readreq' 'writereq' 'writeresp'>

State 12 <SV = 11> <Delay = 7.30>
ST_12 : Operation 161 [5/8] (7.30ns)   --->   "%image_in_load_2_req = readreq i1 @_ssdm_op_ReadReq.m_axi.i32P1A, i32 %image_in_addr, i32 1" [/home/cristi/Documents/ACES/RC-Project/HLS/LinearImageFiltering.cpp:55]   --->   Operation 161 'readreq' 'image_in_load_2_req' <Predicate = (padding_read == 2) | (padding_read == 1) | (!or_ln69_5)> <Delay = 7.30> <CoreInst = "m_axi">   --->   Core 113 'm_axi' <Latency = 0> <II = 1> <Delay = 1.00> <Adapter> <Opcode : 'read' 'write' 'readreq' 'writereq' 'writeresp'>
ST_12 : Operation 162 [2/8] (7.30ns)   --->   "%kernel_load_2_req = readreq i1 @_ssdm_op_ReadReq.m_axi.i32P1A, i32 %kernel_addr, i32 1" [/home/cristi/Documents/ACES/RC-Project/HLS/LinearImageFiltering.cpp:55]   --->   Operation 162 'readreq' 'kernel_load_2_req' <Predicate = (padding_read == 2) | (padding_read == 1) | (!or_ln69_5)> <Delay = 7.30> <CoreInst = "m_axi">   --->   Core 113 'm_axi' <Latency = 0> <II = 1> <Delay = 1.00> <Adapter> <Opcode : 'read' 'write' 'readreq' 'writereq' 'writeresp'>

State 13 <SV = 12> <Delay = 7.30>
ST_13 : Operation 163 [4/8] (7.30ns)   --->   "%image_in_load_2_req = readreq i1 @_ssdm_op_ReadReq.m_axi.i32P1A, i32 %image_in_addr, i32 1" [/home/cristi/Documents/ACES/RC-Project/HLS/LinearImageFiltering.cpp:55]   --->   Operation 163 'readreq' 'image_in_load_2_req' <Predicate = (padding_read == 2) | (padding_read == 1) | (!or_ln69_5)> <Delay = 7.30> <CoreInst = "m_axi">   --->   Core 113 'm_axi' <Latency = 0> <II = 1> <Delay = 1.00> <Adapter> <Opcode : 'read' 'write' 'readreq' 'writereq' 'writeresp'>
ST_13 : Operation 164 [1/8] (7.30ns)   --->   "%kernel_load_2_req = readreq i1 @_ssdm_op_ReadReq.m_axi.i32P1A, i32 %kernel_addr, i32 1" [/home/cristi/Documents/ACES/RC-Project/HLS/LinearImageFiltering.cpp:55]   --->   Operation 164 'readreq' 'kernel_load_2_req' <Predicate = (padding_read == 2) | (padding_read == 1) | (!or_ln69_5)> <Delay = 7.30> <CoreInst = "m_axi">   --->   Core 113 'm_axi' <Latency = 0> <II = 1> <Delay = 1.00> <Adapter> <Opcode : 'read' 'write' 'readreq' 'writereq' 'writeresp'>

State 14 <SV = 13> <Delay = 7.30>
ST_14 : Operation 165 [3/8] (7.30ns)   --->   "%image_in_load_2_req = readreq i1 @_ssdm_op_ReadReq.m_axi.i32P1A, i32 %image_in_addr, i32 1" [/home/cristi/Documents/ACES/RC-Project/HLS/LinearImageFiltering.cpp:55]   --->   Operation 165 'readreq' 'image_in_load_2_req' <Predicate = (padding_read == 2) | (padding_read == 1) | (!or_ln69_5)> <Delay = 7.30> <CoreInst = "m_axi">   --->   Core 113 'm_axi' <Latency = 0> <II = 1> <Delay = 1.00> <Adapter> <Opcode : 'read' 'write' 'readreq' 'writereq' 'writeresp'>
ST_14 : Operation 166 [1/1] (7.30ns)   --->   "%kernel_addr_read = read i32 @_ssdm_op_Read.m_axi.i32P1A, i32 %kernel_addr" [/home/cristi/Documents/ACES/RC-Project/HLS/LinearImageFiltering.cpp:55]   --->   Operation 166 'read' 'kernel_addr_read' <Predicate = (padding_read == 2) | (padding_read == 1) | (!or_ln69_5)> <Delay = 7.30> <CoreInst = "m_axi">   --->   Core 113 'm_axi' <Latency = 0> <II = 1> <Delay = 1.00> <Adapter> <Opcode : 'read' 'write' 'readreq' 'writereq' 'writeresp'>

State 15 <SV = 14> <Delay = 7.30>
ST_15 : Operation 167 [2/8] (7.30ns)   --->   "%image_in_load_2_req = readreq i1 @_ssdm_op_ReadReq.m_axi.i32P1A, i32 %image_in_addr, i32 1" [/home/cristi/Documents/ACES/RC-Project/HLS/LinearImageFiltering.cpp:55]   --->   Operation 167 'readreq' 'image_in_load_2_req' <Predicate = (padding_read == 2) | (padding_read == 1) | (!or_ln69_5)> <Delay = 7.30> <CoreInst = "m_axi">   --->   Core 113 'm_axi' <Latency = 0> <II = 1> <Delay = 1.00> <Adapter> <Opcode : 'read' 'write' 'readreq' 'writereq' 'writeresp'>

State 16 <SV = 15> <Delay = 7.30>
ST_16 : Operation 168 [1/8] (7.30ns)   --->   "%image_in_load_2_req = readreq i1 @_ssdm_op_ReadReq.m_axi.i32P1A, i32 %image_in_addr, i32 1" [/home/cristi/Documents/ACES/RC-Project/HLS/LinearImageFiltering.cpp:55]   --->   Operation 168 'readreq' 'image_in_load_2_req' <Predicate = (padding_read == 2) | (padding_read == 1) | (!or_ln69_5)> <Delay = 7.30> <CoreInst = "m_axi">   --->   Core 113 'm_axi' <Latency = 0> <II = 1> <Delay = 1.00> <Adapter> <Opcode : 'read' 'write' 'readreq' 'writereq' 'writeresp'>

State 17 <SV = 16> <Delay = 7.30>
ST_17 : Operation 169 [1/1] (7.30ns)   --->   "%image_in_addr_read = read i32 @_ssdm_op_Read.m_axi.i32P1A, i32 %image_in_addr" [/home/cristi/Documents/ACES/RC-Project/HLS/LinearImageFiltering.cpp:55]   --->   Operation 169 'read' 'image_in_addr_read' <Predicate = (padding_read == 2) | (padding_read == 1) | (!or_ln69_5)> <Delay = 7.30> <CoreInst = "m_axi">   --->   Core 113 'm_axi' <Latency = 0> <II = 1> <Delay = 1.00> <Adapter> <Opcode : 'read' 'write' 'readreq' 'writereq' 'writeresp'>

State 18 <SV = 17> <Delay = 5.70>
ST_18 : Operation 170 [1/1] (0.00ns)   --->   "%bitcast_ln55_4 = bitcast i32 %image_in_addr_read" [/home/cristi/Documents/ACES/RC-Project/HLS/LinearImageFiltering.cpp:55]   --->   Operation 170 'bitcast' 'bitcast_ln55_4' <Predicate = (padding_read == 2) | (padding_read == 1) | (!or_ln69_5)> <Delay = 0.00>
ST_18 : Operation 171 [1/1] (0.00ns)   --->   "%bitcast_ln55_5 = bitcast i32 %kernel_addr_read" [/home/cristi/Documents/ACES/RC-Project/HLS/LinearImageFiltering.cpp:55]   --->   Operation 171 'bitcast' 'bitcast_ln55_5' <Predicate = (padding_read == 2) | (padding_read == 1) | (!or_ln69_5)> <Delay = 0.00>
ST_18 : Operation 172 [4/4] (5.70ns)   --->   "%mul21_2 = fmul i32 %bitcast_ln55_4, i32 %bitcast_ln55_5" [/home/cristi/Documents/ACES/RC-Project/HLS/LinearImageFiltering.cpp:55]   --->   Operation 172 'fmul' 'mul21_2' <Predicate = (padding_read == 2) | (padding_read == 1) | (!or_ln69_5)> <Delay = 5.70> <CoreInst = "FMul_maxdsp">   --->   Core 30 'FMul_maxdsp' <Latency = 3> <II = 1> <Delay = 5.70> <FuncUnit> <Opcode : 'fmul'> <InPorts = 2> <OutPorts = 1>

State 19 <SV = 18> <Delay = 5.70>
ST_19 : Operation 173 [3/4] (5.70ns)   --->   "%mul21_2 = fmul i32 %bitcast_ln55_4, i32 %bitcast_ln55_5" [/home/cristi/Documents/ACES/RC-Project/HLS/LinearImageFiltering.cpp:55]   --->   Operation 173 'fmul' 'mul21_2' <Predicate = (padding_read == 2) | (padding_read == 1) | (!or_ln69_5)> <Delay = 5.70> <CoreInst = "FMul_maxdsp">   --->   Core 30 'FMul_maxdsp' <Latency = 3> <II = 1> <Delay = 5.70> <FuncUnit> <Opcode : 'fmul'> <InPorts = 2> <OutPorts = 1>

State 20 <SV = 19> <Delay = 5.70>
ST_20 : Operation 174 [2/4] (5.70ns)   --->   "%mul21_2 = fmul i32 %bitcast_ln55_4, i32 %bitcast_ln55_5" [/home/cristi/Documents/ACES/RC-Project/HLS/LinearImageFiltering.cpp:55]   --->   Operation 174 'fmul' 'mul21_2' <Predicate = (padding_read == 2) | (padding_read == 1) | (!or_ln69_5)> <Delay = 5.70> <CoreInst = "FMul_maxdsp">   --->   Core 30 'FMul_maxdsp' <Latency = 3> <II = 1> <Delay = 5.70> <FuncUnit> <Opcode : 'fmul'> <InPorts = 2> <OutPorts = 1>

State 21 <SV = 20> <Delay = 5.70>
ST_21 : Operation 175 [1/4] (5.70ns)   --->   "%mul21_2 = fmul i32 %bitcast_ln55_4, i32 %bitcast_ln55_5" [/home/cristi/Documents/ACES/RC-Project/HLS/LinearImageFiltering.cpp:55]   --->   Operation 175 'fmul' 'mul21_2' <Predicate = (padding_read == 2) | (padding_read == 1) | (!or_ln69_5)> <Delay = 5.70> <CoreInst = "FMul_maxdsp">   --->   Core 30 'FMul_maxdsp' <Latency = 3> <II = 1> <Delay = 5.70> <FuncUnit> <Opcode : 'fmul'> <InPorts = 2> <OutPorts = 1>

State 22 <SV = 21> <Delay = 7.25>
ST_22 : Operation 176 [1/1] (0.00ns)   --->   "%sum_6_load = load i32 %sum_6" [/home/cristi/Documents/ACES/RC-Project/HLS/LinearImageFiltering.cpp:55]   --->   Operation 176 'load' 'sum_6_load' <Predicate = (padding_read == 2) | (padding_read == 1) | (!or_ln69_5)> <Delay = 0.00>
ST_22 : Operation 177 [5/5] (7.25ns)   --->   "%sum = fadd i32 %sum_6_load, i32 %mul21_2" [/home/cristi/Documents/ACES/RC-Project/HLS/LinearImageFiltering.cpp:55]   --->   Operation 177 'fadd' 'sum' <Predicate = (padding_read == 2) | (padding_read == 1) | (!or_ln69_5)> <Delay = 7.25> <CoreInst = "FAddSub_fulldsp">   --->   Core 18 'FAddSub_fulldsp' <Latency = 4> <II = 1> <Delay = 7.25> <FuncUnit> <Opcode : 'fadd' 'fsub'> <InPorts = 2> <OutPorts = 1>
ST_22 : Operation 184 [1/1] (0.00ns)   --->   "%sum_6_load_1 = load i32 %sum_6"   --->   Operation 184 'load' 'sum_6_load_1' <Predicate = (icmp_ln39)> <Delay = 0.00>
ST_22 : Operation 185 [1/1] (0.00ns)   --->   "%write_ln0 = write void @_ssdm_op_Write.ap_auto.floatP0A, i32 %sum_6_out, i32 %sum_6_load_1"   --->   Operation 185 'write' 'write_ln0' <Predicate = (icmp_ln39)> <Delay = 0.00>
ST_22 : Operation 186 [1/1] (0.00ns)   --->   "%ret_ln0 = ret"   --->   Operation 186 'ret' 'ret_ln0' <Predicate = (icmp_ln39)> <Delay = 0.00>

State 23 <SV = 22> <Delay = 7.25>
ST_23 : Operation 178 [4/5] (7.25ns)   --->   "%sum = fadd i32 %sum_6_load, i32 %mul21_2" [/home/cristi/Documents/ACES/RC-Project/HLS/LinearImageFiltering.cpp:55]   --->   Operation 178 'fadd' 'sum' <Predicate = (padding_read == 2) | (padding_read == 1) | (!or_ln69_5)> <Delay = 7.25> <CoreInst = "FAddSub_fulldsp">   --->   Core 18 'FAddSub_fulldsp' <Latency = 4> <II = 1> <Delay = 7.25> <FuncUnit> <Opcode : 'fadd' 'fsub'> <InPorts = 2> <OutPorts = 1>

State 24 <SV = 23> <Delay = 7.25>
ST_24 : Operation 179 [3/5] (7.25ns)   --->   "%sum = fadd i32 %sum_6_load, i32 %mul21_2" [/home/cristi/Documents/ACES/RC-Project/HLS/LinearImageFiltering.cpp:55]   --->   Operation 179 'fadd' 'sum' <Predicate = (padding_read == 2) | (padding_read == 1) | (!or_ln69_5)> <Delay = 7.25> <CoreInst = "FAddSub_fulldsp">   --->   Core 18 'FAddSub_fulldsp' <Latency = 4> <II = 1> <Delay = 7.25> <FuncUnit> <Opcode : 'fadd' 'fsub'> <InPorts = 2> <OutPorts = 1>

State 25 <SV = 24> <Delay = 7.25>
ST_25 : Operation 180 [2/5] (7.25ns)   --->   "%sum = fadd i32 %sum_6_load, i32 %mul21_2" [/home/cristi/Documents/ACES/RC-Project/HLS/LinearImageFiltering.cpp:55]   --->   Operation 180 'fadd' 'sum' <Predicate = (padding_read == 2) | (padding_read == 1) | (!or_ln69_5)> <Delay = 7.25> <CoreInst = "FAddSub_fulldsp">   --->   Core 18 'FAddSub_fulldsp' <Latency = 4> <II = 1> <Delay = 7.25> <FuncUnit> <Opcode : 'fadd' 'fsub'> <InPorts = 2> <OutPorts = 1>

State 26 <SV = 25> <Delay = 7.25>
ST_26 : Operation 181 [1/5] (7.25ns)   --->   "%sum = fadd i32 %sum_6_load, i32 %mul21_2" [/home/cristi/Documents/ACES/RC-Project/HLS/LinearImageFiltering.cpp:55]   --->   Operation 181 'fadd' 'sum' <Predicate = (padding_read == 2) | (padding_read == 1) | (!or_ln69_5)> <Delay = 7.25> <CoreInst = "FAddSub_fulldsp">   --->   Core 18 'FAddSub_fulldsp' <Latency = 4> <II = 1> <Delay = 7.25> <FuncUnit> <Opcode : 'fadd' 'fsub'> <InPorts = 2> <OutPorts = 1>

State 27 <SV = 26> <Delay = 1.58>
ST_27 : Operation 182 [1/1] (1.58ns)   --->   "%store_ln24 = store i32 %sum, i32 %sum_6" [/home/cristi/Documents/ACES/RC-Project/HLS/LinearImageFiltering.cpp:24]   --->   Operation 182 'store' 'store_ln24' <Predicate = (padding_read == 2) | (padding_read == 1) | (!or_ln69_5)> <Delay = 1.58>
ST_27 : Operation 183 [1/1] (0.00ns)   --->   "%br_ln56 = br void %for.inc.2" [/home/cristi/Documents/ACES/RC-Project/HLS/LinearImageFiltering.cpp:56]   --->   Operation 183 'br' 'br_ln56' <Predicate = (padding_read == 2) | (padding_read == 1) | (!or_ln69_5)> <Delay = 0.00>


============================================================
+ Verbose Summary: Timing violations
============================================================
Target clock period: 10.000ns, clock uncertainty: 2.700ns.

 <State 1>: 1.588ns
The critical path consists of the following:
	'alloca' operation 32 bit ('sum', /home/cristi/Documents/ACES/RC-Project/HLS/LinearImageFiltering.cpp:24) [22]  (0.000 ns)
	'store' operation 0 bit ('store_ln24', /home/cristi/Documents/ACES/RC-Project/HLS/LinearImageFiltering.cpp:24) of constant 0 on local variable 'sum', /home/cristi/Documents/ACES/RC-Project/HLS/LinearImageFiltering.cpp:24 [43]  (1.588 ns)

 <State 2>: 3.520ns
The critical path consists of the following:
	'load' operation 64 bit ('indvar_flatten133_load', /home/cristi/Documents/ACES/RC-Project/HLS/LinearImageFiltering.cpp:39) on local variable 'indvar_flatten133' [49]  (0.000 ns)
	'icmp' operation 1 bit ('icmp_ln39', /home/cristi/Documents/ACES/RC-Project/HLS/LinearImageFiltering.cpp:39) [52]  (3.520 ns)

 <State 3>: 6.912ns
The critical path consists of the following:
	'mul' operation 32 bit ('mul17_2', /home/cristi/Documents/ACES/RC-Project/HLS/LinearImageFiltering.cpp:39) [70]  (6.912 ns)

 <State 4>: 6.912ns
The critical path consists of the following:
	'mul' operation 32 bit ('mul17_2', /home/cristi/Documents/ACES/RC-Project/HLS/LinearImageFiltering.cpp:39) [70]  (6.912 ns)

 <State 5>: 6.998ns
The critical path consists of the following:
	'add' operation 30 bit ('add_ln98', /home/cristi/Documents/ACES/RC-Project/HLS/LinearImageFiltering.cpp:98->/home/cristi/Documents/ACES/RC-Project/HLS/LinearImageFiltering.cpp:50) [101]  (0.000 ns)
	'sub' operation 30 bit ('newRow', /home/cristi/Documents/ACES/RC-Project/HLS/LinearImageFiltering.cpp:98->/home/cristi/Documents/ACES/RC-Project/HLS/LinearImageFiltering.cpp:50) [102]  (4.312 ns)
	'select' operation 30 bit ('newRow', /home/cristi/Documents/ACES/RC-Project/HLS/LinearImageFiltering.cpp:96->/home/cristi/Documents/ACES/RC-Project/HLS/LinearImageFiltering.cpp:50) [103]  (0.978 ns)
	blocking operation 1.7073 ns on control path)

 <State 6>: 7.300ns
The critical path consists of the following:
	'getelementptr' operation 32 bit ('kernel_addr', /home/cristi/Documents/ACES/RC-Project/HLS/LinearImageFiltering.cpp:55) [144]  (0.000 ns)
	bus request operation ('kernel_load_2_req', /home/cristi/Documents/ACES/RC-Project/HLS/LinearImageFiltering.cpp:55) on port 'kernel' (/home/cristi/Documents/ACES/RC-Project/HLS/LinearImageFiltering.cpp:55) [145]  (7.300 ns)

 <State 7>: 7.300ns
The critical path consists of the following:
	bus request operation ('kernel_load_2_req', /home/cristi/Documents/ACES/RC-Project/HLS/LinearImageFiltering.cpp:55) on port 'kernel' (/home/cristi/Documents/ACES/RC-Project/HLS/LinearImageFiltering.cpp:55) [145]  (7.300 ns)

 <State 8>: 7.300ns
The critical path consists of the following:
	bus request operation ('kernel_load_2_req', /home/cristi/Documents/ACES/RC-Project/HLS/LinearImageFiltering.cpp:55) on port 'kernel' (/home/cristi/Documents/ACES/RC-Project/HLS/LinearImageFiltering.cpp:55) [145]  (7.300 ns)

 <State 9>: 7.300ns
The critical path consists of the following:
	'getelementptr' operation 32 bit ('image_in_addr', /home/cristi/Documents/ACES/RC-Project/HLS/LinearImageFiltering.cpp:55) [134]  (0.000 ns)
	bus request operation ('image_in_load_2_req', /home/cristi/Documents/ACES/RC-Project/HLS/LinearImageFiltering.cpp:55) on port 'image_in' (/home/cristi/Documents/ACES/RC-Project/HLS/LinearImageFiltering.cpp:55) [135]  (7.300 ns)

 <State 10>: 7.300ns
The critical path consists of the following:
	bus request operation ('image_in_load_2_req', /home/cristi/Documents/ACES/RC-Project/HLS/LinearImageFiltering.cpp:55) on port 'image_in' (/home/cristi/Documents/ACES/RC-Project/HLS/LinearImageFiltering.cpp:55) [135]  (7.300 ns)

 <State 11>: 7.300ns
The critical path consists of the following:
	bus request operation ('image_in_load_2_req', /home/cristi/Documents/ACES/RC-Project/HLS/LinearImageFiltering.cpp:55) on port 'image_in' (/home/cristi/Documents/ACES/RC-Project/HLS/LinearImageFiltering.cpp:55) [135]  (7.300 ns)

 <State 12>: 7.300ns
The critical path consists of the following:
	bus request operation ('image_in_load_2_req', /home/cristi/Documents/ACES/RC-Project/HLS/LinearImageFiltering.cpp:55) on port 'image_in' (/home/cristi/Documents/ACES/RC-Project/HLS/LinearImageFiltering.cpp:55) [135]  (7.300 ns)

 <State 13>: 7.300ns
The critical path consists of the following:
	bus request operation ('image_in_load_2_req', /home/cristi/Documents/ACES/RC-Project/HLS/LinearImageFiltering.cpp:55) on port 'image_in' (/home/cristi/Documents/ACES/RC-Project/HLS/LinearImageFiltering.cpp:55) [135]  (7.300 ns)

 <State 14>: 7.300ns
The critical path consists of the following:
	bus request operation ('image_in_load_2_req', /home/cristi/Documents/ACES/RC-Project/HLS/LinearImageFiltering.cpp:55) on port 'image_in' (/home/cristi/Documents/ACES/RC-Project/HLS/LinearImageFiltering.cpp:55) [135]  (7.300 ns)

 <State 15>: 7.300ns
The critical path consists of the following:
	bus request operation ('image_in_load_2_req', /home/cristi/Documents/ACES/RC-Project/HLS/LinearImageFiltering.cpp:55) on port 'image_in' (/home/cristi/Documents/ACES/RC-Project/HLS/LinearImageFiltering.cpp:55) [135]  (7.300 ns)

 <State 16>: 7.300ns
The critical path consists of the following:
	bus request operation ('image_in_load_2_req', /home/cristi/Documents/ACES/RC-Project/HLS/LinearImageFiltering.cpp:55) on port 'image_in' (/home/cristi/Documents/ACES/RC-Project/HLS/LinearImageFiltering.cpp:55) [135]  (7.300 ns)

 <State 17>: 7.300ns
The critical path consists of the following:
	bus read operation ('image_in_addr_read', /home/cristi/Documents/ACES/RC-Project/HLS/LinearImageFiltering.cpp:55) on port 'image_in' (/home/cristi/Documents/ACES/RC-Project/HLS/LinearImageFiltering.cpp:55) [136]  (7.300 ns)

 <State 18>: 5.702ns
The critical path consists of the following:
	'fmul' operation 32 bit ('mul21_2', /home/cristi/Documents/ACES/RC-Project/HLS/LinearImageFiltering.cpp:55) [148]  (5.702 ns)

 <State 19>: 5.702ns
The critical path consists of the following:
	'fmul' operation 32 bit ('mul21_2', /home/cristi/Documents/ACES/RC-Project/HLS/LinearImageFiltering.cpp:55) [148]  (5.702 ns)

 <State 20>: 5.702ns
The critical path consists of the following:
	'fmul' operation 32 bit ('mul21_2', /home/cristi/Documents/ACES/RC-Project/HLS/LinearImageFiltering.cpp:55) [148]  (5.702 ns)

 <State 21>: 5.702ns
The critical path consists of the following:
	'fmul' operation 32 bit ('mul21_2', /home/cristi/Documents/ACES/RC-Project/HLS/LinearImageFiltering.cpp:55) [148]  (5.702 ns)

 <State 22>: 7.256ns
The critical path consists of the following:
	'load' operation 32 bit ('sum_6_load', /home/cristi/Documents/ACES/RC-Project/HLS/LinearImageFiltering.cpp:55) on local variable 'sum', /home/cristi/Documents/ACES/RC-Project/HLS/LinearImageFiltering.cpp:24 [127]  (0.000 ns)
	'fadd' operation 32 bit ('sum', /home/cristi/Documents/ACES/RC-Project/HLS/LinearImageFiltering.cpp:55) [149]  (7.256 ns)

 <State 23>: 7.256ns
The critical path consists of the following:
	'fadd' operation 32 bit ('sum', /home/cristi/Documents/ACES/RC-Project/HLS/LinearImageFiltering.cpp:55) [149]  (7.256 ns)

 <State 24>: 7.256ns
The critical path consists of the following:
	'fadd' operation 32 bit ('sum', /home/cristi/Documents/ACES/RC-Project/HLS/LinearImageFiltering.cpp:55) [149]  (7.256 ns)

 <State 25>: 7.256ns
The critical path consists of the following:
	'fadd' operation 32 bit ('sum', /home/cristi/Documents/ACES/RC-Project/HLS/LinearImageFiltering.cpp:55) [149]  (7.256 ns)

 <State 26>: 7.256ns
The critical path consists of the following:
	'fadd' operation 32 bit ('sum', /home/cristi/Documents/ACES/RC-Project/HLS/LinearImageFiltering.cpp:55) [149]  (7.256 ns)

 <State 27>: 1.588ns
The critical path consists of the following:
	'store' operation 0 bit ('store_ln24', /home/cristi/Documents/ACES/RC-Project/HLS/LinearImageFiltering.cpp:24) of variable 'sum', /home/cristi/Documents/ACES/RC-Project/HLS/LinearImageFiltering.cpp:55 on local variable 'sum', /home/cristi/Documents/ACES/RC-Project/HLS/LinearImageFiltering.cpp:24 [150]  (1.588 ns)


============================================================
+ Verbose Summary: Binding
============================================================
N/A
* FSMD analyzer results:
  - Output states:
 - Input state : 
  - Chain level:
	State 1
	State 2
	State 3
	State 4
	State 5
	State 6
	State 7
	State 8
	State 9
	State 10
	State 11
	State 12
	State 13
	State 14
	State 15
	State 16
	State 17
	State 18
	State 19
	State 20
	State 21
	State 22
	State 23
	State 24
	State 25
	State 26
	State 27


============================================================
+ Verbose Summary: Datapath Resource usage 
============================================================
N/A
