
*** Running vivado
    with args -log filtering_xbar_0.vds -m64 -product Vivado -mode batch -messageDb vivado.pb -notrace -source filtering_xbar_0.tcl


****** Vivado v2023.2.2 (64-bit)
  **** SW Build 4126759 on Thu Feb  8 23:52:05 MST 2024
  **** IP Build 4126054 on Fri Feb  9 11:39:09 MST 2024
  **** SharedData Build 4115275 on Tue Jan 30 00:40:57 MST 2024
    ** Copyright 1986-2022 Xilinx, Inc. All Rights Reserved.
    ** Copyright 2022-2024 Advanced Micro Devices, Inc. All Rights Reserved.

source filtering_xbar_0.tcl -notrace
create_project: Time (s): cpu = 00:00:07 ; elapsed = 00:00:07 . Memory (MB): peak = 1279.594 ; gain = 19.871 ; free physical = 7336 ; free virtual = 12995
INFO: [IP_Flow 19-234] Refreshing IP repositories
INFO: [IP_Flow 19-1700] Loaded user IP repository '/home/cristi/Documents/ACES/RC-Project/HLS'.
INFO: [IP_Flow 19-1700] Loaded user IP repository '/home/cristi/Documents/ACES/RC-Project/HLS-Integer'.
INFO: [IP_Flow 19-2313] Loaded Vivado IP repository '/home/cristi/AMD/Vivado/2023.2/data/ip'.
INFO: [IP_Flow 19-6924] IPCACHE: Running cache check for IP inst: filtering_xbar_0
Command: synth_design -top filtering_xbar_0 -part xc7z020clg400-1 -incremental_mode off -mode out_of_context
Starting synth_design
Attempting to get a license for feature 'Synthesis' and/or device 'xc7z020'
INFO: [Common 17-349] Got license for feature 'Synthesis' and/or device 'xc7z020'
INFO: [Device 21-403] Loading part xc7z020clg400-1
INFO: [Synth 8-7079] Multithreading enabled for synth_design using a maximum of 4 processes.
INFO: [Synth 8-7078] Launching helper process for spawning children vivado processes
INFO: [Synth 8-7075] Helper process launched with PID 33047
---------------------------------------------------------------------------------
Starting RTL Elaboration : Time (s): cpu = 00:00:07 ; elapsed = 00:00:08 . Memory (MB): peak = 2061.504 ; gain = 403.660 ; free physical = 1035 ; free virtual = 6690
---------------------------------------------------------------------------------
INFO: [Synth 8-6157] synthesizing module 'filtering_xbar_0' [/home/cristi/Documents/ACES/RC-Project/Project/LinearImageFiltering.gen/sources_1/bd/filtering/ip/filtering_xbar_0/synth/filtering_xbar_0.v:53]
INFO: [Synth 8-6157] synthesizing module 'axi_crossbar_v2_1_31_axi_crossbar' [/home/cristi/Documents/ACES/RC-Project/Project/LinearImageFiltering.gen/sources_1/bd/filtering/ipshared/ba70/hdl/axi_crossbar_v2_1_vl_rfs.v:4871]
INFO: [Synth 8-6157] synthesizing module 'axi_crossbar_v2_1_31_crossbar' [/home/cristi/Documents/ACES/RC-Project/Project/LinearImageFiltering.gen/sources_1/bd/filtering/ipshared/ba70/hdl/axi_crossbar_v2_1_vl_rfs.v:2232]
INFO: [Synth 8-6157] synthesizing module 'axi_crossbar_v2_1_31_si_transactor' [/home/cristi/Documents/ACES/RC-Project/Project/LinearImageFiltering.gen/sources_1/bd/filtering/ipshared/ba70/hdl/axi_crossbar_v2_1_vl_rfs.v:3791]
INFO: [Synth 8-6157] synthesizing module 'axi_crossbar_v2_1_31_addr_decoder' [/home/cristi/Documents/ACES/RC-Project/Project/LinearImageFiltering.gen/sources_1/bd/filtering/ipshared/ba70/hdl/axi_crossbar_v2_1_vl_rfs.v:790]
INFO: [Synth 8-6157] synthesizing module 'generic_baseblocks_v2_1_1_comparator_static' [/home/cristi/Documents/ACES/RC-Project/Project/LinearImageFiltering.gen/sources_1/bd/filtering/ipshared/10ab/hdl/generic_baseblocks_v2_1_vl_rfs.v:2119]
INFO: [Synth 8-6157] synthesizing module 'generic_baseblocks_v2_1_1_carry_and' [/home/cristi/Documents/ACES/RC-Project/Project/LinearImageFiltering.gen/sources_1/bd/filtering/ipshared/10ab/hdl/generic_baseblocks_v2_1_vl_rfs.v:60]
INFO: [Synth 8-6155] done synthesizing module 'generic_baseblocks_v2_1_1_carry_and' (0#1) [/home/cristi/Documents/ACES/RC-Project/Project/LinearImageFiltering.gen/sources_1/bd/filtering/ipshared/10ab/hdl/generic_baseblocks_v2_1_vl_rfs.v:60]
INFO: [Synth 8-6155] done synthesizing module 'generic_baseblocks_v2_1_1_comparator_static' (0#1) [/home/cristi/Documents/ACES/RC-Project/Project/LinearImageFiltering.gen/sources_1/bd/filtering/ipshared/10ab/hdl/generic_baseblocks_v2_1_vl_rfs.v:2119]
INFO: [Synth 8-6155] done synthesizing module 'axi_crossbar_v2_1_31_addr_decoder' (0#1) [/home/cristi/Documents/ACES/RC-Project/Project/LinearImageFiltering.gen/sources_1/bd/filtering/ipshared/ba70/hdl/axi_crossbar_v2_1_vl_rfs.v:790]
INFO: [Synth 8-6157] synthesizing module 'axi_data_fifo_v2_1_29_axic_srl_fifo' [/home/cristi/Documents/ACES/RC-Project/Project/LinearImageFiltering.gen/sources_1/bd/filtering/ipshared/7964/hdl/axi_data_fifo_v2_1_vl_rfs.v:694]
INFO: [Synth 8-6157] synthesizing module 'axi_data_fifo_v2_1_29_ndeep_srl' [/home/cristi/Documents/ACES/RC-Project/Project/LinearImageFiltering.gen/sources_1/bd/filtering/ipshared/7964/hdl/axi_data_fifo_v2_1_vl_rfs.v:1129]
INFO: [Synth 8-6157] synthesizing module 'SRLC32E' [/home/cristi/AMD/Vivado/2023.2/scripts/rt/data/unisim_comp.v:134013]
INFO: [Synth 8-6155] done synthesizing module 'SRLC32E' (0#1) [/home/cristi/AMD/Vivado/2023.2/scripts/rt/data/unisim_comp.v:134013]
INFO: [Synth 8-6155] done synthesizing module 'axi_data_fifo_v2_1_29_ndeep_srl' (0#1) [/home/cristi/Documents/ACES/RC-Project/Project/LinearImageFiltering.gen/sources_1/bd/filtering/ipshared/7964/hdl/axi_data_fifo_v2_1_vl_rfs.v:1129]
INFO: [Synth 8-6155] done synthesizing module 'axi_data_fifo_v2_1_29_axic_srl_fifo' (0#1) [/home/cristi/Documents/ACES/RC-Project/Project/LinearImageFiltering.gen/sources_1/bd/filtering/ipshared/7964/hdl/axi_data_fifo_v2_1_vl_rfs.v:694]
INFO: [Synth 8-6157] synthesizing module 'generic_baseblocks_v2_1_1_mux_enc' [/home/cristi/Documents/ACES/RC-Project/Project/LinearImageFiltering.gen/sources_1/bd/filtering/ipshared/10ab/hdl/generic_baseblocks_v2_1_vl_rfs.v:2436]
INFO: [Synth 8-6155] done synthesizing module 'generic_baseblocks_v2_1_1_mux_enc' (0#1) [/home/cristi/Documents/ACES/RC-Project/Project/LinearImageFiltering.gen/sources_1/bd/filtering/ipshared/10ab/hdl/generic_baseblocks_v2_1_vl_rfs.v:2436]
INFO: [Synth 8-6155] done synthesizing module 'axi_crossbar_v2_1_31_si_transactor' (0#1) [/home/cristi/Documents/ACES/RC-Project/Project/LinearImageFiltering.gen/sources_1/bd/filtering/ipshared/ba70/hdl/axi_crossbar_v2_1_vl_rfs.v:3791]
INFO: [Synth 8-6157] synthesizing module 'axi_crossbar_v2_1_31_si_transactor__parameterized0' [/home/cristi/Documents/ACES/RC-Project/Project/LinearImageFiltering.gen/sources_1/bd/filtering/ipshared/ba70/hdl/axi_crossbar_v2_1_vl_rfs.v:3791]
INFO: [Synth 8-6157] synthesizing module 'generic_baseblocks_v2_1_1_mux_enc__parameterized0' [/home/cristi/Documents/ACES/RC-Project/Project/LinearImageFiltering.gen/sources_1/bd/filtering/ipshared/10ab/hdl/generic_baseblocks_v2_1_vl_rfs.v:2436]
INFO: [Synth 8-6155] done synthesizing module 'generic_baseblocks_v2_1_1_mux_enc__parameterized0' (0#1) [/home/cristi/Documents/ACES/RC-Project/Project/LinearImageFiltering.gen/sources_1/bd/filtering/ipshared/10ab/hdl/generic_baseblocks_v2_1_vl_rfs.v:2436]
INFO: [Synth 8-6155] done synthesizing module 'axi_crossbar_v2_1_31_si_transactor__parameterized0' (0#1) [/home/cristi/Documents/ACES/RC-Project/Project/LinearImageFiltering.gen/sources_1/bd/filtering/ipshared/ba70/hdl/axi_crossbar_v2_1_vl_rfs.v:3791]
INFO: [Synth 8-6157] synthesizing module 'axi_crossbar_v2_1_31_splitter' [/home/cristi/Documents/ACES/RC-Project/Project/LinearImageFiltering.gen/sources_1/bd/filtering/ipshared/ba70/hdl/axi_crossbar_v2_1_vl_rfs.v:4451]
INFO: [Synth 8-6155] done synthesizing module 'axi_crossbar_v2_1_31_splitter' (0#1) [/home/cristi/Documents/ACES/RC-Project/Project/LinearImageFiltering.gen/sources_1/bd/filtering/ipshared/ba70/hdl/axi_crossbar_v2_1_vl_rfs.v:4451]
INFO: [Synth 8-6157] synthesizing module 'axi_crossbar_v2_1_31_wdata_router' [/home/cristi/Documents/ACES/RC-Project/Project/LinearImageFiltering.gen/sources_1/bd/filtering/ipshared/ba70/hdl/axi_crossbar_v2_1_vl_rfs.v:4724]
INFO: [Synth 8-6157] synthesizing module 'axi_data_fifo_v2_1_29_axic_reg_srl_fifo' [/home/cristi/Documents/ACES/RC-Project/Project/LinearImageFiltering.gen/sources_1/bd/filtering/ipshared/7964/hdl/axi_data_fifo_v2_1_vl_rfs.v:884]
INFO: [Synth 8-6157] synthesizing module 'axi_data_fifo_v2_1_29_ndeep_srl__parameterized0' [/home/cristi/Documents/ACES/RC-Project/Project/LinearImageFiltering.gen/sources_1/bd/filtering/ipshared/7964/hdl/axi_data_fifo_v2_1_vl_rfs.v:1129]
INFO: [Synth 8-6155] done synthesizing module 'axi_data_fifo_v2_1_29_ndeep_srl__parameterized0' (0#1) [/home/cristi/Documents/ACES/RC-Project/Project/LinearImageFiltering.gen/sources_1/bd/filtering/ipshared/7964/hdl/axi_data_fifo_v2_1_vl_rfs.v:1129]
INFO: [Synth 8-155] case statement is not full and has no default [/home/cristi/Documents/ACES/RC-Project/Project/LinearImageFiltering.gen/sources_1/bd/filtering/ipshared/7964/hdl/axi_data_fifo_v2_1_vl_rfs.v:982]
INFO: [Synth 8-6155] done synthesizing module 'axi_data_fifo_v2_1_29_axic_reg_srl_fifo' (0#1) [/home/cristi/Documents/ACES/RC-Project/Project/LinearImageFiltering.gen/sources_1/bd/filtering/ipshared/7964/hdl/axi_data_fifo_v2_1_vl_rfs.v:884]
INFO: [Synth 8-6155] done synthesizing module 'axi_crossbar_v2_1_31_wdata_router' (0#1) [/home/cristi/Documents/ACES/RC-Project/Project/LinearImageFiltering.gen/sources_1/bd/filtering/ipshared/ba70/hdl/axi_crossbar_v2_1_vl_rfs.v:4724]
INFO: [Synth 8-6157] synthesizing module 'axi_crossbar_v2_1_31_si_transactor__parameterized1' [/home/cristi/Documents/ACES/RC-Project/Project/LinearImageFiltering.gen/sources_1/bd/filtering/ipshared/ba70/hdl/axi_crossbar_v2_1_vl_rfs.v:3791]
INFO: [Synth 8-6157] synthesizing module 'axi_crossbar_v2_1_31_arbiter_resp' [/home/cristi/Documents/ACES/RC-Project/Project/LinearImageFiltering.gen/sources_1/bd/filtering/ipshared/ba70/hdl/axi_crossbar_v2_1_vl_rfs.v:1020]
INFO: [Synth 8-6155] done synthesizing module 'axi_crossbar_v2_1_31_arbiter_resp' (0#1) [/home/cristi/Documents/ACES/RC-Project/Project/LinearImageFiltering.gen/sources_1/bd/filtering/ipshared/ba70/hdl/axi_crossbar_v2_1_vl_rfs.v:1020]
INFO: [Synth 8-6155] done synthesizing module 'axi_crossbar_v2_1_31_si_transactor__parameterized1' (0#1) [/home/cristi/Documents/ACES/RC-Project/Project/LinearImageFiltering.gen/sources_1/bd/filtering/ipshared/ba70/hdl/axi_crossbar_v2_1_vl_rfs.v:3791]
INFO: [Synth 8-6157] synthesizing module 'axi_crossbar_v2_1_31_addr_decoder__parameterized0' [/home/cristi/Documents/ACES/RC-Project/Project/LinearImageFiltering.gen/sources_1/bd/filtering/ipshared/ba70/hdl/axi_crossbar_v2_1_vl_rfs.v:790]
INFO: [Synth 8-6155] done synthesizing module 'axi_crossbar_v2_1_31_addr_decoder__parameterized0' (0#1) [/home/cristi/Documents/ACES/RC-Project/Project/LinearImageFiltering.gen/sources_1/bd/filtering/ipshared/ba70/hdl/axi_crossbar_v2_1_vl_rfs.v:790]
INFO: [Synth 8-6157] synthesizing module 'axi_crossbar_v2_1_31_addr_decoder__parameterized1' [/home/cristi/Documents/ACES/RC-Project/Project/LinearImageFiltering.gen/sources_1/bd/filtering/ipshared/ba70/hdl/axi_crossbar_v2_1_vl_rfs.v:790]
INFO: [Synth 8-6155] done synthesizing module 'axi_crossbar_v2_1_31_addr_decoder__parameterized1' (0#1) [/home/cristi/Documents/ACES/RC-Project/Project/LinearImageFiltering.gen/sources_1/bd/filtering/ipshared/ba70/hdl/axi_crossbar_v2_1_vl_rfs.v:790]
INFO: [Synth 8-6157] synthesizing module 'axi_data_fifo_v2_1_29_axic_srl_fifo__parameterized0' [/home/cristi/Documents/ACES/RC-Project/Project/LinearImageFiltering.gen/sources_1/bd/filtering/ipshared/7964/hdl/axi_data_fifo_v2_1_vl_rfs.v:694]
INFO: [Synth 8-6155] done synthesizing module 'axi_data_fifo_v2_1_29_axic_srl_fifo__parameterized0' (0#1) [/home/cristi/Documents/ACES/RC-Project/Project/LinearImageFiltering.gen/sources_1/bd/filtering/ipshared/7964/hdl/axi_data_fifo_v2_1_vl_rfs.v:694]
INFO: [Synth 8-6157] synthesizing module 'axi_crossbar_v2_1_31_wdata_mux' [/home/cristi/Documents/ACES/RC-Project/Project/LinearImageFiltering.gen/sources_1/bd/filtering/ipshared/ba70/hdl/axi_crossbar_v2_1_vl_rfs.v:4550]
INFO: [Synth 8-6157] synthesizing module 'axi_data_fifo_v2_1_29_axic_reg_srl_fifo__parameterized0' [/home/cristi/Documents/ACES/RC-Project/Project/LinearImageFiltering.gen/sources_1/bd/filtering/ipshared/7964/hdl/axi_data_fifo_v2_1_vl_rfs.v:884]
INFO: [Synth 8-155] case statement is not full and has no default [/home/cristi/Documents/ACES/RC-Project/Project/LinearImageFiltering.gen/sources_1/bd/filtering/ipshared/7964/hdl/axi_data_fifo_v2_1_vl_rfs.v:982]
INFO: [Synth 8-6155] done synthesizing module 'axi_data_fifo_v2_1_29_axic_reg_srl_fifo__parameterized0' (0#1) [/home/cristi/Documents/ACES/RC-Project/Project/LinearImageFiltering.gen/sources_1/bd/filtering/ipshared/7964/hdl/axi_data_fifo_v2_1_vl_rfs.v:884]
INFO: [Synth 8-6157] synthesizing module 'generic_baseblocks_v2_1_1_mux_enc__parameterized1' [/home/cristi/Documents/ACES/RC-Project/Project/LinearImageFiltering.gen/sources_1/bd/filtering/ipshared/10ab/hdl/generic_baseblocks_v2_1_vl_rfs.v:2436]
INFO: [Synth 8-6155] done synthesizing module 'generic_baseblocks_v2_1_1_mux_enc__parameterized1' (0#1) [/home/cristi/Documents/ACES/RC-Project/Project/LinearImageFiltering.gen/sources_1/bd/filtering/ipshared/10ab/hdl/generic_baseblocks_v2_1_vl_rfs.v:2436]
INFO: [Synth 8-6155] done synthesizing module 'axi_crossbar_v2_1_31_wdata_mux' (0#1) [/home/cristi/Documents/ACES/RC-Project/Project/LinearImageFiltering.gen/sources_1/bd/filtering/ipshared/ba70/hdl/axi_crossbar_v2_1_vl_rfs.v:4550]
INFO: [Synth 8-6157] synthesizing module 'axi_register_slice_v2_1_30_axi_register_slice' [/home/cristi/Documents/ACES/RC-Project/Project/LinearImageFiltering.gen/sources_1/bd/filtering/ipshared/85f1/hdl/axi_register_slice_v2_1_vl_rfs.v:3718]
INFO: [Synth 8-6157] synthesizing module 'axi_infrastructure_v1_1_0_axi2vector' [/home/cristi/Documents/ACES/RC-Project/Project/LinearImageFiltering.gen/sources_1/bd/filtering/ipshared/ec67/hdl/axi_infrastructure_v1_1_vl_rfs.v:59]
INFO: [Synth 8-6155] done synthesizing module 'axi_infrastructure_v1_1_0_axi2vector' (0#1) [/home/cristi/Documents/ACES/RC-Project/Project/LinearImageFiltering.gen/sources_1/bd/filtering/ipshared/ec67/hdl/axi_infrastructure_v1_1_vl_rfs.v:59]
INFO: [Synth 8-6157] synthesizing module 'axi_infrastructure_v1_1_0_vector2axi' [/home/cristi/Documents/ACES/RC-Project/Project/LinearImageFiltering.gen/sources_1/bd/filtering/ipshared/ec67/hdl/axi_infrastructure_v1_1_vl_rfs.v:473]
INFO: [Synth 8-6155] done synthesizing module 'axi_infrastructure_v1_1_0_vector2axi' (0#1) [/home/cristi/Documents/ACES/RC-Project/Project/LinearImageFiltering.gen/sources_1/bd/filtering/ipshared/ec67/hdl/axi_infrastructure_v1_1_vl_rfs.v:473]
INFO: [Synth 8-6157] synthesizing module 'axi_register_slice_v2_1_30_axic_register_slice' [/home/cristi/Documents/ACES/RC-Project/Project/LinearImageFiltering.gen/sources_1/bd/filtering/ipshared/85f1/hdl/axi_register_slice_v2_1_vl_rfs.v:1492]
INFO: [Synth 8-6155] done synthesizing module 'axi_register_slice_v2_1_30_axic_register_slice' (0#1) [/home/cristi/Documents/ACES/RC-Project/Project/LinearImageFiltering.gen/sources_1/bd/filtering/ipshared/85f1/hdl/axi_register_slice_v2_1_vl_rfs.v:1492]
INFO: [Synth 8-6157] synthesizing module 'axi_register_slice_v2_1_30_axic_register_slice__parameterized0' [/home/cristi/Documents/ACES/RC-Project/Project/LinearImageFiltering.gen/sources_1/bd/filtering/ipshared/85f1/hdl/axi_register_slice_v2_1_vl_rfs.v:1492]
INFO: [Synth 8-6155] done synthesizing module 'axi_register_slice_v2_1_30_axic_register_slice__parameterized0' (0#1) [/home/cristi/Documents/ACES/RC-Project/Project/LinearImageFiltering.gen/sources_1/bd/filtering/ipshared/85f1/hdl/axi_register_slice_v2_1_vl_rfs.v:1492]
INFO: [Synth 8-6157] synthesizing module 'axi_register_slice_v2_1_30_axic_register_slice__parameterized1' [/home/cristi/Documents/ACES/RC-Project/Project/LinearImageFiltering.gen/sources_1/bd/filtering/ipshared/85f1/hdl/axi_register_slice_v2_1_vl_rfs.v:1492]
INFO: [Synth 8-6155] done synthesizing module 'axi_register_slice_v2_1_30_axic_register_slice__parameterized1' (0#1) [/home/cristi/Documents/ACES/RC-Project/Project/LinearImageFiltering.gen/sources_1/bd/filtering/ipshared/85f1/hdl/axi_register_slice_v2_1_vl_rfs.v:1492]
INFO: [Synth 8-6157] synthesizing module 'axi_register_slice_v2_1_30_axic_register_slice__parameterized2' [/home/cristi/Documents/ACES/RC-Project/Project/LinearImageFiltering.gen/sources_1/bd/filtering/ipshared/85f1/hdl/axi_register_slice_v2_1_vl_rfs.v:1492]
INFO: [Synth 8-6155] done synthesizing module 'axi_register_slice_v2_1_30_axic_register_slice__parameterized2' (0#1) [/home/cristi/Documents/ACES/RC-Project/Project/LinearImageFiltering.gen/sources_1/bd/filtering/ipshared/85f1/hdl/axi_register_slice_v2_1_vl_rfs.v:1492]
INFO: [Synth 8-6155] done synthesizing module 'axi_register_slice_v2_1_30_axi_register_slice' (0#1) [/home/cristi/Documents/ACES/RC-Project/Project/LinearImageFiltering.gen/sources_1/bd/filtering/ipshared/85f1/hdl/axi_register_slice_v2_1_vl_rfs.v:3718]
WARNING: [Synth 8-7071] port 'aclk2x' of module 'axi_register_slice_v2_1_30_axi_register_slice' is unconnected for instance 'reg_slice_mi' [/home/cristi/Documents/ACES/RC-Project/Project/LinearImageFiltering.gen/sources_1/bd/filtering/ipshared/ba70/hdl/axi_crossbar_v2_1_vl_rfs.v:3116]
WARNING: [Synth 8-7023] instance 'reg_slice_mi' of module 'axi_register_slice_v2_1_30_axi_register_slice' has 93 connections declared, but only 92 given [/home/cristi/Documents/ACES/RC-Project/Project/LinearImageFiltering.gen/sources_1/bd/filtering/ipshared/ba70/hdl/axi_crossbar_v2_1_vl_rfs.v:3116]
INFO: [Synth 8-6157] synthesizing module 'axi_crossbar_v2_1_31_addr_decoder__parameterized2' [/home/cristi/Documents/ACES/RC-Project/Project/LinearImageFiltering.gen/sources_1/bd/filtering/ipshared/ba70/hdl/axi_crossbar_v2_1_vl_rfs.v:790]
INFO: [Synth 8-6155] done synthesizing module 'axi_crossbar_v2_1_31_addr_decoder__parameterized2' (0#1) [/home/cristi/Documents/ACES/RC-Project/Project/LinearImageFiltering.gen/sources_1/bd/filtering/ipshared/ba70/hdl/axi_crossbar_v2_1_vl_rfs.v:790]
INFO: [Synth 8-6157] synthesizing module 'axi_data_fifo_v2_1_29_axic_srl_fifo__parameterized1' [/home/cristi/Documents/ACES/RC-Project/Project/LinearImageFiltering.gen/sources_1/bd/filtering/ipshared/7964/hdl/axi_data_fifo_v2_1_vl_rfs.v:694]
INFO: [Synth 8-6157] synthesizing module 'axi_data_fifo_v2_1_29_ndeep_srl__parameterized1' [/home/cristi/Documents/ACES/RC-Project/Project/LinearImageFiltering.gen/sources_1/bd/filtering/ipshared/7964/hdl/axi_data_fifo_v2_1_vl_rfs.v:1129]
INFO: [Synth 8-6155] done synthesizing module 'axi_data_fifo_v2_1_29_ndeep_srl__parameterized1' (0#1) [/home/cristi/Documents/ACES/RC-Project/Project/LinearImageFiltering.gen/sources_1/bd/filtering/ipshared/7964/hdl/axi_data_fifo_v2_1_vl_rfs.v:1129]
INFO: [Synth 8-6155] done synthesizing module 'axi_data_fifo_v2_1_29_axic_srl_fifo__parameterized1' (0#1) [/home/cristi/Documents/ACES/RC-Project/Project/LinearImageFiltering.gen/sources_1/bd/filtering/ipshared/7964/hdl/axi_data_fifo_v2_1_vl_rfs.v:694]
INFO: [Synth 8-6157] synthesizing module 'axi_crossbar_v2_1_31_wdata_mux__parameterized0' [/home/cristi/Documents/ACES/RC-Project/Project/LinearImageFiltering.gen/sources_1/bd/filtering/ipshared/ba70/hdl/axi_crossbar_v2_1_vl_rfs.v:4550]
INFO: [Synth 8-6157] synthesizing module 'axi_data_fifo_v2_1_29_axic_reg_srl_fifo__parameterized1' [/home/cristi/Documents/ACES/RC-Project/Project/LinearImageFiltering.gen/sources_1/bd/filtering/ipshared/7964/hdl/axi_data_fifo_v2_1_vl_rfs.v:884]
INFO: [Synth 8-155] case statement is not full and has no default [/home/cristi/Documents/ACES/RC-Project/Project/LinearImageFiltering.gen/sources_1/bd/filtering/ipshared/7964/hdl/axi_data_fifo_v2_1_vl_rfs.v:982]
INFO: [Synth 8-6155] done synthesizing module 'axi_data_fifo_v2_1_29_axic_reg_srl_fifo__parameterized1' (0#1) [/home/cristi/Documents/ACES/RC-Project/Project/LinearImageFiltering.gen/sources_1/bd/filtering/ipshared/7964/hdl/axi_data_fifo_v2_1_vl_rfs.v:884]
INFO: [Synth 8-6155] done synthesizing module 'axi_crossbar_v2_1_31_wdata_mux__parameterized0' (0#1) [/home/cristi/Documents/ACES/RC-Project/Project/LinearImageFiltering.gen/sources_1/bd/filtering/ipshared/ba70/hdl/axi_crossbar_v2_1_vl_rfs.v:4550]
WARNING: [Synth 8-7071] port 'aclk2x' of module 'axi_register_slice_v2_1_30_axi_register_slice' is unconnected for instance 'reg_slice_mi' [/home/cristi/Documents/ACES/RC-Project/Project/LinearImageFiltering.gen/sources_1/bd/filtering/ipshared/ba70/hdl/axi_crossbar_v2_1_vl_rfs.v:3116]
WARNING: [Synth 8-7023] instance 'reg_slice_mi' of module 'axi_register_slice_v2_1_30_axi_register_slice' has 93 connections declared, but only 92 given [/home/cristi/Documents/ACES/RC-Project/Project/LinearImageFiltering.gen/sources_1/bd/filtering/ipshared/ba70/hdl/axi_crossbar_v2_1_vl_rfs.v:3116]
INFO: [Synth 8-6157] synthesizing module 'axi_crossbar_v2_1_31_decerr_slave' [/home/cristi/Documents/ACES/RC-Project/Project/LinearImageFiltering.gen/sources_1/bd/filtering/ipshared/ba70/hdl/axi_crossbar_v2_1_vl_rfs.v:3493]
INFO: [Synth 8-155] case statement is not full and has no default [/home/cristi/Documents/ACES/RC-Project/Project/LinearImageFiltering.gen/sources_1/bd/filtering/ipshared/ba70/hdl/axi_crossbar_v2_1_vl_rfs.v:3626]
INFO: [Synth 8-6155] done synthesizing module 'axi_crossbar_v2_1_31_decerr_slave' (0#1) [/home/cristi/Documents/ACES/RC-Project/Project/LinearImageFiltering.gen/sources_1/bd/filtering/ipshared/ba70/hdl/axi_crossbar_v2_1_vl_rfs.v:3493]
INFO: [Synth 8-6157] synthesizing module 'axi_crossbar_v2_1_31_addr_arbiter' [/home/cristi/Documents/ACES/RC-Project/Project/LinearImageFiltering.gen/sources_1/bd/filtering/ipshared/ba70/hdl/axi_crossbar_v2_1_vl_rfs.v:420]
INFO: [Synth 8-6157] synthesizing module 'generic_baseblocks_v2_1_1_mux_enc__parameterized2' [/home/cristi/Documents/ACES/RC-Project/Project/LinearImageFiltering.gen/sources_1/bd/filtering/ipshared/10ab/hdl/generic_baseblocks_v2_1_vl_rfs.v:2436]
INFO: [Synth 8-6155] done synthesizing module 'generic_baseblocks_v2_1_1_mux_enc__parameterized2' (0#1) [/home/cristi/Documents/ACES/RC-Project/Project/LinearImageFiltering.gen/sources_1/bd/filtering/ipshared/10ab/hdl/generic_baseblocks_v2_1_vl_rfs.v:2436]
INFO: [Synth 8-6157] synthesizing module 'generic_baseblocks_v2_1_1_mux_enc__parameterized3' [/home/cristi/Documents/ACES/RC-Project/Project/LinearImageFiltering.gen/sources_1/bd/filtering/ipshared/10ab/hdl/generic_baseblocks_v2_1_vl_rfs.v:2436]
INFO: [Synth 8-6155] done synthesizing module 'generic_baseblocks_v2_1_1_mux_enc__parameterized3' (0#1) [/home/cristi/Documents/ACES/RC-Project/Project/LinearImageFiltering.gen/sources_1/bd/filtering/ipshared/10ab/hdl/generic_baseblocks_v2_1_vl_rfs.v:2436]
INFO: [Synth 8-6155] done synthesizing module 'axi_crossbar_v2_1_31_addr_arbiter' (0#1) [/home/cristi/Documents/ACES/RC-Project/Project/LinearImageFiltering.gen/sources_1/bd/filtering/ipshared/ba70/hdl/axi_crossbar_v2_1_vl_rfs.v:420]
INFO: [Synth 8-6155] done synthesizing module 'axi_crossbar_v2_1_31_crossbar' (0#1) [/home/cristi/Documents/ACES/RC-Project/Project/LinearImageFiltering.gen/sources_1/bd/filtering/ipshared/ba70/hdl/axi_crossbar_v2_1_vl_rfs.v:2232]
INFO: [Synth 8-6155] done synthesizing module 'axi_crossbar_v2_1_31_axi_crossbar' (0#1) [/home/cristi/Documents/ACES/RC-Project/Project/LinearImageFiltering.gen/sources_1/bd/filtering/ipshared/ba70/hdl/axi_crossbar_v2_1_vl_rfs.v:4871]
INFO: [Synth 8-6155] done synthesizing module 'filtering_xbar_0' (0#1) [/home/cristi/Documents/ACES/RC-Project/Project/LinearImageFiltering.gen/sources_1/bd/filtering/ip/filtering_xbar_0/synth/filtering_xbar_0.v:53]
WARNING: [Synth 8-6014] Unused sequential element areset_d1_reg was removed.  [/home/cristi/Documents/ACES/RC-Project/Project/LinearImageFiltering.gen/sources_1/bd/filtering/ipshared/7964/hdl/axi_data_fifo_v2_1_vl_rfs.v:747]
WARNING: [Synth 8-6014] Unused sequential element S_READY_i_reg was removed.  [/home/cristi/Documents/ACES/RC-Project/Project/LinearImageFiltering.gen/sources_1/bd/filtering/ipshared/7964/hdl/axi_data_fifo_v2_1_vl_rfs.v:786]
WARNING: [Synth 8-6014] Unused sequential element gen_single_thread.gen_debug_r_single_thread.debug_r_beat_cnt_i_reg was removed.  [/home/cristi/Documents/ACES/RC-Project/Project/LinearImageFiltering.gen/sources_1/bd/filtering/ipshared/ba70/hdl/axi_crossbar_v2_1_vl_rfs.v:4184]
WARNING: [Synth 8-6014] Unused sequential element gen_single_thread.active_id_reg was removed.  [/home/cristi/Documents/ACES/RC-Project/Project/LinearImageFiltering.gen/sources_1/bd/filtering/ipshared/ba70/hdl/axi_crossbar_v2_1_vl_rfs.v:4142]
WARNING: [Synth 8-6014] Unused sequential element gen_single_thread.gen_debug_r_single_thread.debug_r_beat_cnt_i_reg was removed.  [/home/cristi/Documents/ACES/RC-Project/Project/LinearImageFiltering.gen/sources_1/bd/filtering/ipshared/ba70/hdl/axi_crossbar_v2_1_vl_rfs.v:4184]
WARNING: [Synth 8-6014] Unused sequential element gen_single_thread.active_id_reg was removed.  [/home/cristi/Documents/ACES/RC-Project/Project/LinearImageFiltering.gen/sources_1/bd/filtering/ipshared/ba70/hdl/axi_crossbar_v2_1_vl_rfs.v:4142]
WARNING: [Synth 8-6014] Unused sequential element gen_multi_thread.gen_thread_loop[0].gen_debug_r_multi_thread.debug_r_beat_cnt_i_reg was removed.  [/home/cristi/Documents/ACES/RC-Project/Project/LinearImageFiltering.gen/sources_1/bd/filtering/ipshared/ba70/hdl/axi_crossbar_v2_1_vl_rfs.v:4338]
WARNING: [Synth 8-6014] Unused sequential element gen_multi_thread.gen_thread_loop[1].gen_debug_r_multi_thread.debug_r_beat_cnt_i_reg was removed.  [/home/cristi/Documents/ACES/RC-Project/Project/LinearImageFiltering.gen/sources_1/bd/filtering/ipshared/ba70/hdl/axi_crossbar_v2_1_vl_rfs.v:4338]
WARNING: [Synth 8-6014] Unused sequential element areset_d1_reg was removed.  [/home/cristi/Documents/ACES/RC-Project/Project/LinearImageFiltering.gen/sources_1/bd/filtering/ipshared/7964/hdl/axi_data_fifo_v2_1_vl_rfs.v:747]
WARNING: [Synth 8-6014] Unused sequential element S_READY_i_reg was removed.  [/home/cristi/Documents/ACES/RC-Project/Project/LinearImageFiltering.gen/sources_1/bd/filtering/ipshared/7964/hdl/axi_data_fifo_v2_1_vl_rfs.v:786]
WARNING: [Synth 8-6014] Unused sequential element s_ready_i_reg was removed.  [/home/cristi/Documents/ACES/RC-Project/Project/LinearImageFiltering.gen/sources_1/bd/filtering/ipshared/7964/hdl/axi_data_fifo_v2_1_vl_rfs.v:1034]
WARNING: [Synth 8-6014] Unused sequential element areset_d1_reg was removed.  [/home/cristi/Documents/ACES/RC-Project/Project/LinearImageFiltering.gen/sources_1/bd/filtering/ipshared/7964/hdl/axi_data_fifo_v2_1_vl_rfs.v:747]
WARNING: [Synth 8-6014] Unused sequential element S_READY_i_reg was removed.  [/home/cristi/Documents/ACES/RC-Project/Project/LinearImageFiltering.gen/sources_1/bd/filtering/ipshared/7964/hdl/axi_data_fifo_v2_1_vl_rfs.v:786]
WARNING: [Synth 8-6014] Unused sequential element s_ready_i_reg was removed.  [/home/cristi/Documents/ACES/RC-Project/Project/LinearImageFiltering.gen/sources_1/bd/filtering/ipshared/7964/hdl/axi_data_fifo_v2_1_vl_rfs.v:1034]
WARNING: [Synth 8-6014] Unused sequential element gen_master_slots[0].gen_mi_write.gen_debug_w.debug_w_beat_cnt_i_reg was removed.  [/home/cristi/Documents/ACES/RC-Project/Project/LinearImageFiltering.gen/sources_1/bd/filtering/ipshared/ba70/hdl/axi_crossbar_v2_1_vl_rfs.v:2991]
WARNING: [Synth 8-6014] Unused sequential element gen_master_slots[1].gen_mi_write.gen_debug_w.debug_w_beat_cnt_i_reg was removed.  [/home/cristi/Documents/ACES/RC-Project/Project/LinearImageFiltering.gen/sources_1/bd/filtering/ipshared/ba70/hdl/axi_crossbar_v2_1_vl_rfs.v:2991]
WARNING: [Synth 8-7129] Port ACLK in module axi_register_slice_v2_1_30_axic_register_slice is either unconnected or has no load
WARNING: [Synth 8-7129] Port ARESET in module axi_register_slice_v2_1_30_axic_register_slice is either unconnected or has no load
WARNING: [Synth 8-7129] Port ACLK in module axi_register_slice_v2_1_30_axic_register_slice__parameterized0 is either unconnected or has no load
WARNING: [Synth 8-7129] Port ARESET in module axi_register_slice_v2_1_30_axic_register_slice__parameterized0 is either unconnected or has no load
WARNING: [Synth 8-7129] Port m_axi_buser[0] in module axi_infrastructure_v1_1_0_vector2axi is either unconnected or has no load
WARNING: [Synth 8-7129] Port m_axi_ruser[0] in module axi_infrastructure_v1_1_0_vector2axi is either unconnected or has no load
WARNING: [Synth 8-7129] Port s_axi_awuser[0] in module axi_infrastructure_v1_1_0_axi2vector is either unconnected or has no load
WARNING: [Synth 8-7129] Port s_axi_wid[2] in module axi_infrastructure_v1_1_0_axi2vector is either unconnected or has no load
WARNING: [Synth 8-7129] Port s_axi_wid[1] in module axi_infrastructure_v1_1_0_axi2vector is either unconnected or has no load
WARNING: [Synth 8-7129] Port s_axi_wid[0] in module axi_infrastructure_v1_1_0_axi2vector is either unconnected or has no load
WARNING: [Synth 8-7129] Port s_axi_wuser[0] in module axi_infrastructure_v1_1_0_axi2vector is either unconnected or has no load
WARNING: [Synth 8-7129] Port s_axi_aruser[0] in module axi_infrastructure_v1_1_0_axi2vector is either unconnected or has no load
WARNING: [Synth 8-7129] Port aclk2x in module axi_register_slice_v2_1_30_axi_register_slice is either unconnected or has no load
WARNING: [Synth 8-7129] Port ADDR[1] in module axi_crossbar_v2_1_31_addr_decoder is either unconnected or has no load
WARNING: [Synth 8-7129] Port ADDR[0] in module axi_crossbar_v2_1_31_addr_decoder is either unconnected or has no load
WARNING: [Synth 8-7129] Port S_ABURST[1] in module axi_crossbar_v2_1_31_si_transactor__parameterized1 is either unconnected or has no load
WARNING: [Synth 8-7129] Port S_ABURST[0] in module axi_crossbar_v2_1_31_si_transactor__parameterized1 is either unconnected or has no load
WARNING: [Synth 8-7129] Port S_ABURST[1] in module axi_crossbar_v2_1_31_si_transactor__parameterized0 is either unconnected or has no load
WARNING: [Synth 8-7129] Port S_ABURST[0] in module axi_crossbar_v2_1_31_si_transactor__parameterized0 is either unconnected or has no load
WARNING: [Synth 8-7129] Port S_ABURST[1] in module axi_crossbar_v2_1_31_si_transactor is either unconnected or has no load
WARNING: [Synth 8-7129] Port S_ABURST[0] in module axi_crossbar_v2_1_31_si_transactor is either unconnected or has no load
WARNING: [Synth 8-7129] Port S_AXI_AWID[8] in module axi_crossbar_v2_1_31_crossbar is either unconnected or has no load
WARNING: [Synth 8-7129] Port S_AXI_AWID[7] in module axi_crossbar_v2_1_31_crossbar is either unconnected or has no load
WARNING: [Synth 8-7129] Port S_AXI_AWID[6] in module axi_crossbar_v2_1_31_crossbar is either unconnected or has no load
WARNING: [Synth 8-7129] Port S_AXI_AWID[5] in module axi_crossbar_v2_1_31_crossbar is either unconnected or has no load
WARNING: [Synth 8-7129] Port S_AXI_AWID[4] in module axi_crossbar_v2_1_31_crossbar is either unconnected or has no load
WARNING: [Synth 8-7129] Port S_AXI_AWID[3] in module axi_crossbar_v2_1_31_crossbar is either unconnected or has no load
WARNING: [Synth 8-7129] Port S_AXI_AWID[2] in module axi_crossbar_v2_1_31_crossbar is either unconnected or has no load
WARNING: [Synth 8-7129] Port S_AXI_AWID[1] in module axi_crossbar_v2_1_31_crossbar is either unconnected or has no load
WARNING: [Synth 8-7129] Port S_AXI_AWID[0] in module axi_crossbar_v2_1_31_crossbar is either unconnected or has no load
WARNING: [Synth 8-7129] Port S_AXI_AWADDR[95] in module axi_crossbar_v2_1_31_crossbar is either unconnected or has no load
WARNING: [Synth 8-7129] Port S_AXI_AWADDR[94] in module axi_crossbar_v2_1_31_crossbar is either unconnected or has no load
WARNING: [Synth 8-7129] Port S_AXI_AWADDR[93] in module axi_crossbar_v2_1_31_crossbar is either unconnected or has no load
WARNING: [Synth 8-7129] Port S_AXI_AWADDR[92] in module axi_crossbar_v2_1_31_crossbar is either unconnected or has no load
WARNING: [Synth 8-7129] Port S_AXI_AWADDR[91] in module axi_crossbar_v2_1_31_crossbar is either unconnected or has no load
WARNING: [Synth 8-7129] Port S_AXI_AWADDR[90] in module axi_crossbar_v2_1_31_crossbar is either unconnected or has no load
WARNING: [Synth 8-7129] Port S_AXI_AWADDR[89] in module axi_crossbar_v2_1_31_crossbar is either unconnected or has no load
WARNING: [Synth 8-7129] Port S_AXI_AWADDR[88] in module axi_crossbar_v2_1_31_crossbar is either unconnected or has no load
WARNING: [Synth 8-7129] Port S_AXI_AWADDR[87] in module axi_crossbar_v2_1_31_crossbar is either unconnected or has no load
WARNING: [Synth 8-7129] Port S_AXI_AWADDR[86] in module axi_crossbar_v2_1_31_crossbar is either unconnected or has no load
WARNING: [Synth 8-7129] Port S_AXI_AWADDR[85] in module axi_crossbar_v2_1_31_crossbar is either unconnected or has no load
WARNING: [Synth 8-7129] Port S_AXI_AWADDR[84] in module axi_crossbar_v2_1_31_crossbar is either unconnected or has no load
WARNING: [Synth 8-7129] Port S_AXI_AWADDR[83] in module axi_crossbar_v2_1_31_crossbar is either unconnected or has no load
WARNING: [Synth 8-7129] Port S_AXI_AWADDR[82] in module axi_crossbar_v2_1_31_crossbar is either unconnected or has no load
WARNING: [Synth 8-7129] Port S_AXI_AWADDR[81] in module axi_crossbar_v2_1_31_crossbar is either unconnected or has no load
WARNING: [Synth 8-7129] Port S_AXI_AWADDR[80] in module axi_crossbar_v2_1_31_crossbar is either unconnected or has no load
WARNING: [Synth 8-7129] Port S_AXI_AWADDR[79] in module axi_crossbar_v2_1_31_crossbar is either unconnected or has no load
WARNING: [Synth 8-7129] Port S_AXI_AWADDR[78] in module axi_crossbar_v2_1_31_crossbar is either unconnected or has no load
WARNING: [Synth 8-7129] Port S_AXI_AWADDR[77] in module axi_crossbar_v2_1_31_crossbar is either unconnected or has no load
WARNING: [Synth 8-7129] Port S_AXI_AWADDR[76] in module axi_crossbar_v2_1_31_crossbar is either unconnected or has no load
WARNING: [Synth 8-7129] Port S_AXI_AWADDR[75] in module axi_crossbar_v2_1_31_crossbar is either unconnected or has no load
WARNING: [Synth 8-7129] Port S_AXI_AWADDR[74] in module axi_crossbar_v2_1_31_crossbar is either unconnected or has no load
WARNING: [Synth 8-7129] Port S_AXI_AWADDR[73] in module axi_crossbar_v2_1_31_crossbar is either unconnected or has no load
WARNING: [Synth 8-7129] Port S_AXI_AWADDR[72] in module axi_crossbar_v2_1_31_crossbar is either unconnected or has no load
WARNING: [Synth 8-7129] Port S_AXI_AWADDR[71] in module axi_crossbar_v2_1_31_crossbar is either unconnected or has no load
WARNING: [Synth 8-7129] Port S_AXI_AWADDR[70] in module axi_crossbar_v2_1_31_crossbar is either unconnected or has no load
WARNING: [Synth 8-7129] Port S_AXI_AWADDR[69] in module axi_crossbar_v2_1_31_crossbar is either unconnected or has no load
WARNING: [Synth 8-7129] Port S_AXI_AWADDR[68] in module axi_crossbar_v2_1_31_crossbar is either unconnected or has no load
WARNING: [Synth 8-7129] Port S_AXI_AWADDR[67] in module axi_crossbar_v2_1_31_crossbar is either unconnected or has no load
WARNING: [Synth 8-7129] Port S_AXI_AWADDR[66] in module axi_crossbar_v2_1_31_crossbar is either unconnected or has no load
WARNING: [Synth 8-7129] Port S_AXI_AWADDR[65] in module axi_crossbar_v2_1_31_crossbar is either unconnected or has no load
WARNING: [Synth 8-7129] Port S_AXI_AWADDR[64] in module axi_crossbar_v2_1_31_crossbar is either unconnected or has no load
WARNING: [Synth 8-7129] Port S_AXI_AWADDR[31] in module axi_crossbar_v2_1_31_crossbar is either unconnected or has no load
WARNING: [Synth 8-7129] Port S_AXI_AWADDR[30] in module axi_crossbar_v2_1_31_crossbar is either unconnected or has no load
WARNING: [Synth 8-7129] Port S_AXI_AWADDR[29] in module axi_crossbar_v2_1_31_crossbar is either unconnected or has no load
WARNING: [Synth 8-7129] Port S_AXI_AWADDR[28] in module axi_crossbar_v2_1_31_crossbar is either unconnected or has no load
WARNING: [Synth 8-7129] Port S_AXI_AWADDR[27] in module axi_crossbar_v2_1_31_crossbar is either unconnected or has no load
WARNING: [Synth 8-7129] Port S_AXI_AWADDR[26] in module axi_crossbar_v2_1_31_crossbar is either unconnected or has no load
WARNING: [Synth 8-7129] Port S_AXI_AWADDR[25] in module axi_crossbar_v2_1_31_crossbar is either unconnected or has no load
WARNING: [Synth 8-7129] Port S_AXI_AWADDR[24] in module axi_crossbar_v2_1_31_crossbar is either unconnected or has no load
WARNING: [Synth 8-7129] Port S_AXI_AWADDR[23] in module axi_crossbar_v2_1_31_crossbar is either unconnected or has no load
WARNING: [Synth 8-7129] Port S_AXI_AWADDR[22] in module axi_crossbar_v2_1_31_crossbar is either unconnected or has no load
WARNING: [Synth 8-7129] Port S_AXI_AWADDR[21] in module axi_crossbar_v2_1_31_crossbar is either unconnected or has no load
WARNING: [Synth 8-7129] Port S_AXI_AWADDR[20] in module axi_crossbar_v2_1_31_crossbar is either unconnected or has no load
WARNING: [Synth 8-7129] Port S_AXI_AWADDR[19] in module axi_crossbar_v2_1_31_crossbar is either unconnected or has no load
WARNING: [Synth 8-7129] Port S_AXI_AWADDR[18] in module axi_crossbar_v2_1_31_crossbar is either unconnected or has no load
WARNING: [Synth 8-7129] Port S_AXI_AWADDR[17] in module axi_crossbar_v2_1_31_crossbar is either unconnected or has no load
WARNING: [Synth 8-7129] Port S_AXI_AWADDR[16] in module axi_crossbar_v2_1_31_crossbar is either unconnected or has no load
WARNING: [Synth 8-7129] Port S_AXI_AWADDR[15] in module axi_crossbar_v2_1_31_crossbar is either unconnected or has no load
WARNING: [Synth 8-7129] Port S_AXI_AWADDR[14] in module axi_crossbar_v2_1_31_crossbar is either unconnected or has no load
WARNING: [Synth 8-7129] Port S_AXI_AWADDR[13] in module axi_crossbar_v2_1_31_crossbar is either unconnected or has no load
WARNING: [Synth 8-7129] Port S_AXI_AWADDR[12] in module axi_crossbar_v2_1_31_crossbar is either unconnected or has no load
WARNING: [Synth 8-7129] Port S_AXI_AWADDR[11] in module axi_crossbar_v2_1_31_crossbar is either unconnected or has no load
WARNING: [Synth 8-7129] Port S_AXI_AWADDR[10] in module axi_crossbar_v2_1_31_crossbar is either unconnected or has no load
WARNING: [Synth 8-7129] Port S_AXI_AWADDR[9] in module axi_crossbar_v2_1_31_crossbar is either unconnected or has no load
WARNING: [Synth 8-7129] Port S_AXI_AWADDR[8] in module axi_crossbar_v2_1_31_crossbar is either unconnected or has no load
WARNING: [Synth 8-7129] Port S_AXI_AWADDR[7] in module axi_crossbar_v2_1_31_crossbar is either unconnected or has no load
WARNING: [Synth 8-7129] Port S_AXI_AWADDR[6] in module axi_crossbar_v2_1_31_crossbar is either unconnected or has no load
WARNING: [Synth 8-7129] Port S_AXI_AWADDR[5] in module axi_crossbar_v2_1_31_crossbar is either unconnected or has no load
WARNING: [Synth 8-7129] Port S_AXI_AWADDR[4] in module axi_crossbar_v2_1_31_crossbar is either unconnected or has no load
WARNING: [Synth 8-7129] Port S_AXI_AWADDR[3] in module axi_crossbar_v2_1_31_crossbar is either unconnected or has no load
WARNING: [Synth 8-7129] Port S_AXI_AWADDR[2] in module axi_crossbar_v2_1_31_crossbar is either unconnected or has no load
WARNING: [Synth 8-7129] Port S_AXI_AWADDR[1] in module axi_crossbar_v2_1_31_crossbar is either unconnected or has no load
WARNING: [Synth 8-7129] Port S_AXI_AWADDR[0] in module axi_crossbar_v2_1_31_crossbar is either unconnected or has no load
WARNING: [Synth 8-7129] Port S_AXI_AWLEN[23] in module axi_crossbar_v2_1_31_crossbar is either unconnected or has no load
WARNING: [Synth 8-7129] Port S_AXI_AWLEN[22] in module axi_crossbar_v2_1_31_crossbar is either unconnected or has no load
WARNING: [Synth 8-7129] Port S_AXI_AWLEN[21] in module axi_crossbar_v2_1_31_crossbar is either unconnected or has no load
WARNING: [Synth 8-7129] Port S_AXI_AWLEN[20] in module axi_crossbar_v2_1_31_crossbar is either unconnected or has no load
WARNING: [Synth 8-7129] Port S_AXI_AWLEN[19] in module axi_crossbar_v2_1_31_crossbar is either unconnected or has no load
WARNING: [Synth 8-7129] Port S_AXI_AWLEN[18] in module axi_crossbar_v2_1_31_crossbar is either unconnected or has no load
INFO: [Common 17-14] Message 'Synth 8-7129' appears 100 times and further instances of the messages will be disabled. Use the Tcl command set_msg_config to change the current settings.
---------------------------------------------------------------------------------
Finished RTL Elaboration : Time (s): cpu = 00:00:12 ; elapsed = 00:00:14 . Memory (MB): peak = 2280.473 ; gain = 622.629 ; free physical = 176 ; free virtual = 5378
---------------------------------------------------------------------------------
---------------------------------------------------------------------------------
Start Handling Custom Attributes
---------------------------------------------------------------------------------
---------------------------------------------------------------------------------
Finished Handling Custom Attributes : Time (s): cpu = 00:00:12 ; elapsed = 00:00:14 . Memory (MB): peak = 2280.473 ; gain = 622.629 ; free physical = 153 ; free virtual = 5325
---------------------------------------------------------------------------------
---------------------------------------------------------------------------------
Finished RTL Optimization Phase 1 : Time (s): cpu = 00:00:12 ; elapsed = 00:00:14 . Memory (MB): peak = 2280.473 ; gain = 622.629 ; free physical = 153 ; free virtual = 5325
---------------------------------------------------------------------------------
Netlist sorting complete. Time (s): cpu = 00:00:00.24 ; elapsed = 00:00:00.24 . Memory (MB): peak = 2280.473 ; gain = 0.000 ; free physical = 188 ; free virtual = 5249
INFO: [Project 1-570] Preparing netlist for logic optimization

Processing XDC Constraints
Initializing timing engine
Parsing XDC File [/home/cristi/Documents/ACES/RC-Project/Project/LinearImageFiltering.gen/sources_1/bd/filtering/ip/filtering_xbar_0/filtering_xbar_0_ooc.xdc] for cell 'inst'
Finished Parsing XDC File [/home/cristi/Documents/ACES/RC-Project/Project/LinearImageFiltering.gen/sources_1/bd/filtering/ip/filtering_xbar_0/filtering_xbar_0_ooc.xdc] for cell 'inst'
Parsing XDC File [/home/cristi/Documents/ACES/RC-Project/Project/LinearImageFiltering.runs/filtering_xbar_0_synth_1/dont_touch.xdc]
Finished Parsing XDC File [/home/cristi/Documents/ACES/RC-Project/Project/LinearImageFiltering.runs/filtering_xbar_0_synth_1/dont_touch.xdc]
Completed Processing XDC Constraints

Netlist sorting complete. Time (s): cpu = 00:00:00 ; elapsed = 00:00:00 . Memory (MB): peak = 2363.316 ; gain = 0.000 ; free physical = 226 ; free virtual = 5188
INFO: [Project 1-111] Unisim Transformation Summary:
No Unisim elements were transformed.

Constraint Validation Runtime : Time (s): cpu = 00:00:00.48 ; elapsed = 00:00:00.32 . Memory (MB): peak = 2363.352 ; gain = 0.000 ; free physical = 225 ; free virtual = 5187
INFO: [Designutils 20-5008] Incremental synthesis strategy off
---------------------------------------------------------------------------------
Finished Constraint Validation : Time (s): cpu = 00:00:22 ; elapsed = 00:00:23 . Memory (MB): peak = 2363.352 ; gain = 705.508 ; free physical = 215 ; free virtual = 5224
---------------------------------------------------------------------------------
---------------------------------------------------------------------------------
Start Loading Part and Timing Information
---------------------------------------------------------------------------------
Loading part: xc7z020clg400-1
---------------------------------------------------------------------------------
Finished Loading Part and Timing Information : Time (s): cpu = 00:00:22 ; elapsed = 00:00:23 . Memory (MB): peak = 2363.352 ; gain = 705.508 ; free physical = 215 ; free virtual = 5224
---------------------------------------------------------------------------------
---------------------------------------------------------------------------------
Start Applying 'set_property' XDC Constraints
---------------------------------------------------------------------------------
Applied set_property KEEP_HIERARCHY = SOFT for inst. (constraint file  /home/cristi/Documents/ACES/RC-Project/Project/LinearImageFiltering.runs/filtering_xbar_0_synth_1/dont_touch.xdc, line 9).
---------------------------------------------------------------------------------
Finished applying 'set_property' XDC Constraints : Time (s): cpu = 00:00:22 ; elapsed = 00:00:23 . Memory (MB): peak = 2363.352 ; gain = 705.508 ; free physical = 216 ; free virtual = 5225
---------------------------------------------------------------------------------
INFO: [Synth 8-802] inferred FSM for state register 'state_reg' in module 'axi_data_fifo_v2_1_29_axic_reg_srl_fifo'
INFO: [Synth 8-802] inferred FSM for state register 'state_reg' in module 'axi_data_fifo_v2_1_29_axic_reg_srl_fifo__parameterized0'
INFO: [Synth 8-802] inferred FSM for state register 'state_reg' in module 'axi_data_fifo_v2_1_29_axic_reg_srl_fifo__parameterized1'
INFO: [Synth 8-802] inferred FSM for state register 'gen_axi.write_cs_reg' in module 'axi_crossbar_v2_1_31_decerr_slave'
---------------------------------------------------------------------------------------------------
                   State |                     New Encoding |                Previous Encoding 
---------------------------------------------------------------------------------------------------
                    ZERO |                             1000 |                               10
                     ONE |                             0010 |                               11
                     TWO |                             0001 |                               01
                  iSTATE |                             0100 |                               00
---------------------------------------------------------------------------------------------------
INFO: [Synth 8-3354] encoded FSM with state register 'state_reg' using encoding 'one-hot' in module 'axi_data_fifo_v2_1_29_axic_reg_srl_fifo'
---------------------------------------------------------------------------------------------------
                   State |                     New Encoding |                Previous Encoding 
---------------------------------------------------------------------------------------------------
                    ZERO |                             1000 |                               10
                     ONE |                             0010 |                               11
                     TWO |                             0001 |                               01
                  iSTATE |                             0100 |                               00
---------------------------------------------------------------------------------------------------
INFO: [Synth 8-3354] encoded FSM with state register 'state_reg' using encoding 'one-hot' in module 'axi_data_fifo_v2_1_29_axic_reg_srl_fifo__parameterized0'
---------------------------------------------------------------------------------------------------
                   State |                     New Encoding |                Previous Encoding 
---------------------------------------------------------------------------------------------------
                    ZERO |                             1000 |                               10
                     ONE |                             0010 |                               11
                     TWO |                             0001 |                               01
                  iSTATE |                             0100 |                               00
---------------------------------------------------------------------------------------------------
INFO: [Synth 8-3354] encoded FSM with state register 'state_reg' using encoding 'one-hot' in module 'axi_data_fifo_v2_1_29_axic_reg_srl_fifo__parameterized1'
---------------------------------------------------------------------------------------------------
                   State |                     New Encoding |                Previous Encoding 
---------------------------------------------------------------------------------------------------
            P_WRITE_IDLE |                              001 |                               00
            P_WRITE_DATA |                              010 |                               01
            P_WRITE_RESP |                              100 |                               10
---------------------------------------------------------------------------------------------------
INFO: [Synth 8-3354] encoded FSM with state register 'gen_axi.write_cs_reg' using encoding 'one-hot' in module 'axi_crossbar_v2_1_31_decerr_slave'
---------------------------------------------------------------------------------
Finished RTL Optimization Phase 2 : Time (s): cpu = 00:00:23 ; elapsed = 00:00:24 . Memory (MB): peak = 2363.352 ; gain = 705.508 ; free physical = 215 ; free virtual = 5227
---------------------------------------------------------------------------------
---------------------------------------------------------------------------------
Start RTL Component Statistics 
---------------------------------------------------------------------------------
Detailed RTL Component Info : 
+---Adders : 
	   2 Input    8 Bit       Adders := 3     
	   2 Input    4 Bit       Adders := 11    
	   2 Input    3 Bit       Adders := 5     
	   2 Input    2 Bit       Adders := 3     
	   2 Input    1 Bit       Adders := 4     
+---XORs : 
	   2 Input      1 Bit         XORs := 9     
+---Registers : 
	             1030 Bit    Registers := 4     
	               66 Bit    Registers := 2     
	                8 Bit    Registers := 3     
	                5 Bit    Registers := 2     
	                4 Bit    Registers := 9     
	                3 Bit    Registers := 13    
	                2 Bit    Registers := 18    
	                1 Bit    Registers := 35    
+---Muxes : 
	   2 Input 1030 Bit        Muxes := 4     
	   2 Input   16 Bit        Muxes := 6     
	   2 Input    8 Bit        Muxes := 1     
	   3 Input    4 Bit        Muxes := 5     
	   2 Input    4 Bit        Muxes := 11    
	   2 Input    3 Bit        Muxes := 6     
	   2 Input    2 Bit        Muxes := 19    
	   2 Input    1 Bit        Muxes := 82    
	   4 Input    1 Bit        Muxes := 9     
	   3 Input    1 Bit        Muxes := 9     
---------------------------------------------------------------------------------
Finished RTL Component Statistics 
---------------------------------------------------------------------------------
---------------------------------------------------------------------------------
Start Part Resource Summary
---------------------------------------------------------------------------------
Part Resources:
DSPs: 220 (col length:60)
BRAMs: 280 (col length: RAMB18 60 RAMB36 30)
---------------------------------------------------------------------------------
Finished Part Resource Summary
---------------------------------------------------------------------------------
---------------------------------------------------------------------------------
Start Cross Boundary and Area Optimization
---------------------------------------------------------------------------------
WARNING: [Synth 8-7080] Parallel synthesis criteria is not met
INFO: [Synth 8-3332] Sequential element (gen_samd.crossbar_samd/gen_slave_slots[1].gen_si_write.wdata_router_w/wrouter_aw_fifo/FSM_onehot_state_reg[2]) is unused and will be removed from module axi_crossbar_v2_1_31_axi_crossbar.
INFO: [Synth 8-3332] Sequential element (gen_samd.crossbar_samd/gen_master_slots[0].gen_mi_write.wdata_mux_w/gen_wmux.wmux_aw_fifo/FSM_onehot_state_reg[2]) is unused and will be removed from module axi_crossbar_v2_1_31_axi_crossbar.
INFO: [Synth 8-3332] Sequential element (gen_samd.crossbar_samd/gen_master_slots[1].gen_mi_write.wdata_mux_w/gen_wmux.wmux_aw_fifo/FSM_onehot_state_reg[2]) is unused and will be removed from module axi_crossbar_v2_1_31_axi_crossbar.
---------------------------------------------------------------------------------
Finished Cross Boundary and Area Optimization : Time (s): cpu = 00:00:29 ; elapsed = 00:00:30 . Memory (MB): peak = 2363.352 ; gain = 705.508 ; free physical = 193 ; free virtual = 5111
---------------------------------------------------------------------------------
---------------------------------------------------------------------------------
Start Applying XDC Timing Constraints
---------------------------------------------------------------------------------
---------------------------------------------------------------------------------
Finished Applying XDC Timing Constraints : Time (s): cpu = 00:00:34 ; elapsed = 00:00:35 . Memory (MB): peak = 2363.352 ; gain = 705.508 ; free physical = 445 ; free virtual = 5364
---------------------------------------------------------------------------------
---------------------------------------------------------------------------------
Start Timing Optimization
---------------------------------------------------------------------------------
---------------------------------------------------------------------------------
Finished Timing Optimization : Time (s): cpu = 00:00:37 ; elapsed = 00:00:38 . Memory (MB): peak = 2363.352 ; gain = 705.508 ; free physical = 208 ; free virtual = 4823
---------------------------------------------------------------------------------
---------------------------------------------------------------------------------
Start Technology Mapping
---------------------------------------------------------------------------------
---------------------------------------------------------------------------------
Finished Technology Mapping : Time (s): cpu = 00:00:39 ; elapsed = 00:00:41 . Memory (MB): peak = 2363.352 ; gain = 705.508 ; free physical = 175 ; free virtual = 4573
---------------------------------------------------------------------------------
---------------------------------------------------------------------------------
Start IO Insertion
---------------------------------------------------------------------------------
---------------------------------------------------------------------------------
Start Flattening Before IO Insertion
---------------------------------------------------------------------------------
---------------------------------------------------------------------------------
Finished Flattening Before IO Insertion
---------------------------------------------------------------------------------
---------------------------------------------------------------------------------
Start Final Netlist Cleanup
---------------------------------------------------------------------------------
---------------------------------------------------------------------------------
Finished Final Netlist Cleanup
---------------------------------------------------------------------------------
---------------------------------------------------------------------------------
Finished IO Insertion : Time (s): cpu = 00:00:44 ; elapsed = 00:00:45 . Memory (MB): peak = 2363.352 ; gain = 705.508 ; free physical = 1562 ; free virtual = 5939
---------------------------------------------------------------------------------
---------------------------------------------------------------------------------
Start Renaming Generated Instances
---------------------------------------------------------------------------------
---------------------------------------------------------------------------------
Finished Renaming Generated Instances : Time (s): cpu = 00:00:44 ; elapsed = 00:00:45 . Memory (MB): peak = 2363.352 ; gain = 705.508 ; free physical = 1562 ; free virtual = 5939
---------------------------------------------------------------------------------
---------------------------------------------------------------------------------
Start Rebuilding User Hierarchy
---------------------------------------------------------------------------------
---------------------------------------------------------------------------------
Finished Rebuilding User Hierarchy : Time (s): cpu = 00:00:44 ; elapsed = 00:00:46 . Memory (MB): peak = 2363.352 ; gain = 705.508 ; free physical = 1570 ; free virtual = 5947
---------------------------------------------------------------------------------
---------------------------------------------------------------------------------
Start Renaming Generated Ports
---------------------------------------------------------------------------------
---------------------------------------------------------------------------------
Finished Renaming Generated Ports : Time (s): cpu = 00:00:44 ; elapsed = 00:00:46 . Memory (MB): peak = 2363.352 ; gain = 705.508 ; free physical = 1570 ; free virtual = 5947
---------------------------------------------------------------------------------
---------------------------------------------------------------------------------
Start Handling Custom Attributes
---------------------------------------------------------------------------------
---------------------------------------------------------------------------------
Finished Handling Custom Attributes : Time (s): cpu = 00:00:44 ; elapsed = 00:00:46 . Memory (MB): peak = 2363.352 ; gain = 705.508 ; free physical = 1570 ; free virtual = 5947
---------------------------------------------------------------------------------
---------------------------------------------------------------------------------
Start Renaming Generated Nets
---------------------------------------------------------------------------------
---------------------------------------------------------------------------------
Finished Renaming Generated Nets : Time (s): cpu = 00:00:44 ; elapsed = 00:00:46 . Memory (MB): peak = 2363.352 ; gain = 705.508 ; free physical = 1570 ; free virtual = 5947
---------------------------------------------------------------------------------
---------------------------------------------------------------------------------
Start Writing Synthesis Report
---------------------------------------------------------------------------------

Report BlackBoxes: 
+-+--------------+----------+
| |BlackBox name |Instances |
+-+--------------+----------+
+-+--------------+----------+

Report Cell Usage: 
+------+--------+------+
|      |Cell    |Count |
+------+--------+------+
|1     |LUT1    |    10|
|2     |LUT2    |  1034|
|3     |LUT3    |  3374|
|4     |LUT4    |    57|
|5     |LUT5    |    58|
|6     |LUT6    |    94|
|7     |SRLC32E |     5|
|8     |FDRE    |  2301|
|9     |FDSE    |    18|
+------+--------+------+
---------------------------------------------------------------------------------
Finished Writing Synthesis Report : Time (s): cpu = 00:00:44 ; elapsed = 00:00:46 . Memory (MB): peak = 2363.352 ; gain = 705.508 ; free physical = 1570 ; free virtual = 5947
---------------------------------------------------------------------------------
Synthesis finished with 0 errors, 0 critical warnings and 2523 warnings.
Synthesis Optimization Runtime : Time (s): cpu = 00:00:40 ; elapsed = 00:00:42 . Memory (MB): peak = 2363.352 ; gain = 622.629 ; free physical = 1570 ; free virtual = 5947
Synthesis Optimization Complete : Time (s): cpu = 00:00:44 ; elapsed = 00:00:46 . Memory (MB): peak = 2363.352 ; gain = 705.508 ; free physical = 1570 ; free virtual = 5947
INFO: [Project 1-571] Translating synthesized netlist
Netlist sorting complete. Time (s): cpu = 00:00:00.09 ; elapsed = 00:00:00.09 . Memory (MB): peak = 2363.352 ; gain = 0.000 ; free physical = 1766 ; free virtual = 6152
INFO: [Project 1-570] Preparing netlist for logic optimization
INFO: [Opt 31-138] Pushed 0 inverter(s) to 0 load pin(s).
Netlist sorting complete. Time (s): cpu = 00:00:00 ; elapsed = 00:00:00 . Memory (MB): peak = 2363.352 ; gain = 0.000 ; free physical = 1765 ; free virtual = 6157
INFO: [Project 1-111] Unisim Transformation Summary:
No Unisim elements were transformed.

Synth Design complete | Checksum: 3a8d7ddb
INFO: [Common 17-83] Releasing license: Synthesis
116 Infos, 121 Warnings, 0 Critical Warnings and 0 Errors encountered.
synth_design completed successfully
synth_design: Time (s): cpu = 00:00:54 ; elapsed = 00:00:51 . Memory (MB): peak = 2363.352 ; gain = 1059.977 ; free physical = 1764 ; free virtual = 6156
INFO: [Common 17-2834] synth_design peak Physical Memory [PSS] (MB): overall = 1749.960; main = 1456.508; forked = 306.153
INFO: [Common 17-2834] synth_design peak Virtual Memory [VSS] (MB): overall = 3322.852; main = 2363.320; forked = 991.547
Write ShapeDB Complete: Time (s): cpu = 00:00:00.04 ; elapsed = 00:00:00.01 . Memory (MB): peak = 2387.328 ; gain = 0.000 ; free physical = 1763 ; free virtual = 6156
INFO: [Common 17-1381] The checkpoint '/home/cristi/Documents/ACES/RC-Project/Project/LinearImageFiltering.runs/filtering_xbar_0_synth_1/filtering_xbar_0.dcp' has been generated.
INFO: [Coretcl 2-1648] Added synthesis output to IP cache for IP filtering_xbar_0, cache-ID = 5f18f7d077a3a9a2
INFO: [Coretcl 2-1174] Renamed 28 cell refs.
Write ShapeDB Complete: Time (s): cpu = 00:00:00.03 ; elapsed = 00:00:00.01 . Memory (MB): peak = 2387.328 ; gain = 0.000 ; free physical = 1768 ; free virtual = 6162
INFO: [Common 17-1381] The checkpoint '/home/cristi/Documents/ACES/RC-Project/Project/LinearImageFiltering.runs/filtering_xbar_0_synth_1/filtering_xbar_0.dcp' has been generated.
INFO: [runtcl-4] Executing : report_utilization -file filtering_xbar_0_utilization_synth.rpt -pb filtering_xbar_0_utilization_synth.pb
INFO: [Common 17-206] Exiting Vivado at Fri Jun 14 22:28:42 2024...
