INFO: [vitis-run 60-1548] Creating build summary session with primary output /home/cristi/Documents/ACES/RC-Project/HLS/work/work.hlsrun_cosim_summary, at Sat May 18 17:09:14 2024
INFO: [vitis-run 82-31] Launching vitis_hls: vitis_hls -nolog -run cosim -work_dir /home/cristi/Documents/ACES/RC-Project/HLS/work -config /home/cristi/Documents/ACES/RC-Project/HLS/config.cfg -cmdlineconfig /home/cristi/Documents/ACES/RC-Project/HLS/work/hls/config.cmdline

****** Vitis HLS - High-Level Synthesis from C, C++ and OpenCL v2023.2.2 (64-bit)
  **** SW Build 4101106 on Feb  9 2024
  **** IP Build 4126054 on Fri Feb  9 11:39:09 MST 2024
  **** SharedData Build 4115275 on Tue Jan 30 00:40:57 MST 2024
    ** Copyright 1986-2022 Xilinx, Inc. All Rights Reserved.
    ** Copyright 2022-2024 Advanced Micro Devices, Inc. All Rights Reserved.

source /home/cristi/AMD/Vitis_HLS/2023.2/scripts/vitis_hls/hls.tcl -notrace
INFO: [HLS 200-10] Running '/home/cristi/AMD/Vitis_HLS/2023.2/bin/unwrapped/lnx64.o/vitis_hls'
INFO: [HLS 200-10] For user 'cristi' on host 'hephaestion' (Linux_x86_64 version 6.8.0-31-generic) on Sat May 18 17:09:16 EEST 2024
INFO: [HLS 200-10] On os Ubuntu 24.04 LTS
INFO: [HLS 200-10] In directory '/home/cristi/Documents/ACES/RC-Project/HLS'
INFO: [HLS 200-1909] Reading HLS ini file /home/cristi/Documents/ACES/RC-Project/HLS/config.cfg
INFO: [HLS 200-1909] Reading HLS ini file /home/cristi/Documents/ACES/RC-Project/HLS/work/hls/config.cmdline
INFO: [HLS 200-2005] Using work_dir /home/cristi/Documents/ACES/RC-Project/HLS/work 
INFO: [HLS 200-1510] Running: open_project /home/cristi/Documents/ACES/RC-Project/HLS/work -diskless 
INFO: [HLS 200-1510] Running: open_solution hls 
INFO: [HLS 200-1505] Using default flow_target 'vivado'
Resolution: For help on HLS 200-1505 see docs.xilinx.com/access/sources/dita/topic?Doc_Version=2023.2%20English&url=ug1448-hls-guidance&resourceid=200-1505.html
INFO: [HLS 200-1510] Running: apply_ini /home/cristi/Documents/ACES/RC-Project/HLS/config.cfg 
INFO: [HLS 200-1909] Reading HLS ini file /home/cristi/Documents/ACES/RC-Project/HLS/config.cfg
INFO: [HLS 200-1465] Applying ini 'syn.file=LinearImageFiltering.cpp' at /home/cristi/Documents/ACES/RC-Project/HLS/config.cfg(6)
INFO: [HLS 200-10] Adding design file '/home/cristi/Documents/ACES/RC-Project/HLS/LinearImageFiltering.cpp' to the project
INFO: [HLS 200-1465] Applying ini 'syn.cflags=-std=c++14 -fno-builtin' at /home/cristi/Documents/ACES/RC-Project/HLS/config.cfg(8)
INFO: [HLS 200-1465] Applying ini 'syn.csimflags=-std=c++17 -fno-builtin' at /home/cristi/Documents/ACES/RC-Project/HLS/config.cfg(9)
INFO: [HLS 200-1465] Applying ini 'tb.file=LinearImageFilteringTestbench.cpp' at /home/cristi/Documents/ACES/RC-Project/HLS/config.cfg(10)
INFO: [HLS 200-10] Adding test bench file '/home/cristi/Documents/ACES/RC-Project/HLS/LinearImageFilteringTestbench.cpp' to the project
INFO: [HLS 200-1465] Applying ini 'tb.file=Matrix.cpp' at /home/cristi/Documents/ACES/RC-Project/HLS/config.cfg(11)
INFO: [HLS 200-10] Adding test bench file '/home/cristi/Documents/ACES/RC-Project/HLS/Matrix.cpp' to the project
INFO: [HLS 200-1465] Applying ini 'tb.cflags=-std=c++17 -fno-builtin -I/usr/local/include/opencv4' at /home/cristi/Documents/ACES/RC-Project/HLS/config.cfg(14)
INFO: [HLS 200-1465] Applying ini 'syn.top=LinearImageFilter' at /home/cristi/Documents/ACES/RC-Project/HLS/config.cfg(7)
INFO: [HLS 200-1465] Applying ini 'flow_target=vivado' at /home/cristi/Documents/ACES/RC-Project/HLS/config.cfg(5)
INFO: [HLS 200-1505] Using flow_target 'vivado'
Resolution: For help on HLS 200-1505 see docs.xilinx.com/access/sources/dita/topic?Doc_Version=2023.2%20English&url=ug1448-hls-guidance&resourceid=200-1505.html
INFO: [HLS 200-1465] Applying ini 'part=xc7z020clg400-1' at /home/cristi/Documents/ACES/RC-Project/HLS/config.cfg(1)
INFO: [HLS 200-1611] Setting target device to 'xc7z020-clg400-1'
INFO: [HLS 200-1465] Applying ini 'clock=125MHz' at /home/cristi/Documents/ACES/RC-Project/HLS/config.cfg(4)
INFO: [SYN 201-201] Setting up clock 'default' with a period of 8ns.
INFO: [HLS 200-1465] Applying ini 'cosim.enable_fifo_sizing=true' at /home/cristi/Documents/ACES/RC-Project/HLS/config.cfg(20)
INFO: [HLS 200-1465] Applying ini 'cosim.ldflags=-L /usr/local/lib -lopencv_core -lopencv_imgcodecs -lopencv_highgui' at /home/cristi/Documents/ACES/RC-Project/HLS/config.cfg(13)
INFO: [HLS 200-1465] Applying ini 'csim.ldflags=-L /usr/local/lib -lopencv_core -lopencv_imgcodecs -lopencv_highgui' at /home/cristi/Documents/ACES/RC-Project/HLS/config.cfg(12)
INFO: [HLS 200-1465] Applying ini 'package.ip.description=Linear Image Filtering using HSL' at /home/cristi/Documents/ACES/RC-Project/HLS/config.cfg(24)
INFO: [HLS 200-1465] Applying ini 'package.ip.display_name=Linear Image Filtering' at /home/cristi/Documents/ACES/RC-Project/HLS/config.cfg(25)
INFO: [HLS 200-1465] Applying ini 'package.ip.library=Image' at /home/cristi/Documents/ACES/RC-Project/HLS/config.cfg(26)
INFO: [HLS 200-1465] Applying ini 'package.ip.name=LinearImageFiltering' at /home/cristi/Documents/ACES/RC-Project/HLS/config.cfg(27)
INFO: [HLS 200-1465] Applying ini 'package.ip.taxonomy=ImageProcessing' at /home/cristi/Documents/ACES/RC-Project/HLS/config.cfg(28)
INFO: [HLS 200-1465] Applying ini 'package.ip.vendor=Cristi' at /home/cristi/Documents/ACES/RC-Project/HLS/config.cfg(29)
INFO: [HLS 200-1465] Applying ini 'package.ip.version=0.1.0' at /home/cristi/Documents/ACES/RC-Project/HLS/config.cfg(30)
INFO: [HLS 200-1465] Applying ini 'package.output.file=LinearImageFiltering' at /home/cristi/Documents/ACES/RC-Project/HLS/config.cfg(23)
INFO: [HLS 200-1465] Applying ini 'package.output.format=ip_catalog' at /home/cristi/Documents/ACES/RC-Project/HLS/config.cfg(21)
INFO: [HLS 200-1465] Applying ini 'syn.compile.pragma_strict_mode=1' at /home/cristi/Documents/ACES/RC-Project/HLS/config.cfg(15)
INFO: [HLS 200-1465] Applying ini 'syn.compile.unsafe_math_optimizations=1' at /home/cristi/Documents/ACES/RC-Project/HLS/config.cfg(16)
INFO: [XFORM 203-1172] Optimizing floating point zeros and discarding its signedness.
INFO: [XFORM 203-1176] Optimizing floating point comparison without checking NaN.
INFO: [XFORM 203-1173] Reordering floating point operations aggressively.
INFO: [HLS 200-1465] Applying ini 'syn.dataflow.default_channel=fifo' at /home/cristi/Documents/ACES/RC-Project/HLS/config.cfg(19)
INFO: [XFORM 203-701] Set the default channel type in dataflow to FIFO.
INFO: [HLS 200-1465] Applying ini 'syn.interface.m_axi_addr64=0' at /home/cristi/Documents/ACES/RC-Project/HLS/config.cfg(17)
INFO: [HLS 200-1465] Applying ini 'syn.interface.s_axilite_data64=0' at /home/cristi/Documents/ACES/RC-Project/HLS/config.cfg(18)
INFO: [HLS 200-1510] Running: apply_ini /home/cristi/Documents/ACES/RC-Project/HLS/work/hls/config.cmdline 
INFO: [HLS 200-1909] Reading HLS ini file /home/cristi/Documents/ACES/RC-Project/HLS/work/hls/config.cmdline
INFO: [HLS 200-1510] Running: cosim_design 
INFO: [COSIM 212-47] Using XSIM for RTL simulation.
INFO: [COSIM 212-14] Instrumenting C test bench ...
make[1]: Entering directory '/home/cristi/Documents/ACES/RC-Project/HLS/work/hls/sim/wrapc'
   Build using "/home/cristi/AMD/Vitis_HLS/2023.2/tps/lnx64/gcc-8.3.0/bin/g++"
   Compiling apatb_LinearImageFilter.cpp
   Compiling LinearImageFiltering.cpp_pre.cpp.tb.cpp
   Compiling LinearImageFilteringTestbench.cpp_pre.cpp.tb.cpp
   Compiling Matrix.cpp_pre.cpp.tb.cpp
   Compiling apatb_LinearImageFilter_ir.ll
   Generating cosim.tv.exe
make[1]: Leaving directory '/home/cristi/Documents/ACES/RC-Project/HLS/work/hls/sim/wrapc'
INFO: [COSIM 212-302] Starting C TB testing ... 
[ WARN:0@0.008] global loadsave.cpp:241 findDecoder imread_('../../../../image.png'): can't open/read file: check file path/integrity
ERROR: [COSIM 212-360] Aborting co-simulation: C TB simulation failed.
ERROR: [COSIM 212-320] C TB testing failed, stop generating test vectors. Please check C TB or re-run cosim.
ERROR: [COSIM 212-5] *** C/RTL co-simulation file generation failed. ***
ERROR: [COSIM 212-4] *** C/RTL co-simulation finished: FAIL ***
INFO: [HLS 200-111] Finished Command cosim_design CPU user time: 8.89 seconds. CPU system time: 1.25 seconds. Elapsed time: 11.7 seconds; current allocated memory: 14.922 MB.
INFO: [HLS 200-1510] Running: close_project 
ERROR: 
INFO: [HLS 200-112] Total CPU user time: 10.07 seconds. Total CPU system time: 1.45 seconds. Total elapsed time: 12.87 seconds; peak allocated memory: 225.988 MB.
INFO: [Common 17-206] Exiting vitis_hls at Sat May 18 17:09:28 2024...
