INFO: [vitis-run 60-1548] Creating build summary session with primary output /home/cristi/Documents/ACES/RC-Project/HLS/work/work.hlsrun_csim_summary, at Fri May 24 12:49:42 2024
INFO: [vitis-run 82-31] Launching vitis_hls: vitis_hls -nolog -run csim -work_dir /home/cristi/Documents/ACES/RC-Project/HLS/work -config /home/cristi/Documents/ACES/RC-Project/HLS/config.cfg -cmdlineconfig /home/cristi/Documents/ACES/RC-Project/HLS/work/hls/config.cmdline

****** Vitis HLS - High-Level Synthesis from C, C++ and OpenCL v2023.2.2 (64-bit)
  **** SW Build 4101106 on Feb  9 2024
  **** IP Build 4126054 on Fri Feb  9 11:39:09 MST 2024
  **** SharedData Build 4115275 on Tue Jan 30 00:40:57 MST 2024
    ** Copyright 1986-2022 Xilinx, Inc. All Rights Reserved.
    ** Copyright 2022-2024 Advanced Micro Devices, Inc. All Rights Reserved.

source /home/cristi/AMD/Vitis_HLS/2023.2/scripts/vitis_hls/hls.tcl -notrace
INFO: [HLS 200-10] Running '/home/cristi/AMD/Vitis_HLS/2023.2/bin/unwrapped/lnx64.o/vitis_hls'
INFO: [HLS 200-10] For user 'cristi' on host 'hephaestion' (Linux_x86_64 version 6.8.0-31-generic) on Fri May 24 12:49:44 EEST 2024
INFO: [HLS 200-10] On os Ubuntu 24.04 LTS
INFO: [HLS 200-10] In directory '/home/cristi/Documents/ACES/RC-Project/HLS'
INFO: [HLS 200-1909] Reading HLS ini file /home/cristi/Documents/ACES/RC-Project/HLS/config.cfg
INFO: [HLS 200-1909] Reading HLS ini file /home/cristi/Documents/ACES/RC-Project/HLS/work/hls/config.cmdline
INFO: [HLS 200-2005] Using work_dir /home/cristi/Documents/ACES/RC-Project/HLS/work 
INFO: [HLS 200-1510] Running: open_project /home/cristi/Documents/ACES/RC-Project/HLS/work -diskless 
INFO: [HLS 200-1510] Running: open_solution hls 
INFO: [HLS 200-1505] Using default flow_target 'vivado'
Resolution: For help on HLS 200-1505 see docs.xilinx.com/access/sources/dita/topic?Doc_Version=2023.2%20English&url=ug1448-hls-guidance&resourceid=200-1505.html
INFO: [HLS 200-1510] Running: apply_ini /home/cristi/Documents/ACES/RC-Project/HLS/config.cfg 
INFO: [HLS 200-1909] Reading HLS ini file /home/cristi/Documents/ACES/RC-Project/HLS/config.cfg
INFO: [HLS 200-1465] Applying ini 'syn.file=LinearImageFiltering.cpp' at /home/cristi/Documents/ACES/RC-Project/HLS/config.cfg(6)
INFO: [HLS 200-10] Adding design file '/home/cristi/Documents/ACES/RC-Project/HLS/LinearImageFiltering.cpp' to the project
INFO: [HLS 200-1465] Applying ini 'syn.cflags=-std=c++14 -fno-builtin' at /home/cristi/Documents/ACES/RC-Project/HLS/config.cfg(8)
INFO: [HLS 200-1465] Applying ini 'syn.csimflags=-std=c++14 -fno-builtin' at /home/cristi/Documents/ACES/RC-Project/HLS/config.cfg(9)
INFO: [HLS 200-1465] Applying ini 'tb.file=LinearImageFilteringTestbench.cpp' at /home/cristi/Documents/ACES/RC-Project/HLS/config.cfg(10)
INFO: [HLS 200-10] Adding test bench file '/home/cristi/Documents/ACES/RC-Project/HLS/LinearImageFilteringTestbench.cpp' to the project
INFO: [HLS 200-1465] Applying ini 'tb.file=Matrix.cpp' at /home/cristi/Documents/ACES/RC-Project/HLS/config.cfg(11)
INFO: [HLS 200-10] Adding test bench file '/home/cristi/Documents/ACES/RC-Project/HLS/Matrix.cpp' to the project
INFO: [HLS 200-1465] Applying ini 'tb.cflags=-std=c++17 -fno-builtin -I/usr/local/include/opencv4' at /home/cristi/Documents/ACES/RC-Project/HLS/config.cfg(14)
INFO: [HLS 200-1465] Applying ini 'syn.top=LinearImageFilter' at /home/cristi/Documents/ACES/RC-Project/HLS/config.cfg(7)
INFO: [HLS 200-1465] Applying ini 'flow_target=vivado' at /home/cristi/Documents/ACES/RC-Project/HLS/config.cfg(5)
INFO: [HLS 200-1505] Using flow_target 'vivado'
Resolution: For help on HLS 200-1505 see docs.xilinx.com/access/sources/dita/topic?Doc_Version=2023.2%20English&url=ug1448-hls-guidance&resourceid=200-1505.html
INFO: [HLS 200-1465] Applying ini 'part=xc7z020clg400-1' at /home/cristi/Documents/ACES/RC-Project/HLS/config.cfg(1)
INFO: [HLS 200-1611] Setting target device to 'xc7z020-clg400-1'
INFO: [HLS 200-1465] Applying ini 'clock=100MHz' at /home/cristi/Documents/ACES/RC-Project/HLS/config.cfg(4)
INFO: [SYN 201-201] Setting up clock 'default' with a period of 10ns.
INFO: [HLS 200-1465] Applying ini 'cosim.O=true' at /home/cristi/Documents/ACES/RC-Project/HLS/config.cfg(19)
INFO: [HLS 200-1465] Applying ini 'cosim.disable_binary_tv=true' at /home/cristi/Documents/ACES/RC-Project/HLS/config.cfg(21)
INFO: [HLS 200-1465] Applying ini 'cosim.ldflags=-L /usr/local/lib -lopencv_core -lopencv_imgcodecs -lopencv_highgui' at /home/cristi/Documents/ACES/RC-Project/HLS/config.cfg(13)
INFO: [HLS 200-1465] Applying ini 'csim.ldflags=-L /usr/local/lib -lopencv_core -lopencv_imgcodecs -lopencv_highgui' at /home/cristi/Documents/ACES/RC-Project/HLS/config.cfg(12)
INFO: [HLS 200-1465] Applying ini 'package.ip.description=Linear Image Filtering using HSL' at /home/cristi/Documents/ACES/RC-Project/HLS/config.cfg(25)
INFO: [HLS 200-1465] Applying ini 'package.ip.display_name=Linear Image Filtering' at /home/cristi/Documents/ACES/RC-Project/HLS/config.cfg(26)
INFO: [HLS 200-1465] Applying ini 'package.ip.library=Image' at /home/cristi/Documents/ACES/RC-Project/HLS/config.cfg(27)
INFO: [HLS 200-1465] Applying ini 'package.ip.name=LinearImageFiltering' at /home/cristi/Documents/ACES/RC-Project/HLS/config.cfg(28)
INFO: [HLS 200-1465] Applying ini 'package.ip.taxonomy=ImageProcessing' at /home/cristi/Documents/ACES/RC-Project/HLS/config.cfg(29)
INFO: [HLS 200-1465] Applying ini 'package.ip.vendor=Cristi' at /home/cristi/Documents/ACES/RC-Project/HLS/config.cfg(30)
INFO: [HLS 200-1465] Applying ini 'package.ip.version=0.1.0' at /home/cristi/Documents/ACES/RC-Project/HLS/config.cfg(31)
INFO: [HLS 200-1465] Applying ini 'package.output.file=LinearImageFiltering' at /home/cristi/Documents/ACES/RC-Project/HLS/config.cfg(24)
INFO: [HLS 200-1465] Applying ini 'package.output.format=ip_catalog' at /home/cristi/Documents/ACES/RC-Project/HLS/config.cfg(22)
INFO: [HLS 200-1465] Applying ini 'syn.compile.pragma_strict_mode=1' at /home/cristi/Documents/ACES/RC-Project/HLS/config.cfg(15)
INFO: [HLS 200-1465] Applying ini 'syn.compile.unsafe_math_optimizations=1' at /home/cristi/Documents/ACES/RC-Project/HLS/config.cfg(16)
INFO: [XFORM 203-1172] Optimizing floating point zeros and discarding its signedness.
INFO: [XFORM 203-1176] Optimizing floating point comparison without checking NaN.
INFO: [XFORM 203-1173] Reordering floating point operations aggressively.
INFO: [HLS 200-1465] Applying ini 'syn.interface.m_axi_addr64=0' at /home/cristi/Documents/ACES/RC-Project/HLS/config.cfg(17)
INFO: [HLS 200-1465] Applying ini 'syn.interface.s_axilite_data64=0' at /home/cristi/Documents/ACES/RC-Project/HLS/config.cfg(18)
INFO: [HLS 200-1465] Applying ini 'vivado.rtl=verilog' at /home/cristi/Documents/ACES/RC-Project/HLS/config.cfg(20)
INFO: [HLS 200-1510] Running: apply_ini /home/cristi/Documents/ACES/RC-Project/HLS/work/hls/config.cmdline 
INFO: [HLS 200-1909] Reading HLS ini file /home/cristi/Documents/ACES/RC-Project/HLS/work/hls/config.cmdline
INFO: [HLS 200-1510] Running: csim_design 
INFO: [SIM 211-2] *************** CSIM start ***************
INFO: [SIM 211-4] CSIM will launch GCC as the compiler.
INFO: [HLS 200-2036] Building debug C Simulation binaries
make[1]: Entering directory '/home/cristi/Documents/ACES/RC-Project/HLS/work/hls/csim/build'
   Compiling ../../../../LinearImageFiltering.cpp in debug mode
   Generating csim.exe
make[1]: Leaving directory '/home/cristi/Documents/ACES/RC-Project/HLS/work/hls/csim/build'
INFO: [SIM 211-1] CSim done with 0 errors.
INFO: [SIM 211-3] *************** CSIM finish ***************
INFO: [HLS 200-111] Finished Command csim_design CPU user time: 0.77 seconds. CPU system time: 0.2 seconds. Elapsed time: 4.48 seconds; current allocated memory: 0.359 MB.
INFO: [HLS 200-1510] Running: close_project 
INFO: [HLS 200-112] Total CPU user time: 1.96 seconds. Total CPU system time: 0.46 seconds. Total elapsed time: 5.76 seconds; peak allocated memory: 247.113 MB.
INFO: [Common 17-206] Exiting vitis_hls at Fri May 24 12:49:49 2024...
INFO: [vitis-run 60-791] Total elapsed time: 0h 0m 9s
