# 
# Steps log generated by v++
# This log file contains a collection of steps that describe the kernel compilation flow
# Note: Some steps are tagged as internal, these steps are for debugging purposes and 
#       are not expected to be able to run independently.
# 

# The following environment variables are set when running v++
Environment variables :
------------------------------------------
SHELL=/bin/bash
SESSION_MANAGER=local/Hephaestion:@/tmp/.ICE-unix/3670,unix/Hephaestion:/tmp/.ICE-unix/3670
QT_ACCESSIBILITY=1
COLORTERM=truecolor
XDG_CONFIG_DIRS=/etc/xdg/xdg-ubuntu:/etc/xdg
XDG_MENU_PREFIX=gnome-
CONDA_EXE=/home/cristi/conda/bin/conda
_CE_M=
RDI_APPROOT=/home/cristi/AMD/Vitis/2023.2
RDI_JAVA_PLATFORM=
LANGUAGE=en_US:en
MAKE_TERMOUT=/dev/pts/0
XIL_SUPPRESS_OVERRIDE_WARNINGS=1
RDI_BINROOT=/home/cristi/AMD/Vitis/2023.2/bin
MANDATORY_PATH=/usr/share/gconf/ubuntu.mandatory.path
LC_ADDRESS=en_GB.UTF-8
XILINX_VIVADO=/home/cristi/AMD/Vivado/2023.2
GNOME_SHELL_SESSION_MODE=ubuntu
LC_NAME=en_GB.UTF-8
SSH_AUTH_SOCK=/run/user/1000/keyring/ssh
RDI_OPT_EXT=.o
RDI_INSTALLVER=2023.2
RDI_INSTALLROOT=/home/cristi/AMD
MEMORY_PRESSURE_WRITE=c29tZSAyMDAwMDAgMjAwMDAwMAA=
XMODIFIERS=@im=ibus
RDI_PATCHROOT=
DESKTOP_SESSION=ubuntu
LC_MONETARY=en_GB.UTF-8
GTK_MODULES=gail:atk-bridge
DBUS_STARTER_BUS_TYPE=session
XIL_NO_OVERRIDE=0
RDI_LIBDIR=/home/cristi/AMD/Vitis/2023.2/lib/lnx64.o/Ubuntu:/home/cristi/AMD/Vitis/2023.2/lib/lnx64.o
PWD=/home/cristi/Documents/ACES/RC-Project/HLS
XDG_SESSION_DESKTOP=ubuntu
LOGNAME=cristi
XDG_SESSION_TYPE=x11
CONDA_PREFIX=/home/cristi/conda
_RDI_DONT_SET_XILINX_AS_PATH=True
MANPATH=
GPG_AGENT_INFO=/run/user/1000/gnupg/S.gpg-agent:0:1
SYSTEMD_EXEC_PID=3670
XAUTHORITY=/run/user/1000/gdm/Xauthority
RDI_PREPEND_PATH=/home/cristi/AMD/Vitis/2023.2/bin
XILINX_DSP=
WINDOWPATH=2
PICO_SDK_PATH=/home/cristi/Pico/pico-sdk
HOME=/home/cristi
USERNAME=cristi
SYNTH_COMMON=/home/cristi/AMD/Vitis/2023.2/scripts/rt/data
LANG=en_US.UTF-8
LC_PAPER=en_GB.UTF-8
XDG_CURRENT_DESKTOP=ubuntu:GNOME
MEMORY_PRESSURE_WATCH=/sys/fs/cgroup/user.slice/user-1000.slice/user@1000.service/app.slice/app-gnome\x2dsession\x2dmanager.slice/gnome-session-manager@ubuntu.service/memory.pressure
STARSHIP_SHELL=fish
VTE_VERSION=7600
XILINX_HLS=/home/cristi/AMD/Vitis_HLS/2023.2
CONDA_PROMPT_MODIFIER=
HDI_PROCESSOR=x86_64
RDI_BUILD=yes
GNOME_TERMINAL_SCREEN=/org/gnome/Terminal/screen/6901fcb9_f3f0_4287_998e_623c10b07e30
RDI_PROG=/home/cristi/AMD/Vitis/2023.2/bin/unwrapped/lnx64.o/v++
RDI_SESSION_INFO=/home/cristi/Documents/ACES/RC-Project/HLS:Hephaestion_1715980406_86748
RT_TCL_PATH=/home/cristi/AMD/Vitis/2023.2/scripts/rt/base_tcl/tcl
STARSHIP_SESSION_KEY=2676025841825825
MFLAGS=
XILINX_SDK=/home/cristi/AMD/Vitis/2023.2
RDI_SHARED_DATA=/home/cristi/AMD/SharedData/2023.2/data
MAKEFLAGS=
XDG_SESSION_CLASS=user
TERM=xterm-256color
LC_IDENTIFICATION=en_GB.UTF-8
_CE_CONDA=
DEFAULTS_PATH=/usr/share/gconf/ubuntu.default.path
USER=cristi
MAKE_TERMERR=/dev/pts/0
XILINX_PLANAHEAD=/home/cristi/AMD/Vitis/2023.2
GNOME_TERMINAL_SERVICE=:1.114
CONDA_SHLVL=1
RDI_BASEROOT=/home/cristi/AMD/Vitis
RDI_TPS_ROOT=/home/cristi/AMD/Vivado/2023.2/tps/lnx64
RDI_JAVA_VERSION=17.0.7_7
MANPAGER=sh -c 'col -b | bat -l man -p'
RDI_DATADIR=/home/cristi/AMD/Vitis/2023.2/data
DISPLAY=:1
SHLVL=3
GSM_SKIP_SSH_AGENT_WORKAROUND=true
MAKELEVEL=1
LC_TELEPHONE=en_GB.UTF-8
QT_IM_MODULE=ibus
LC_MEASUREMENT=en_GB.UTF-8
XILINX_VIVADO_HLS=/home/cristi/AMD/Vivado/2023.2
OPENCV_INCLUDE=/usr/local/include/opencv4
XIL_CHECK_TCL_DEBUG=False
DBUS_STARTER_ADDRESS=unix:path=/run/user/1000/bus,guid=1d160476e6108395259f1f2b66477790
PAPERSIZE=a4
CONDA_PYTHON_EXE=/home/cristi/conda/bin/python
LD_LIBRARY_PATH=/home/cristi/AMD/Vitis/2023.2/tps/lnx64/java-cef-95.0.4638.69/bin/lib/linux64:/home/cristi/AMD/Vitis/2023.2/lib/lnx64.o/Ubuntu:/home/cristi/AMD/Vitis/2023.2/lib/lnx64.o:/home/cristi/AMD/Vitis/2023.2/tps/lnx64/jre17.0.7_7/lib/:/home/cristi/AMD/Vitis/2023.2/tps/lnx64/jre17.0.7_7/lib//server:/home/cristi/AMD/Vitis/2023.2/lib/lnx64.o/Ubuntu:/home/cristi/AMD/Vitis/2023.2/lib/lnx64.o:/usr/local/lib:/home/cristi/AMD/Vitis/2023.2/bin/../lnx64/tools/dot/lib
HDIPRELDPATH=/home/cristi/AMD/Vitis/2023.2/lib/lnx64.o/Ubuntu:/home/cristi/AMD/Vitis/2023.2/lib/lnx64.o:/usr/local/lib:/home/cristi/AMD/Vitis/2023.2/bin/../lnx64/tools/dot/lib
OPENCV_LIB=/usr/local/lib
XDG_RUNTIME_DIR=/run/user/1000
TCMALLOC_LARGE_ALLOC_REPORT_THRESHOLD=4294967296
CONDA_DEFAULT_ENV=base
DEBUGINFOD_URLS=https://debuginfod.ubuntu.com 
LC_TIME=en_GB.UTF-8
TCL_LIBRARY=/home/cristi/AMD/Vitis/2023.2/tps/tcl/tcl8.5
LC_ALL=en_US.UTF-8
GCC_COLORS=error=01;31:warning=01;35:note=01;36:caret=01;32:locus=01:quote=01
XDG_DATA_DIRS=/usr/share/ubuntu:/usr/share/gnome:/usr/local/share/:/usr/share/:/var/lib/snapd/desktop
PATH=/home/cristi/AMD/Vivado/2023.2/tps/lnx64/binutils-2.26/bin:/home/cristi/AMD/Vitis/2023.2/bin/../gnu/aarch64/lin/aarch64-linux/bin:/home/cristi/AMD/Vitis/2023.2/bin/../gnu/ppc64le/4.9.3/lnx64/bin:/home/cristi/AMD/Vitis/2023.2/bin/../gnu/aarch32/lin/gcc-arm-linux-gnueabi/bin:/home/cristi/AMD/Vivado/2023.2/tps/lnx64/gcc-8.3.0/bin:/home/cristi/AMD/Vivado/2023.2/gnu/microblaze/lin/bin:/home/cristi/AMD/Vitis/2023.2/bin:/home/cristi/AMD/Vitis/2023.2/tps/lnx64/jre17.0.7_7/bin:/home/cristi/AMD/Vitis_HLS/2023.2/bin:/home/cristi/AMD/Vivado/2023.2/bin:/home/cristi/AMD/Vitis/2023.2/gnu/microblaze/lin/bin:/home/cristi/AMD/Vitis/2023.2/gnu/microblaze/linux_toolchain/lin64_le/bin:/home/cristi/AMD/Vitis/2023.2/gnu/aarch32/lin/gcc-arm-linux-gnueabi/bin:/home/cristi/AMD/Vitis/2023.2/gnu/aarch32/lin/gcc-arm-none-eabi/bin:/home/cristi/AMD/Vitis/2023.2/gnu/aarch64/lin/aarch64-linux/bin:/home/cristi/AMD/Vitis/2023.2/gnu/aarch64/lin/aarch64-none/bin:/home/cristi/AMD/Vitis/2023.2/gnu/armr5/lin/gcc-arm-none-eabi/bin:/home/cristi/AMD/Vitis/2023.2/tps/lnx64/cmake-3.3.2/bin:/home/cristi/AMD/Vitis/2023.2/aietools/bin:/home/cristi/AMD/Vitis/2023.2/gnu/riscv/lin/riscv64-unknown-elf/bin:/home/cristi/conda/bin:/home/cristi/conda/condabin:/home/cristi/.cargo/bin:/usr/local/sbin:/usr/local/bin:/usr/sbin:/usr/bin:/sbin:/bin:/usr/games:/usr/local/games:/snap/bin:/home/cristian/.local/share/JetBrains/Toolbox/scripts
RT_LIBPATH=/home/cristi/AMD/Vitis/2023.2/scripts/rt/data
GDMSESSION=ubuntu
HDI_APPROOT=/home/cristi/AMD/Vitis/2023.2
DBUS_SESSION_BUS_ADDRESS=unix:path=/run/user/1000/bus,guid=1d160476e6108395259f1f2b66477790
RDI_PLATFORM=lnx64
MYVIVADO=
ISL_IOSTREAMS_RSA=/home/cristi/AMD/Vitis/2023.2/tps/isl
LC_NUMERIC=en_GB.UTF-8
XILINX_VITIS=/home/cristi/AMD/Vitis/2023.2
OLDPWD=/home/cristi/AMD/Vitis/2023.2/bin
_=/home/cristi/AMD/Vitis/2023.2/bin/unwrapped/lnx64.o/v++
XILINX_CD_CONNECT_ID=36895
XILINX_CD_SESSION=9df3b0d4-8544-4472-a8eb-4992008434c1


V++ command line:
------------------------------------------
/home/cristi/AMD/Vitis/2023.2/bin/unwrapped/lnx64.o/v++ -c --mode hls --config config.cfg --work_dir work 

FINAL PROGRAM OPTIONS
--compile
--config config.cfg
--hls.clock 125MHz
--hls.cosim.enable_fifo_sizing true
--hls.cosim.ldflags -L /usr/local/lib -lopencv_core -lopencv_imgcodecs -lopencv_highgui
--hls.csim.ldflags -L /usr/local/lib -lopencv_core -lopencv_imgcodecs -lopencv_highgui
--hls.flow_target vivado
--hls.package.ip.description Linear Image Filtering using HSL
--hls.package.ip.display_name Linear Image Filtering
--hls.package.ip.library Image
--hls.package.ip.name LinearImageFiltering
--hls.package.ip.taxonomy ImageProcessing
--hls.package.ip.vendor Cristi
--hls.package.ip.version 0.1.0
--hls.package.output.file LinearImageFiltering
--hls.package.output.format ip_catalog
--hls.package.output.syn true
--hls.syn.cflags -std=c++14 -fno-builtin
--hls.syn.compile.pragma_strict_mode 1
--hls.syn.compile.unsafe_math_optimizations 1
--hls.syn.csimflags -std=c++17 -fno-builtin
--hls.syn.dataflow.default_channel fifo
--hls.syn.file LinearImageFiltering.cpp
--hls.syn.interface.m_axi_addr64 0
--hls.syn.interface.s_axilite_data64 0
--hls.syn.top LinearImageFilter
--hls.tb.cflags -std=c++17 -fno-builtin -I/usr/local/include/opencv4
--hls.tb.file LinearImageFilteringTestbench.cpp
--hls.tb.file Matrix.cpp
--mode hls
--part xc7z020clg400-1
--target hw
--work_dir work

PARSED COMMAND LINE OPTIONS
-c 
--mode hls 
--config config.cfg 
--work_dir work 

PARSED CONFIG FILE (1) OPTIONS
file: config.cfg
part xc7z020clg400-1 
hls.clock 125MHz 
hls.flow_target vivado 
hls.syn.file LinearImageFiltering.cpp 
hls.syn.top LinearImageFilter 
hls.syn.cflags -std=c++14 -fno-builtin 
hls.syn.csimflags -std=c++17 -fno-builtin 
hls.tb.file LinearImageFilteringTestbench.cpp 
hls.tb.file Matrix.cpp 
hls.csim.ldflags -L /usr/local/lib -lopencv_core -lopencv_imgcodecs -lopencv_highgui 
hls.cosim.ldflags -L /usr/local/lib -lopencv_core -lopencv_imgcodecs -lopencv_highgui 
hls.tb.cflags -std=c++17 -fno-builtin -I/usr/local/include/opencv4 
hls.syn.compile.pragma_strict_mode 1 
hls.syn.compile.unsafe_math_optimizations 1 
hls.syn.interface.m_axi_addr64 0 
hls.syn.interface.s_axilite_data64 0 
hls.syn.dataflow.default_channel fifo 
hls.cosim.enable_fifo_sizing true 
hls.package.output.format ip_catalog 
hls.package.output.syn true 
hls.package.output.file LinearImageFiltering 
hls.package.ip.description Linear Image Filtering using HSL 
hls.package.ip.display_name Linear Image Filtering 
hls.package.ip.library Image 
hls.package.ip.name LinearImageFiltering 
hls.package.ip.taxonomy ImageProcessing 
hls.package.ip.vendor Cristi 
hls.package.ip.version 0.1.0 


==========================================
new:  steps log generated by v++ for new launch 
timestamp: 18 May 2024 00:13:30
------------------------------------------
V++ internal step: writing a config file for vitis_hls: /home/cristi/Documents/ACES/RC-Project/HLS/work/hls/config.cmdline
timestamp: 18 May 2024 00:13:30
V++ internal step status: success
------------------------------------------
V++ internal step: running vitis_hls
timestamp: 18 May 2024 00:13:30
working dir: /home/cristi/Documents/ACES/RC-Project/HLS
cmd: vitis_hls -nolog -run csynth -work_dir /home/cristi/Documents/ACES/RC-Project/HLS/work -config /home/cristi/Documents/ACES/RC-Project/HLS/config.cfg -cmdlineconfig /home/cristi/Documents/ACES/RC-Project/HLS/work/hls/config.cmdline
V++ internal step status: success

------------------------------------------
V++ command line :
------------------------------------------
/home/cristi/AMD/Vitis/2023.2/bin/unwrapped/lnx64.o/v++ -c --mode hls --config config.cfg --work_dir work 
  Options from -O    : 
  Options from *.ini : 
  Options from Hw Platform : 

==========================================
new:  steps log generated by v++ for new launch 
timestamp: 18 May 2024 17:08:09
------------------------------------------
V++ internal step: writing a config file for vitis_hls: /home/cristi/Documents/ACES/RC-Project/HLS/work/hls/config.cmdline
timestamp: 18 May 2024 17:08:09
V++ internal step status: success
------------------------------------------
V++ internal step: running vitis_hls
timestamp: 18 May 2024 17:08:09
working dir: /home/cristi/Documents/ACES/RC-Project/HLS
cmd: vitis_hls -nolog -run csynth -work_dir /home/cristi/Documents/ACES/RC-Project/HLS/work -config /home/cristi/Documents/ACES/RC-Project/HLS/config.cfg -cmdlineconfig /home/cristi/Documents/ACES/RC-Project/HLS/work/hls/config.cmdline
V++ internal step status: success

------------------------------------------
VITIS-RUN command line :
------------------------------------------
/home/cristi/AMD/Vitis/2023.2/bin/unwrapped/lnx64.o/vitis-run --mode hls --cosim --config config.cfg --work_dir work 
  Options from -O    : 
  Options from *.ini : 
  Options from Hw Platform : 

==========================================
new:  steps log generated by v++ for new launch 
timestamp: 18 May 2024 17:09:14
------------------------------------------
VITIS-RUN internal step: writing a config file for vitis_hls: /home/cristi/Documents/ACES/RC-Project/HLS/work/hls/config.cmdline
timestamp: 18 May 2024 17:09:14
VITIS-RUN internal step status: success
------------------------------------------
VITIS-RUN internal step: running vitis_hls
timestamp: 18 May 2024 17:09:14
working dir: /home/cristi/Documents/ACES/RC-Project/HLS
cmd: vitis_hls -nolog -run cosim -work_dir /home/cristi/Documents/ACES/RC-Project/HLS/work -config /home/cristi/Documents/ACES/RC-Project/HLS/config.cfg -cmdlineconfig /home/cristi/Documents/ACES/RC-Project/HLS/work/hls/config.cmdline
VITIS-RUN internal step status: fail

------------------------------------------
VITIS-RUN command line :
------------------------------------------
/home/cristi/AMD/Vitis/2023.2/bin/unwrapped/lnx64.o/vitis-run --mode hls --csim --config config.cfg --work_dir work 
  Options from -O    : 
  Options from *.ini : 
  Options from Hw Platform : 

==========================================
new:  steps log generated by v++ for new launch 
timestamp: 18 May 2024 17:10:06
------------------------------------------
VITIS-RUN internal step: writing a config file for vitis_hls: /home/cristi/Documents/ACES/RC-Project/HLS/work/hls/config.cmdline
timestamp: 18 May 2024 17:10:06
VITIS-RUN internal step status: success
------------------------------------------
VITIS-RUN internal step: running vitis_hls
timestamp: 18 May 2024 17:10:06
working dir: /home/cristi/Documents/ACES/RC-Project/HLS
cmd: vitis_hls -nolog -run csim -work_dir /home/cristi/Documents/ACES/RC-Project/HLS/work -config /home/cristi/Documents/ACES/RC-Project/HLS/config.cfg -cmdlineconfig /home/cristi/Documents/ACES/RC-Project/HLS/work/hls/config.cmdline
VITIS-RUN internal step status: success

------------------------------------------
VITIS-RUN command line :
------------------------------------------
/home/cristi/AMD/Vitis/2023.2/bin/unwrapped/lnx64.o/vitis-run --mode hls --cosim --config config.cfg --work_dir work 
  Options from -O    : 
  Options from *.ini : 
  Options from Hw Platform : 

==========================================
new:  steps log generated by v++ for new launch 
timestamp: 18 May 2024 19:06:33
------------------------------------------
VITIS-RUN internal step: writing a config file for vitis_hls: /home/cristi/Documents/ACES/RC-Project/HLS/work/hls/config.cmdline
timestamp: 18 May 2024 19:06:33
VITIS-RUN internal step status: success
------------------------------------------
VITIS-RUN internal step: running vitis_hls
timestamp: 18 May 2024 19:06:33
working dir: /home/cristi/Documents/ACES/RC-Project/HLS
cmd: vitis_hls -nolog -run cosim -work_dir /home/cristi/Documents/ACES/RC-Project/HLS/work -config /home/cristi/Documents/ACES/RC-Project/HLS/config.cfg -cmdlineconfig /home/cristi/Documents/ACES/RC-Project/HLS/work/hls/config.cmdline
VITIS-RUN internal step status: fail

------------------------------------------
V++ command line :
------------------------------------------
/home/cristi/AMD/Vitis/2023.2/bin/unwrapped/lnx64.o/v++ -c --mode hls --config config.cfg --work_dir work 
  Options from -O    : 
  Options from *.ini : 
  Options from Hw Platform : 

==========================================
new:  steps log generated by v++ for new launch 
timestamp: 21 May 2024 19:46:16
------------------------------------------
V++ internal step: writing a config file for vitis_hls: /home/cristi/Documents/ACES/RC-Project/HLS/work/hls/config.cmdline
timestamp: 21 May 2024 19:46:16
V++ internal step status: success
------------------------------------------
V++ internal step: running vitis_hls
timestamp: 21 May 2024 19:46:16
working dir: /home/cristi/Documents/ACES/RC-Project/HLS
cmd: vitis_hls -nolog -run csynth -work_dir /home/cristi/Documents/ACES/RC-Project/HLS/work -config /home/cristi/Documents/ACES/RC-Project/HLS/config.cfg -cmdlineconfig /home/cristi/Documents/ACES/RC-Project/HLS/work/hls/config.cmdline
V++ internal step status: success

------------------------------------------
V++ command line :
------------------------------------------
/home/cristi/AMD/Vitis/2023.2/bin/unwrapped/lnx64.o/v++ -c --mode hls --config config.cfg --work_dir work 
  Options from -O    : 
  Options from *.ini : 
  Options from Hw Platform : 

==========================================
new:  steps log generated by v++ for new launch 
timestamp: 21 May 2024 20:34:25
------------------------------------------
V++ internal step: writing a config file for vitis_hls: /home/cristi/Documents/ACES/RC-Project/HLS/work/hls/config.cmdline
timestamp: 21 May 2024 20:34:25
V++ internal step status: success
------------------------------------------
V++ internal step: running vitis_hls
timestamp: 21 May 2024 20:34:25
working dir: /home/cristi/Documents/ACES/RC-Project/HLS
cmd: vitis_hls -nolog -run csynth -work_dir /home/cristi/Documents/ACES/RC-Project/HLS/work -config /home/cristi/Documents/ACES/RC-Project/HLS/config.cfg -cmdlineconfig /home/cristi/Documents/ACES/RC-Project/HLS/work/hls/config.cmdline
V++ internal step status: success

------------------------------------------
VITIS-RUN command line :
------------------------------------------
/home/cristi/AMD/Vitis/2023.2/bin/unwrapped/lnx64.o/vitis-run --mode hls --csim --config config.cfg --work_dir work 
  Options from -O    : 
  Options from *.ini : 
  Options from Hw Platform : 

==========================================
new:  steps log generated by v++ for new launch 
timestamp: 22 May 2024 18:16:33
------------------------------------------
VITIS-RUN internal step: writing a config file for vitis_hls: /home/cristi/Documents/ACES/RC-Project/HLS/work/hls/config.cmdline
timestamp: 22 May 2024 18:16:33
VITIS-RUN internal step status: success
------------------------------------------
VITIS-RUN internal step: running vitis_hls
timestamp: 22 May 2024 18:16:33
working dir: /home/cristi/Documents/ACES/RC-Project/HLS
cmd: vitis_hls -nolog -run csim -work_dir /home/cristi/Documents/ACES/RC-Project/HLS/work -config /home/cristi/Documents/ACES/RC-Project/HLS/config.cfg -cmdlineconfig /home/cristi/Documents/ACES/RC-Project/HLS/work/hls/config.cmdline
VITIS-RUN internal step status: success

------------------------------------------
V++ command line :
------------------------------------------
/home/cristi/AMD/Vitis/2023.2/bin/unwrapped/lnx64.o/v++ -c --mode hls --config config.cfg --work_dir work 
  Options from -O    : 
  Options from *.ini : 
  Options from Hw Platform : 

==========================================
new:  steps log generated by v++ for new launch 
timestamp: 22 May 2024 18:16:56
------------------------------------------
V++ internal step: writing a config file for vitis_hls: /home/cristi/Documents/ACES/RC-Project/HLS/work/hls/config.cmdline
timestamp: 22 May 2024 18:16:56
V++ internal step status: success
------------------------------------------
V++ internal step: running vitis_hls
timestamp: 22 May 2024 18:16:56
working dir: /home/cristi/Documents/ACES/RC-Project/HLS
cmd: vitis_hls -nolog -run csynth -work_dir /home/cristi/Documents/ACES/RC-Project/HLS/work -config /home/cristi/Documents/ACES/RC-Project/HLS/config.cfg -cmdlineconfig /home/cristi/Documents/ACES/RC-Project/HLS/work/hls/config.cmdline
V++ internal step status: success

------------------------------------------
V++ command line :
------------------------------------------
/home/cristi/AMD/Vitis/2023.2/bin/unwrapped/lnx64.o/v++ -c --mode hls --config config.cfg --work_dir work 
  Options from -O    : 
  Options from *.ini : 
  Options from Hw Platform : 

==========================================
new:  steps log generated by v++ for new launch 
timestamp: 23 May 2024 07:57:01
------------------------------------------
V++ internal step: writing a config file for vitis_hls: /home/cristi/Documents/ACES/RC-Project/HLS/work/hls/config.cmdline
timestamp: 23 May 2024 07:57:01
V++ internal step status: success
------------------------------------------
V++ internal step: running vitis_hls
timestamp: 23 May 2024 07:57:01
working dir: /home/cristi/Documents/ACES/RC-Project/HLS
cmd: vitis_hls -nolog -run csynth -work_dir /home/cristi/Documents/ACES/RC-Project/HLS/work -config /home/cristi/Documents/ACES/RC-Project/HLS/config.cfg -cmdlineconfig /home/cristi/Documents/ACES/RC-Project/HLS/work/hls/config.cmdline
V++ internal step status: success

------------------------------------------
V++ command line :
------------------------------------------
/home/cristi/AMD/Vitis/2023.2/bin/unwrapped/lnx64.o/v++ -c --mode hls --config config.cfg --work_dir work 
  Options from -O    : 
  Options from *.ini : 
  Options from Hw Platform : 

==========================================
new:  steps log generated by v++ for new launch 
timestamp: 23 May 2024 07:58:58
------------------------------------------
V++ internal step: writing a config file for vitis_hls: /home/cristi/Documents/ACES/RC-Project/HLS/work/hls/config.cmdline
timestamp: 23 May 2024 07:58:58
V++ internal step status: success
------------------------------------------
V++ internal step: running vitis_hls
timestamp: 23 May 2024 07:58:58
working dir: /home/cristi/Documents/ACES/RC-Project/HLS
cmd: vitis_hls -nolog -run csynth -work_dir /home/cristi/Documents/ACES/RC-Project/HLS/work -config /home/cristi/Documents/ACES/RC-Project/HLS/config.cfg -cmdlineconfig /home/cristi/Documents/ACES/RC-Project/HLS/work/hls/config.cmdline
V++ internal step status: success
