#-----------------------------------------------------------
# Vivado v2023.2.2 (64-bit)
# SW Build 4126759 on Thu Feb  8 23:52:05 MST 2024
# IP Build 4126054 on Fri Feb  9 11:39:09 MST 2024
# SharedData Build 4115275 on Tue Jan 30 00:40:57 MST 2024
# Start of session at: Thu May 30 19:32:13 2024
# Process ID: 7289
# Current directory: /home/cristi/Documents/ACES/RC-Project/HLS/work/hls/impl/ip
# Command line: vivado -notrace -mode batch -source run_ippack.tcl
# Log file: /home/cristi/Documents/ACES/RC-Project/HLS/work/hls/impl/ip/vivado.log
# Journal file: /home/cristi/Documents/ACES/RC-Project/HLS/work/hls/impl/ip/vivado.jou
# Running On: Hephaestion, OS: Linux, CPU Frequency: 2600.473 MHz, CPU Physical cores: 6, Host memory: 16631 MB
#-----------------------------------------------------------
source run_ippack.tcl -notrace
create_project: Time (s): cpu = 00:00:09 ; elapsed = 00:00:10 . Memory (MB): peak = 1331.895 ; gain = 0.027 ; free physical = 5467 ; free virtual = 15882
INFO: [IP_Flow 19-234] Refreshing IP repositories
INFO: [IP_Flow 19-1704] No user IP repositories specified
INFO: [IP_Flow 19-2313] Loaded Vivado IP repository '/home/cristi/AMD/Vivado/2023.2/data/ip'.
INFO: [IP_Flow 19-1686] Generating 'Synthesis' target for IP 'LinearImageFilter_fadd_32ns_32ns_32_5_full_dsp_1_ip'...
INFO: [IP_Flow 19-1686] Generating 'Simulation' target for IP 'LinearImageFilter_fadd_32ns_32ns_32_5_full_dsp_1_ip'...
INFO: [IP_Flow 19-1686] Generating 'Synthesis' target for IP 'LinearImageFilter_fmul_32ns_32ns_32_4_max_dsp_1_ip'...
INFO: [IP_Flow 19-1686] Generating 'Simulation' target for IP 'LinearImageFilter_fmul_32ns_32ns_32_4_max_dsp_1_ip'...
INFO: [IP_Flow 19-234] Refreshing IP repositories
INFO: [IP_Flow 19-1704] No user IP repositories specified
INFO: [IP_Flow 19-2313] Loaded Vivado IP repository '/home/cristi/AMD/Vivado/2023.2/data/ip'.
INFO: [Common 17-206] Exiting Vivado at Thu May 30 19:32:35 2024...
