

================================================================
== Vitis HLS Report for 'LinearImageFilter_Pipeline_ker_rows_ker_cols8'
================================================================
* Date:           Thu May 30 21:28:08 2024

* Version:        2023.2.2 (Build 4101106 on Feb  9 2024)
* Project:        work
* Solution:       hls (Vivado IP Flow Target)
* Product family: zynq
* Target device:  xc7z020-clg400-1


================================================================
== Performance Estimates
================================================================
+ Timing: 
    * Summary: 
    +--------+----------+----------+------------+
    |  Clock |  Target  | Estimated| Uncertainty|
    +--------+----------+----------+------------+
    |ap_clk  |  10.00 ns|  7.300 ns|     2.70 ns|
    +--------+----------+----------+------------+

+ Latency: 
    * Summary: 
    +---------+---------+----------+----------+-----+-----+---------+
    |  Latency (cycles) |  Latency (absolute) |  Interval | Pipeline|
    |   min   |   max   |    min   |    max   | min | max |   Type  |
    +---------+---------+----------+----------+-----+-----+---------+
    |       67|      627|  0.670 us|  6.270 us|   67|  627|       no|
    +---------+---------+----------+----------+-----+-----+---------+

    + Detail: 
        * Instance: 
        N/A

        * Loop: 
        +---------------------+---------+---------+----------+-----------+-----------+---------+----------+
        |                     |  Latency (cycles) | Iteration|  Initiation Interval  |   Trip  |          |
        |      Loop Name      |   min   |   max   |  Latency |  achieved |   target  |  Count  | Pipelined|
        +---------------------+---------+---------+----------+-----------+-----------+---------+----------+
        |- ker_rows_ker_cols  |       65|      625|        26|          5|          1|  9 ~ 121|       yes|
        +---------------------+---------+---------+----------+-----------+-----------+---------+----------+



================================================================
== Utilization Estimates
================================================================
* Summary: 
+-----------------+---------+-----+--------+-------+-----+
|       Name      | BRAM_18K| DSP |   FF   |  LUT  | URAM|
+-----------------+---------+-----+--------+-------+-----+
|DSP              |        -|    -|       -|      -|    -|
|Expression       |        -|    -|       0|   1528|    -|
|FIFO             |        -|    -|       -|      -|    -|
|Instance         |        -|    -|       -|      -|    -|
|Memory           |        -|    -|       -|      -|    -|
|Multiplexer      |        -|    -|       -|    220|    -|
|Register         |        -|    -|    1212|     64|    -|
+-----------------+---------+-----+--------+-------+-----+
|Total            |        0|    0|    1212|   1812|    0|
+-----------------+---------+-----+--------+-------+-----+
|Available        |      280|  220|  106400|  53200|    0|
+-----------------+---------+-----+--------+-------+-----+
|Utilization (%)  |        0|    0|       1|      3|    0|
+-----------------+---------+-----+--------+-------+-----+

+ Detail: 
    * Instance: 
    N/A

    * DSP: 
    N/A

    * Memory: 
    N/A

    * FIFO: 
    N/A

    * Expression: 
    +-----------------------------------+----------+----+---+----+------------+------------+
    |           Variable Name           | Operation| DSP| FF| LUT| Bitwidth P0| Bitwidth P1|
    +-----------------------------------+----------+----+---+----+------------+------------+
    |add_ln106_fu_628_p2                |         +|   0|  0|  30|          30|           2|
    |add_ln39_2_fu_353_p2               |         +|   0|  0|  39|          32|           1|
    |add_ln39_fu_336_p2                 |         +|   0|  0|  71|          64|           1|
    |add_ln43_fu_686_p2                 |         +|   0|  0|  39|          32|           1|
    |add_ln55_4_fu_717_p2               |         +|   0|  0|  39|          32|          32|
    |add_ln55_5_fu_648_p2               |         +|   0|  0|  37|          30|          30|
    |add_ln55_6_fu_661_p2               |         +|   0|  0|  39|          32|          32|
    |add_ln55_fu_704_p2                 |         +|   0|  0|  37|          30|          30|
    |add_ln98_fu_601_p2                 |         +|   0|  0|  30|          30|           2|
    |newCol_10_fu_543_p2                |         +|   0|  0|  39|          32|           2|
    |newCol_fu_431_p2                   |         +|   0|  0|  32|          32|          32|
    |newRow_10_fu_510_p2                |         +|   0|  0|  39|          32|           2|
    |newRow_fu_373_p2                   |         +|   0|  0|  39|          32|          32|
    |neg46_fu_493_p2                    |         -|   0|  0|  39|           1|          32|
    |neg49_fu_526_p2                    |         -|   0|  0|  39|           1|          32|
    |newCol_12_fu_633_p2                |         -|   0|  0|  30|          30|          30|
    |newRow_12_fu_606_p2                |         -|   0|  0|  30|          30|          30|
    |sub_ln48_fu_427_p2                 |         -|   0|  0|  32|          32|          32|
    |ap_block_pp0_stage0_11001          |       and|   0|  0|   2|           1|           1|
    |ap_block_pp0_stage1_00001          |       and|   0|  0|   2|           1|           1|
    |ap_block_state14_pp0_stage3_iter2  |       and|   0|  0|   2|           1|           1|
    |ap_block_state17_pp0_stage1_iter3  |       and|   0|  0|   2|           1|           1|
    |ap_block_state6_io                 |       and|   0|  0|   2|           1|           1|
    |ap_block_state9_io                 |       and|   0|  0|   2|           1|           1|
    |ap_condition_456                   |       and|   0|  0|   2|           1|           1|
    |ap_condition_466                   |       and|   0|  0|   2|           1|           1|
    |ap_condition_820                   |       and|   0|  0|   2|           1|           1|
    |abscond47_fu_498_p2                |      icmp|   0|  0|  39|          32|           1|
    |abscond50_fu_531_p2                |      icmp|   0|  0|  39|          32|           1|
    |icmp_ln104_fu_618_p2               |      icmp|   0|  0|  39|          32|          32|
    |icmp_ln39_fu_331_p2                |      icmp|   0|  0|  71|          64|          64|
    |icmp_ln43_fu_348_p2                |      icmp|   0|  0|  39|          32|          32|
    |icmp_ln69_fu_467_p2                |      icmp|   0|  0|  39|          32|          32|
    |icmp_ln86_fu_573_p2                |      icmp|   0|  0|  39|          32|          32|
    |icmp_ln96_fu_591_p2                |      icmp|   0|  0|  39|          32|          32|
    |ult43_fu_409_p2                    |      icmp|   0|  0|  39|          32|          32|
    |ult_fu_453_p2                      |      icmp|   0|  0|  39|          32|          32|
    |ap_block_pp0_stage3_11001          |        or|   0|  0|   2|           1|           1|
    |ap_predicate_op140_readreq_state6  |        or|   0|  0|   2|           1|           1|
    |ap_predicate_op155_readreq_state9  |        or|   0|  0|   2|           1|           1|
    |ap_predicate_op166_read_state14    |        or|   0|  0|   2|           1|           1|
    |ap_predicate_op169_read_state17    |        or|   0|  0|   2|           1|           1|
    |ap_predicate_op177_fadd_state22    |        or|   0|  0|   2|           1|           1|
    |ap_predicate_pred506_state27       |        or|   0|  0|   2|           1|           1|
    |or_ln69_3_fu_482_p2                |        or|   0|  0|   2|           1|           1|
    |or_ln69_4_fu_487_p2                |        or|   0|  0|   2|           1|           1|
    |or_ln69_fu_477_p2                  |        or|   0|  0|   2|           1|           1|
    |abs48_fu_503_p3                    |    select|   0|  0|  32|           1|          32|
    |abs51_fu_536_p3                    |    select|   0|  0|  32|           1|          32|
    |newCol_11_fu_549_p3                |    select|   0|  0|  32|           1|          32|
    |newCol_13_fu_638_p3                |    select|   0|  0|  30|           1|          30|
    |newCol_8_fu_559_p3                 |    select|   0|  0|  31|           1|           1|
    |newCol_9_fu_584_p3                 |    select|   0|  0|  30|           1|          30|
    |newRow_11_fu_516_p3                |    select|   0|  0|  32|           1|          32|
    |newRow_13_fu_611_p3                |    select|   0|  0|  30|           1|          30|
    |newRow_8_fu_393_p3                 |    select|   0|  0|  31|           1|           1|
    |newRow_9_fu_420_p3                 |    select|   0|  0|  30|           1|          30|
    |select_ln24_fu_367_p3              |    select|   0|  0|  32|           1|           1|
    |select_ln39_fu_359_p3              |    select|   0|  0|  32|           1|          32|
    |ap_enable_pp0                      |       xor|   0|  0|   2|           1|           2|
    |rev42_fu_457_p2                    |       xor|   0|  0|   2|           1|           2|
    |rev44_fu_414_p2                    |       xor|   0|  0|   2|           1|           2|
    |xor_ln104_fu_622_p2                |       xor|   0|  0|   2|           1|           2|
    |xor_ln69_fu_471_p2                 |       xor|   0|  0|   2|           1|           2|
    |xor_ln86_fu_578_p2                 |       xor|   0|  0|   2|           1|           2|
    |xor_ln96_fu_595_p2                 |       xor|   0|  0|   2|           1|           2|
    +-----------------------------------+----------+----+---+----+------------+------------+
    |Total                              |          |   0|  0|1528|         924|         961|
    +-----------------------------------+----------+----+---+----+------------+------------+

    * Multiplexer: 
    +--------------------------------------------+----+-----------+-----+-----------+
    |                    Name                    | LUT| Input Size| Bits| Total Bits|
    +--------------------------------------------+----+-----------+-----+-----------+
    |ap_NS_fsm                                   |  31|          6|    1|          6|
    |ap_done_int                                 |   9|          2|    1|          2|
    |ap_enable_reg_pp0_iter0                     |   9|          2|    1|          2|
    |ap_enable_reg_pp0_iter1                     |   9|          2|    1|          2|
    |ap_enable_reg_pp0_iter5                     |   9|          2|    1|          2|
    |ap_loop_exit_ready_pp0_iter1_reg            |   9|          2|    1|          2|
    |ap_loop_exit_ready_pp0_iter2_reg            |   9|          2|    1|          2|
    |ap_loop_exit_ready_pp0_iter3_reg            |   9|          2|    1|          2|
    |ap_loop_exit_ready_pp0_iter4_reg            |   9|          2|    1|          2|
    |ap_phi_reg_pp0_iter0_newCol_6_ph_8_reg_263  |   9|          2|   30|         60|
    |ap_phi_reg_pp0_iter0_newRow_6_ph_8_reg_275  |   9|          2|   30|         60|
    |ap_phi_reg_pp0_iter1_newCol_6_ph_8_reg_263  |   9|          2|   30|         60|
    |ap_phi_reg_pp0_iter1_newRow_6_ph_8_reg_275  |   9|          2|   30|         60|
    |ap_sig_allocacmp_sum_load_2                 |   9|          2|   32|         64|
    |i_fu_130                                    |   9|          2|   32|         64|
    |image_in_blk_n_AR                           |   9|          2|    1|          2|
    |image_in_blk_n_R                            |   9|          2|    1|          2|
    |indvar_flatten175_fu_134                    |   9|          2|   64|        128|
    |j_fu_126                                    |   9|          2|   32|         64|
    |kernel_blk_n_AR                             |   9|          2|    1|          2|
    |kernel_blk_n_R                              |   9|          2|    1|          2|
    |sum_fu_138                                  |   9|          2|   32|         64|
    +--------------------------------------------+----+-----------+-----+-----------+
    |Total                                       | 220|         48|  325|        654|
    +--------------------------------------------+----+-----------+-----+-----------+

    * Register: 
    +--------------------------------------------+----+----+-----+-----------+
    |                    Name                    | FF | LUT| Bits| Const Bits|
    +--------------------------------------------+----+----+-----+-----------+
    |add_ln39_reg_874                            |  64|   0|   64|          0|
    |ap_CS_fsm                                   |   5|   0|    5|          0|
    |ap_done_reg                                 |   1|   0|    1|          0|
    |ap_enable_reg_pp0_iter0_reg                 |   1|   0|    1|          0|
    |ap_enable_reg_pp0_iter1                     |   1|   0|    1|          0|
    |ap_enable_reg_pp0_iter2                     |   1|   0|    1|          0|
    |ap_enable_reg_pp0_iter3                     |   1|   0|    1|          0|
    |ap_enable_reg_pp0_iter4                     |   1|   0|    1|          0|
    |ap_enable_reg_pp0_iter5                     |   1|   0|    1|          0|
    |ap_loop_exit_ready_pp0_iter1_reg            |   1|   0|    1|          0|
    |ap_loop_exit_ready_pp0_iter2_reg            |   1|   0|    1|          0|
    |ap_loop_exit_ready_pp0_iter3_reg            |   1|   0|    1|          0|
    |ap_loop_exit_ready_pp0_iter4_reg            |   1|   0|    1|          0|
    |ap_phi_reg_pp0_iter0_newCol_6_ph_8_reg_263  |  30|   0|   30|          0|
    |ap_phi_reg_pp0_iter0_newRow_6_ph_8_reg_275  |  30|   0|   30|          0|
    |ap_phi_reg_pp0_iter1_newCol_6_ph_8_reg_263  |  30|   0|   30|          0|
    |ap_phi_reg_pp0_iter1_newRow_6_ph_8_reg_275  |  30|   0|   30|          0|
    |ap_predicate_pred208_state6                 |   1|   0|    1|          0|
    |ap_predicate_pred231_state14                |   1|   0|    1|          0|
    |ap_predicate_pred247_state9                 |   1|   0|    1|          0|
    |ap_predicate_pred265_state17                |   1|   0|    1|          0|
    |ap_predicate_pred506_state27                |   1|   0|    1|          0|
    |empty_55_reg_911                            |  30|   0|   30|          0|
    |i_fu_130                                    |  32|   0|   32|          0|
    |icmp_ln39_reg_870                           |   1|   0|    1|          0|
    |icmp_ln43_reg_884                           |   1|   0|    1|          0|
    |image_in_addr_read_reg_1031                 |  32|   0|   32|          0|
    |indvar_flatten175_fu_134                    |  64|   0|   64|          0|
    |j_fu_126                                    |  32|   0|   32|          0|
    |j_load_reg_879                              |  32|   0|   32|          0|
    |kernel_addr_read_reg_1026                   |  32|   0|   32|          0|
    |mul21_8_reg_1046                            |  32|   0|   32|          0|
    |mul_ln55_reg_1010                           |  30|   0|   30|          0|
    |newCol_11_reg_973                           |  32|   0|   32|          0|
    |newCol_6_ph_8_reg_263                       |  30|   0|   30|          0|
    |newCol_reg_927                              |  32|   0|   32|          0|
    |newRow_11_reg_962                           |  32|   0|   32|          0|
    |newRow_9_reg_922                            |  30|   0|   30|          0|
    |newRow_reg_902                              |  32|   0|   32|          0|
    |or_ln69_4_reg_958                           |   1|   0|    1|          0|
    |p_cast_reg_865                              |  31|   0|   32|          1|
    |select_ln24_reg_896                         |  32|   0|   32|          0|
    |select_ln39_reg_889                         |  32|   0|   32|          0|
    |sum_2_reg_1056                              |  32|   0|   32|          0|
    |sum_fu_138                                  |  32|   0|   32|          0|
    |tmp_5_reg_916                               |   1|   0|    1|          0|
    |tmp_6_reg_946                               |   1|   0|    1|          0|
    |trunc_ln26_reg_967                          |  30|   0|   30|          0|
    |trunc_ln27_4_reg_941                        |  31|   0|   31|          0|
    |trunc_ln27_6_reg_978                        |  30|   0|   30|          0|
    |trunc_ln27_reg_936                          |  30|   0|   30|          0|
    |trunc_ln55_3_reg_999                        |  30|   0|   30|          0|
    |trunc_ln55_reg_953                          |  30|   0|   30|          0|
    |trunc_ln55_s_reg_1015                       |  30|   0|   30|          0|
    |icmp_ln39_reg_870                           |  64|  32|    1|          0|
    |or_ln69_4_reg_958                           |  64|  32|    1|          0|
    +--------------------------------------------+----+----+-----+-----------+
    |Total                                       |1212|  64| 1087|          1|
    +--------------------------------------------+----+----+-----+-----------+



================================================================
== Interface
================================================================
* Summary: 
+-------------------------+-----+-----+------------+-----------------------------------------------+--------------+
|        RTL Ports        | Dir | Bits|  Protocol  |                 Source Object                 |    C Type    |
+-------------------------+-----+-----+------------+-----------------------------------------------+--------------+
|ap_clk                   |   in|    1|  ap_ctrl_hs|  LinearImageFilter_Pipeline_ker_rows_ker_cols8|  return value|
|ap_rst                   |   in|    1|  ap_ctrl_hs|  LinearImageFilter_Pipeline_ker_rows_ker_cols8|  return value|
|ap_start                 |   in|    1|  ap_ctrl_hs|  LinearImageFilter_Pipeline_ker_rows_ker_cols8|  return value|
|ap_done                  |  out|    1|  ap_ctrl_hs|  LinearImageFilter_Pipeline_ker_rows_ker_cols8|  return value|
|ap_idle                  |  out|    1|  ap_ctrl_hs|  LinearImageFilter_Pipeline_ker_rows_ker_cols8|  return value|
|ap_ready                 |  out|    1|  ap_ctrl_hs|  LinearImageFilter_Pipeline_ker_rows_ker_cols8|  return value|
|grp_fu_2998_p_din0       |  out|   32|  ap_ctrl_hs|  LinearImageFilter_Pipeline_ker_rows_ker_cols8|  return value|
|grp_fu_2998_p_din1       |  out|   32|  ap_ctrl_hs|  LinearImageFilter_Pipeline_ker_rows_ker_cols8|  return value|
|grp_fu_2998_p_opcode     |  out|    2|  ap_ctrl_hs|  LinearImageFilter_Pipeline_ker_rows_ker_cols8|  return value|
|grp_fu_2998_p_dout0      |   in|   32|  ap_ctrl_hs|  LinearImageFilter_Pipeline_ker_rows_ker_cols8|  return value|
|grp_fu_2998_p_ce         |  out|    1|  ap_ctrl_hs|  LinearImageFilter_Pipeline_ker_rows_ker_cols8|  return value|
|grp_fu_3002_p_din0       |  out|   32|  ap_ctrl_hs|  LinearImageFilter_Pipeline_ker_rows_ker_cols8|  return value|
|grp_fu_3002_p_din1       |  out|   32|  ap_ctrl_hs|  LinearImageFilter_Pipeline_ker_rows_ker_cols8|  return value|
|grp_fu_3002_p_dout0      |   in|   32|  ap_ctrl_hs|  LinearImageFilter_Pipeline_ker_rows_ker_cols8|  return value|
|grp_fu_3002_p_ce         |  out|    1|  ap_ctrl_hs|  LinearImageFilter_Pipeline_ker_rows_ker_cols8|  return value|
|grp_fu_3006_p_din0       |  out|   30|  ap_ctrl_hs|  LinearImageFilter_Pipeline_ker_rows_ker_cols8|  return value|
|grp_fu_3006_p_din1       |  out|   30|  ap_ctrl_hs|  LinearImageFilter_Pipeline_ker_rows_ker_cols8|  return value|
|grp_fu_3006_p_dout0      |   in|   30|  ap_ctrl_hs|  LinearImageFilter_Pipeline_ker_rows_ker_cols8|  return value|
|grp_fu_3006_p_ce         |  out|    1|  ap_ctrl_hs|  LinearImageFilter_Pipeline_ker_rows_ker_cols8|  return value|
|grp_fu_939_p_din0        |  out|   32|  ap_ctrl_hs|  LinearImageFilter_Pipeline_ker_rows_ker_cols8|  return value|
|grp_fu_939_p_din1        |  out|   32|  ap_ctrl_hs|  LinearImageFilter_Pipeline_ker_rows_ker_cols8|  return value|
|grp_fu_939_p_dout0       |   in|   32|  ap_ctrl_hs|  LinearImageFilter_Pipeline_ker_rows_ker_cols8|  return value|
|grp_fu_939_p_ce          |  out|    1|  ap_ctrl_hs|  LinearImageFilter_Pipeline_ker_rows_ker_cols8|  return value|
|m_axi_kernel_AWVALID     |  out|    1|       m_axi|                                         kernel|       pointer|
|m_axi_kernel_AWREADY     |   in|    1|       m_axi|                                         kernel|       pointer|
|m_axi_kernel_AWADDR      |  out|   32|       m_axi|                                         kernel|       pointer|
|m_axi_kernel_AWID        |  out|    1|       m_axi|                                         kernel|       pointer|
|m_axi_kernel_AWLEN       |  out|   32|       m_axi|                                         kernel|       pointer|
|m_axi_kernel_AWSIZE      |  out|    3|       m_axi|                                         kernel|       pointer|
|m_axi_kernel_AWBURST     |  out|    2|       m_axi|                                         kernel|       pointer|
|m_axi_kernel_AWLOCK      |  out|    2|       m_axi|                                         kernel|       pointer|
|m_axi_kernel_AWCACHE     |  out|    4|       m_axi|                                         kernel|       pointer|
|m_axi_kernel_AWPROT      |  out|    3|       m_axi|                                         kernel|       pointer|
|m_axi_kernel_AWQOS       |  out|    4|       m_axi|                                         kernel|       pointer|
|m_axi_kernel_AWREGION    |  out|    4|       m_axi|                                         kernel|       pointer|
|m_axi_kernel_AWUSER      |  out|    1|       m_axi|                                         kernel|       pointer|
|m_axi_kernel_WVALID      |  out|    1|       m_axi|                                         kernel|       pointer|
|m_axi_kernel_WREADY      |   in|    1|       m_axi|                                         kernel|       pointer|
|m_axi_kernel_WDATA       |  out|   32|       m_axi|                                         kernel|       pointer|
|m_axi_kernel_WSTRB       |  out|    4|       m_axi|                                         kernel|       pointer|
|m_axi_kernel_WLAST       |  out|    1|       m_axi|                                         kernel|       pointer|
|m_axi_kernel_WID         |  out|    1|       m_axi|                                         kernel|       pointer|
|m_axi_kernel_WUSER       |  out|    1|       m_axi|                                         kernel|       pointer|
|m_axi_kernel_ARVALID     |  out|    1|       m_axi|                                         kernel|       pointer|
|m_axi_kernel_ARREADY     |   in|    1|       m_axi|                                         kernel|       pointer|
|m_axi_kernel_ARADDR      |  out|   32|       m_axi|                                         kernel|       pointer|
|m_axi_kernel_ARID        |  out|    1|       m_axi|                                         kernel|       pointer|
|m_axi_kernel_ARLEN       |  out|   32|       m_axi|                                         kernel|       pointer|
|m_axi_kernel_ARSIZE      |  out|    3|       m_axi|                                         kernel|       pointer|
|m_axi_kernel_ARBURST     |  out|    2|       m_axi|                                         kernel|       pointer|
|m_axi_kernel_ARLOCK      |  out|    2|       m_axi|                                         kernel|       pointer|
|m_axi_kernel_ARCACHE     |  out|    4|       m_axi|                                         kernel|       pointer|
|m_axi_kernel_ARPROT      |  out|    3|       m_axi|                                         kernel|       pointer|
|m_axi_kernel_ARQOS       |  out|    4|       m_axi|                                         kernel|       pointer|
|m_axi_kernel_ARREGION    |  out|    4|       m_axi|                                         kernel|       pointer|
|m_axi_kernel_ARUSER      |  out|    1|       m_axi|                                         kernel|       pointer|
|m_axi_kernel_RVALID      |   in|    1|       m_axi|                                         kernel|       pointer|
|m_axi_kernel_RREADY      |  out|    1|       m_axi|                                         kernel|       pointer|
|m_axi_kernel_RDATA       |   in|   32|       m_axi|                                         kernel|       pointer|
|m_axi_kernel_RLAST       |   in|    1|       m_axi|                                         kernel|       pointer|
|m_axi_kernel_RID         |   in|    1|       m_axi|                                         kernel|       pointer|
|m_axi_kernel_RFIFONUM    |   in|    9|       m_axi|                                         kernel|       pointer|
|m_axi_kernel_RUSER       |   in|    1|       m_axi|                                         kernel|       pointer|
|m_axi_kernel_RRESP       |   in|    2|       m_axi|                                         kernel|       pointer|
|m_axi_kernel_BVALID      |   in|    1|       m_axi|                                         kernel|       pointer|
|m_axi_kernel_BREADY      |  out|    1|       m_axi|                                         kernel|       pointer|
|m_axi_kernel_BRESP       |   in|    2|       m_axi|                                         kernel|       pointer|
|m_axi_kernel_BID         |   in|    1|       m_axi|                                         kernel|       pointer|
|m_axi_kernel_BUSER       |   in|    1|       m_axi|                                         kernel|       pointer|
|m_axi_image_in_AWVALID   |  out|    1|       m_axi|                                       image_in|       pointer|
|m_axi_image_in_AWREADY   |   in|    1|       m_axi|                                       image_in|       pointer|
|m_axi_image_in_AWADDR    |  out|   32|       m_axi|                                       image_in|       pointer|
|m_axi_image_in_AWID      |  out|    1|       m_axi|                                       image_in|       pointer|
|m_axi_image_in_AWLEN     |  out|   32|       m_axi|                                       image_in|       pointer|
|m_axi_image_in_AWSIZE    |  out|    3|       m_axi|                                       image_in|       pointer|
|m_axi_image_in_AWBURST   |  out|    2|       m_axi|                                       image_in|       pointer|
|m_axi_image_in_AWLOCK    |  out|    2|       m_axi|                                       image_in|       pointer|
|m_axi_image_in_AWCACHE   |  out|    4|       m_axi|                                       image_in|       pointer|
|m_axi_image_in_AWPROT    |  out|    3|       m_axi|                                       image_in|       pointer|
|m_axi_image_in_AWQOS     |  out|    4|       m_axi|                                       image_in|       pointer|
|m_axi_image_in_AWREGION  |  out|    4|       m_axi|                                       image_in|       pointer|
|m_axi_image_in_AWUSER    |  out|    1|       m_axi|                                       image_in|       pointer|
|m_axi_image_in_WVALID    |  out|    1|       m_axi|                                       image_in|       pointer|
|m_axi_image_in_WREADY    |   in|    1|       m_axi|                                       image_in|       pointer|
|m_axi_image_in_WDATA     |  out|   32|       m_axi|                                       image_in|       pointer|
|m_axi_image_in_WSTRB     |  out|    4|       m_axi|                                       image_in|       pointer|
|m_axi_image_in_WLAST     |  out|    1|       m_axi|                                       image_in|       pointer|
|m_axi_image_in_WID       |  out|    1|       m_axi|                                       image_in|       pointer|
|m_axi_image_in_WUSER     |  out|    1|       m_axi|                                       image_in|       pointer|
|m_axi_image_in_ARVALID   |  out|    1|       m_axi|                                       image_in|       pointer|
|m_axi_image_in_ARREADY   |   in|    1|       m_axi|                                       image_in|       pointer|
|m_axi_image_in_ARADDR    |  out|   32|       m_axi|                                       image_in|       pointer|
|m_axi_image_in_ARID      |  out|    1|       m_axi|                                       image_in|       pointer|
|m_axi_image_in_ARLEN     |  out|   32|       m_axi|                                       image_in|       pointer|
|m_axi_image_in_ARSIZE    |  out|    3|       m_axi|                                       image_in|       pointer|
|m_axi_image_in_ARBURST   |  out|    2|       m_axi|                                       image_in|       pointer|
|m_axi_image_in_ARLOCK    |  out|    2|       m_axi|                                       image_in|       pointer|
|m_axi_image_in_ARCACHE   |  out|    4|       m_axi|                                       image_in|       pointer|
|m_axi_image_in_ARPROT    |  out|    3|       m_axi|                                       image_in|       pointer|
|m_axi_image_in_ARQOS     |  out|    4|       m_axi|                                       image_in|       pointer|
|m_axi_image_in_ARREGION  |  out|    4|       m_axi|                                       image_in|       pointer|
|m_axi_image_in_ARUSER    |  out|    1|       m_axi|                                       image_in|       pointer|
|m_axi_image_in_RVALID    |   in|    1|       m_axi|                                       image_in|       pointer|
|m_axi_image_in_RREADY    |  out|    1|       m_axi|                                       image_in|       pointer|
|m_axi_image_in_RDATA     |   in|   32|       m_axi|                                       image_in|       pointer|
|m_axi_image_in_RLAST     |   in|    1|       m_axi|                                       image_in|       pointer|
|m_axi_image_in_RID       |   in|    1|       m_axi|                                       image_in|       pointer|
|m_axi_image_in_RFIFONUM  |   in|    9|       m_axi|                                       image_in|       pointer|
|m_axi_image_in_RUSER     |   in|    1|       m_axi|                                       image_in|       pointer|
|m_axi_image_in_RRESP     |   in|    2|       m_axi|                                       image_in|       pointer|
|m_axi_image_in_BVALID    |   in|    1|       m_axi|                                       image_in|       pointer|
|m_axi_image_in_BREADY    |  out|    1|       m_axi|                                       image_in|       pointer|
|m_axi_image_in_BRESP     |   in|    2|       m_axi|                                       image_in|       pointer|
|m_axi_image_in_BID       |   in|    1|       m_axi|                                       image_in|       pointer|
|m_axi_image_in_BUSER     |   in|    1|       m_axi|                                       image_in|       pointer|
|mul_ln7                  |   in|   64|     ap_none|                                        mul_ln7|        scalar|
|padding                  |   in|    8|     ap_none|                                        padding|        scalar|
|kernel_dim               |   in|   32|     ap_none|                                     kernel_dim|        scalar|
|add_0                    |   in|   32|     ap_none|                                          add_0|        scalar|
|rows                     |   in|   32|     ap_none|                                           rows|        scalar|
|newRow_2                 |   in|   30|     ap_none|                                       newRow_2|        scalar|
|col_8                    |   in|   32|     ap_none|                                          col_8|        scalar|
|empty_27                 |   in|   31|     ap_none|                                       empty_27|        scalar|
|cols                     |   in|   32|     ap_none|                                           cols|        scalar|
|empty                    |   in|   30|     ap_none|                                          empty|        scalar|
|image_in_offset          |   in|   32|     ap_none|                                image_in_offset|        scalar|
|kernel_offset            |   in|   32|     ap_none|                                  kernel_offset|        scalar|
|mul_i                    |   in|   30|     ap_none|                                          mul_i|        scalar|
|mul35_i                  |   in|   30|     ap_none|                                        mul35_i|        scalar|
|newCol_2                 |   in|   30|     ap_none|                                       newCol_2|        scalar|
|sum_24_out               |  out|   32|      ap_vld|                                     sum_24_out|       pointer|
|sum_24_out_ap_vld        |  out|    1|      ap_vld|                                     sum_24_out|       pointer|
+-------------------------+-----+-----+------------+-----------------------------------------------+--------------+

