

================================================================
== Vitis HLS Report for 'LinearImageFilter_Pipeline_ker_cols'
================================================================
* Date:           Fri May 24 13:04:30 2024

* Version:        2023.2.2 (Build 4101106 on Feb  9 2024)
* Project:        work
* Solution:       hls (Vivado IP Flow Target)
* Product family: zynq
* Target device:  xc7z020-clg400-1


================================================================
== Performance Estimates
================================================================
+ Timing: 
    * Summary: 
    +--------+----------+----------+------------+
    |  Clock |  Target  | Estimated| Uncertainty|
    +--------+----------+----------+------------+
    |ap_clk  |  10.00 ns|  7.300 ns|     2.70 ns|
    +--------+----------+----------+------------+

+ Latency: 
    * Summary: 
    +---------+---------+----------+----------+-----+-----+---------+
    |  Latency (cycles) |  Latency (absolute) |  Interval | Pipeline|
    |   min   |   max   |    min   |    max   | min | max |   Type  |
    +---------+---------+----------+----------+-----+-----+---------+
    |        ?|        ?|         ?|         ?|    ?|    ?|       no|
    +---------+---------+----------+----------+-----+-----+---------+

    + Detail: 
        * Instance: 
        N/A

        * Loop: 
        +------------+---------+---------+----------+-----------+-----------+------+----------+
        |            |  Latency (cycles) | Iteration|  Initiation Interval  | Trip |          |
        |  Loop Name |   min   |   max   |  Latency |  achieved |   target  | Count| Pipelined|
        +------------+---------+---------+----------+-----------+-----------+------+----------+
        |- ker_cols  |        ?|        ?|        25|          5|          1|     ?|       yes|
        +------------+---------+---------+----------+-----------+-----------+------+----------+



================================================================
== Utilization Estimates
================================================================
* Summary: 
+-----------------+---------+-----+--------+-------+-----+
|       Name      | BRAM_18K| DSP |   FF   |  LUT  | URAM|
+-----------------+---------+-----+--------+-------+-----+
|DSP              |        -|    -|       -|      -|    -|
|Expression       |        -|    -|       0|   1101|    -|
|FIFO             |        -|    -|       -|      -|    -|
|Instance         |        -|    8|     466|    758|    -|
|Memory           |        -|    -|       -|      -|    -|
|Multiplexer      |        -|    -|       -|    158|    -|
|Register         |        -|    -|     769|     64|    -|
+-----------------+---------+-----+--------+-------+-----+
|Total            |        0|    8|    1235|   2081|    0|
+-----------------+---------+-----+--------+-------+-----+
|Available        |      280|  220|  106400|  53200|    0|
+-----------------+---------+-----+--------+-------+-----+
|Utilization (%)  |        0|    3|       1|      3|    0|
+-----------------+---------+-----+--------+-------+-----+

+ Detail: 
    * Instance: 
    +-----------------------------------+--------------------------------+---------+----+-----+-----+-----+
    |              Instance             |             Module             | BRAM_18K| DSP|  FF | LUT | URAM|
    +-----------------------------------+--------------------------------+---------+----+-----+-----+-----+
    |fadd_32ns_32ns_32_5_full_dsp_1_U1  |fadd_32ns_32ns_32_5_full_dsp_1  |        0|   2|  205|  390|    0|
    |fmul_32ns_32ns_32_4_max_dsp_1_U2   |fmul_32ns_32ns_32_4_max_dsp_1   |        0|   3|  143|  321|    0|
    |mul_30s_30s_30_2_1_U3              |mul_30s_30s_30_2_1              |        0|   3|  118|   47|    0|
    +-----------------------------------+--------------------------------+---------+----+-----+-----+-----+
    |Total                              |                                |        0|   8|  466|  758|    0|
    +-----------------------------------+--------------------------------+---------+----+-----+-----+-----+

    * DSP: 
    N/A

    * Memory: 
    N/A

    * FIFO: 
    N/A

    * Expression: 
    +-----------------------------------+----------+----+---+----+------------+------------+
    |           Variable Name           | Operation| DSP| FF| LUT| Bitwidth P0| Bitwidth P1|
    +-----------------------------------+----------+----+---+----+------------+------------+
    |add_ln36_fu_357_p2                 |         +|   0|  0|  39|          32|           1|
    |add_ln48_1_fu_598_p2               |         +|   0|  0|  39|          32|          32|
    |add_ln48_2_fu_488_p2               |         +|   0|  0|  37|          30|          30|
    |add_ln48_3_fu_501_p2               |         +|   0|  0|  39|          32|          32|
    |add_ln48_fu_585_p2                 |         +|   0|  0|  37|          30|          30|
    |add_ln91_fu_531_p2                 |         +|   0|  0|  30|          30|           2|
    |add_ln99_fu_558_p2                 |         +|   0|  0|  30|          30|           2|
    |newCol_4_fu_437_p2                 |         +|   0|  0|  39|          32|           2|
    |newCol_fu_335_p2                   |         +|   0|  0|  32|          32|          32|
    |newRow_3_fu_404_p2                 |         +|   0|  0|  39|          32|           2|
    |neg1_fu_420_p2                     |         -|   0|  0|  39|           1|          32|
    |neg_fu_387_p2                      |         -|   0|  0|  39|           1|          32|
    |newCol_6_fu_563_p2                 |         -|   0|  0|  30|          30|          30|
    |newRow_4_fu_536_p2                 |         -|   0|  0|  30|          30|          30|
    |sub_ln41_fu_329_p2                 |         -|   0|  0|  32|          32|          32|
    |ap_block_pp0_stage0_11001          |       and|   0|  0|   2|           1|           1|
    |ap_block_pp0_stage1_11001          |       and|   0|  0|   2|           1|           1|
    |ap_block_pp0_stage2_11001          |       and|   0|  0|   2|           1|           1|
    |ap_block_pp0_stage4_01001          |       and|   0|  0|   2|           1|           1|
    |ap_block_state11_pp0_stage0_iter2  |       and|   0|  0|   2|           1|           1|
    |ap_block_state15_pp0_stage4_iter2  |       and|   0|  0|   2|           1|           1|
    |ap_block_state3_io                 |       and|   0|  0|   2|           1|           1|
    |ap_block_state7_io                 |       and|   0|  0|   2|           1|           1|
    |ap_condition_831                   |       and|   0|  0|   2|           1|           1|
    |ap_condition_835                   |       and|   0|  0|   2|           1|           1|
    |ap_condition_839                   |       and|   0|  0|   2|           1|           1|
    |abscond2_fu_425_p2                 |      icmp|   0|  0|  39|          32|           1|
    |abscond_fu_392_p2                  |      icmp|   0|  0|  39|          32|           1|
    |icmp_ln36_fu_323_p2                |      icmp|   0|  0|  39|          32|          32|
    |icmp_ln62_fu_362_p2                |      icmp|   0|  0|  39|          32|          32|
    |icmp_ln79_fu_467_p2                |      icmp|   0|  0|  39|          32|          32|
    |icmp_ln89_fu_521_p2                |      icmp|   0|  0|  39|          32|          32|
    |icmp_ln97_fu_548_p2                |      icmp|   0|  0|  39|          32|          32|
    |ap_predicate_op114_readreq_state3  |        or|   0|  0|   2|           1|           1|
    |ap_predicate_op128_readreq_state7  |        or|   0|  0|   2|           1|           1|
    |ap_predicate_op137_read_state11    |        or|   0|  0|   2|           1|           1|
    |ap_predicate_op141_read_state15    |        or|   0|  0|   2|           1|           1|
    |ap_predicate_pred467_state25       |        or|   0|  0|   2|           1|           1|
    |or_ln62_1_fu_381_p2                |        or|   0|  0|   2|           1|           1|
    |or_ln62_2_fu_376_p2                |        or|   0|  0|   2|           1|           1|
    |or_ln62_fu_372_p2                  |        or|   0|  0|   2|           1|           1|
    |abs3_fu_430_p3                     |    select|   0|  0|  32|           1|          32|
    |abs_fu_397_p3                      |    select|   0|  0|  32|           1|          32|
    |newCol_1_fu_453_p3                 |    select|   0|  0|  31|           1|           1|
    |newCol_3_fu_478_p3                 |    select|   0|  0|  30|           1|          30|
    |newCol_5_fu_443_p3                 |    select|   0|  0|  32|           1|          32|
    |newCol_7_fu_568_p3                 |    select|   0|  0|  30|           1|          30|
    |newRow_2_fu_410_p3                 |    select|   0|  0|  32|           1|          32|
    |newRow_5_fu_541_p3                 |    select|   0|  0|  30|           1|          30|
    |ap_enable_pp0                      |       xor|   0|  0|   2|           1|           2|
    |xor_ln62_fu_366_p2                 |       xor|   0|  0|   2|           1|           2|
    |xor_ln79_fu_472_p2                 |       xor|   0|  0|   2|           1|           2|
    |xor_ln89_fu_525_p2                 |       xor|   0|  0|   2|           1|           2|
    |xor_ln97_fu_552_p2                 |       xor|   0|  0|   2|           1|           2|
    +-----------------------------------+----------+----+---+----+------------+------------+
    |Total                              |          |   0|  0|1101|         662|         731|
    +-----------------------------------+----------+----+---+----+------------+------------+

    * Multiplexer: 
    +------------------------------------------+----+-----------+-----+-----------+
    |                   Name                   | LUT| Input Size| Bits| Total Bits|
    +------------------------------------------+----+-----------+-----+-----------+
    |ap_NS_fsm                                 |  31|          6|    1|          6|
    |ap_done_int                               |   9|          2|    1|          2|
    |ap_enable_reg_pp0_iter0                   |   9|          2|    1|          2|
    |ap_enable_reg_pp0_iter1                   |   9|          2|    1|          2|
    |ap_phi_reg_pp0_iter0_newCol_6_ph_reg_269  |  14|          3|   30|         90|
    |ap_phi_reg_pp0_iter0_newRow_6_ph_reg_281  |  14|          3|   30|         90|
    |ap_sig_allocacmp_j_1                      |   9|          2|   32|         64|
    |ap_sig_allocacmp_sum_1_load_1             |   9|          2|   32|         64|
    |image_in_blk_n_AR                         |   9|          2|    1|          2|
    |image_in_blk_n_R                          |   9|          2|    1|          2|
    |j_fu_116                                  |   9|          2|   32|         64|
    |kernel_blk_n_AR                           |   9|          2|    1|          2|
    |kernel_blk_n_R                            |   9|          2|    1|          2|
    |sum_1_fu_120                              |   9|          2|   32|         64|
    +------------------------------------------+----+-----------+-----+-----------+
    |Total                                     | 158|         34|  196|        456|
    +------------------------------------------+----+-----------+-----+-----------+

    * Register: 
    +------------------------------------------+----+----+-----+-----------+
    |                   Name                   | FF | LUT| Bits| Const Bits|
    +------------------------------------------+----+----+-----+-----------+
    |ap_CS_fsm                                 |   5|   0|    5|          0|
    |ap_done_reg                               |   1|   0|    1|          0|
    |ap_enable_reg_pp0_iter0_reg               |   1|   0|    1|          0|
    |ap_enable_reg_pp0_iter1                   |   1|   0|    1|          0|
    |ap_enable_reg_pp0_iter2                   |   1|   0|    1|          0|
    |ap_enable_reg_pp0_iter3                   |   1|   0|    1|          0|
    |ap_enable_reg_pp0_iter4                   |   1|   0|    1|          0|
    |ap_loop_exit_ready_pp0_iter1_reg          |   1|   0|    1|          0|
    |ap_loop_exit_ready_pp0_iter2_reg          |   1|   0|    1|          0|
    |ap_loop_exit_ready_pp0_iter3_reg          |   1|   0|    1|          0|
    |ap_phi_reg_pp0_iter0_newCol_6_ph_reg_269  |  30|   0|   30|          0|
    |ap_phi_reg_pp0_iter0_newRow_6_ph_reg_281  |  30|   0|   30|          0|
    |ap_predicate_pred237_state11              |   1|   0|    1|          0|
    |ap_predicate_pred257_state7               |   1|   0|    1|          0|
    |ap_predicate_pred467_state25              |   1|   0|    1|          0|
    |icmp_ln36_reg_744                         |   1|   0|    1|          0|
    |image_in_addr_read_reg_847                |  32|   0|   32|          0|
    |j_1_reg_738                               |  32|   0|   32|          0|
    |j_fu_116                                  |  32|   0|   32|          0|
    |kernel_addr_read_reg_842                  |  32|   0|   32|          0|
    |mul_ln48_reg_826                          |  30|   0|   30|          0|
    |mul_reg_862                               |  32|   0|   32|          0|
    |newCol_5_reg_789                          |  32|   0|   32|          0|
    |newCol_6_ph_reg_269                       |  30|   0|   30|          0|
    |newCol_reg_748                            |  32|   0|   32|          0|
    |newRow_2_reg_778                          |  32|   0|   32|          0|
    |or_ln62_1_reg_774                         |   1|   0|    1|          0|
    |sum_1_fu_120                              |  32|   0|   32|          0|
    |sum_2_reg_872                             |  32|   0|   32|          0|
    |tmp_5_reg_767                             |   1|   0|    1|          0|
    |trunc_ln23_reg_783                        |  30|   0|   30|          0|
    |trunc_ln24_1_reg_762                      |  31|   0|   31|          0|
    |trunc_ln24_3_reg_794                      |  30|   0|   30|          0|
    |trunc_ln24_reg_757                        |  30|   0|   30|          0|
    |trunc_ln48_1_reg_831                      |  30|   0|   30|          0|
    |trunc_ln48_4_reg_805                      |  30|   0|   30|          0|
    |icmp_ln36_reg_744                         |  64|  32|    1|          0|
    |or_ln62_1_reg_774                         |  64|  32|    1|          0|
    +------------------------------------------+----+----+-----+-----------+
    |Total                                     | 769|  64|  643|          0|
    +------------------------------------------+----+----+-----+-----------+



================================================================
== Interface
================================================================
* Summary: 
+-------------------------+-----+-----+------------+-------------------------------------+--------------+
|        RTL Ports        | Dir | Bits|  Protocol  |            Source Object            |    C Type    |
+-------------------------+-----+-----+------------+-------------------------------------+--------------+
|ap_clk                   |   in|    1|  ap_ctrl_hs|  LinearImageFilter_Pipeline_ker_cols|  return value|
|ap_rst                   |   in|    1|  ap_ctrl_hs|  LinearImageFilter_Pipeline_ker_cols|  return value|
|ap_start                 |   in|    1|  ap_ctrl_hs|  LinearImageFilter_Pipeline_ker_cols|  return value|
|ap_done                  |  out|    1|  ap_ctrl_hs|  LinearImageFilter_Pipeline_ker_cols|  return value|
|ap_idle                  |  out|    1|  ap_ctrl_hs|  LinearImageFilter_Pipeline_ker_cols|  return value|
|ap_ready                 |  out|    1|  ap_ctrl_hs|  LinearImageFilter_Pipeline_ker_cols|  return value|
|m_axi_image_in_AWVALID   |  out|    1|       m_axi|                             image_in|       pointer|
|m_axi_image_in_AWREADY   |   in|    1|       m_axi|                             image_in|       pointer|
|m_axi_image_in_AWADDR    |  out|   32|       m_axi|                             image_in|       pointer|
|m_axi_image_in_AWID      |  out|    1|       m_axi|                             image_in|       pointer|
|m_axi_image_in_AWLEN     |  out|   32|       m_axi|                             image_in|       pointer|
|m_axi_image_in_AWSIZE    |  out|    3|       m_axi|                             image_in|       pointer|
|m_axi_image_in_AWBURST   |  out|    2|       m_axi|                             image_in|       pointer|
|m_axi_image_in_AWLOCK    |  out|    2|       m_axi|                             image_in|       pointer|
|m_axi_image_in_AWCACHE   |  out|    4|       m_axi|                             image_in|       pointer|
|m_axi_image_in_AWPROT    |  out|    3|       m_axi|                             image_in|       pointer|
|m_axi_image_in_AWQOS     |  out|    4|       m_axi|                             image_in|       pointer|
|m_axi_image_in_AWREGION  |  out|    4|       m_axi|                             image_in|       pointer|
|m_axi_image_in_AWUSER    |  out|    1|       m_axi|                             image_in|       pointer|
|m_axi_image_in_WVALID    |  out|    1|       m_axi|                             image_in|       pointer|
|m_axi_image_in_WREADY    |   in|    1|       m_axi|                             image_in|       pointer|
|m_axi_image_in_WDATA     |  out|   32|       m_axi|                             image_in|       pointer|
|m_axi_image_in_WSTRB     |  out|    4|       m_axi|                             image_in|       pointer|
|m_axi_image_in_WLAST     |  out|    1|       m_axi|                             image_in|       pointer|
|m_axi_image_in_WID       |  out|    1|       m_axi|                             image_in|       pointer|
|m_axi_image_in_WUSER     |  out|    1|       m_axi|                             image_in|       pointer|
|m_axi_image_in_ARVALID   |  out|    1|       m_axi|                             image_in|       pointer|
|m_axi_image_in_ARREADY   |   in|    1|       m_axi|                             image_in|       pointer|
|m_axi_image_in_ARADDR    |  out|   32|       m_axi|                             image_in|       pointer|
|m_axi_image_in_ARID      |  out|    1|       m_axi|                             image_in|       pointer|
|m_axi_image_in_ARLEN     |  out|   32|       m_axi|                             image_in|       pointer|
|m_axi_image_in_ARSIZE    |  out|    3|       m_axi|                             image_in|       pointer|
|m_axi_image_in_ARBURST   |  out|    2|       m_axi|                             image_in|       pointer|
|m_axi_image_in_ARLOCK    |  out|    2|       m_axi|                             image_in|       pointer|
|m_axi_image_in_ARCACHE   |  out|    4|       m_axi|                             image_in|       pointer|
|m_axi_image_in_ARPROT    |  out|    3|       m_axi|                             image_in|       pointer|
|m_axi_image_in_ARQOS     |  out|    4|       m_axi|                             image_in|       pointer|
|m_axi_image_in_ARREGION  |  out|    4|       m_axi|                             image_in|       pointer|
|m_axi_image_in_ARUSER    |  out|    1|       m_axi|                             image_in|       pointer|
|m_axi_image_in_RVALID    |   in|    1|       m_axi|                             image_in|       pointer|
|m_axi_image_in_RREADY    |  out|    1|       m_axi|                             image_in|       pointer|
|m_axi_image_in_RDATA     |   in|   32|       m_axi|                             image_in|       pointer|
|m_axi_image_in_RLAST     |   in|    1|       m_axi|                             image_in|       pointer|
|m_axi_image_in_RID       |   in|    1|       m_axi|                             image_in|       pointer|
|m_axi_image_in_RFIFONUM  |   in|    9|       m_axi|                             image_in|       pointer|
|m_axi_image_in_RUSER     |   in|    1|       m_axi|                             image_in|       pointer|
|m_axi_image_in_RRESP     |   in|    2|       m_axi|                             image_in|       pointer|
|m_axi_image_in_BVALID    |   in|    1|       m_axi|                             image_in|       pointer|
|m_axi_image_in_BREADY    |  out|    1|       m_axi|                             image_in|       pointer|
|m_axi_image_in_BRESP     |   in|    2|       m_axi|                             image_in|       pointer|
|m_axi_image_in_BID       |   in|    1|       m_axi|                             image_in|       pointer|
|m_axi_image_in_BUSER     |   in|    1|       m_axi|                             image_in|       pointer|
|sum                      |   in|   32|     ap_none|                                  sum|        scalar|
|m_axi_kernel_AWVALID     |  out|    1|       m_axi|                               kernel|       pointer|
|m_axi_kernel_AWREADY     |   in|    1|       m_axi|                               kernel|       pointer|
|m_axi_kernel_AWADDR      |  out|   32|       m_axi|                               kernel|       pointer|
|m_axi_kernel_AWID        |  out|    1|       m_axi|                               kernel|       pointer|
|m_axi_kernel_AWLEN       |  out|   32|       m_axi|                               kernel|       pointer|
|m_axi_kernel_AWSIZE      |  out|    3|       m_axi|                               kernel|       pointer|
|m_axi_kernel_AWBURST     |  out|    2|       m_axi|                               kernel|       pointer|
|m_axi_kernel_AWLOCK      |  out|    2|       m_axi|                               kernel|       pointer|
|m_axi_kernel_AWCACHE     |  out|    4|       m_axi|                               kernel|       pointer|
|m_axi_kernel_AWPROT      |  out|    3|       m_axi|                               kernel|       pointer|
|m_axi_kernel_AWQOS       |  out|    4|       m_axi|                               kernel|       pointer|
|m_axi_kernel_AWREGION    |  out|    4|       m_axi|                               kernel|       pointer|
|m_axi_kernel_AWUSER      |  out|    1|       m_axi|                               kernel|       pointer|
|m_axi_kernel_WVALID      |  out|    1|       m_axi|                               kernel|       pointer|
|m_axi_kernel_WREADY      |   in|    1|       m_axi|                               kernel|       pointer|
|m_axi_kernel_WDATA       |  out|   32|       m_axi|                               kernel|       pointer|
|m_axi_kernel_WSTRB       |  out|    4|       m_axi|                               kernel|       pointer|
|m_axi_kernel_WLAST       |  out|    1|       m_axi|                               kernel|       pointer|
|m_axi_kernel_WID         |  out|    1|       m_axi|                               kernel|       pointer|
|m_axi_kernel_WUSER       |  out|    1|       m_axi|                               kernel|       pointer|
|m_axi_kernel_ARVALID     |  out|    1|       m_axi|                               kernel|       pointer|
|m_axi_kernel_ARREADY     |   in|    1|       m_axi|                               kernel|       pointer|
|m_axi_kernel_ARADDR      |  out|   32|       m_axi|                               kernel|       pointer|
|m_axi_kernel_ARID        |  out|    1|       m_axi|                               kernel|       pointer|
|m_axi_kernel_ARLEN       |  out|   32|       m_axi|                               kernel|       pointer|
|m_axi_kernel_ARSIZE      |  out|    3|       m_axi|                               kernel|       pointer|
|m_axi_kernel_ARBURST     |  out|    2|       m_axi|                               kernel|       pointer|
|m_axi_kernel_ARLOCK      |  out|    2|       m_axi|                               kernel|       pointer|
|m_axi_kernel_ARCACHE     |  out|    4|       m_axi|                               kernel|       pointer|
|m_axi_kernel_ARPROT      |  out|    3|       m_axi|                               kernel|       pointer|
|m_axi_kernel_ARQOS       |  out|    4|       m_axi|                               kernel|       pointer|
|m_axi_kernel_ARREGION    |  out|    4|       m_axi|                               kernel|       pointer|
|m_axi_kernel_ARUSER      |  out|    1|       m_axi|                               kernel|       pointer|
|m_axi_kernel_RVALID      |   in|    1|       m_axi|                               kernel|       pointer|
|m_axi_kernel_RREADY      |  out|    1|       m_axi|                               kernel|       pointer|
|m_axi_kernel_RDATA       |   in|   32|       m_axi|                               kernel|       pointer|
|m_axi_kernel_RLAST       |   in|    1|       m_axi|                               kernel|       pointer|
|m_axi_kernel_RID         |   in|    1|       m_axi|                               kernel|       pointer|
|m_axi_kernel_RFIFONUM    |   in|    9|       m_axi|                               kernel|       pointer|
|m_axi_kernel_RUSER       |   in|    1|       m_axi|                               kernel|       pointer|
|m_axi_kernel_RRESP       |   in|    2|       m_axi|                               kernel|       pointer|
|m_axi_kernel_BVALID      |   in|    1|       m_axi|                               kernel|       pointer|
|m_axi_kernel_BREADY      |  out|    1|       m_axi|                               kernel|       pointer|
|m_axi_kernel_BRESP       |   in|    2|       m_axi|                               kernel|       pointer|
|m_axi_kernel_BID         |   in|    1|       m_axi|                               kernel|       pointer|
|m_axi_kernel_BUSER       |   in|    1|       m_axi|                               kernel|       pointer|
|kernel_dim               |   in|   32|     ap_none|                           kernel_dim|        scalar|
|padding                  |   in|    8|     ap_none|                              padding|        scalar|
|col                      |   in|   32|     ap_none|                                  col|        scalar|
|empty_28                 |   in|   31|     ap_none|                             empty_28|        scalar|
|cols                     |   in|   32|     ap_none|                                 cols|        scalar|
|empty_29                 |   in|    1|     ap_none|                             empty_29|        scalar|
|rev                      |   in|    1|     ap_none|                                  rev|        scalar|
|newRow_1                 |   in|   30|     ap_none|                             newRow_1|        scalar|
|empty_30                 |   in|   30|     ap_none|                             empty_30|        scalar|
|empty_31                 |   in|   30|     ap_none|                             empty_31|        scalar|
|image_in_offset          |   in|   32|     ap_none|                      image_in_offset|        scalar|
|empty                    |   in|   30|     ap_none|                                empty|        scalar|
|kernel_offset            |   in|   32|     ap_none|                        kernel_offset|        scalar|
|newCol_2                 |   in|   30|     ap_none|                             newCol_2|        scalar|
|newRow                   |   in|   32|     ap_none|                               newRow|        scalar|
|rows                     |   in|   32|     ap_none|                                 rows|        scalar|
|mul_i                    |   in|   30|     ap_none|                                mul_i|        scalar|
|mul35_i                  |   in|   30|     ap_none|                              mul35_i|        scalar|
|sum_2_out                |  out|   32|      ap_vld|                            sum_2_out|       pointer|
|sum_2_out_ap_vld         |  out|    1|      ap_vld|                            sum_2_out|       pointer|
+-------------------------+-----+-----+------------+-------------------------------------+--------------+

