

================================================================
== Vitis HLS Report for 'LinearImageFilter'
================================================================
* Date:           Fri May 24 13:04:30 2024

* Version:        2023.2.2 (Build 4101106 on Feb  9 2024)
* Project:        work
* Solution:       hls (Vivado IP Flow Target)
* Product family: zynq
* Target device:  xc7z020-clg400-1


================================================================
== Performance Estimates
================================================================
+ Timing: 
    * Summary: 
    +--------+----------+----------+------------+
    |  Clock |  Target  | Estimated| Uncertainty|
    +--------+----------+----------+------------+
    |ap_clk  |  10.00 ns|  7.300 ns|     2.70 ns|
    +--------+----------+----------+------------+

+ Latency: 
    * Summary: 
    +---------+---------+----------+----------+-----+-----+---------+
    |  Latency (cycles) |  Latency (absolute) |  Interval | Pipeline|
    |   min   |   max   |    min   |    max   | min | max |   Type  |
    +---------+---------+----------+----------+-----+-----+---------+
    |        ?|        ?|         ?|         ?|    ?|    ?|       no|
    +---------+---------+----------+----------+-----+-----+---------+

    + Detail: 
        * Instance: 
        +------------------------------------------------+-------------------------------------+---------+---------+----------+----------+-----+-----+---------+
        |                                                |                                     |  Latency (cycles) |  Latency (absolute) |  Interval | Pipeline|
        |                    Instance                    |                Module               |   min   |   max   |    min   |    max   | min | max |   Type  |
        +------------------------------------------------+-------------------------------------+---------+---------+----------+----------+-----+-----+---------+
        |grp_LinearImageFilter_Pipeline_ker_cols_fu_254  |LinearImageFilter_Pipeline_ker_cols  |        ?|        ?|         ?|         ?|    ?|    ?|       no|
        +------------------------------------------------+-------------------------------------+---------+---------+----------+----------+-----+-----+---------+

        * Loop: 
        +---------------+---------+---------+----------+-----------+-----------+------+----------+
        |               |  Latency (cycles) | Iteration|  Initiation Interval  | Trip |          |
        |   Loop Name   |   min   |   max   |  Latency |  achieved |   target  | Count| Pipelined|
        +---------------+---------+---------+----------+-----------+-----------+------+----------+
        |- img_rows     |        ?|        ?|         ?|          -|          -|     ?|        no|
        | + img_cols    |        ?|        ?|         ?|          -|          -|     ?|        no|
        |  ++ ker_rows  |        ?|        ?|         ?|          -|          -|     ?|        no|
        +---------------+---------+---------+----------+-----------+-----------+------+----------+



================================================================
== Utilization Estimates
================================================================
* Summary: 
+-----------------+---------+-----+--------+-------+-----+
|       Name      | BRAM_18K| DSP |   FF   |  LUT  | URAM|
+-----------------+---------+-----+--------+-------+-----+
|DSP              |        -|    -|       -|      -|    -|
|Expression       |        -|    -|       0|    644|    -|
|FIFO             |        -|    -|       -|      -|    -|
|Instance         |       12|   11|    5426|   5615|    -|
|Memory           |        -|    -|       -|      -|    -|
|Multiplexer      |        -|    -|       -|    337|    -|
|Register         |        -|    -|    1126|      -|    -|
+-----------------+---------+-----+--------+-------+-----+
|Total            |       12|   11|    6552|   6596|    0|
+-----------------+---------+-----+--------+-------+-----+
|Available        |      280|  220|  106400|  53200|    0|
+-----------------+---------+-----+--------+-------+-----+
|Utilization (%)  |        4|    5|       6|     12|    0|
+-----------------+---------+-----+--------+-------+-----+

+ Detail: 
    * Instance: 
    +------------------------------------------------+-------------------------------------+---------+----+------+------+-----+
    |                    Instance                    |                Module               | BRAM_18K| DSP|  FF  |  LUT | URAM|
    +------------------------------------------------+-------------------------------------+---------+----+------+------+-----+
    |grp_LinearImageFilter_Pipeline_ker_cols_fu_254  |LinearImageFilter_Pipeline_ker_cols  |        0|   8|  1235|  2081|    0|
    |control_s_axi_U                                 |control_s_axi                        |        0|   0|   354|   568|    0|
    |image_in_m_axi_U                                |image_in_m_axi                       |        4|   0|   830|   734|    0|
    |image_out_m_axi_U                               |image_out_m_axi                      |        4|   0|   830|   734|    0|
    |kernel_m_axi_U                                  |kernel_m_axi                         |        4|   0|   830|   734|    0|
    |mul_32s_32s_32_2_1_U29                          |mul_32s_32s_32_2_1                   |        0|   3|   165|    50|    0|
    |udiv_32ns_32ns_30_36_seq_1_U32                  |udiv_32ns_32ns_30_36_seq_1           |        0|   0|   394|   238|    0|
    |udiv_32ns_32ns_32_36_seq_1_U30                  |udiv_32ns_32ns_32_36_seq_1           |        0|   0|   394|   238|    0|
    |udiv_32ns_32ns_32_36_seq_1_U31                  |udiv_32ns_32ns_32_36_seq_1           |        0|   0|   394|   238|    0|
    +------------------------------------------------+-------------------------------------+---------+----+------+------+-----+
    |Total                                           |                                     |       12|  11|  5426|  5615|    0|
    +------------------------------------------------+-------------------------------------+---------+----+------+------+-----+

    * DSP: 
    N/A

    * Memory: 
    N/A

    * FIFO: 
    N/A

    * Expression: 
    +---------------------+----------+----+---+----+------------+------------+
    |    Variable Name    | Operation| DSP| FF| LUT| Bitwidth P0| Bitwidth P1|
    +---------------------+----------+----+---+----+------------+------------+
    |add_ln34_fu_378_p2   |         +|   0|  0|  39|          32|          32|
    |add_ln53_fu_505_p2   |         +|   0|  0|  39|          32|          32|
    |col_1_fu_471_p2      |         +|   0|  0|  39|          32|          32|
    |i_1_fu_388_p2        |         +|   0|  0|  39|          32|           1|
    |newCol_2_fu_328_p2   |         +|   0|  0|  37|          30|           2|
    |newRow_4_fu_310_p2   |         +|   0|  0|  37|          30|           2|
    |newRow_fu_394_p2     |         +|   0|  0|  39|          32|          32|
    |out_idx_fu_492_p2    |         +|   0|  0|  37|          30|          30|
    |row_3_fu_369_p2      |         +|   0|  0|  39|          32|          32|
    |add_fu_359_p2        |         -|   0|  0|  39|          32|          32|
    |icmp_ln28_fu_354_p2  |      icmp|   0|  0|  39|          32|          32|
    |icmp_ln30_fu_364_p2  |      icmp|   0|  0|  39|          32|          32|
    |icmp_ln34_fu_383_p2  |      icmp|   0|  0|  39|          32|          32|
    |ult42_fu_436_p2      |      icmp|   0|  0|  39|          32|          32|
    |ult_fu_415_p2        |      icmp|   0|  0|  39|          32|          32|
    |newRow_1_fu_447_p3   |    select|   0|  0|  30|           1|          30|
    |newRow_3_fu_420_p3   |    select|   0|  0|  31|           1|           1|
    |rev43_fu_441_p2      |       xor|   0|  0|   2|           1|           2|
    |rev_fu_476_p2        |       xor|   0|  0|   2|           1|           2|
    +---------------------+----------+----+---+----+------------+------------+
    |Total                |          |   0|  0| 644|         478|         422|
    +---------------------+----------+----+---+----+------------+------------+

    * Multiplexer: 
    +--------------------+-----+-----------+-----+-----------+
    |        Name        | LUT | Input Size| Bits| Total Bits|
    +--------------------+-----+-----------+-----+-----------+
    |ap_NS_fsm           |  229|         53|    1|         53|
    |col_reg_208         |    9|          2|   32|         64|
    |i_reg_220           |    9|          2|   32|         64|
    |image_in_ARVALID    |    9|          2|    1|          2|
    |image_in_RREADY     |    9|          2|    1|          2|
    |image_out_blk_n_AW  |    9|          2|    1|          2|
    |image_out_blk_n_B   |    9|          2|    1|          2|
    |image_out_blk_n_W   |    9|          2|    1|          2|
    |kernel_ARVALID      |    9|          2|    1|          2|
    |kernel_RREADY       |    9|          2|    1|          2|
    |phi_mul_reg_243     |    9|          2|   32|         64|
    |row_fu_130          |    9|          2|   32|         64|
    |sum_reg_231         |    9|          2|   32|         64|
    +--------------------+-----+-----------+-----+-----------+
    |Total               |  337|         77|  168|        387|
    +--------------------+-----+-----------+-----+-----------+

    * Register: 
    +-------------------------------------------------------------+----+----+-----+-----------+
    |                             Name                            | FF | LUT| Bits| Const Bits|
    +-------------------------------------------------------------+----+----+-----+-----------+
    |add_ln34_reg_654                                             |  32|   0|   32|          0|
    |add_reg_646                                                  |  32|   0|   32|          0|
    |ap_CS_fsm                                                    |  52|   0|   52|          0|
    |col_1_reg_697                                                |  32|   0|   32|          0|
    |col_reg_208                                                  |  32|   0|   32|          0|
    |cols_read_reg_572                                            |  32|   0|   32|          0|
    |div_cast_reg_613                                             |  31|   0|   32|          1|
    |div_reg_608                                                  |  31|   0|   31|          0|
    |empty_43_reg_672                                             |  30|   0|   30|          0|
    |grp_LinearImageFilter_Pipeline_ker_cols_fu_254_ap_start_reg  |   1|   0|    1|          0|
    |i_1_reg_662                                                  |  32|   0|   32|          0|
    |i_reg_220                                                    |  32|   0|   32|          0|
    |image_in_offset_read_reg_587                                 |  32|   0|   32|          0|
    |image_out_offset_read_reg_592                                |  32|   0|   32|          0|
    |kernel_dim_read_reg_560                                      |  32|   0|   32|          0|
    |kernel_offset_read_reg_567                                   |  32|   0|   32|          0|
    |mul35_i_reg_633                                              |  29|   0|   30|          1|
    |mul_i_reg_623                                                |  29|   0|   30|          1|
    |newCol_2_reg_628                                             |  30|   0|   30|          0|
    |newRow_1_reg_687                                             |  30|   0|   30|          0|
    |newRow_4_reg_618                                             |  30|   0|   30|          0|
    |newRow_reg_667                                               |  32|   0|   32|          0|
    |padding_read_reg_542                                         |   8|   0|    8|          0|
    |phi_mul_reg_243                                              |  32|   0|   32|          0|
    |rev_reg_702                                                  |   1|   0|    1|          0|
    |row_2_reg_638                                                |  32|   0|   32|          0|
    |row_fu_130                                                   |  32|   0|   32|          0|
    |rows_read_reg_579                                            |  32|   0|   32|          0|
    |stride_col_read_reg_547                                      |  32|   0|   32|          0|
    |stride_row_read_reg_554                                      |  32|   0|   32|          0|
    |sum_reg_231                                                  |  32|   0|   32|          0|
    |tmp_reg_677                                                  |   1|   0|    1|          0|
    |trunc_ln1_reg_730                                            |  30|   0|   30|          0|
    |trunc_ln48_reg_692                                           |  30|   0|   30|          0|
    |trunc_ln52_reg_725                                           |  30|   0|   30|          0|
    |trunc_ln7_reg_603                                            |  30|   0|   30|          0|
    |udiv_ln52_1_reg_715                                          |  32|   0|   32|          0|
    |udiv_ln52_2_reg_720                                          |  30|   0|   30|          0|
    |udiv_ln52_reg_710                                            |  32|   0|   32|          0|
    |ult_reg_682                                                  |   1|   0|    1|          0|
    +-------------------------------------------------------------+----+----+-----+-----------+
    |Total                                                        |1126|   0| 1129|          3|
    +-------------------------------------------------------------+----+----+-----+-----------+



================================================================
== Interface
================================================================
* Summary: 
+--------------------------+-----+-----+------------+-------------------+--------------+
|         RTL Ports        | Dir | Bits|  Protocol  |   Source Object   |    C Type    |
+--------------------------+-----+-----+------------+-------------------+--------------+
|s_axi_control_AWVALID     |   in|    1|       s_axi|            control|        scalar|
|s_axi_control_AWREADY     |  out|    1|       s_axi|            control|        scalar|
|s_axi_control_AWADDR      |   in|    7|       s_axi|            control|        scalar|
|s_axi_control_WVALID      |   in|    1|       s_axi|            control|        scalar|
|s_axi_control_WREADY      |  out|    1|       s_axi|            control|        scalar|
|s_axi_control_WDATA       |   in|   32|       s_axi|            control|        scalar|
|s_axi_control_WSTRB       |   in|    4|       s_axi|            control|        scalar|
|s_axi_control_ARVALID     |   in|    1|       s_axi|            control|        scalar|
|s_axi_control_ARREADY     |  out|    1|       s_axi|            control|        scalar|
|s_axi_control_ARADDR      |   in|    7|       s_axi|            control|        scalar|
|s_axi_control_RVALID      |  out|    1|       s_axi|            control|        scalar|
|s_axi_control_RREADY      |   in|    1|       s_axi|            control|        scalar|
|s_axi_control_RDATA       |  out|   32|       s_axi|            control|        scalar|
|s_axi_control_RRESP       |  out|    2|       s_axi|            control|        scalar|
|s_axi_control_BVALID      |  out|    1|       s_axi|            control|        scalar|
|s_axi_control_BREADY      |   in|    1|       s_axi|            control|        scalar|
|s_axi_control_BRESP       |  out|    2|       s_axi|            control|        scalar|
|ap_clk                    |   in|    1|  ap_ctrl_hs|  LinearImageFilter|  return value|
|ap_rst_n                  |   in|    1|  ap_ctrl_hs|  LinearImageFilter|  return value|
|interrupt                 |  out|    1|  ap_ctrl_hs|  LinearImageFilter|  return value|
|m_axi_image_out_AWVALID   |  out|    1|       m_axi|          image_out|       pointer|
|m_axi_image_out_AWREADY   |   in|    1|       m_axi|          image_out|       pointer|
|m_axi_image_out_AWADDR    |  out|   32|       m_axi|          image_out|       pointer|
|m_axi_image_out_AWID      |  out|    1|       m_axi|          image_out|       pointer|
|m_axi_image_out_AWLEN     |  out|    8|       m_axi|          image_out|       pointer|
|m_axi_image_out_AWSIZE    |  out|    3|       m_axi|          image_out|       pointer|
|m_axi_image_out_AWBURST   |  out|    2|       m_axi|          image_out|       pointer|
|m_axi_image_out_AWLOCK    |  out|    2|       m_axi|          image_out|       pointer|
|m_axi_image_out_AWCACHE   |  out|    4|       m_axi|          image_out|       pointer|
|m_axi_image_out_AWPROT    |  out|    3|       m_axi|          image_out|       pointer|
|m_axi_image_out_AWQOS     |  out|    4|       m_axi|          image_out|       pointer|
|m_axi_image_out_AWREGION  |  out|    4|       m_axi|          image_out|       pointer|
|m_axi_image_out_AWUSER    |  out|    1|       m_axi|          image_out|       pointer|
|m_axi_image_out_WVALID    |  out|    1|       m_axi|          image_out|       pointer|
|m_axi_image_out_WREADY    |   in|    1|       m_axi|          image_out|       pointer|
|m_axi_image_out_WDATA     |  out|   32|       m_axi|          image_out|       pointer|
|m_axi_image_out_WSTRB     |  out|    4|       m_axi|          image_out|       pointer|
|m_axi_image_out_WLAST     |  out|    1|       m_axi|          image_out|       pointer|
|m_axi_image_out_WID       |  out|    1|       m_axi|          image_out|       pointer|
|m_axi_image_out_WUSER     |  out|    1|       m_axi|          image_out|       pointer|
|m_axi_image_out_ARVALID   |  out|    1|       m_axi|          image_out|       pointer|
|m_axi_image_out_ARREADY   |   in|    1|       m_axi|          image_out|       pointer|
|m_axi_image_out_ARADDR    |  out|   32|       m_axi|          image_out|       pointer|
|m_axi_image_out_ARID      |  out|    1|       m_axi|          image_out|       pointer|
|m_axi_image_out_ARLEN     |  out|    8|       m_axi|          image_out|       pointer|
|m_axi_image_out_ARSIZE    |  out|    3|       m_axi|          image_out|       pointer|
|m_axi_image_out_ARBURST   |  out|    2|       m_axi|          image_out|       pointer|
|m_axi_image_out_ARLOCK    |  out|    2|       m_axi|          image_out|       pointer|
|m_axi_image_out_ARCACHE   |  out|    4|       m_axi|          image_out|       pointer|
|m_axi_image_out_ARPROT    |  out|    3|       m_axi|          image_out|       pointer|
|m_axi_image_out_ARQOS     |  out|    4|       m_axi|          image_out|       pointer|
|m_axi_image_out_ARREGION  |  out|    4|       m_axi|          image_out|       pointer|
|m_axi_image_out_ARUSER    |  out|    1|       m_axi|          image_out|       pointer|
|m_axi_image_out_RVALID    |   in|    1|       m_axi|          image_out|       pointer|
|m_axi_image_out_RREADY    |  out|    1|       m_axi|          image_out|       pointer|
|m_axi_image_out_RDATA     |   in|   32|       m_axi|          image_out|       pointer|
|m_axi_image_out_RLAST     |   in|    1|       m_axi|          image_out|       pointer|
|m_axi_image_out_RID       |   in|    1|       m_axi|          image_out|       pointer|
|m_axi_image_out_RUSER     |   in|    1|       m_axi|          image_out|       pointer|
|m_axi_image_out_RRESP     |   in|    2|       m_axi|          image_out|       pointer|
|m_axi_image_out_BVALID    |   in|    1|       m_axi|          image_out|       pointer|
|m_axi_image_out_BREADY    |  out|    1|       m_axi|          image_out|       pointer|
|m_axi_image_out_BRESP     |   in|    2|       m_axi|          image_out|       pointer|
|m_axi_image_out_BID       |   in|    1|       m_axi|          image_out|       pointer|
|m_axi_image_out_BUSER     |   in|    1|       m_axi|          image_out|       pointer|
|m_axi_image_in_AWVALID    |  out|    1|       m_axi|           image_in|       pointer|
|m_axi_image_in_AWREADY    |   in|    1|       m_axi|           image_in|       pointer|
|m_axi_image_in_AWADDR     |  out|   32|       m_axi|           image_in|       pointer|
|m_axi_image_in_AWID       |  out|    1|       m_axi|           image_in|       pointer|
|m_axi_image_in_AWLEN      |  out|    8|       m_axi|           image_in|       pointer|
|m_axi_image_in_AWSIZE     |  out|    3|       m_axi|           image_in|       pointer|
|m_axi_image_in_AWBURST    |  out|    2|       m_axi|           image_in|       pointer|
|m_axi_image_in_AWLOCK     |  out|    2|       m_axi|           image_in|       pointer|
|m_axi_image_in_AWCACHE    |  out|    4|       m_axi|           image_in|       pointer|
|m_axi_image_in_AWPROT     |  out|    3|       m_axi|           image_in|       pointer|
|m_axi_image_in_AWQOS      |  out|    4|       m_axi|           image_in|       pointer|
|m_axi_image_in_AWREGION   |  out|    4|       m_axi|           image_in|       pointer|
|m_axi_image_in_AWUSER     |  out|    1|       m_axi|           image_in|       pointer|
|m_axi_image_in_WVALID     |  out|    1|       m_axi|           image_in|       pointer|
|m_axi_image_in_WREADY     |   in|    1|       m_axi|           image_in|       pointer|
|m_axi_image_in_WDATA      |  out|   32|       m_axi|           image_in|       pointer|
|m_axi_image_in_WSTRB      |  out|    4|       m_axi|           image_in|       pointer|
|m_axi_image_in_WLAST      |  out|    1|       m_axi|           image_in|       pointer|
|m_axi_image_in_WID        |  out|    1|       m_axi|           image_in|       pointer|
|m_axi_image_in_WUSER      |  out|    1|       m_axi|           image_in|       pointer|
|m_axi_image_in_ARVALID    |  out|    1|       m_axi|           image_in|       pointer|
|m_axi_image_in_ARREADY    |   in|    1|       m_axi|           image_in|       pointer|
|m_axi_image_in_ARADDR     |  out|   32|       m_axi|           image_in|       pointer|
|m_axi_image_in_ARID       |  out|    1|       m_axi|           image_in|       pointer|
|m_axi_image_in_ARLEN      |  out|    8|       m_axi|           image_in|       pointer|
|m_axi_image_in_ARSIZE     |  out|    3|       m_axi|           image_in|       pointer|
|m_axi_image_in_ARBURST    |  out|    2|       m_axi|           image_in|       pointer|
|m_axi_image_in_ARLOCK     |  out|    2|       m_axi|           image_in|       pointer|
|m_axi_image_in_ARCACHE    |  out|    4|       m_axi|           image_in|       pointer|
|m_axi_image_in_ARPROT     |  out|    3|       m_axi|           image_in|       pointer|
|m_axi_image_in_ARQOS      |  out|    4|       m_axi|           image_in|       pointer|
|m_axi_image_in_ARREGION   |  out|    4|       m_axi|           image_in|       pointer|
|m_axi_image_in_ARUSER     |  out|    1|       m_axi|           image_in|       pointer|
|m_axi_image_in_RVALID     |   in|    1|       m_axi|           image_in|       pointer|
|m_axi_image_in_RREADY     |  out|    1|       m_axi|           image_in|       pointer|
|m_axi_image_in_RDATA      |   in|   32|       m_axi|           image_in|       pointer|
|m_axi_image_in_RLAST      |   in|    1|       m_axi|           image_in|       pointer|
|m_axi_image_in_RID        |   in|    1|       m_axi|           image_in|       pointer|
|m_axi_image_in_RUSER      |   in|    1|       m_axi|           image_in|       pointer|
|m_axi_image_in_RRESP      |   in|    2|       m_axi|           image_in|       pointer|
|m_axi_image_in_BVALID     |   in|    1|       m_axi|           image_in|       pointer|
|m_axi_image_in_BREADY     |  out|    1|       m_axi|           image_in|       pointer|
|m_axi_image_in_BRESP      |   in|    2|       m_axi|           image_in|       pointer|
|m_axi_image_in_BID        |   in|    1|       m_axi|           image_in|       pointer|
|m_axi_image_in_BUSER      |   in|    1|       m_axi|           image_in|       pointer|
|m_axi_kernel_AWVALID      |  out|    1|       m_axi|             kernel|       pointer|
|m_axi_kernel_AWREADY      |   in|    1|       m_axi|             kernel|       pointer|
|m_axi_kernel_AWADDR       |  out|   32|       m_axi|             kernel|       pointer|
|m_axi_kernel_AWID         |  out|    1|       m_axi|             kernel|       pointer|
|m_axi_kernel_AWLEN        |  out|    8|       m_axi|             kernel|       pointer|
|m_axi_kernel_AWSIZE       |  out|    3|       m_axi|             kernel|       pointer|
|m_axi_kernel_AWBURST      |  out|    2|       m_axi|             kernel|       pointer|
|m_axi_kernel_AWLOCK       |  out|    2|       m_axi|             kernel|       pointer|
|m_axi_kernel_AWCACHE      |  out|    4|       m_axi|             kernel|       pointer|
|m_axi_kernel_AWPROT       |  out|    3|       m_axi|             kernel|       pointer|
|m_axi_kernel_AWQOS        |  out|    4|       m_axi|             kernel|       pointer|
|m_axi_kernel_AWREGION     |  out|    4|       m_axi|             kernel|       pointer|
|m_axi_kernel_AWUSER       |  out|    1|       m_axi|             kernel|       pointer|
|m_axi_kernel_WVALID       |  out|    1|       m_axi|             kernel|       pointer|
|m_axi_kernel_WREADY       |   in|    1|       m_axi|             kernel|       pointer|
|m_axi_kernel_WDATA        |  out|   32|       m_axi|             kernel|       pointer|
|m_axi_kernel_WSTRB        |  out|    4|       m_axi|             kernel|       pointer|
|m_axi_kernel_WLAST        |  out|    1|       m_axi|             kernel|       pointer|
|m_axi_kernel_WID          |  out|    1|       m_axi|             kernel|       pointer|
|m_axi_kernel_WUSER        |  out|    1|       m_axi|             kernel|       pointer|
|m_axi_kernel_ARVALID      |  out|    1|       m_axi|             kernel|       pointer|
|m_axi_kernel_ARREADY      |   in|    1|       m_axi|             kernel|       pointer|
|m_axi_kernel_ARADDR       |  out|   32|       m_axi|             kernel|       pointer|
|m_axi_kernel_ARID         |  out|    1|       m_axi|             kernel|       pointer|
|m_axi_kernel_ARLEN        |  out|    8|       m_axi|             kernel|       pointer|
|m_axi_kernel_ARSIZE       |  out|    3|       m_axi|             kernel|       pointer|
|m_axi_kernel_ARBURST      |  out|    2|       m_axi|             kernel|       pointer|
|m_axi_kernel_ARLOCK       |  out|    2|       m_axi|             kernel|       pointer|
|m_axi_kernel_ARCACHE      |  out|    4|       m_axi|             kernel|       pointer|
|m_axi_kernel_ARPROT       |  out|    3|       m_axi|             kernel|       pointer|
|m_axi_kernel_ARQOS        |  out|    4|       m_axi|             kernel|       pointer|
|m_axi_kernel_ARREGION     |  out|    4|       m_axi|             kernel|       pointer|
|m_axi_kernel_ARUSER       |  out|    1|       m_axi|             kernel|       pointer|
|m_axi_kernel_RVALID       |   in|    1|       m_axi|             kernel|       pointer|
|m_axi_kernel_RREADY       |  out|    1|       m_axi|             kernel|       pointer|
|m_axi_kernel_RDATA        |   in|   32|       m_axi|             kernel|       pointer|
|m_axi_kernel_RLAST        |   in|    1|       m_axi|             kernel|       pointer|
|m_axi_kernel_RID          |   in|    1|       m_axi|             kernel|       pointer|
|m_axi_kernel_RUSER        |   in|    1|       m_axi|             kernel|       pointer|
|m_axi_kernel_RRESP        |   in|    2|       m_axi|             kernel|       pointer|
|m_axi_kernel_BVALID       |   in|    1|       m_axi|             kernel|       pointer|
|m_axi_kernel_BREADY       |  out|    1|       m_axi|             kernel|       pointer|
|m_axi_kernel_BRESP        |   in|    2|       m_axi|             kernel|       pointer|
|m_axi_kernel_BID          |   in|    1|       m_axi|             kernel|       pointer|
|m_axi_kernel_BUSER        |   in|    1|       m_axi|             kernel|       pointer|
+--------------------------+-----+-----+------------+-------------------+--------------+

